[2024-07-01T02:24:37.564+0000] {local_task_job_runner.py:120} INFO - ::group::Pre task execution logs
[2024-07-01T02:24:37.575+0000] {taskinstance.py:2076} INFO - Dependencies all met for dep_context=non-requeueable deps ti=<TaskInstance: amazon_analytics_dag.tsk_load_to_s3 manual__2024-07-01T02:24:14.361914+00:00 [queued]>
[2024-07-01T02:24:37.581+0000] {taskinstance.py:2076} INFO - Dependencies all met for dep_context=requeueable deps ti=<TaskInstance: amazon_analytics_dag.tsk_load_to_s3 manual__2024-07-01T02:24:14.361914+00:00 [queued]>
[2024-07-01T02:24:37.581+0000] {taskinstance.py:2306} INFO - Starting attempt 1 of 3
[2024-07-01T02:24:37.598+0000] {taskinstance.py:2330} INFO - Executing <Task(BashOperator): tsk_load_to_s3> on 2024-07-01 02:24:14.361914+00:00
[2024-07-01T02:24:37.604+0000] {standard_task_runner.py:63} INFO - Started process 50804 to run task
[2024-07-01T02:24:37.608+0000] {standard_task_runner.py:90} INFO - Running: ['airflow', 'tasks', 'run', 'amazon_analytics_dag', 'tsk_load_to_s3', 'manual__2024-07-01T02:24:14.361914+00:00', '--job-id', '334', '--raw', '--subdir', 'DAGS_FOLDER/amazonanalytics.py', '--cfg-path', '/tmp/tmpl_ou5g3d']
[2024-07-01T02:24:37.610+0000] {standard_task_runner.py:91} INFO - Job 334: Subtask tsk_load_to_s3
[2024-07-01T02:24:37.650+0000] {task_command.py:426} INFO - Running <TaskInstance: amazon_analytics_dag.tsk_load_to_s3 manual__2024-07-01T02:24:14.361914+00:00 [running]> on host ip-172-31-19-147.us-west-2.compute.internal
[2024-07-01T02:24:37.743+0000] {taskinstance.py:2648} INFO - Exporting env vars: AIRFLOW_CTX_DAG_EMAIL='deeptivarghese.education@gmail.com' AIRFLOW_CTX_DAG_OWNER='deeptv' AIRFLOW_CTX_DAG_ID='amazon_analytics_dag' AIRFLOW_CTX_TASK_ID='tsk_load_to_s3' AIRFLOW_CTX_EXECUTION_DATE='2024-07-01T02:24:14.361914+00:00' AIRFLOW_CTX_TRY_NUMBER='1' AIRFLOW_CTX_DAG_RUN_ID='manual__2024-07-01T02:24:14.361914+00:00'
[2024-07-01T02:24:37.744+0000] {taskinstance.py:430} INFO - ::endgroup::
[2024-07-01T02:24:37.757+0000] {subprocess.py:63} INFO - Tmp dir root location: /tmp
[2024-07-01T02:24:37.758+0000] {subprocess.py:75} INFO - Running command: ['/usr/bin/bash', '-c', 'aws s3 mv /home/ubuntu/response_data_01072024022423.json s3://deevar-bucket/']
[2024-07-01T02:24:37.768+0000] {subprocess.py:86} INFO - Output:
[2024-07-01T02:24:38.493+0000] {subprocess.py:93} INFO - Completed 46.8 KiB/46.8 KiB (261.6 KiB/s) with 1 file(s) remainingmove: ../../home/ubuntu/response_data_01072024022423.json to s3://deevar-bucket/response_data_01072024022423.json
[2024-07-01T02:24:38.572+0000] {subprocess.py:97} INFO - Command exited with return code 0
[2024-07-01T02:24:38.573+0000] {taskinstance.py:441} INFO - ::group::Post task execution logs
[2024-07-01T02:24:38.593+0000] {taskinstance.py:1206} INFO - Marking task as SUCCESS. dag_id=amazon_analytics_dag, task_id=tsk_load_to_s3, run_id=manual__2024-07-01T02:24:14.361914+00:00, execution_date=20240701T022414, start_date=20240701T022437, end_date=20240701T022438
[2024-07-01T02:24:38.622+0000] {local_task_job_runner.py:240} INFO - Task exited with return code 0
[2024-07-01T02:24:38.644+0000] {taskinstance.py:3503} INFO - 1 downstream tasks scheduled from follow-on schedule check
[2024-07-01T02:24:38.651+0000] {local_task_job_runner.py:222} INFO - ::endgroup::
