[2024-06-28T03:40:16.034+0000] {local_task_job_runner.py:120} INFO - ::group::Pre task execution logs
[2024-06-28T03:40:16.046+0000] {taskinstance.py:2076} INFO - Dependencies all met for dep_context=non-requeueable deps ti=<TaskInstance: amazon_analytics_dag.tsk_is_file_in_s3_available manual__2024-06-28T03:37:06.090127+00:00 [queued]>
[2024-06-28T03:40:16.052+0000] {taskinstance.py:2076} INFO - Dependencies all met for dep_context=requeueable deps ti=<TaskInstance: amazon_analytics_dag.tsk_is_file_in_s3_available manual__2024-06-28T03:37:06.090127+00:00 [queued]>
[2024-06-28T03:40:16.052+0000] {taskinstance.py:2306} INFO - Starting attempt 1 of 3
[2024-06-28T03:40:16.068+0000] {taskinstance.py:2330} INFO - Executing <Task(S3KeySensor): tsk_is_file_in_s3_available> on 2024-06-28 03:37:06.090127+00:00
[2024-06-28T03:40:16.074+0000] {standard_task_runner.py:63} INFO - Started process 36392 to run task
[2024-06-28T03:40:16.077+0000] {standard_task_runner.py:90} INFO - Running: ['airflow', 'tasks', 'run', 'amazon_analytics_dag', 'tsk_is_file_in_s3_available', 'manual__2024-06-28T03:37:06.090127+00:00', '--job-id', '86', '--raw', '--subdir', 'DAGS_FOLDER/amazonanalytics.py', '--cfg-path', '/tmp/tmpzvhkdyb6']
[2024-06-28T03:40:16.079+0000] {standard_task_runner.py:91} INFO - Job 86: Subtask tsk_is_file_in_s3_available
[2024-06-28T03:40:16.118+0000] {task_command.py:426} INFO - Running <TaskInstance: amazon_analytics_dag.tsk_is_file_in_s3_available manual__2024-06-28T03:37:06.090127+00:00 [running]> on host ip-172-31-19-147.us-west-2.compute.internal
[2024-06-28T03:40:16.196+0000] {taskinstance.py:2648} INFO - Exporting env vars: AIRFLOW_CTX_DAG_EMAIL='myemail@domain.com' AIRFLOW_CTX_DAG_OWNER='airflow' AIRFLOW_CTX_DAG_ID='amazon_analytics_dag' AIRFLOW_CTX_TASK_ID='tsk_is_file_in_s3_available' AIRFLOW_CTX_EXECUTION_DATE='2024-06-28T03:37:06.090127+00:00' AIRFLOW_CTX_TRY_NUMBER='1' AIRFLOW_CTX_DAG_RUN_ID='manual__2024-06-28T03:37:06.090127+00:00'
[2024-06-28T03:40:16.197+0000] {taskinstance.py:430} INFO - ::endgroup::
[2024-06-28T03:40:16.210+0000] {baseoperator.py:400} WARNING - S3KeySensor.execute cannot be called outside TaskInstance!
[2024-06-28T03:40:16.211+0000] {s3.py:117} INFO - Poking for key : s3://cleaned-data-zone-csv-bucket5/response_data_28062024033954.csv
[2024-06-28T03:40:16.216+0000] {base.py:84} INFO - Using connection ID 'aws_s3_conn' for task execution.
[2024-06-28T03:40:16.217+0000] {connection_wrapper.py:384} INFO - AWS Connection (conn_id='aws_s3_conn', conn_type='aws') credentials retrieved from login and password.
[2024-06-28T03:40:21.695+0000] {s3.py:117} INFO - Poking for key : s3://cleaned-data-zone-csv-bucket5/response_data_28062024033954.csv
[2024-06-28T03:40:26.706+0000] {s3.py:117} INFO - Poking for key : s3://cleaned-data-zone-csv-bucket5/response_data_28062024033954.csv
[2024-06-28T03:40:31.717+0000] {s3.py:117} INFO - Poking for key : s3://cleaned-data-zone-csv-bucket5/response_data_28062024033954.csv
[2024-06-28T03:40:36.727+0000] {s3.py:117} INFO - Poking for key : s3://cleaned-data-zone-csv-bucket5/response_data_28062024033954.csv
[2024-06-28T03:40:41.737+0000] {s3.py:117} INFO - Poking for key : s3://cleaned-data-zone-csv-bucket5/response_data_28062024033954.csv
[2024-06-28T03:40:46.747+0000] {s3.py:117} INFO - Poking for key : s3://cleaned-data-zone-csv-bucket5/response_data_28062024033954.csv
[2024-06-28T03:40:51.758+0000] {s3.py:117} INFO - Poking for key : s3://cleaned-data-zone-csv-bucket5/response_data_28062024033954.csv
[2024-06-28T03:40:56.767+0000] {s3.py:117} INFO - Poking for key : s3://cleaned-data-zone-csv-bucket5/response_data_28062024033954.csv
[2024-06-28T03:41:01.777+0000] {s3.py:117} INFO - Poking for key : s3://cleaned-data-zone-csv-bucket5/response_data_28062024033954.csv
[2024-06-28T03:41:06.787+0000] {s3.py:117} INFO - Poking for key : s3://cleaned-data-zone-csv-bucket5/response_data_28062024033954.csv
[2024-06-28T03:41:11.797+0000] {s3.py:117} INFO - Poking for key : s3://cleaned-data-zone-csv-bucket5/response_data_28062024033954.csv
[2024-06-28T03:41:16.807+0000] {s3.py:117} INFO - Poking for key : s3://cleaned-data-zone-csv-bucket5/response_data_28062024033954.csv
[2024-06-28T03:41:16.818+0000] {taskinstance.py:441} INFO - ::group::Post task execution logs
[2024-06-28T03:41:16.818+0000] {taskinstance.py:2905} ERROR - Task failed with exception
Traceback (most recent call last):
  File "/home/ubuntu/deevar_venv/lib/python3.12/site-packages/airflow/models/taskinstance.py", line 465, in _execute_task
    result = _execute_callable(context=context, **execute_callable_kwargs)
             ^^^^^^^^^^^^^^^^^^^^^^^^^^^^^^^^^^^^^^^^^^^^^^^^^^^^^^^^^^^^^
  File "/home/ubuntu/deevar_venv/lib/python3.12/site-packages/airflow/models/taskinstance.py", line 432, in _execute_callable
    return execute_callable(context=context, **execute_callable_kwargs)
           ^^^^^^^^^^^^^^^^^^^^^^^^^^^^^^^^^^^^^^^^^^^^^^^^^^^^^^^^^^^^
  File "/home/ubuntu/deevar_venv/lib/python3.12/site-packages/airflow/models/baseoperator.py", line 401, in wrapper
    return func(self, *args, **kwargs)
           ^^^^^^^^^^^^^^^^^^^^^^^^^^^
  File "/home/ubuntu/deevar_venv/lib/python3.12/site-packages/airflow/providers/amazon/aws/sensors/s3.py", line 183, in execute
    super().execute(context)
  File "/home/ubuntu/deevar_venv/lib/python3.12/site-packages/airflow/models/baseoperator.py", line 401, in wrapper
    return func(self, *args, **kwargs)
           ^^^^^^^^^^^^^^^^^^^^^^^^^^^
  File "/home/ubuntu/deevar_venv/lib/python3.12/site-packages/airflow/sensors/base.py", line 281, in execute
    raise AirflowSensorTimeout(message)
airflow.exceptions.AirflowSensorTimeout: Sensor has timed out; run duration of 60.60728568598279 seconds exceeds the specified timeout of 60.0.
[2024-06-28T03:41:16.822+0000] {taskinstance.py:1206} INFO - Immediate failure requested. Marking task as FAILED. dag_id=amazon_analytics_dag, task_id=tsk_is_file_in_s3_available, run_id=manual__2024-06-28T03:37:06.090127+00:00, execution_date=20240628T033706, start_date=20240628T034016, end_date=20240628T034116
[2024-06-28T03:41:16.836+0000] {standard_task_runner.py:110} ERROR - Failed to execute job 86 for task tsk_is_file_in_s3_available (Sensor has timed out; run duration of 60.60728568598279 seconds exceeds the specified timeout of 60.0.; 36392)
[2024-06-28T03:41:16.870+0000] {local_task_job_runner.py:240} INFO - Task exited with return code 1
[2024-06-28T03:41:16.879+0000] {taskinstance.py:3503} INFO - 0 downstream tasks scheduled from follow-on schedule check
[2024-06-28T03:41:16.879+0000] {local_task_job_runner.py:222} INFO - ::endgroup::
