[2024-06-25T19:21:11.458+0000] {processor.py:161} INFO - Started process (PID=16364) to work on /home/ubuntu/deevar_venv/lib/python3.12/site-packages/airflow/example_dags/example_sla_dag.py
[2024-06-25T19:21:11.459+0000] {processor.py:830} INFO - Processing file /home/ubuntu/deevar_venv/lib/python3.12/site-packages/airflow/example_dags/example_sla_dag.py for tasks to queue
[2024-06-25T19:21:11.461+0000] {logging_mixin.py:188} INFO - [2024-06-25T19:21:11.461+0000] {dagbag.py:545} INFO - Filling up the DagBag from /home/ubuntu/deevar_venv/lib/python3.12/site-packages/airflow/example_dags/example_sla_dag.py
[2024-06-25T19:21:11.471+0000] {processor.py:840} INFO - DAG(s) 'example_sla_dag' retrieved from /home/ubuntu/deevar_venv/lib/python3.12/site-packages/airflow/example_dags/example_sla_dag.py
[2024-06-25T19:21:11.592+0000] {logging_mixin.py:188} INFO - [2024-06-25T19:21:11.592+0000] {override.py:1829} INFO - Created Permission View: can delete on DAG:example_sla_dag
[2024-06-25T19:21:11.611+0000] {logging_mixin.py:188} INFO - [2024-06-25T19:21:11.611+0000] {override.py:1829} INFO - Created Permission View: can edit on DAG:example_sla_dag
[2024-06-25T19:21:11.622+0000] {logging_mixin.py:188} INFO - [2024-06-25T19:21:11.621+0000] {override.py:1829} INFO - Created Permission View: can read on DAG:example_sla_dag
[2024-06-25T19:21:11.622+0000] {logging_mixin.py:188} INFO - [2024-06-25T19:21:11.622+0000] {dag.py:3096} INFO - Sync 1 DAGs
[2024-06-25T19:21:11.633+0000] {logging_mixin.py:188} INFO - [2024-06-25T19:21:11.633+0000] {dag.py:3118} INFO - Creating ORM DAG for example_sla_dag
[2024-06-25T19:21:11.645+0000] {logging_mixin.py:188} INFO - [2024-06-25T19:21:11.644+0000] {dag.py:3954} INFO - Setting next_dagrun for example_sla_dag to 2024-06-25 19:18:00+00:00, run_after=2024-06-25 19:20:00+00:00
[2024-06-25T19:21:11.668+0000] {processor.py:183} INFO - Processing /home/ubuntu/deevar_venv/lib/python3.12/site-packages/airflow/example_dags/example_sla_dag.py took 0.216 seconds
[2024-06-25T19:22:09.004+0000] {processor.py:161} INFO - Started process (PID=16415) to work on /home/ubuntu/deevar_venv/lib/python3.12/site-packages/airflow/example_dags/example_sla_dag.py
[2024-06-25T19:22:09.006+0000] {processor.py:830} INFO - Processing file /home/ubuntu/deevar_venv/lib/python3.12/site-packages/airflow/example_dags/example_sla_dag.py for tasks to queue
[2024-06-25T19:22:09.007+0000] {logging_mixin.py:188} INFO - [2024-06-25T19:22:09.007+0000] {dagbag.py:545} INFO - Filling up the DagBag from /home/ubuntu/deevar_venv/lib/python3.12/site-packages/airflow/example_dags/example_sla_dag.py
[2024-06-25T19:22:09.017+0000] {processor.py:840} INFO - DAG(s) 'example_sla_dag' retrieved from /home/ubuntu/deevar_venv/lib/python3.12/site-packages/airflow/example_dags/example_sla_dag.py
[2024-06-25T19:22:09.034+0000] {logging_mixin.py:188} INFO - [2024-06-25T19:22:09.033+0000] {dag.py:3096} INFO - Sync 1 DAGs
[2024-06-25T19:22:09.057+0000] {logging_mixin.py:188} INFO - [2024-06-25T19:22:09.057+0000] {dag.py:3954} INFO - Setting next_dagrun for example_sla_dag to 2024-06-25 19:20:00+00:00, run_after=2024-06-25 19:22:00+00:00
[2024-06-25T19:22:09.083+0000] {processor.py:183} INFO - Processing /home/ubuntu/deevar_venv/lib/python3.12/site-packages/airflow/example_dags/example_sla_dag.py took 0.085 seconds
[2024-06-25T19:22:58.223+0000] {processor.py:161} INFO - Started process (PID=16466) to work on /home/ubuntu/deevar_venv/lib/python3.12/site-packages/airflow/example_dags/example_sla_dag.py
[2024-06-25T19:22:58.225+0000] {processor.py:830} INFO - Processing file /home/ubuntu/deevar_venv/lib/python3.12/site-packages/airflow/example_dags/example_sla_dag.py for tasks to queue
[2024-06-25T19:22:58.227+0000] {logging_mixin.py:188} INFO - [2024-06-25T19:22:58.226+0000] {dagbag.py:545} INFO - Filling up the DagBag from /home/ubuntu/deevar_venv/lib/python3.12/site-packages/airflow/example_dags/example_sla_dag.py
[2024-06-25T19:22:58.236+0000] {processor.py:840} INFO - DAG(s) 'example_sla_dag' retrieved from /home/ubuntu/deevar_venv/lib/python3.12/site-packages/airflow/example_dags/example_sla_dag.py
[2024-06-25T19:22:58.254+0000] {logging_mixin.py:188} INFO - [2024-06-25T19:22:58.253+0000] {dag.py:3096} INFO - Sync 1 DAGs
[2024-06-25T19:22:58.277+0000] {logging_mixin.py:188} INFO - [2024-06-25T19:22:58.277+0000] {dag.py:3954} INFO - Setting next_dagrun for example_sla_dag to 2024-06-25 19:20:00+00:00, run_after=2024-06-25 19:22:00+00:00
[2024-06-25T19:22:58.301+0000] {processor.py:183} INFO - Processing /home/ubuntu/deevar_venv/lib/python3.12/site-packages/airflow/example_dags/example_sla_dag.py took 0.084 seconds
[2024-06-25T19:23:44.664+0000] {processor.py:161} INFO - Started process (PID=16514) to work on /home/ubuntu/deevar_venv/lib/python3.12/site-packages/airflow/example_dags/example_sla_dag.py
[2024-06-25T19:23:44.666+0000] {processor.py:830} INFO - Processing file /home/ubuntu/deevar_venv/lib/python3.12/site-packages/airflow/example_dags/example_sla_dag.py for tasks to queue
[2024-06-25T19:23:44.668+0000] {logging_mixin.py:188} INFO - [2024-06-25T19:23:44.667+0000] {dagbag.py:545} INFO - Filling up the DagBag from /home/ubuntu/deevar_venv/lib/python3.12/site-packages/airflow/example_dags/example_sla_dag.py
[2024-06-25T19:23:44.677+0000] {processor.py:840} INFO - DAG(s) 'example_sla_dag' retrieved from /home/ubuntu/deevar_venv/lib/python3.12/site-packages/airflow/example_dags/example_sla_dag.py
[2024-06-25T19:23:44.694+0000] {logging_mixin.py:188} INFO - [2024-06-25T19:23:44.694+0000] {dag.py:3096} INFO - Sync 1 DAGs
[2024-06-25T19:23:44.718+0000] {logging_mixin.py:188} INFO - [2024-06-25T19:23:44.718+0000] {dag.py:3954} INFO - Setting next_dagrun for example_sla_dag to 2024-06-25 19:20:00+00:00, run_after=2024-06-25 19:22:00+00:00
[2024-06-25T19:23:44.744+0000] {processor.py:183} INFO - Processing /home/ubuntu/deevar_venv/lib/python3.12/site-packages/airflow/example_dags/example_sla_dag.py took 0.086 seconds
