[2024-06-25T19:21:28.266+0000] {processor.py:161} INFO - Started process (PID=16377) to work on /home/ubuntu/deevar_venv/lib/python3.12/site-packages/airflow/example_dags/example_local_kubernetes_executor.py
[2024-06-25T19:21:28.267+0000] {processor.py:830} INFO - Processing file /home/ubuntu/deevar_venv/lib/python3.12/site-packages/airflow/example_dags/example_local_kubernetes_executor.py for tasks to queue
[2024-06-25T19:21:28.268+0000] {logging_mixin.py:188} INFO - [2024-06-25T19:21:28.268+0000] {dagbag.py:545} INFO - Filling up the DagBag from /home/ubuntu/deevar_venv/lib/python3.12/site-packages/airflow/example_dags/example_local_kubernetes_executor.py
[2024-06-25T19:21:28.272+0000] {logging_mixin.py:188} INFO - [2024-06-25T19:21:28.271+0000] {example_local_kubernetes_executor.py:40} WARNING - Could not import DAGs in example_local_kubernetes_executor.py
Traceback (most recent call last):
  File "/home/ubuntu/deevar_venv/lib/python3.12/site-packages/airflow/example_dags/example_local_kubernetes_executor.py", line 38, in <module>
    from kubernetes.client import models as k8s
ModuleNotFoundError: No module named 'kubernetes'
[2024-06-25T19:21:28.272+0000] {logging_mixin.py:188} INFO - [2024-06-25T19:21:28.272+0000] {example_local_kubernetes_executor.py:41} WARNING - Install Kubernetes dependencies with: pip install apache-airflow[cncf.kubernetes]
[2024-06-25T19:21:28.273+0000] {processor.py:842} WARNING - No viable dags retrieved from /home/ubuntu/deevar_venv/lib/python3.12/site-packages/airflow/example_dags/example_local_kubernetes_executor.py
[2024-06-25T19:21:28.287+0000] {processor.py:183} INFO - Processing /home/ubuntu/deevar_venv/lib/python3.12/site-packages/airflow/example_dags/example_local_kubernetes_executor.py took 0.027 seconds
[2024-06-25T19:22:21.420+0000] {processor.py:161} INFO - Started process (PID=16428) to work on /home/ubuntu/deevar_venv/lib/python3.12/site-packages/airflow/example_dags/example_local_kubernetes_executor.py
[2024-06-25T19:22:21.422+0000] {processor.py:830} INFO - Processing file /home/ubuntu/deevar_venv/lib/python3.12/site-packages/airflow/example_dags/example_local_kubernetes_executor.py for tasks to queue
[2024-06-25T19:22:21.424+0000] {logging_mixin.py:188} INFO - [2024-06-25T19:22:21.423+0000] {dagbag.py:545} INFO - Filling up the DagBag from /home/ubuntu/deevar_venv/lib/python3.12/site-packages/airflow/example_dags/example_local_kubernetes_executor.py
[2024-06-25T19:22:21.427+0000] {logging_mixin.py:188} INFO - [2024-06-25T19:22:21.426+0000] {example_local_kubernetes_executor.py:40} WARNING - Could not import DAGs in example_local_kubernetes_executor.py
Traceback (most recent call last):
  File "/home/ubuntu/deevar_venv/lib/python3.12/site-packages/airflow/example_dags/example_local_kubernetes_executor.py", line 38, in <module>
    from kubernetes.client import models as k8s
ModuleNotFoundError: No module named 'kubernetes'
[2024-06-25T19:22:21.427+0000] {logging_mixin.py:188} INFO - [2024-06-25T19:22:21.427+0000] {example_local_kubernetes_executor.py:41} WARNING - Install Kubernetes dependencies with: pip install apache-airflow[cncf.kubernetes]
[2024-06-25T19:22:21.428+0000] {processor.py:842} WARNING - No viable dags retrieved from /home/ubuntu/deevar_venv/lib/python3.12/site-packages/airflow/example_dags/example_local_kubernetes_executor.py
[2024-06-25T19:22:21.439+0000] {processor.py:183} INFO - Processing /home/ubuntu/deevar_venv/lib/python3.12/site-packages/airflow/example_dags/example_local_kubernetes_executor.py took 0.025 seconds
[2024-06-25T19:23:09.840+0000] {processor.py:161} INFO - Started process (PID=16479) to work on /home/ubuntu/deevar_venv/lib/python3.12/site-packages/airflow/example_dags/example_local_kubernetes_executor.py
[2024-06-25T19:23:09.842+0000] {processor.py:830} INFO - Processing file /home/ubuntu/deevar_venv/lib/python3.12/site-packages/airflow/example_dags/example_local_kubernetes_executor.py for tasks to queue
[2024-06-25T19:23:09.844+0000] {logging_mixin.py:188} INFO - [2024-06-25T19:23:09.843+0000] {dagbag.py:545} INFO - Filling up the DagBag from /home/ubuntu/deevar_venv/lib/python3.12/site-packages/airflow/example_dags/example_local_kubernetes_executor.py
[2024-06-25T19:23:09.847+0000] {logging_mixin.py:188} INFO - [2024-06-25T19:23:09.847+0000] {example_local_kubernetes_executor.py:40} WARNING - Could not import DAGs in example_local_kubernetes_executor.py
Traceback (most recent call last):
  File "/home/ubuntu/deevar_venv/lib/python3.12/site-packages/airflow/example_dags/example_local_kubernetes_executor.py", line 38, in <module>
    from kubernetes.client import models as k8s
ModuleNotFoundError: No module named 'kubernetes'
[2024-06-25T19:23:09.848+0000] {logging_mixin.py:188} INFO - [2024-06-25T19:23:09.848+0000] {example_local_kubernetes_executor.py:41} WARNING - Install Kubernetes dependencies with: pip install apache-airflow[cncf.kubernetes]
[2024-06-25T19:23:09.848+0000] {processor.py:842} WARNING - No viable dags retrieved from /home/ubuntu/deevar_venv/lib/python3.12/site-packages/airflow/example_dags/example_local_kubernetes_executor.py
[2024-06-25T19:23:09.859+0000] {processor.py:183} INFO - Processing /home/ubuntu/deevar_venv/lib/python3.12/site-packages/airflow/example_dags/example_local_kubernetes_executor.py took 0.025 seconds
