[2024-06-25T19:21:31.116+0000] {processor.py:161} INFO - Started process (PID=16380) to work on /home/ubuntu/deevar_venv/lib/python3.12/site-packages/airflow/example_dags/example_datasets.py
[2024-06-25T19:21:31.117+0000] {processor.py:830} INFO - Processing file /home/ubuntu/deevar_venv/lib/python3.12/site-packages/airflow/example_dags/example_datasets.py for tasks to queue
[2024-06-25T19:21:31.119+0000] {logging_mixin.py:188} INFO - [2024-06-25T19:21:31.118+0000] {dagbag.py:545} INFO - Filling up the DagBag from /home/ubuntu/deevar_venv/lib/python3.12/site-packages/airflow/example_dags/example_datasets.py
[2024-06-25T19:21:31.133+0000] {processor.py:840} INFO - DAG(s) 'consume_1_or_both_2_and_3_with_dataset_expressions', 'consume_1_or_2_with_dataset_expressions', 'dataset_consumes_1_and_2', 'dataset_consumes_1', 'dataset_consumes_1_never_scheduled', 'dataset_produces_1', 'dataset_consumes_unknown_never_scheduled', 'conditional_dataset_and_time_based_timetable', 'consume_1_and_2_with_dataset_expressions', 'dataset_produces_2' retrieved from /home/ubuntu/deevar_venv/lib/python3.12/site-packages/airflow/example_dags/example_datasets.py
[2024-06-25T19:21:31.253+0000] {logging_mixin.py:188} INFO - [2024-06-25T19:21:31.252+0000] {override.py:1829} INFO - Created Permission View: can delete on DAG:consume_1_or_both_2_and_3_with_dataset_expressions
[2024-06-25T19:21:31.268+0000] {logging_mixin.py:188} INFO - [2024-06-25T19:21:31.268+0000] {override.py:1829} INFO - Created Permission View: can edit on DAG:consume_1_or_both_2_and_3_with_dataset_expressions
[2024-06-25T19:21:31.279+0000] {logging_mixin.py:188} INFO - [2024-06-25T19:21:31.279+0000] {override.py:1829} INFO - Created Permission View: can read on DAG:consume_1_or_both_2_and_3_with_dataset_expressions
[2024-06-25T19:21:31.305+0000] {logging_mixin.py:188} INFO - [2024-06-25T19:21:31.305+0000] {override.py:1829} INFO - Created Permission View: can delete on DAG:consume_1_or_2_with_dataset_expressions
[2024-06-25T19:21:31.317+0000] {logging_mixin.py:188} INFO - [2024-06-25T19:21:31.316+0000] {override.py:1829} INFO - Created Permission View: can edit on DAG:consume_1_or_2_with_dataset_expressions
[2024-06-25T19:21:31.328+0000] {logging_mixin.py:188} INFO - [2024-06-25T19:21:31.328+0000] {override.py:1829} INFO - Created Permission View: can read on DAG:consume_1_or_2_with_dataset_expressions
[2024-06-25T19:21:31.352+0000] {logging_mixin.py:188} INFO - [2024-06-25T19:21:31.352+0000] {override.py:1829} INFO - Created Permission View: can delete on DAG:dataset_consumes_1_and_2
[2024-06-25T19:21:31.379+0000] {logging_mixin.py:188} INFO - [2024-06-25T19:21:31.378+0000] {override.py:1829} INFO - Created Permission View: can edit on DAG:dataset_consumes_1_and_2
[2024-06-25T19:21:31.393+0000] {logging_mixin.py:188} INFO - [2024-06-25T19:21:31.393+0000] {override.py:1829} INFO - Created Permission View: can read on DAG:dataset_consumes_1_and_2
[2024-06-25T19:21:31.420+0000] {logging_mixin.py:188} INFO - [2024-06-25T19:21:31.419+0000] {override.py:1829} INFO - Created Permission View: can delete on DAG:dataset_consumes_1
[2024-06-25T19:21:31.431+0000] {logging_mixin.py:188} INFO - [2024-06-25T19:21:31.430+0000] {override.py:1829} INFO - Created Permission View: can edit on DAG:dataset_consumes_1
[2024-06-25T19:21:31.441+0000] {logging_mixin.py:188} INFO - [2024-06-25T19:21:31.441+0000] {override.py:1829} INFO - Created Permission View: can read on DAG:dataset_consumes_1
[2024-06-25T19:21:31.467+0000] {logging_mixin.py:188} INFO - [2024-06-25T19:21:31.467+0000] {override.py:1829} INFO - Created Permission View: can delete on DAG:dataset_consumes_1_never_scheduled
[2024-06-25T19:21:31.478+0000] {logging_mixin.py:188} INFO - [2024-06-25T19:21:31.478+0000] {override.py:1829} INFO - Created Permission View: can edit on DAG:dataset_consumes_1_never_scheduled
[2024-06-25T19:21:31.489+0000] {logging_mixin.py:188} INFO - [2024-06-25T19:21:31.489+0000] {override.py:1829} INFO - Created Permission View: can read on DAG:dataset_consumes_1_never_scheduled
[2024-06-25T19:21:31.514+0000] {logging_mixin.py:188} INFO - [2024-06-25T19:21:31.513+0000] {override.py:1829} INFO - Created Permission View: can delete on DAG:dataset_produces_1
[2024-06-25T19:21:31.525+0000] {logging_mixin.py:188} INFO - [2024-06-25T19:21:31.525+0000] {override.py:1829} INFO - Created Permission View: can edit on DAG:dataset_produces_1
[2024-06-25T19:21:31.535+0000] {logging_mixin.py:188} INFO - [2024-06-25T19:21:31.535+0000] {override.py:1829} INFO - Created Permission View: can read on DAG:dataset_produces_1
[2024-06-25T19:21:31.559+0000] {logging_mixin.py:188} INFO - [2024-06-25T19:21:31.558+0000] {override.py:1829} INFO - Created Permission View: can delete on DAG:dataset_consumes_unknown_never_scheduled
[2024-06-25T19:21:31.570+0000] {logging_mixin.py:188} INFO - [2024-06-25T19:21:31.570+0000] {override.py:1829} INFO - Created Permission View: can edit on DAG:dataset_consumes_unknown_never_scheduled
[2024-06-25T19:21:31.585+0000] {logging_mixin.py:188} INFO - [2024-06-25T19:21:31.584+0000] {override.py:1829} INFO - Created Permission View: can read on DAG:dataset_consumes_unknown_never_scheduled
[2024-06-25T19:21:31.608+0000] {logging_mixin.py:188} INFO - [2024-06-25T19:21:31.608+0000] {override.py:1829} INFO - Created Permission View: can delete on DAG:conditional_dataset_and_time_based_timetable
[2024-06-25T19:21:31.643+0000] {logging_mixin.py:188} INFO - [2024-06-25T19:21:31.642+0000] {override.py:1829} INFO - Created Permission View: can edit on DAG:conditional_dataset_and_time_based_timetable
[2024-06-25T19:21:31.655+0000] {logging_mixin.py:188} INFO - [2024-06-25T19:21:31.654+0000] {override.py:1829} INFO - Created Permission View: can read on DAG:conditional_dataset_and_time_based_timetable
[2024-06-25T19:21:31.680+0000] {logging_mixin.py:188} INFO - [2024-06-25T19:21:31.679+0000] {override.py:1829} INFO - Created Permission View: can delete on DAG:consume_1_and_2_with_dataset_expressions
[2024-06-25T19:21:31.691+0000] {logging_mixin.py:188} INFO - [2024-06-25T19:21:31.690+0000] {override.py:1829} INFO - Created Permission View: can edit on DAG:consume_1_and_2_with_dataset_expressions
[2024-06-25T19:21:31.702+0000] {logging_mixin.py:188} INFO - [2024-06-25T19:21:31.702+0000] {override.py:1829} INFO - Created Permission View: can read on DAG:consume_1_and_2_with_dataset_expressions
[2024-06-25T19:21:31.725+0000] {logging_mixin.py:188} INFO - [2024-06-25T19:21:31.725+0000] {override.py:1829} INFO - Created Permission View: can delete on DAG:dataset_produces_2
[2024-06-25T19:21:31.737+0000] {logging_mixin.py:188} INFO - [2024-06-25T19:21:31.736+0000] {override.py:1829} INFO - Created Permission View: can edit on DAG:dataset_produces_2
[2024-06-25T19:21:31.747+0000] {logging_mixin.py:188} INFO - [2024-06-25T19:21:31.747+0000] {override.py:1829} INFO - Created Permission View: can read on DAG:dataset_produces_2
[2024-06-25T19:21:31.748+0000] {logging_mixin.py:188} INFO - [2024-06-25T19:21:31.748+0000] {dag.py:3096} INFO - Sync 10 DAGs
[2024-06-25T19:21:31.759+0000] {logging_mixin.py:188} INFO - [2024-06-25T19:21:31.759+0000] {dag.py:3118} INFO - Creating ORM DAG for dataset_consumes_1_and_2
[2024-06-25T19:21:31.760+0000] {logging_mixin.py:188} INFO - [2024-06-25T19:21:31.759+0000] {dag.py:3118} INFO - Creating ORM DAG for consume_1_or_2_with_dataset_expressions
[2024-06-25T19:21:31.760+0000] {logging_mixin.py:188} INFO - [2024-06-25T19:21:31.760+0000] {dag.py:3118} INFO - Creating ORM DAG for dataset_consumes_1
[2024-06-25T19:21:31.761+0000] {logging_mixin.py:188} INFO - [2024-06-25T19:21:31.761+0000] {dag.py:3118} INFO - Creating ORM DAG for consume_1_or_both_2_and_3_with_dataset_expressions
[2024-06-25T19:21:31.761+0000] {logging_mixin.py:188} INFO - [2024-06-25T19:21:31.761+0000] {dag.py:3118} INFO - Creating ORM DAG for dataset_consumes_unknown_never_scheduled
[2024-06-25T19:21:31.762+0000] {logging_mixin.py:188} INFO - [2024-06-25T19:21:31.762+0000] {dag.py:3118} INFO - Creating ORM DAG for dataset_produces_2
[2024-06-25T19:21:31.763+0000] {logging_mixin.py:188} INFO - [2024-06-25T19:21:31.762+0000] {dag.py:3118} INFO - Creating ORM DAG for dataset_produces_1
[2024-06-25T19:21:31.763+0000] {logging_mixin.py:188} INFO - [2024-06-25T19:21:31.763+0000] {dag.py:3118} INFO - Creating ORM DAG for dataset_consumes_1_never_scheduled
[2024-06-25T19:21:31.764+0000] {logging_mixin.py:188} INFO - [2024-06-25T19:21:31.764+0000] {dag.py:3118} INFO - Creating ORM DAG for consume_1_and_2_with_dataset_expressions
[2024-06-25T19:21:31.764+0000] {logging_mixin.py:188} INFO - [2024-06-25T19:21:31.764+0000] {dag.py:3118} INFO - Creating ORM DAG for conditional_dataset_and_time_based_timetable
[2024-06-25T19:21:31.774+0000] {logging_mixin.py:188} INFO - [2024-06-25T19:21:31.774+0000] {dag.py:3954} INFO - Setting next_dagrun for conditional_dataset_and_time_based_timetable to 2024-06-19 01:00:00+00:00, run_after=2024-06-19 01:00:00+00:00
[2024-06-25T19:21:31.775+0000] {logging_mixin.py:188} INFO - [2024-06-25T19:21:31.775+0000] {dag.py:3954} INFO - Setting next_dagrun for consume_1_and_2_with_dataset_expressions to None, run_after=None
[2024-06-25T19:21:31.776+0000] {logging_mixin.py:188} INFO - [2024-06-25T19:21:31.775+0000] {dag.py:3954} INFO - Setting next_dagrun for consume_1_or_2_with_dataset_expressions to None, run_after=None
[2024-06-25T19:21:31.776+0000] {logging_mixin.py:188} INFO - [2024-06-25T19:21:31.776+0000] {dag.py:3954} INFO - Setting next_dagrun for consume_1_or_both_2_and_3_with_dataset_expressions to None, run_after=None
[2024-06-25T19:21:31.776+0000] {logging_mixin.py:188} INFO - [2024-06-25T19:21:31.776+0000] {dag.py:3954} INFO - Setting next_dagrun for dataset_consumes_1 to None, run_after=None
[2024-06-25T19:21:31.777+0000] {logging_mixin.py:188} INFO - [2024-06-25T19:21:31.777+0000] {dag.py:3954} INFO - Setting next_dagrun for dataset_consumes_1_and_2 to None, run_after=None
[2024-06-25T19:21:31.778+0000] {logging_mixin.py:188} INFO - [2024-06-25T19:21:31.777+0000] {dag.py:3954} INFO - Setting next_dagrun for dataset_consumes_1_never_scheduled to None, run_after=None
[2024-06-25T19:21:31.778+0000] {logging_mixin.py:188} INFO - [2024-06-25T19:21:31.778+0000] {dag.py:3954} INFO - Setting next_dagrun for dataset_consumes_unknown_never_scheduled to None, run_after=None
[2024-06-25T19:21:31.780+0000] {logging_mixin.py:188} INFO - [2024-06-25T19:21:31.780+0000] {dag.py:3954} INFO - Setting next_dagrun for dataset_produces_1 to 2024-06-24 00:00:00+00:00, run_after=2024-06-25 00:00:00+00:00
[2024-06-25T19:21:31.781+0000] {logging_mixin.py:188} INFO - [2024-06-25T19:21:31.780+0000] {dag.py:3954} INFO - Setting next_dagrun for dataset_produces_2 to None, run_after=None
[2024-06-25T19:21:31.821+0000] {processor.py:183} INFO - Processing /home/ubuntu/deevar_venv/lib/python3.12/site-packages/airflow/example_dags/example_datasets.py took 0.711 seconds
[2024-06-25T19:22:24.455+0000] {processor.py:161} INFO - Started process (PID=16431) to work on /home/ubuntu/deevar_venv/lib/python3.12/site-packages/airflow/example_dags/example_datasets.py
[2024-06-25T19:22:24.456+0000] {processor.py:830} INFO - Processing file /home/ubuntu/deevar_venv/lib/python3.12/site-packages/airflow/example_dags/example_datasets.py for tasks to queue
[2024-06-25T19:22:24.458+0000] {logging_mixin.py:188} INFO - [2024-06-25T19:22:24.458+0000] {dagbag.py:545} INFO - Filling up the DagBag from /home/ubuntu/deevar_venv/lib/python3.12/site-packages/airflow/example_dags/example_datasets.py
[2024-06-25T19:22:24.472+0000] {processor.py:840} INFO - DAG(s) 'dataset_consumes_1_never_scheduled', 'dataset_consumes_1', 'conditional_dataset_and_time_based_timetable', 'dataset_produces_1', 'consume_1_and_2_with_dataset_expressions', 'dataset_produces_2', 'consume_1_or_2_with_dataset_expressions', 'consume_1_or_both_2_and_3_with_dataset_expressions', 'dataset_consumes_unknown_never_scheduled', 'dataset_consumes_1_and_2' retrieved from /home/ubuntu/deevar_venv/lib/python3.12/site-packages/airflow/example_dags/example_datasets.py
[2024-06-25T19:22:24.513+0000] {logging_mixin.py:188} INFO - [2024-06-25T19:22:24.512+0000] {dag.py:3096} INFO - Sync 10 DAGs
[2024-06-25T19:22:24.538+0000] {logging_mixin.py:188} INFO - [2024-06-25T19:22:24.538+0000] {dag.py:3954} INFO - Setting next_dagrun for conditional_dataset_and_time_based_timetable to 2024-06-19 01:00:00+00:00, run_after=2024-06-19 01:00:00+00:00
[2024-06-25T19:22:24.542+0000] {logging_mixin.py:188} INFO - [2024-06-25T19:22:24.542+0000] {dag.py:3954} INFO - Setting next_dagrun for consume_1_and_2_with_dataset_expressions to None, run_after=None
[2024-06-25T19:22:24.543+0000] {logging_mixin.py:188} INFO - [2024-06-25T19:22:24.543+0000] {dag.py:3954} INFO - Setting next_dagrun for consume_1_or_2_with_dataset_expressions to None, run_after=None
[2024-06-25T19:22:24.544+0000] {logging_mixin.py:188} INFO - [2024-06-25T19:22:24.544+0000] {dag.py:3954} INFO - Setting next_dagrun for consume_1_or_both_2_and_3_with_dataset_expressions to None, run_after=None
[2024-06-25T19:22:24.545+0000] {logging_mixin.py:188} INFO - [2024-06-25T19:22:24.545+0000] {dag.py:3954} INFO - Setting next_dagrun for dataset_consumes_1 to None, run_after=None
[2024-06-25T19:22:24.546+0000] {logging_mixin.py:188} INFO - [2024-06-25T19:22:24.546+0000] {dag.py:3954} INFO - Setting next_dagrun for dataset_consumes_1_and_2 to None, run_after=None
[2024-06-25T19:22:24.547+0000] {logging_mixin.py:188} INFO - [2024-06-25T19:22:24.547+0000] {dag.py:3954} INFO - Setting next_dagrun for dataset_consumes_1_never_scheduled to None, run_after=None
[2024-06-25T19:22:24.548+0000] {logging_mixin.py:188} INFO - [2024-06-25T19:22:24.548+0000] {dag.py:3954} INFO - Setting next_dagrun for dataset_consumes_unknown_never_scheduled to None, run_after=None
[2024-06-25T19:22:24.550+0000] {logging_mixin.py:188} INFO - [2024-06-25T19:22:24.550+0000] {dag.py:3954} INFO - Setting next_dagrun for dataset_produces_1 to 2024-06-24 00:00:00+00:00, run_after=2024-06-25 00:00:00+00:00
[2024-06-25T19:22:24.551+0000] {logging_mixin.py:188} INFO - [2024-06-25T19:22:24.551+0000] {dag.py:3954} INFO - Setting next_dagrun for dataset_produces_2 to None, run_after=None
[2024-06-25T19:22:24.586+0000] {processor.py:183} INFO - Processing /home/ubuntu/deevar_venv/lib/python3.12/site-packages/airflow/example_dags/example_datasets.py took 0.137 seconds
[2024-06-25T19:23:13.256+0000] {processor.py:161} INFO - Started process (PID=16482) to work on /home/ubuntu/deevar_venv/lib/python3.12/site-packages/airflow/example_dags/example_datasets.py
[2024-06-25T19:23:13.258+0000] {processor.py:830} INFO - Processing file /home/ubuntu/deevar_venv/lib/python3.12/site-packages/airflow/example_dags/example_datasets.py for tasks to queue
[2024-06-25T19:23:13.259+0000] {logging_mixin.py:188} INFO - [2024-06-25T19:23:13.259+0000] {dagbag.py:545} INFO - Filling up the DagBag from /home/ubuntu/deevar_venv/lib/python3.12/site-packages/airflow/example_dags/example_datasets.py
[2024-06-25T19:23:13.274+0000] {processor.py:840} INFO - DAG(s) 'dataset_produces_1', 'dataset_produces_2', 'conditional_dataset_and_time_based_timetable', 'dataset_consumes_unknown_never_scheduled', 'dataset_consumes_1', 'dataset_consumes_1_and_2', 'consume_1_or_both_2_and_3_with_dataset_expressions', 'consume_1_and_2_with_dataset_expressions', 'dataset_consumes_1_never_scheduled', 'consume_1_or_2_with_dataset_expressions' retrieved from /home/ubuntu/deevar_venv/lib/python3.12/site-packages/airflow/example_dags/example_datasets.py
[2024-06-25T19:23:13.314+0000] {logging_mixin.py:188} INFO - [2024-06-25T19:23:13.313+0000] {dag.py:3096} INFO - Sync 10 DAGs
[2024-06-25T19:23:13.340+0000] {logging_mixin.py:188} INFO - [2024-06-25T19:23:13.339+0000] {dag.py:3954} INFO - Setting next_dagrun for conditional_dataset_and_time_based_timetable to 2024-06-19 01:00:00+00:00, run_after=2024-06-19 01:00:00+00:00
[2024-06-25T19:23:13.344+0000] {logging_mixin.py:188} INFO - [2024-06-25T19:23:13.343+0000] {dag.py:3954} INFO - Setting next_dagrun for consume_1_and_2_with_dataset_expressions to None, run_after=None
[2024-06-25T19:23:13.345+0000] {logging_mixin.py:188} INFO - [2024-06-25T19:23:13.344+0000] {dag.py:3954} INFO - Setting next_dagrun for consume_1_or_2_with_dataset_expressions to None, run_after=None
[2024-06-25T19:23:13.346+0000] {logging_mixin.py:188} INFO - [2024-06-25T19:23:13.346+0000] {dag.py:3954} INFO - Setting next_dagrun for consume_1_or_both_2_and_3_with_dataset_expressions to None, run_after=None
[2024-06-25T19:23:13.347+0000] {logging_mixin.py:188} INFO - [2024-06-25T19:23:13.347+0000] {dag.py:3954} INFO - Setting next_dagrun for dataset_consumes_1 to None, run_after=None
[2024-06-25T19:23:13.348+0000] {logging_mixin.py:188} INFO - [2024-06-25T19:23:13.348+0000] {dag.py:3954} INFO - Setting next_dagrun for dataset_consumes_1_and_2 to None, run_after=None
[2024-06-25T19:23:13.349+0000] {logging_mixin.py:188} INFO - [2024-06-25T19:23:13.349+0000] {dag.py:3954} INFO - Setting next_dagrun for dataset_consumes_1_never_scheduled to None, run_after=None
[2024-06-25T19:23:13.350+0000] {logging_mixin.py:188} INFO - [2024-06-25T19:23:13.350+0000] {dag.py:3954} INFO - Setting next_dagrun for dataset_consumes_unknown_never_scheduled to None, run_after=None
[2024-06-25T19:23:13.352+0000] {logging_mixin.py:188} INFO - [2024-06-25T19:23:13.352+0000] {dag.py:3954} INFO - Setting next_dagrun for dataset_produces_1 to 2024-06-24 00:00:00+00:00, run_after=2024-06-25 00:00:00+00:00
[2024-06-25T19:23:13.353+0000] {logging_mixin.py:188} INFO - [2024-06-25T19:23:13.353+0000] {dag.py:3954} INFO - Setting next_dagrun for dataset_produces_2 to None, run_after=None
[2024-06-25T19:23:13.389+0000] {processor.py:183} INFO - Processing /home/ubuntu/deevar_venv/lib/python3.12/site-packages/airflow/example_dags/example_datasets.py took 0.139 seconds
