[2024-06-25T19:21:17.919+0000] {processor.py:161} INFO - Started process (PID=16369) to work on /home/ubuntu/deevar_venv/lib/python3.12/site-packages/airflow/example_dags/example_sensor_decorator.py
[2024-06-25T19:21:17.920+0000] {processor.py:830} INFO - Processing file /home/ubuntu/deevar_venv/lib/python3.12/site-packages/airflow/example_dags/example_sensor_decorator.py for tasks to queue
[2024-06-25T19:21:17.922+0000] {logging_mixin.py:188} INFO - [2024-06-25T19:21:17.921+0000] {dagbag.py:545} INFO - Filling up the DagBag from /home/ubuntu/deevar_venv/lib/python3.12/site-packages/airflow/example_dags/example_sensor_decorator.py
[2024-06-25T19:21:17.929+0000] {processor.py:840} INFO - DAG(s) 'example_sensor_decorator' retrieved from /home/ubuntu/deevar_venv/lib/python3.12/site-packages/airflow/example_dags/example_sensor_decorator.py
[2024-06-25T19:21:18.055+0000] {logging_mixin.py:188} INFO - [2024-06-25T19:21:18.054+0000] {override.py:1829} INFO - Created Permission View: can delete on DAG:example_sensor_decorator
[2024-06-25T19:21:18.069+0000] {logging_mixin.py:188} INFO - [2024-06-25T19:21:18.069+0000] {override.py:1829} INFO - Created Permission View: can edit on DAG:example_sensor_decorator
[2024-06-25T19:21:18.081+0000] {logging_mixin.py:188} INFO - [2024-06-25T19:21:18.080+0000] {override.py:1829} INFO - Created Permission View: can read on DAG:example_sensor_decorator
[2024-06-25T19:21:18.081+0000] {logging_mixin.py:188} INFO - [2024-06-25T19:21:18.081+0000] {dag.py:3096} INFO - Sync 1 DAGs
[2024-06-25T19:21:18.093+0000] {logging_mixin.py:188} INFO - [2024-06-25T19:21:18.092+0000] {dag.py:3118} INFO - Creating ORM DAG for example_sensor_decorator
[2024-06-25T19:21:18.093+0000] {logging_mixin.py:188} INFO - [2024-06-25T19:21:18.093+0000] {dag.py:3954} INFO - Setting next_dagrun for example_sensor_decorator to None, run_after=None
[2024-06-25T19:21:18.118+0000] {processor.py:183} INFO - Processing /home/ubuntu/deevar_venv/lib/python3.12/site-packages/airflow/example_dags/example_sensor_decorator.py took 0.205 seconds
[2024-06-25T19:22:14.054+0000] {processor.py:161} INFO - Started process (PID=16420) to work on /home/ubuntu/deevar_venv/lib/python3.12/site-packages/airflow/example_dags/example_sensor_decorator.py
[2024-06-25T19:22:14.056+0000] {processor.py:830} INFO - Processing file /home/ubuntu/deevar_venv/lib/python3.12/site-packages/airflow/example_dags/example_sensor_decorator.py for tasks to queue
[2024-06-25T19:22:14.058+0000] {logging_mixin.py:188} INFO - [2024-06-25T19:22:14.057+0000] {dagbag.py:545} INFO - Filling up the DagBag from /home/ubuntu/deevar_venv/lib/python3.12/site-packages/airflow/example_dags/example_sensor_decorator.py
[2024-06-25T19:22:14.065+0000] {processor.py:840} INFO - DAG(s) 'example_sensor_decorator' retrieved from /home/ubuntu/deevar_venv/lib/python3.12/site-packages/airflow/example_dags/example_sensor_decorator.py
[2024-06-25T19:22:14.081+0000] {logging_mixin.py:188} INFO - [2024-06-25T19:22:14.081+0000] {dag.py:3096} INFO - Sync 1 DAGs
[2024-06-25T19:22:14.094+0000] {logging_mixin.py:188} INFO - [2024-06-25T19:22:14.094+0000] {dag.py:3954} INFO - Setting next_dagrun for example_sensor_decorator to None, run_after=None
[2024-06-25T19:22:14.120+0000] {processor.py:183} INFO - Processing /home/ubuntu/deevar_venv/lib/python3.12/site-packages/airflow/example_dags/example_sensor_decorator.py took 0.071 seconds
[2024-06-25T19:23:03.117+0000] {processor.py:161} INFO - Started process (PID=16471) to work on /home/ubuntu/deevar_venv/lib/python3.12/site-packages/airflow/example_dags/example_sensor_decorator.py
[2024-06-25T19:23:03.119+0000] {processor.py:830} INFO - Processing file /home/ubuntu/deevar_venv/lib/python3.12/site-packages/airflow/example_dags/example_sensor_decorator.py for tasks to queue
[2024-06-25T19:23:03.120+0000] {logging_mixin.py:188} INFO - [2024-06-25T19:23:03.120+0000] {dagbag.py:545} INFO - Filling up the DagBag from /home/ubuntu/deevar_venv/lib/python3.12/site-packages/airflow/example_dags/example_sensor_decorator.py
[2024-06-25T19:23:03.128+0000] {processor.py:840} INFO - DAG(s) 'example_sensor_decorator' retrieved from /home/ubuntu/deevar_venv/lib/python3.12/site-packages/airflow/example_dags/example_sensor_decorator.py
[2024-06-25T19:23:03.145+0000] {logging_mixin.py:188} INFO - [2024-06-25T19:23:03.145+0000] {dag.py:3096} INFO - Sync 1 DAGs
[2024-06-25T19:23:03.158+0000] {logging_mixin.py:188} INFO - [2024-06-25T19:23:03.158+0000] {dag.py:3954} INFO - Setting next_dagrun for example_sensor_decorator to None, run_after=None
[2024-06-25T19:23:03.184+0000] {processor.py:183} INFO - Processing /home/ubuntu/deevar_venv/lib/python3.12/site-packages/airflow/example_dags/example_sensor_decorator.py took 0.073 seconds
