[2024-06-25T19:21:12.795+0000] {processor.py:161} INFO - Started process (PID=16365) to work on /home/ubuntu/deevar_venv/lib/python3.12/site-packages/airflow/example_dags/example_skip_dag.py
[2024-06-25T19:21:12.796+0000] {processor.py:830} INFO - Processing file /home/ubuntu/deevar_venv/lib/python3.12/site-packages/airflow/example_dags/example_skip_dag.py for tasks to queue
[2024-06-25T19:21:12.797+0000] {logging_mixin.py:188} INFO - [2024-06-25T19:21:12.797+0000] {dagbag.py:545} INFO - Filling up the DagBag from /home/ubuntu/deevar_venv/lib/python3.12/site-packages/airflow/example_dags/example_skip_dag.py
[2024-06-25T19:21:12.804+0000] {processor.py:840} INFO - DAG(s) 'example_skip_dag' retrieved from /home/ubuntu/deevar_venv/lib/python3.12/site-packages/airflow/example_dags/example_skip_dag.py
[2024-06-25T19:21:12.927+0000] {logging_mixin.py:188} INFO - [2024-06-25T19:21:12.926+0000] {override.py:1829} INFO - Created Permission View: can delete on DAG:example_skip_dag
[2024-06-25T19:21:12.944+0000] {logging_mixin.py:188} INFO - [2024-06-25T19:21:12.943+0000] {override.py:1829} INFO - Created Permission View: can edit on DAG:example_skip_dag
[2024-06-25T19:21:12.954+0000] {logging_mixin.py:188} INFO - [2024-06-25T19:21:12.954+0000] {override.py:1829} INFO - Created Permission View: can read on DAG:example_skip_dag
[2024-06-25T19:21:12.955+0000] {logging_mixin.py:188} INFO - [2024-06-25T19:21:12.955+0000] {dag.py:3096} INFO - Sync 1 DAGs
[2024-06-25T19:21:12.965+0000] {logging_mixin.py:188} INFO - [2024-06-25T19:21:12.965+0000] {dag.py:3118} INFO - Creating ORM DAG for example_skip_dag
[2024-06-25T19:21:12.975+0000] {logging_mixin.py:188} INFO - [2024-06-25T19:21:12.974+0000] {dag.py:3954} INFO - Setting next_dagrun for example_skip_dag to 2024-06-24 00:00:00+00:00, run_after=2024-06-25 00:00:00+00:00
[2024-06-25T19:21:12.998+0000] {processor.py:183} INFO - Processing /home/ubuntu/deevar_venv/lib/python3.12/site-packages/airflow/example_dags/example_skip_dag.py took 0.210 seconds
[2024-06-25T19:22:10.144+0000] {processor.py:161} INFO - Started process (PID=16416) to work on /home/ubuntu/deevar_venv/lib/python3.12/site-packages/airflow/example_dags/example_skip_dag.py
[2024-06-25T19:22:10.146+0000] {processor.py:830} INFO - Processing file /home/ubuntu/deevar_venv/lib/python3.12/site-packages/airflow/example_dags/example_skip_dag.py for tasks to queue
[2024-06-25T19:22:10.148+0000] {logging_mixin.py:188} INFO - [2024-06-25T19:22:10.147+0000] {dagbag.py:545} INFO - Filling up the DagBag from /home/ubuntu/deevar_venv/lib/python3.12/site-packages/airflow/example_dags/example_skip_dag.py
[2024-06-25T19:22:10.155+0000] {processor.py:840} INFO - DAG(s) 'example_skip_dag' retrieved from /home/ubuntu/deevar_venv/lib/python3.12/site-packages/airflow/example_dags/example_skip_dag.py
[2024-06-25T19:22:10.174+0000] {logging_mixin.py:188} INFO - [2024-06-25T19:22:10.174+0000] {dag.py:3096} INFO - Sync 1 DAGs
[2024-06-25T19:22:10.196+0000] {logging_mixin.py:188} INFO - [2024-06-25T19:22:10.196+0000] {dag.py:3954} INFO - Setting next_dagrun for example_skip_dag to 2024-06-24 00:00:00+00:00, run_after=2024-06-25 00:00:00+00:00
[2024-06-25T19:22:10.224+0000] {processor.py:183} INFO - Processing /home/ubuntu/deevar_venv/lib/python3.12/site-packages/airflow/example_dags/example_skip_dag.py took 0.085 seconds
[2024-06-25T19:22:59.372+0000] {processor.py:161} INFO - Started process (PID=16467) to work on /home/ubuntu/deevar_venv/lib/python3.12/site-packages/airflow/example_dags/example_skip_dag.py
[2024-06-25T19:22:59.374+0000] {processor.py:830} INFO - Processing file /home/ubuntu/deevar_venv/lib/python3.12/site-packages/airflow/example_dags/example_skip_dag.py for tasks to queue
[2024-06-25T19:22:59.375+0000] {logging_mixin.py:188} INFO - [2024-06-25T19:22:59.375+0000] {dagbag.py:545} INFO - Filling up the DagBag from /home/ubuntu/deevar_venv/lib/python3.12/site-packages/airflow/example_dags/example_skip_dag.py
[2024-06-25T19:22:59.383+0000] {processor.py:840} INFO - DAG(s) 'example_skip_dag' retrieved from /home/ubuntu/deevar_venv/lib/python3.12/site-packages/airflow/example_dags/example_skip_dag.py
[2024-06-25T19:22:59.402+0000] {logging_mixin.py:188} INFO - [2024-06-25T19:22:59.402+0000] {dag.py:3096} INFO - Sync 1 DAGs
[2024-06-25T19:22:59.424+0000] {logging_mixin.py:188} INFO - [2024-06-25T19:22:59.424+0000] {dag.py:3954} INFO - Setting next_dagrun for example_skip_dag to 2024-06-24 00:00:00+00:00, run_after=2024-06-25 00:00:00+00:00
[2024-06-25T19:22:59.500+0000] {processor.py:183} INFO - Processing /home/ubuntu/deevar_venv/lib/python3.12/site-packages/airflow/example_dags/example_skip_dag.py took 0.134 seconds
[2024-06-25T19:23:45.813+0000] {processor.py:161} INFO - Started process (PID=16515) to work on /home/ubuntu/deevar_venv/lib/python3.12/site-packages/airflow/example_dags/example_skip_dag.py
[2024-06-25T19:23:45.815+0000] {processor.py:830} INFO - Processing file /home/ubuntu/deevar_venv/lib/python3.12/site-packages/airflow/example_dags/example_skip_dag.py for tasks to queue
[2024-06-25T19:23:45.817+0000] {logging_mixin.py:188} INFO - [2024-06-25T19:23:45.817+0000] {dagbag.py:545} INFO - Filling up the DagBag from /home/ubuntu/deevar_venv/lib/python3.12/site-packages/airflow/example_dags/example_skip_dag.py
[2024-06-25T19:23:45.824+0000] {processor.py:840} INFO - DAG(s) 'example_skip_dag' retrieved from /home/ubuntu/deevar_venv/lib/python3.12/site-packages/airflow/example_dags/example_skip_dag.py
[2024-06-25T19:23:45.842+0000] {logging_mixin.py:188} INFO - [2024-06-25T19:23:45.842+0000] {dag.py:3096} INFO - Sync 1 DAGs
[2024-06-25T19:23:45.863+0000] {logging_mixin.py:188} INFO - [2024-06-25T19:23:45.863+0000] {dag.py:3954} INFO - Setting next_dagrun for example_skip_dag to 2024-06-24 00:00:00+00:00, run_after=2024-06-25 00:00:00+00:00
[2024-06-25T19:23:45.887+0000] {processor.py:183} INFO - Processing /home/ubuntu/deevar_venv/lib/python3.12/site-packages/airflow/example_dags/example_skip_dag.py took 0.080 seconds
