[2024-06-25T19:21:40.463+0000] {processor.py:161} INFO - Started process (PID=16388) to work on /home/ubuntu/deevar_venv/lib/python3.12/site-packages/airflow/example_dags/example_branch_operator_decorator.py
[2024-06-25T19:21:40.464+0000] {processor.py:830} INFO - Processing file /home/ubuntu/deevar_venv/lib/python3.12/site-packages/airflow/example_dags/example_branch_operator_decorator.py for tasks to queue
[2024-06-25T19:21:40.466+0000] {logging_mixin.py:188} INFO - [2024-06-25T19:21:40.465+0000] {dagbag.py:545} INFO - Filling up the DagBag from /home/ubuntu/deevar_venv/lib/python3.12/site-packages/airflow/example_dags/example_branch_operator_decorator.py
[2024-06-25T19:21:40.489+0000] {processor.py:840} INFO - DAG(s) 'example_branch_python_operator_decorator' retrieved from /home/ubuntu/deevar_venv/lib/python3.12/site-packages/airflow/example_dags/example_branch_operator_decorator.py
[2024-06-25T19:21:40.617+0000] {logging_mixin.py:188} INFO - [2024-06-25T19:21:40.616+0000] {override.py:1829} INFO - Created Permission View: can delete on DAG:example_branch_python_operator_decorator
[2024-06-25T19:21:40.632+0000] {logging_mixin.py:188} INFO - [2024-06-25T19:21:40.632+0000] {override.py:1829} INFO - Created Permission View: can edit on DAG:example_branch_python_operator_decorator
[2024-06-25T19:21:40.643+0000] {logging_mixin.py:188} INFO - [2024-06-25T19:21:40.643+0000] {override.py:1829} INFO - Created Permission View: can read on DAG:example_branch_python_operator_decorator
[2024-06-25T19:21:40.644+0000] {logging_mixin.py:188} INFO - [2024-06-25T19:21:40.644+0000] {dag.py:3096} INFO - Sync 1 DAGs
[2024-06-25T19:21:40.655+0000] {logging_mixin.py:188} INFO - [2024-06-25T19:21:40.655+0000] {dag.py:3118} INFO - Creating ORM DAG for example_branch_python_operator_decorator
[2024-06-25T19:21:40.668+0000] {logging_mixin.py:188} INFO - [2024-06-25T19:21:40.668+0000] {dag.py:3954} INFO - Setting next_dagrun for example_branch_python_operator_decorator to 2024-06-24 00:00:00+00:00, run_after=2024-06-25 00:00:00+00:00
[2024-06-25T19:21:40.693+0000] {processor.py:183} INFO - Processing /home/ubuntu/deevar_venv/lib/python3.12/site-packages/airflow/example_dags/example_branch_operator_decorator.py took 0.236 seconds
[2024-06-25T19:22:32.465+0000] {processor.py:161} INFO - Started process (PID=16439) to work on /home/ubuntu/deevar_venv/lib/python3.12/site-packages/airflow/example_dags/example_branch_operator_decorator.py
[2024-06-25T19:22:32.467+0000] {processor.py:830} INFO - Processing file /home/ubuntu/deevar_venv/lib/python3.12/site-packages/airflow/example_dags/example_branch_operator_decorator.py for tasks to queue
[2024-06-25T19:22:32.469+0000] {logging_mixin.py:188} INFO - [2024-06-25T19:22:32.468+0000] {dagbag.py:545} INFO - Filling up the DagBag from /home/ubuntu/deevar_venv/lib/python3.12/site-packages/airflow/example_dags/example_branch_operator_decorator.py
[2024-06-25T19:22:32.492+0000] {processor.py:840} INFO - DAG(s) 'example_branch_python_operator_decorator' retrieved from /home/ubuntu/deevar_venv/lib/python3.12/site-packages/airflow/example_dags/example_branch_operator_decorator.py
[2024-06-25T19:22:32.518+0000] {logging_mixin.py:188} INFO - [2024-06-25T19:22:32.517+0000] {dag.py:3096} INFO - Sync 1 DAGs
[2024-06-25T19:22:32.539+0000] {logging_mixin.py:188} INFO - [2024-06-25T19:22:32.539+0000] {dag.py:3954} INFO - Setting next_dagrun for example_branch_python_operator_decorator to 2024-06-24 00:00:00+00:00, run_after=2024-06-25 00:00:00+00:00
[2024-06-25T19:22:32.564+0000] {processor.py:183} INFO - Processing /home/ubuntu/deevar_venv/lib/python3.12/site-packages/airflow/example_dags/example_branch_operator_decorator.py took 0.105 seconds
[2024-06-25T19:23:29.117+0000] {processor.py:161} INFO - Started process (PID=16499) to work on /home/ubuntu/deevar_venv/lib/python3.12/site-packages/airflow/example_dags/example_branch_operator_decorator.py
[2024-06-25T19:23:29.119+0000] {processor.py:830} INFO - Processing file /home/ubuntu/deevar_venv/lib/python3.12/site-packages/airflow/example_dags/example_branch_operator_decorator.py for tasks to queue
[2024-06-25T19:23:29.121+0000] {logging_mixin.py:188} INFO - [2024-06-25T19:23:29.120+0000] {dagbag.py:545} INFO - Filling up the DagBag from /home/ubuntu/deevar_venv/lib/python3.12/site-packages/airflow/example_dags/example_branch_operator_decorator.py
[2024-06-25T19:23:29.144+0000] {processor.py:840} INFO - DAG(s) 'example_branch_python_operator_decorator' retrieved from /home/ubuntu/deevar_venv/lib/python3.12/site-packages/airflow/example_dags/example_branch_operator_decorator.py
[2024-06-25T19:23:29.169+0000] {logging_mixin.py:188} INFO - [2024-06-25T19:23:29.169+0000] {dag.py:3096} INFO - Sync 1 DAGs
[2024-06-25T19:23:29.191+0000] {logging_mixin.py:188} INFO - [2024-06-25T19:23:29.191+0000] {dag.py:3954} INFO - Setting next_dagrun for example_branch_python_operator_decorator to 2024-06-24 00:00:00+00:00, run_after=2024-06-25 00:00:00+00:00
[2024-06-25T19:23:29.217+0000] {processor.py:183} INFO - Processing /home/ubuntu/deevar_venv/lib/python3.12/site-packages/airflow/example_dags/example_branch_operator_decorator.py took 0.106 seconds
