[2024-06-25T19:21:38.407+0000] {processor.py:161} INFO - Started process (PID=16386) to work on /home/ubuntu/deevar_venv/lib/python3.12/site-packages/airflow/example_dags/example_branch_operator.py
[2024-06-25T19:21:38.407+0000] {processor.py:830} INFO - Processing file /home/ubuntu/deevar_venv/lib/python3.12/site-packages/airflow/example_dags/example_branch_operator.py for tasks to queue
[2024-06-25T19:21:38.409+0000] {logging_mixin.py:188} INFO - [2024-06-25T19:21:38.409+0000] {dagbag.py:545} INFO - Filling up the DagBag from /home/ubuntu/deevar_venv/lib/python3.12/site-packages/airflow/example_dags/example_branch_operator.py
[2024-06-25T19:21:38.428+0000] {processor.py:840} INFO - DAG(s) 'example_branch_operator' retrieved from /home/ubuntu/deevar_venv/lib/python3.12/site-packages/airflow/example_dags/example_branch_operator.py
[2024-06-25T19:21:38.557+0000] {logging_mixin.py:188} INFO - [2024-06-25T19:21:38.556+0000] {override.py:1829} INFO - Created Permission View: can delete on DAG:example_branch_operator
[2024-06-25T19:21:38.572+0000] {logging_mixin.py:188} INFO - [2024-06-25T19:21:38.571+0000] {override.py:1829} INFO - Created Permission View: can edit on DAG:example_branch_operator
[2024-06-25T19:21:38.583+0000] {logging_mixin.py:188} INFO - [2024-06-25T19:21:38.582+0000] {override.py:1829} INFO - Created Permission View: can read on DAG:example_branch_operator
[2024-06-25T19:21:38.583+0000] {logging_mixin.py:188} INFO - [2024-06-25T19:21:38.583+0000] {dag.py:3096} INFO - Sync 1 DAGs
[2024-06-25T19:21:38.594+0000] {logging_mixin.py:188} INFO - [2024-06-25T19:21:38.594+0000] {dag.py:3118} INFO - Creating ORM DAG for example_branch_operator
[2024-06-25T19:21:38.605+0000] {logging_mixin.py:188} INFO - [2024-06-25T19:21:38.604+0000] {dag.py:3954} INFO - Setting next_dagrun for example_branch_operator to 2024-06-24 00:00:00+00:00, run_after=2024-06-25 00:00:00+00:00
[2024-06-25T19:21:38.634+0000] {processor.py:183} INFO - Processing /home/ubuntu/deevar_venv/lib/python3.12/site-packages/airflow/example_dags/example_branch_operator.py took 0.234 seconds
[2024-06-25T19:22:30.423+0000] {processor.py:161} INFO - Started process (PID=16437) to work on /home/ubuntu/deevar_venv/lib/python3.12/site-packages/airflow/example_dags/example_branch_operator.py
[2024-06-25T19:22:30.424+0000] {processor.py:830} INFO - Processing file /home/ubuntu/deevar_venv/lib/python3.12/site-packages/airflow/example_dags/example_branch_operator.py for tasks to queue
[2024-06-25T19:22:30.426+0000] {logging_mixin.py:188} INFO - [2024-06-25T19:22:30.426+0000] {dagbag.py:545} INFO - Filling up the DagBag from /home/ubuntu/deevar_venv/lib/python3.12/site-packages/airflow/example_dags/example_branch_operator.py
[2024-06-25T19:22:30.446+0000] {processor.py:840} INFO - DAG(s) 'example_branch_operator' retrieved from /home/ubuntu/deevar_venv/lib/python3.12/site-packages/airflow/example_dags/example_branch_operator.py
[2024-06-25T19:22:30.472+0000] {logging_mixin.py:188} INFO - [2024-06-25T19:22:30.471+0000] {dag.py:3096} INFO - Sync 1 DAGs
[2024-06-25T19:22:30.493+0000] {logging_mixin.py:188} INFO - [2024-06-25T19:22:30.493+0000] {dag.py:3954} INFO - Setting next_dagrun for example_branch_operator to 2024-06-24 00:00:00+00:00, run_after=2024-06-25 00:00:00+00:00
[2024-06-25T19:22:30.517+0000] {processor.py:183} INFO - Processing /home/ubuntu/deevar_venv/lib/python3.12/site-packages/airflow/example_dags/example_branch_operator.py took 0.101 seconds
[2024-06-25T19:23:27.468+0000] {processor.py:161} INFO - Started process (PID=16497) to work on /home/ubuntu/deevar_venv/lib/python3.12/site-packages/airflow/example_dags/example_branch_operator.py
[2024-06-25T19:23:27.470+0000] {processor.py:830} INFO - Processing file /home/ubuntu/deevar_venv/lib/python3.12/site-packages/airflow/example_dags/example_branch_operator.py for tasks to queue
[2024-06-25T19:23:27.472+0000] {logging_mixin.py:188} INFO - [2024-06-25T19:23:27.471+0000] {dagbag.py:545} INFO - Filling up the DagBag from /home/ubuntu/deevar_venv/lib/python3.12/site-packages/airflow/example_dags/example_branch_operator.py
[2024-06-25T19:23:27.490+0000] {processor.py:840} INFO - DAG(s) 'example_branch_operator' retrieved from /home/ubuntu/deevar_venv/lib/python3.12/site-packages/airflow/example_dags/example_branch_operator.py
[2024-06-25T19:23:27.517+0000] {logging_mixin.py:188} INFO - [2024-06-25T19:23:27.517+0000] {dag.py:3096} INFO - Sync 1 DAGs
[2024-06-25T19:23:27.539+0000] {logging_mixin.py:188} INFO - [2024-06-25T19:23:27.539+0000] {dag.py:3954} INFO - Setting next_dagrun for example_branch_operator to 2024-06-24 00:00:00+00:00, run_after=2024-06-25 00:00:00+00:00
[2024-06-25T19:23:27.563+0000] {processor.py:183} INFO - Processing /home/ubuntu/deevar_venv/lib/python3.12/site-packages/airflow/example_dags/example_branch_operator.py took 0.101 seconds
