[2024-06-25T19:21:06.116+0000] {processor.py:161} INFO - Started process (PID=16359) to work on /home/ubuntu/deevar_venv/lib/python3.12/site-packages/airflow/example_dags/example_trigger_controller_dag.py
[2024-06-25T19:21:06.117+0000] {processor.py:830} INFO - Processing file /home/ubuntu/deevar_venv/lib/python3.12/site-packages/airflow/example_dags/example_trigger_controller_dag.py for tasks to queue
[2024-06-25T19:21:06.120+0000] {logging_mixin.py:188} INFO - [2024-06-25T19:21:06.119+0000] {dagbag.py:545} INFO - Filling up the DagBag from /home/ubuntu/deevar_venv/lib/python3.12/site-packages/airflow/example_dags/example_trigger_controller_dag.py
[2024-06-25T19:21:06.127+0000] {processor.py:840} INFO - DAG(s) 'example_trigger_controller_dag' retrieved from /home/ubuntu/deevar_venv/lib/python3.12/site-packages/airflow/example_dags/example_trigger_controller_dag.py
[2024-06-25T19:21:06.249+0000] {logging_mixin.py:188} INFO - [2024-06-25T19:21:06.248+0000] {override.py:1829} INFO - Created Permission View: can delete on DAG:example_trigger_controller_dag
[2024-06-25T19:21:06.266+0000] {logging_mixin.py:188} INFO - [2024-06-25T19:21:06.265+0000] {override.py:1829} INFO - Created Permission View: can edit on DAG:example_trigger_controller_dag
[2024-06-25T19:21:06.277+0000] {logging_mixin.py:188} INFO - [2024-06-25T19:21:06.276+0000] {override.py:1829} INFO - Created Permission View: can read on DAG:example_trigger_controller_dag
[2024-06-25T19:21:06.277+0000] {logging_mixin.py:188} INFO - [2024-06-25T19:21:06.277+0000] {dag.py:3096} INFO - Sync 1 DAGs
[2024-06-25T19:21:06.288+0000] {logging_mixin.py:188} INFO - [2024-06-25T19:21:06.287+0000] {dag.py:3118} INFO - Creating ORM DAG for example_trigger_controller_dag
[2024-06-25T19:21:06.296+0000] {logging_mixin.py:188} INFO - [2024-06-25T19:21:06.296+0000] {dag.py:3954} INFO - Setting next_dagrun for example_trigger_controller_dag to 2021-01-01 00:00:00+00:00, run_after=2021-01-01 00:00:00+00:00
[2024-06-25T19:21:06.319+0000] {processor.py:183} INFO - Processing /home/ubuntu/deevar_venv/lib/python3.12/site-packages/airflow/example_dags/example_trigger_controller_dag.py took 0.209 seconds
[2024-06-25T19:22:03.440+0000] {processor.py:161} INFO - Started process (PID=16410) to work on /home/ubuntu/deevar_venv/lib/python3.12/site-packages/airflow/example_dags/example_trigger_controller_dag.py
[2024-06-25T19:22:03.441+0000] {processor.py:830} INFO - Processing file /home/ubuntu/deevar_venv/lib/python3.12/site-packages/airflow/example_dags/example_trigger_controller_dag.py for tasks to queue
[2024-06-25T19:22:03.443+0000] {logging_mixin.py:188} INFO - [2024-06-25T19:22:03.443+0000] {dagbag.py:545} INFO - Filling up the DagBag from /home/ubuntu/deevar_venv/lib/python3.12/site-packages/airflow/example_dags/example_trigger_controller_dag.py
[2024-06-25T19:22:03.449+0000] {processor.py:840} INFO - DAG(s) 'example_trigger_controller_dag' retrieved from /home/ubuntu/deevar_venv/lib/python3.12/site-packages/airflow/example_dags/example_trigger_controller_dag.py
[2024-06-25T19:22:03.465+0000] {logging_mixin.py:188} INFO - [2024-06-25T19:22:03.465+0000] {dag.py:3096} INFO - Sync 1 DAGs
[2024-06-25T19:22:03.486+0000] {logging_mixin.py:188} INFO - [2024-06-25T19:22:03.485+0000] {dag.py:3954} INFO - Setting next_dagrun for example_trigger_controller_dag to 2021-01-01 00:00:00+00:00, run_after=2021-01-01 00:00:00+00:00
[2024-06-25T19:22:03.513+0000] {processor.py:183} INFO - Processing /home/ubuntu/deevar_venv/lib/python3.12/site-packages/airflow/example_dags/example_trigger_controller_dag.py took 0.079 seconds
[2024-06-25T19:22:49.561+0000] {processor.py:161} INFO - Started process (PID=16458) to work on /home/ubuntu/deevar_venv/lib/python3.12/site-packages/airflow/example_dags/example_trigger_controller_dag.py
[2024-06-25T19:22:49.562+0000] {processor.py:830} INFO - Processing file /home/ubuntu/deevar_venv/lib/python3.12/site-packages/airflow/example_dags/example_trigger_controller_dag.py for tasks to queue
[2024-06-25T19:22:49.564+0000] {logging_mixin.py:188} INFO - [2024-06-25T19:22:49.563+0000] {dagbag.py:545} INFO - Filling up the DagBag from /home/ubuntu/deevar_venv/lib/python3.12/site-packages/airflow/example_dags/example_trigger_controller_dag.py
[2024-06-25T19:22:49.570+0000] {processor.py:840} INFO - DAG(s) 'example_trigger_controller_dag' retrieved from /home/ubuntu/deevar_venv/lib/python3.12/site-packages/airflow/example_dags/example_trigger_controller_dag.py
[2024-06-25T19:22:49.586+0000] {logging_mixin.py:188} INFO - [2024-06-25T19:22:49.586+0000] {dag.py:3096} INFO - Sync 1 DAGs
[2024-06-25T19:22:49.606+0000] {logging_mixin.py:188} INFO - [2024-06-25T19:22:49.606+0000] {dag.py:3954} INFO - Setting next_dagrun for example_trigger_controller_dag to 2021-01-01 00:00:00+00:00, run_after=2021-01-01 00:00:00+00:00
[2024-06-25T19:22:49.631+0000] {processor.py:183} INFO - Processing /home/ubuntu/deevar_venv/lib/python3.12/site-packages/airflow/example_dags/example_trigger_controller_dag.py took 0.076 seconds
[2024-06-25T19:23:39.516+0000] {processor.py:161} INFO - Started process (PID=16509) to work on /home/ubuntu/deevar_venv/lib/python3.12/site-packages/airflow/example_dags/example_trigger_controller_dag.py
[2024-06-25T19:23:39.517+0000] {processor.py:830} INFO - Processing file /home/ubuntu/deevar_venv/lib/python3.12/site-packages/airflow/example_dags/example_trigger_controller_dag.py for tasks to queue
[2024-06-25T19:23:39.519+0000] {logging_mixin.py:188} INFO - [2024-06-25T19:23:39.519+0000] {dagbag.py:545} INFO - Filling up the DagBag from /home/ubuntu/deevar_venv/lib/python3.12/site-packages/airflow/example_dags/example_trigger_controller_dag.py
[2024-06-25T19:23:39.525+0000] {processor.py:840} INFO - DAG(s) 'example_trigger_controller_dag' retrieved from /home/ubuntu/deevar_venv/lib/python3.12/site-packages/airflow/example_dags/example_trigger_controller_dag.py
[2024-06-25T19:23:39.542+0000] {logging_mixin.py:188} INFO - [2024-06-25T19:23:39.541+0000] {dag.py:3096} INFO - Sync 1 DAGs
[2024-06-25T19:23:39.562+0000] {logging_mixin.py:188} INFO - [2024-06-25T19:23:39.562+0000] {dag.py:3954} INFO - Setting next_dagrun for example_trigger_controller_dag to 2021-01-01 00:00:00+00:00, run_after=2021-01-01 00:00:00+00:00
[2024-06-25T19:23:39.587+0000] {processor.py:183} INFO - Processing /home/ubuntu/deevar_venv/lib/python3.12/site-packages/airflow/example_dags/example_trigger_controller_dag.py took 0.077 seconds
