[2024-06-25T19:21:39.747+0000] {processor.py:161} INFO - Started process (PID=16387) to work on /home/ubuntu/deevar_venv/lib/python3.12/site-packages/airflow/example_dags/example_complex.py
[2024-06-25T19:21:39.748+0000] {processor.py:830} INFO - Processing file /home/ubuntu/deevar_venv/lib/python3.12/site-packages/airflow/example_dags/example_complex.py for tasks to queue
[2024-06-25T19:21:39.750+0000] {logging_mixin.py:188} INFO - [2024-06-25T19:21:39.749+0000] {dagbag.py:545} INFO - Filling up the DagBag from /home/ubuntu/deevar_venv/lib/python3.12/site-packages/airflow/example_dags/example_complex.py
[2024-06-25T19:21:39.760+0000] {processor.py:840} INFO - DAG(s) 'example_complex' retrieved from /home/ubuntu/deevar_venv/lib/python3.12/site-packages/airflow/example_dags/example_complex.py
[2024-06-25T19:21:39.895+0000] {logging_mixin.py:188} INFO - [2024-06-25T19:21:39.894+0000] {override.py:1829} INFO - Created Permission View: can delete on DAG:example_complex
[2024-06-25T19:21:39.912+0000] {logging_mixin.py:188} INFO - [2024-06-25T19:21:39.912+0000] {override.py:1829} INFO - Created Permission View: can edit on DAG:example_complex
[2024-06-25T19:21:39.923+0000] {logging_mixin.py:188} INFO - [2024-06-25T19:21:39.923+0000] {override.py:1829} INFO - Created Permission View: can read on DAG:example_complex
[2024-06-25T19:21:39.923+0000] {logging_mixin.py:188} INFO - [2024-06-25T19:21:39.923+0000] {dag.py:3096} INFO - Sync 1 DAGs
[2024-06-25T19:21:39.935+0000] {logging_mixin.py:188} INFO - [2024-06-25T19:21:39.934+0000] {dag.py:3118} INFO - Creating ORM DAG for example_complex
[2024-06-25T19:21:39.935+0000] {logging_mixin.py:188} INFO - [2024-06-25T19:21:39.935+0000] {dag.py:3954} INFO - Setting next_dagrun for example_complex to None, run_after=None
[2024-06-25T19:21:39.961+0000] {processor.py:183} INFO - Processing /home/ubuntu/deevar_venv/lib/python3.12/site-packages/airflow/example_dags/example_complex.py took 0.220 seconds
[2024-06-25T19:22:31.661+0000] {processor.py:161} INFO - Started process (PID=16438) to work on /home/ubuntu/deevar_venv/lib/python3.12/site-packages/airflow/example_dags/example_complex.py
[2024-06-25T19:22:31.662+0000] {processor.py:830} INFO - Processing file /home/ubuntu/deevar_venv/lib/python3.12/site-packages/airflow/example_dags/example_complex.py for tasks to queue
[2024-06-25T19:22:31.664+0000] {logging_mixin.py:188} INFO - [2024-06-25T19:22:31.663+0000] {dagbag.py:545} INFO - Filling up the DagBag from /home/ubuntu/deevar_venv/lib/python3.12/site-packages/airflow/example_dags/example_complex.py
[2024-06-25T19:22:31.675+0000] {processor.py:840} INFO - DAG(s) 'example_complex' retrieved from /home/ubuntu/deevar_venv/lib/python3.12/site-packages/airflow/example_dags/example_complex.py
[2024-06-25T19:22:31.704+0000] {logging_mixin.py:188} INFO - [2024-06-25T19:22:31.704+0000] {dag.py:3096} INFO - Sync 1 DAGs
[2024-06-25T19:22:31.717+0000] {logging_mixin.py:188} INFO - [2024-06-25T19:22:31.716+0000] {dag.py:3954} INFO - Setting next_dagrun for example_complex to None, run_after=None
[2024-06-25T19:22:31.741+0000] {processor.py:183} INFO - Processing /home/ubuntu/deevar_venv/lib/python3.12/site-packages/airflow/example_dags/example_complex.py took 0.086 seconds
[2024-06-25T19:23:28.705+0000] {processor.py:161} INFO - Started process (PID=16498) to work on /home/ubuntu/deevar_venv/lib/python3.12/site-packages/airflow/example_dags/example_complex.py
[2024-06-25T19:23:28.707+0000] {processor.py:830} INFO - Processing file /home/ubuntu/deevar_venv/lib/python3.12/site-packages/airflow/example_dags/example_complex.py for tasks to queue
[2024-06-25T19:23:28.709+0000] {logging_mixin.py:188} INFO - [2024-06-25T19:23:28.709+0000] {dagbag.py:545} INFO - Filling up the DagBag from /home/ubuntu/deevar_venv/lib/python3.12/site-packages/airflow/example_dags/example_complex.py
[2024-06-25T19:23:28.720+0000] {processor.py:840} INFO - DAG(s) 'example_complex' retrieved from /home/ubuntu/deevar_venv/lib/python3.12/site-packages/airflow/example_dags/example_complex.py
[2024-06-25T19:23:28.750+0000] {logging_mixin.py:188} INFO - [2024-06-25T19:23:28.749+0000] {dag.py:3096} INFO - Sync 1 DAGs
[2024-06-25T19:23:28.762+0000] {logging_mixin.py:188} INFO - [2024-06-25T19:23:28.762+0000] {dag.py:3954} INFO - Setting next_dagrun for example_complex to None, run_after=None
[2024-06-25T19:23:28.786+0000] {processor.py:183} INFO - Processing /home/ubuntu/deevar_venv/lib/python3.12/site-packages/airflow/example_dags/example_complex.py took 0.087 seconds
