[2024-06-25T19:21:27.303+0000] {processor.py:161} INFO - Started process (PID=16376) to work on /home/ubuntu/deevar_venv/lib/python3.12/site-packages/airflow/example_dags/example_external_task_marker_dag.py
[2024-06-25T19:21:27.304+0000] {processor.py:830} INFO - Processing file /home/ubuntu/deevar_venv/lib/python3.12/site-packages/airflow/example_dags/example_external_task_marker_dag.py for tasks to queue
[2024-06-25T19:21:27.305+0000] {logging_mixin.py:188} INFO - [2024-06-25T19:21:27.305+0000] {dagbag.py:545} INFO - Filling up the DagBag from /home/ubuntu/deevar_venv/lib/python3.12/site-packages/airflow/example_dags/example_external_task_marker_dag.py
[2024-06-25T19:21:27.315+0000] {processor.py:840} INFO - DAG(s) 'example_external_task_marker_child', 'example_external_task_marker_parent' retrieved from /home/ubuntu/deevar_venv/lib/python3.12/site-packages/airflow/example_dags/example_external_task_marker_dag.py
[2024-06-25T19:21:27.438+0000] {logging_mixin.py:188} INFO - [2024-06-25T19:21:27.437+0000] {override.py:1829} INFO - Created Permission View: can delete on DAG:example_external_task_marker_child
[2024-06-25T19:21:27.451+0000] {logging_mixin.py:188} INFO - [2024-06-25T19:21:27.451+0000] {override.py:1829} INFO - Created Permission View: can edit on DAG:example_external_task_marker_child
[2024-06-25T19:21:27.461+0000] {logging_mixin.py:188} INFO - [2024-06-25T19:21:27.460+0000] {override.py:1829} INFO - Created Permission View: can read on DAG:example_external_task_marker_child
[2024-06-25T19:21:27.484+0000] {logging_mixin.py:188} INFO - [2024-06-25T19:21:27.484+0000] {override.py:1829} INFO - Created Permission View: can delete on DAG:example_external_task_marker_parent
[2024-06-25T19:21:27.496+0000] {logging_mixin.py:188} INFO - [2024-06-25T19:21:27.495+0000] {override.py:1829} INFO - Created Permission View: can edit on DAG:example_external_task_marker_parent
[2024-06-25T19:21:27.506+0000] {logging_mixin.py:188} INFO - [2024-06-25T19:21:27.506+0000] {override.py:1829} INFO - Created Permission View: can read on DAG:example_external_task_marker_parent
[2024-06-25T19:21:27.507+0000] {logging_mixin.py:188} INFO - [2024-06-25T19:21:27.506+0000] {dag.py:3096} INFO - Sync 2 DAGs
[2024-06-25T19:21:27.518+0000] {logging_mixin.py:188} INFO - [2024-06-25T19:21:27.517+0000] {dag.py:3118} INFO - Creating ORM DAG for example_external_task_marker_parent
[2024-06-25T19:21:27.518+0000] {logging_mixin.py:188} INFO - [2024-06-25T19:21:27.518+0000] {dag.py:3118} INFO - Creating ORM DAG for example_external_task_marker_child
[2024-06-25T19:21:27.519+0000] {logging_mixin.py:188} INFO - [2024-06-25T19:21:27.519+0000] {dag.py:3954} INFO - Setting next_dagrun for example_external_task_marker_child to None, run_after=None
[2024-06-25T19:21:27.520+0000] {logging_mixin.py:188} INFO - [2024-06-25T19:21:27.519+0000] {dag.py:3954} INFO - Setting next_dagrun for example_external_task_marker_parent to None, run_after=None
[2024-06-25T19:21:27.543+0000] {processor.py:183} INFO - Processing /home/ubuntu/deevar_venv/lib/python3.12/site-packages/airflow/example_dags/example_external_task_marker_dag.py took 0.246 seconds
[2024-06-25T19:22:20.283+0000] {processor.py:161} INFO - Started process (PID=16427) to work on /home/ubuntu/deevar_venv/lib/python3.12/site-packages/airflow/example_dags/example_external_task_marker_dag.py
[2024-06-25T19:22:20.285+0000] {processor.py:830} INFO - Processing file /home/ubuntu/deevar_venv/lib/python3.12/site-packages/airflow/example_dags/example_external_task_marker_dag.py for tasks to queue
[2024-06-25T19:22:20.286+0000] {logging_mixin.py:188} INFO - [2024-06-25T19:22:20.286+0000] {dagbag.py:545} INFO - Filling up the DagBag from /home/ubuntu/deevar_venv/lib/python3.12/site-packages/airflow/example_dags/example_external_task_marker_dag.py
[2024-06-25T19:22:20.293+0000] {processor.py:840} INFO - DAG(s) 'example_external_task_marker_parent', 'example_external_task_marker_child' retrieved from /home/ubuntu/deevar_venv/lib/python3.12/site-packages/airflow/example_dags/example_external_task_marker_dag.py
[2024-06-25T19:22:20.313+0000] {logging_mixin.py:188} INFO - [2024-06-25T19:22:20.313+0000] {dag.py:3096} INFO - Sync 2 DAGs
[2024-06-25T19:22:20.326+0000] {logging_mixin.py:188} INFO - [2024-06-25T19:22:20.326+0000] {dag.py:3954} INFO - Setting next_dagrun for example_external_task_marker_child to None, run_after=None
[2024-06-25T19:22:20.330+0000] {logging_mixin.py:188} INFO - [2024-06-25T19:22:20.330+0000] {dag.py:3954} INFO - Setting next_dagrun for example_external_task_marker_parent to None, run_after=None
[2024-06-25T19:22:20.352+0000] {processor.py:183} INFO - Processing /home/ubuntu/deevar_venv/lib/python3.12/site-packages/airflow/example_dags/example_external_task_marker_dag.py took 0.075 seconds
[2024-06-25T19:23:09.670+0000] {processor.py:161} INFO - Started process (PID=16478) to work on /home/ubuntu/deevar_venv/lib/python3.12/site-packages/airflow/example_dags/example_external_task_marker_dag.py
[2024-06-25T19:23:09.671+0000] {processor.py:830} INFO - Processing file /home/ubuntu/deevar_venv/lib/python3.12/site-packages/airflow/example_dags/example_external_task_marker_dag.py for tasks to queue
[2024-06-25T19:23:09.673+0000] {logging_mixin.py:188} INFO - [2024-06-25T19:23:09.672+0000] {dagbag.py:545} INFO - Filling up the DagBag from /home/ubuntu/deevar_venv/lib/python3.12/site-packages/airflow/example_dags/example_external_task_marker_dag.py
[2024-06-25T19:23:09.680+0000] {processor.py:840} INFO - DAG(s) 'example_external_task_marker_parent', 'example_external_task_marker_child' retrieved from /home/ubuntu/deevar_venv/lib/python3.12/site-packages/airflow/example_dags/example_external_task_marker_dag.py
[2024-06-25T19:23:09.701+0000] {logging_mixin.py:188} INFO - [2024-06-25T19:23:09.700+0000] {dag.py:3096} INFO - Sync 2 DAGs
[2024-06-25T19:23:09.714+0000] {logging_mixin.py:188} INFO - [2024-06-25T19:23:09.714+0000] {dag.py:3954} INFO - Setting next_dagrun for example_external_task_marker_child to None, run_after=None
[2024-06-25T19:23:09.718+0000] {logging_mixin.py:188} INFO - [2024-06-25T19:23:09.718+0000] {dag.py:3954} INFO - Setting next_dagrun for example_external_task_marker_parent to None, run_after=None
[2024-06-25T19:23:09.741+0000] {processor.py:183} INFO - Processing /home/ubuntu/deevar_venv/lib/python3.12/site-packages/airflow/example_dags/example_external_task_marker_dag.py took 0.077 seconds
