[2024-06-25T19:21:47.160+0000] {processor.py:161} INFO - Started process (PID=16393) to work on /home/ubuntu/deevar_venv/lib/python3.12/site-packages/airflow/example_dags/example_bash_operator.py
[2024-06-25T19:21:47.161+0000] {processor.py:830} INFO - Processing file /home/ubuntu/deevar_venv/lib/python3.12/site-packages/airflow/example_dags/example_bash_operator.py for tasks to queue
[2024-06-25T19:21:47.163+0000] {logging_mixin.py:188} INFO - [2024-06-25T19:21:47.162+0000] {dagbag.py:545} INFO - Filling up the DagBag from /home/ubuntu/deevar_venv/lib/python3.12/site-packages/airflow/example_dags/example_bash_operator.py
[2024-06-25T19:21:47.176+0000] {processor.py:840} INFO - DAG(s) 'example_bash_operator' retrieved from /home/ubuntu/deevar_venv/lib/python3.12/site-packages/airflow/example_dags/example_bash_operator.py
[2024-06-25T19:21:47.303+0000] {logging_mixin.py:188} INFO - [2024-06-25T19:21:47.302+0000] {override.py:1829} INFO - Created Permission View: can delete on DAG:example_bash_operator
[2024-06-25T19:21:47.317+0000] {logging_mixin.py:188} INFO - [2024-06-25T19:21:47.317+0000] {override.py:1829} INFO - Created Permission View: can edit on DAG:example_bash_operator
[2024-06-25T19:21:47.328+0000] {logging_mixin.py:188} INFO - [2024-06-25T19:21:47.327+0000] {override.py:1829} INFO - Created Permission View: can read on DAG:example_bash_operator
[2024-06-25T19:21:47.328+0000] {logging_mixin.py:188} INFO - [2024-06-25T19:21:47.328+0000] {dag.py:3096} INFO - Sync 1 DAGs
[2024-06-25T19:21:47.340+0000] {logging_mixin.py:188} INFO - [2024-06-25T19:21:47.339+0000] {dag.py:3118} INFO - Creating ORM DAG for example_bash_operator
[2024-06-25T19:21:47.350+0000] {logging_mixin.py:188} INFO - [2024-06-25T19:21:47.350+0000] {dag.py:3954} INFO - Setting next_dagrun for example_bash_operator to 2024-06-24 00:00:00+00:00, run_after=2024-06-25 00:00:00+00:00
[2024-06-25T19:21:47.378+0000] {processor.py:183} INFO - Processing /home/ubuntu/deevar_venv/lib/python3.12/site-packages/airflow/example_dags/example_bash_operator.py took 0.224 seconds
[2024-06-25T19:22:55.361+0000] {processor.py:161} INFO - Started process (PID=16463) to work on /home/ubuntu/deevar_venv/lib/python3.12/site-packages/airflow/example_dags/example_bash_operator.py
[2024-06-25T19:22:55.363+0000] {processor.py:830} INFO - Processing file /home/ubuntu/deevar_venv/lib/python3.12/site-packages/airflow/example_dags/example_bash_operator.py for tasks to queue
[2024-06-25T19:22:55.365+0000] {logging_mixin.py:188} INFO - [2024-06-25T19:22:55.365+0000] {dagbag.py:545} INFO - Filling up the DagBag from /home/ubuntu/deevar_venv/lib/python3.12/site-packages/airflow/example_dags/example_bash_operator.py
[2024-06-25T19:22:55.378+0000] {processor.py:840} INFO - DAG(s) 'example_bash_operator' retrieved from /home/ubuntu/deevar_venv/lib/python3.12/site-packages/airflow/example_dags/example_bash_operator.py
[2024-06-25T19:22:55.404+0000] {logging_mixin.py:188} INFO - [2024-06-25T19:22:55.404+0000] {dag.py:3096} INFO - Sync 1 DAGs
[2024-06-25T19:22:55.427+0000] {logging_mixin.py:188} INFO - [2024-06-25T19:22:55.427+0000] {dag.py:3954} INFO - Setting next_dagrun for example_bash_operator to 2024-06-24 00:00:00+00:00, run_after=2024-06-25 00:00:00+00:00
[2024-06-25T19:22:55.452+0000] {processor.py:183} INFO - Processing /home/ubuntu/deevar_venv/lib/python3.12/site-packages/airflow/example_dags/example_bash_operator.py took 0.096 seconds
[2024-06-25T19:23:49.813+0000] {processor.py:161} INFO - Started process (PID=16521) to work on /home/ubuntu/deevar_venv/lib/python3.12/site-packages/airflow/example_dags/example_bash_operator.py
[2024-06-25T19:23:49.814+0000] {processor.py:830} INFO - Processing file /home/ubuntu/deevar_venv/lib/python3.12/site-packages/airflow/example_dags/example_bash_operator.py for tasks to queue
[2024-06-25T19:23:49.816+0000] {logging_mixin.py:188} INFO - [2024-06-25T19:23:49.815+0000] {dagbag.py:545} INFO - Filling up the DagBag from /home/ubuntu/deevar_venv/lib/python3.12/site-packages/airflow/example_dags/example_bash_operator.py
[2024-06-25T19:23:49.829+0000] {processor.py:840} INFO - DAG(s) 'example_bash_operator' retrieved from /home/ubuntu/deevar_venv/lib/python3.12/site-packages/airflow/example_dags/example_bash_operator.py
[2024-06-25T19:23:49.854+0000] {logging_mixin.py:188} INFO - [2024-06-25T19:23:49.854+0000] {dag.py:3096} INFO - Sync 1 DAGs
[2024-06-25T19:23:49.876+0000] {logging_mixin.py:188} INFO - [2024-06-25T19:23:49.876+0000] {dag.py:3954} INFO - Setting next_dagrun for example_bash_operator to 2024-06-24 00:00:00+00:00, run_after=2024-06-25 00:00:00+00:00
[2024-06-25T19:23:49.951+0000] {processor.py:183} INFO - Processing /home/ubuntu/deevar_venv/lib/python3.12/site-packages/airflow/example_dags/example_bash_operator.py took 0.144 seconds
