[2024-06-25T19:21:24.615+0000] {processor.py:161} INFO - Started process (PID=16374) to work on /home/ubuntu/deevar_venv/lib/python3.12/site-packages/airflow/example_dags/example_params_ui_tutorial.py
[2024-06-25T19:21:24.616+0000] {processor.py:830} INFO - Processing file /home/ubuntu/deevar_venv/lib/python3.12/site-packages/airflow/example_dags/example_params_ui_tutorial.py for tasks to queue
[2024-06-25T19:21:24.617+0000] {logging_mixin.py:188} INFO - [2024-06-25T19:21:24.617+0000] {dagbag.py:545} INFO - Filling up the DagBag from /home/ubuntu/deevar_venv/lib/python3.12/site-packages/airflow/example_dags/example_params_ui_tutorial.py
[2024-06-25T19:21:24.632+0000] {processor.py:840} INFO - DAG(s) 'example_params_ui_tutorial' retrieved from /home/ubuntu/deevar_venv/lib/python3.12/site-packages/airflow/example_dags/example_params_ui_tutorial.py
[2024-06-25T19:21:24.824+0000] {logging_mixin.py:188} INFO - [2024-06-25T19:21:24.823+0000] {override.py:1829} INFO - Created Permission View: can delete on DAG:example_params_ui_tutorial
[2024-06-25T19:21:24.839+0000] {logging_mixin.py:188} INFO - [2024-06-25T19:21:24.839+0000] {override.py:1829} INFO - Created Permission View: can edit on DAG:example_params_ui_tutorial
[2024-06-25T19:21:24.850+0000] {logging_mixin.py:188} INFO - [2024-06-25T19:21:24.850+0000] {override.py:1829} INFO - Created Permission View: can read on DAG:example_params_ui_tutorial
[2024-06-25T19:21:24.851+0000] {logging_mixin.py:188} INFO - [2024-06-25T19:21:24.851+0000] {dag.py:3096} INFO - Sync 1 DAGs
[2024-06-25T19:21:24.862+0000] {logging_mixin.py:188} INFO - [2024-06-25T19:21:24.861+0000] {dag.py:3118} INFO - Creating ORM DAG for example_params_ui_tutorial
[2024-06-25T19:21:24.862+0000] {logging_mixin.py:188} INFO - [2024-06-25T19:21:24.862+0000] {dag.py:3954} INFO - Setting next_dagrun for example_params_ui_tutorial to None, run_after=None
[2024-06-25T19:21:24.888+0000] {processor.py:183} INFO - Processing /home/ubuntu/deevar_venv/lib/python3.12/site-packages/airflow/example_dags/example_params_ui_tutorial.py took 0.279 seconds
[2024-06-25T19:22:18.579+0000] {processor.py:161} INFO - Started process (PID=16425) to work on /home/ubuntu/deevar_venv/lib/python3.12/site-packages/airflow/example_dags/example_params_ui_tutorial.py
[2024-06-25T19:22:18.581+0000] {processor.py:830} INFO - Processing file /home/ubuntu/deevar_venv/lib/python3.12/site-packages/airflow/example_dags/example_params_ui_tutorial.py for tasks to queue
[2024-06-25T19:22:18.582+0000] {logging_mixin.py:188} INFO - [2024-06-25T19:22:18.582+0000] {dagbag.py:545} INFO - Filling up the DagBag from /home/ubuntu/deevar_venv/lib/python3.12/site-packages/airflow/example_dags/example_params_ui_tutorial.py
[2024-06-25T19:22:18.595+0000] {processor.py:840} INFO - DAG(s) 'example_params_ui_tutorial' retrieved from /home/ubuntu/deevar_venv/lib/python3.12/site-packages/airflow/example_dags/example_params_ui_tutorial.py
[2024-06-25T19:22:18.641+0000] {logging_mixin.py:188} INFO - [2024-06-25T19:22:18.641+0000] {dag.py:3096} INFO - Sync 1 DAGs
[2024-06-25T19:22:18.654+0000] {logging_mixin.py:188} INFO - [2024-06-25T19:22:18.654+0000] {dag.py:3954} INFO - Setting next_dagrun for example_params_ui_tutorial to None, run_after=None
[2024-06-25T19:22:18.679+0000] {processor.py:183} INFO - Processing /home/ubuntu/deevar_venv/lib/python3.12/site-packages/airflow/example_dags/example_params_ui_tutorial.py took 0.105 seconds
[2024-06-25T19:23:07.616+0000] {processor.py:161} INFO - Started process (PID=16476) to work on /home/ubuntu/deevar_venv/lib/python3.12/site-packages/airflow/example_dags/example_params_ui_tutorial.py
[2024-06-25T19:23:07.618+0000] {processor.py:830} INFO - Processing file /home/ubuntu/deevar_venv/lib/python3.12/site-packages/airflow/example_dags/example_params_ui_tutorial.py for tasks to queue
[2024-06-25T19:23:07.619+0000] {logging_mixin.py:188} INFO - [2024-06-25T19:23:07.619+0000] {dagbag.py:545} INFO - Filling up the DagBag from /home/ubuntu/deevar_venv/lib/python3.12/site-packages/airflow/example_dags/example_params_ui_tutorial.py
[2024-06-25T19:23:07.633+0000] {processor.py:840} INFO - DAG(s) 'example_params_ui_tutorial' retrieved from /home/ubuntu/deevar_venv/lib/python3.12/site-packages/airflow/example_dags/example_params_ui_tutorial.py
[2024-06-25T19:23:07.681+0000] {logging_mixin.py:188} INFO - [2024-06-25T19:23:07.680+0000] {dag.py:3096} INFO - Sync 1 DAGs
[2024-06-25T19:23:07.694+0000] {logging_mixin.py:188} INFO - [2024-06-25T19:23:07.693+0000] {dag.py:3954} INFO - Setting next_dagrun for example_params_ui_tutorial to None, run_after=None
[2024-06-25T19:23:07.720+0000] {processor.py:183} INFO - Processing /home/ubuntu/deevar_venv/lib/python3.12/site-packages/airflow/example_dags/example_params_ui_tutorial.py took 0.110 seconds
