[2024-06-25T19:21:20.615+0000] {processor.py:161} INFO - Started process (PID=16371) to work on /home/ubuntu/deevar_venv/lib/python3.12/site-packages/airflow/example_dags/example_nested_branch_dag.py
[2024-06-25T19:21:20.616+0000] {processor.py:830} INFO - Processing file /home/ubuntu/deevar_venv/lib/python3.12/site-packages/airflow/example_dags/example_nested_branch_dag.py for tasks to queue
[2024-06-25T19:21:20.618+0000] {logging_mixin.py:188} INFO - [2024-06-25T19:21:20.617+0000] {dagbag.py:545} INFO - Filling up the DagBag from /home/ubuntu/deevar_venv/lib/python3.12/site-packages/airflow/example_dags/example_nested_branch_dag.py
[2024-06-25T19:21:20.630+0000] {processor.py:840} INFO - DAG(s) 'example_nested_branch_dag' retrieved from /home/ubuntu/deevar_venv/lib/python3.12/site-packages/airflow/example_dags/example_nested_branch_dag.py
[2024-06-25T19:21:20.758+0000] {logging_mixin.py:188} INFO - [2024-06-25T19:21:20.757+0000] {override.py:1829} INFO - Created Permission View: can delete on DAG:example_nested_branch_dag
[2024-06-25T19:21:20.773+0000] {logging_mixin.py:188} INFO - [2024-06-25T19:21:20.772+0000] {override.py:1829} INFO - Created Permission View: can edit on DAG:example_nested_branch_dag
[2024-06-25T19:21:20.783+0000] {logging_mixin.py:188} INFO - [2024-06-25T19:21:20.783+0000] {override.py:1829} INFO - Created Permission View: can read on DAG:example_nested_branch_dag
[2024-06-25T19:21:20.783+0000] {logging_mixin.py:188} INFO - [2024-06-25T19:21:20.783+0000] {dag.py:3096} INFO - Sync 1 DAGs
[2024-06-25T19:21:20.794+0000] {logging_mixin.py:188} INFO - [2024-06-25T19:21:20.794+0000] {dag.py:3118} INFO - Creating ORM DAG for example_nested_branch_dag
[2024-06-25T19:21:20.805+0000] {logging_mixin.py:188} INFO - [2024-06-25T19:21:20.804+0000] {dag.py:3954} INFO - Setting next_dagrun for example_nested_branch_dag to 2024-06-24 00:00:00+00:00, run_after=2024-06-25 00:00:00+00:00
[2024-06-25T19:21:20.830+0000] {processor.py:183} INFO - Processing /home/ubuntu/deevar_venv/lib/python3.12/site-packages/airflow/example_dags/example_nested_branch_dag.py took 0.220 seconds
[2024-06-25T19:22:16.327+0000] {processor.py:161} INFO - Started process (PID=16422) to work on /home/ubuntu/deevar_venv/lib/python3.12/site-packages/airflow/example_dags/example_nested_branch_dag.py
[2024-06-25T19:22:16.329+0000] {processor.py:830} INFO - Processing file /home/ubuntu/deevar_venv/lib/python3.12/site-packages/airflow/example_dags/example_nested_branch_dag.py for tasks to queue
[2024-06-25T19:22:16.331+0000] {logging_mixin.py:188} INFO - [2024-06-25T19:22:16.330+0000] {dagbag.py:545} INFO - Filling up the DagBag from /home/ubuntu/deevar_venv/lib/python3.12/site-packages/airflow/example_dags/example_nested_branch_dag.py
[2024-06-25T19:22:16.342+0000] {processor.py:840} INFO - DAG(s) 'example_nested_branch_dag' retrieved from /home/ubuntu/deevar_venv/lib/python3.12/site-packages/airflow/example_dags/example_nested_branch_dag.py
[2024-06-25T19:22:16.360+0000] {logging_mixin.py:188} INFO - [2024-06-25T19:22:16.360+0000] {dag.py:3096} INFO - Sync 1 DAGs
[2024-06-25T19:22:16.383+0000] {logging_mixin.py:188} INFO - [2024-06-25T19:22:16.383+0000] {dag.py:3954} INFO - Setting next_dagrun for example_nested_branch_dag to 2024-06-24 00:00:00+00:00, run_after=2024-06-25 00:00:00+00:00
[2024-06-25T19:22:16.409+0000] {processor.py:183} INFO - Processing /home/ubuntu/deevar_venv/lib/python3.12/site-packages/airflow/example_dags/example_nested_branch_dag.py took 0.088 seconds
[2024-06-25T19:23:04.100+0000] {processor.py:161} INFO - Started process (PID=16473) to work on /home/ubuntu/deevar_venv/lib/python3.12/site-packages/airflow/example_dags/example_nested_branch_dag.py
[2024-06-25T19:23:04.101+0000] {processor.py:830} INFO - Processing file /home/ubuntu/deevar_venv/lib/python3.12/site-packages/airflow/example_dags/example_nested_branch_dag.py for tasks to queue
[2024-06-25T19:23:04.103+0000] {logging_mixin.py:188} INFO - [2024-06-25T19:23:04.103+0000] {dagbag.py:545} INFO - Filling up the DagBag from /home/ubuntu/deevar_venv/lib/python3.12/site-packages/airflow/example_dags/example_nested_branch_dag.py
[2024-06-25T19:23:04.115+0000] {processor.py:840} INFO - DAG(s) 'example_nested_branch_dag' retrieved from /home/ubuntu/deevar_venv/lib/python3.12/site-packages/airflow/example_dags/example_nested_branch_dag.py
[2024-06-25T19:23:04.134+0000] {logging_mixin.py:188} INFO - [2024-06-25T19:23:04.133+0000] {dag.py:3096} INFO - Sync 1 DAGs
[2024-06-25T19:23:04.155+0000] {logging_mixin.py:188} INFO - [2024-06-25T19:23:04.155+0000] {dag.py:3954} INFO - Setting next_dagrun for example_nested_branch_dag to 2024-06-24 00:00:00+00:00, run_after=2024-06-25 00:00:00+00:00
[2024-06-25T19:23:04.181+0000] {processor.py:183} INFO - Processing /home/ubuntu/deevar_venv/lib/python3.12/site-packages/airflow/example_dags/example_nested_branch_dag.py took 0.087 seconds
