[2024-06-25T19:21:32.953+0000] {processor.py:161} INFO - Started process (PID=16381) to work on /home/ubuntu/deevar_venv/lib/python3.12/site-packages/airflow/example_dags/example_dynamic_task_mapping_with_no_taskflow_operators.py
[2024-06-25T19:21:32.954+0000] {processor.py:830} INFO - Processing file /home/ubuntu/deevar_venv/lib/python3.12/site-packages/airflow/example_dags/example_dynamic_task_mapping_with_no_taskflow_operators.py for tasks to queue
[2024-06-25T19:21:32.956+0000] {logging_mixin.py:188} INFO - [2024-06-25T19:21:32.956+0000] {dagbag.py:545} INFO - Filling up the DagBag from /home/ubuntu/deevar_venv/lib/python3.12/site-packages/airflow/example_dags/example_dynamic_task_mapping_with_no_taskflow_operators.py
[2024-06-25T19:21:32.963+0000] {processor.py:840} INFO - DAG(s) 'example_dynamic_task_mapping_with_no_taskflow_operators' retrieved from /home/ubuntu/deevar_venv/lib/python3.12/site-packages/airflow/example_dags/example_dynamic_task_mapping_with_no_taskflow_operators.py
[2024-06-25T19:21:33.085+0000] {logging_mixin.py:188} INFO - [2024-06-25T19:21:33.084+0000] {override.py:1829} INFO - Created Permission View: can delete on DAG:example_dynamic_task_mapping_with_no_taskflow_operators
[2024-06-25T19:21:33.100+0000] {logging_mixin.py:188} INFO - [2024-06-25T19:21:33.100+0000] {override.py:1829} INFO - Created Permission View: can edit on DAG:example_dynamic_task_mapping_with_no_taskflow_operators
[2024-06-25T19:21:33.111+0000] {logging_mixin.py:188} INFO - [2024-06-25T19:21:33.110+0000] {override.py:1829} INFO - Created Permission View: can read on DAG:example_dynamic_task_mapping_with_no_taskflow_operators
[2024-06-25T19:21:33.111+0000] {logging_mixin.py:188} INFO - [2024-06-25T19:21:33.111+0000] {dag.py:3096} INFO - Sync 1 DAGs
[2024-06-25T19:21:33.122+0000] {logging_mixin.py:188} INFO - [2024-06-25T19:21:33.122+0000] {dag.py:3118} INFO - Creating ORM DAG for example_dynamic_task_mapping_with_no_taskflow_operators
[2024-06-25T19:21:33.132+0000] {logging_mixin.py:188} INFO - [2024-06-25T19:21:33.131+0000] {dag.py:3954} INFO - Setting next_dagrun for example_dynamic_task_mapping_with_no_taskflow_operators to 2024-06-24 00:00:00+00:00, run_after=2024-06-25 00:00:00+00:00
[2024-06-25T19:21:33.155+0000] {processor.py:183} INFO - Processing /home/ubuntu/deevar_venv/lib/python3.12/site-packages/airflow/example_dags/example_dynamic_task_mapping_with_no_taskflow_operators.py took 0.207 seconds
[2024-06-25T19:22:25.691+0000] {processor.py:161} INFO - Started process (PID=16432) to work on /home/ubuntu/deevar_venv/lib/python3.12/site-packages/airflow/example_dags/example_dynamic_task_mapping_with_no_taskflow_operators.py
[2024-06-25T19:22:25.692+0000] {processor.py:830} INFO - Processing file /home/ubuntu/deevar_venv/lib/python3.12/site-packages/airflow/example_dags/example_dynamic_task_mapping_with_no_taskflow_operators.py for tasks to queue
[2024-06-25T19:22:25.694+0000] {logging_mixin.py:188} INFO - [2024-06-25T19:22:25.693+0000] {dagbag.py:545} INFO - Filling up the DagBag from /home/ubuntu/deevar_venv/lib/python3.12/site-packages/airflow/example_dags/example_dynamic_task_mapping_with_no_taskflow_operators.py
[2024-06-25T19:22:25.701+0000] {processor.py:840} INFO - DAG(s) 'example_dynamic_task_mapping_with_no_taskflow_operators' retrieved from /home/ubuntu/deevar_venv/lib/python3.12/site-packages/airflow/example_dags/example_dynamic_task_mapping_with_no_taskflow_operators.py
[2024-06-25T19:22:25.718+0000] {logging_mixin.py:188} INFO - [2024-06-25T19:22:25.717+0000] {dag.py:3096} INFO - Sync 1 DAGs
[2024-06-25T19:22:25.738+0000] {logging_mixin.py:188} INFO - [2024-06-25T19:22:25.738+0000] {dag.py:3954} INFO - Setting next_dagrun for example_dynamic_task_mapping_with_no_taskflow_operators to 2024-06-24 00:00:00+00:00, run_after=2024-06-25 00:00:00+00:00
[2024-06-25T19:22:25.763+0000] {processor.py:183} INFO - Processing /home/ubuntu/deevar_venv/lib/python3.12/site-packages/airflow/example_dags/example_dynamic_task_mapping_with_no_taskflow_operators.py took 0.079 seconds
[2024-06-25T19:23:13.669+0000] {processor.py:161} INFO - Started process (PID=16483) to work on /home/ubuntu/deevar_venv/lib/python3.12/site-packages/airflow/example_dags/example_dynamic_task_mapping_with_no_taskflow_operators.py
[2024-06-25T19:23:13.670+0000] {processor.py:830} INFO - Processing file /home/ubuntu/deevar_venv/lib/python3.12/site-packages/airflow/example_dags/example_dynamic_task_mapping_with_no_taskflow_operators.py for tasks to queue
[2024-06-25T19:23:13.672+0000] {logging_mixin.py:188} INFO - [2024-06-25T19:23:13.672+0000] {dagbag.py:545} INFO - Filling up the DagBag from /home/ubuntu/deevar_venv/lib/python3.12/site-packages/airflow/example_dags/example_dynamic_task_mapping_with_no_taskflow_operators.py
[2024-06-25T19:23:13.680+0000] {processor.py:840} INFO - DAG(s) 'example_dynamic_task_mapping_with_no_taskflow_operators' retrieved from /home/ubuntu/deevar_venv/lib/python3.12/site-packages/airflow/example_dags/example_dynamic_task_mapping_with_no_taskflow_operators.py
[2024-06-25T19:23:13.697+0000] {logging_mixin.py:188} INFO - [2024-06-25T19:23:13.696+0000] {dag.py:3096} INFO - Sync 1 DAGs
[2024-06-25T19:23:13.719+0000] {logging_mixin.py:188} INFO - [2024-06-25T19:23:13.718+0000] {dag.py:3954} INFO - Setting next_dagrun for example_dynamic_task_mapping_with_no_taskflow_operators to 2024-06-24 00:00:00+00:00, run_after=2024-06-25 00:00:00+00:00
[2024-06-25T19:23:13.743+0000] {processor.py:183} INFO - Processing /home/ubuntu/deevar_venv/lib/python3.12/site-packages/airflow/example_dags/example_dynamic_task_mapping_with_no_taskflow_operators.py took 0.080 seconds
