[2024-06-25T19:21:45.812+0000] {processor.py:161} INFO - Started process (PID=16392) to work on /home/ubuntu/deevar_venv/lib/python3.12/site-packages/airflow/example_dags/example_branch_day_of_week_operator.py
[2024-06-25T19:21:45.813+0000] {processor.py:830} INFO - Processing file /home/ubuntu/deevar_venv/lib/python3.12/site-packages/airflow/example_dags/example_branch_day_of_week_operator.py for tasks to queue
[2024-06-25T19:21:45.815+0000] {logging_mixin.py:188} INFO - [2024-06-25T19:21:45.815+0000] {dagbag.py:545} INFO - Filling up the DagBag from /home/ubuntu/deevar_venv/lib/python3.12/site-packages/airflow/example_dags/example_branch_day_of_week_operator.py
[2024-06-25T19:21:45.823+0000] {processor.py:840} INFO - DAG(s) 'example_weekday_branch_operator' retrieved from /home/ubuntu/deevar_venv/lib/python3.12/site-packages/airflow/example_dags/example_branch_day_of_week_operator.py
[2024-06-25T19:21:45.943+0000] {logging_mixin.py:188} INFO - [2024-06-25T19:21:45.942+0000] {override.py:1829} INFO - Created Permission View: can delete on DAG:example_weekday_branch_operator
[2024-06-25T19:21:45.958+0000] {logging_mixin.py:188} INFO - [2024-06-25T19:21:45.957+0000] {override.py:1829} INFO - Created Permission View: can edit on DAG:example_weekday_branch_operator
[2024-06-25T19:21:45.969+0000] {logging_mixin.py:188} INFO - [2024-06-25T19:21:45.969+0000] {override.py:1829} INFO - Created Permission View: can read on DAG:example_weekday_branch_operator
[2024-06-25T19:21:45.969+0000] {logging_mixin.py:188} INFO - [2024-06-25T19:21:45.969+0000] {dag.py:3096} INFO - Sync 1 DAGs
[2024-06-25T19:21:45.980+0000] {logging_mixin.py:188} INFO - [2024-06-25T19:21:45.980+0000] {dag.py:3118} INFO - Creating ORM DAG for example_weekday_branch_operator
[2024-06-25T19:21:45.991+0000] {logging_mixin.py:188} INFO - [2024-06-25T19:21:45.991+0000] {dag.py:3954} INFO - Setting next_dagrun for example_weekday_branch_operator to 2024-06-24 00:00:00+00:00, run_after=2024-06-25 00:00:00+00:00
[2024-06-25T19:21:46.064+0000] {processor.py:183} INFO - Processing /home/ubuntu/deevar_venv/lib/python3.12/site-packages/airflow/example_dags/example_branch_day_of_week_operator.py took 0.258 seconds
[2024-06-25T19:22:54.224+0000] {processor.py:161} INFO - Started process (PID=16462) to work on /home/ubuntu/deevar_venv/lib/python3.12/site-packages/airflow/example_dags/example_branch_day_of_week_operator.py
[2024-06-25T19:22:54.225+0000] {processor.py:830} INFO - Processing file /home/ubuntu/deevar_venv/lib/python3.12/site-packages/airflow/example_dags/example_branch_day_of_week_operator.py for tasks to queue
[2024-06-25T19:22:54.227+0000] {logging_mixin.py:188} INFO - [2024-06-25T19:22:54.226+0000] {dagbag.py:545} INFO - Filling up the DagBag from /home/ubuntu/deevar_venv/lib/python3.12/site-packages/airflow/example_dags/example_branch_day_of_week_operator.py
[2024-06-25T19:22:54.235+0000] {processor.py:840} INFO - DAG(s) 'example_weekday_branch_operator' retrieved from /home/ubuntu/deevar_venv/lib/python3.12/site-packages/airflow/example_dags/example_branch_day_of_week_operator.py
[2024-06-25T19:22:54.253+0000] {logging_mixin.py:188} INFO - [2024-06-25T19:22:54.253+0000] {dag.py:3096} INFO - Sync 1 DAGs
[2024-06-25T19:22:54.275+0000] {logging_mixin.py:188} INFO - [2024-06-25T19:22:54.275+0000] {dag.py:3954} INFO - Setting next_dagrun for example_weekday_branch_operator to 2024-06-24 00:00:00+00:00, run_after=2024-06-25 00:00:00+00:00
[2024-06-25T19:22:54.299+0000] {processor.py:183} INFO - Processing /home/ubuntu/deevar_venv/lib/python3.12/site-packages/airflow/example_dags/example_branch_day_of_week_operator.py took 0.081 seconds
[2024-06-25T19:23:49.518+0000] {processor.py:161} INFO - Started process (PID=16520) to work on /home/ubuntu/deevar_venv/lib/python3.12/site-packages/airflow/example_dags/example_branch_day_of_week_operator.py
[2024-06-25T19:23:49.520+0000] {processor.py:830} INFO - Processing file /home/ubuntu/deevar_venv/lib/python3.12/site-packages/airflow/example_dags/example_branch_day_of_week_operator.py for tasks to queue
[2024-06-25T19:23:49.522+0000] {logging_mixin.py:188} INFO - [2024-06-25T19:23:49.521+0000] {dagbag.py:545} INFO - Filling up the DagBag from /home/ubuntu/deevar_venv/lib/python3.12/site-packages/airflow/example_dags/example_branch_day_of_week_operator.py
[2024-06-25T19:23:49.530+0000] {processor.py:840} INFO - DAG(s) 'example_weekday_branch_operator' retrieved from /home/ubuntu/deevar_venv/lib/python3.12/site-packages/airflow/example_dags/example_branch_day_of_week_operator.py
[2024-06-25T19:23:49.549+0000] {logging_mixin.py:188} INFO - [2024-06-25T19:23:49.549+0000] {dag.py:3096} INFO - Sync 1 DAGs
[2024-06-25T19:23:49.572+0000] {logging_mixin.py:188} INFO - [2024-06-25T19:23:49.572+0000] {dag.py:3954} INFO - Setting next_dagrun for example_weekday_branch_operator to 2024-06-24 00:00:00+00:00, run_after=2024-06-25 00:00:00+00:00
[2024-06-25T19:23:49.597+0000] {processor.py:183} INFO - Processing /home/ubuntu/deevar_venv/lib/python3.12/site-packages/airflow/example_dags/example_branch_day_of_week_operator.py took 0.085 seconds
