[2024-06-25T19:21:44.487+0000] {processor.py:161} INFO - Started process (PID=16391) to work on /home/ubuntu/deevar_venv/lib/python3.12/site-packages/airflow/example_dags/example_branch_datetime_operator.py
[2024-06-25T19:21:44.488+0000] {processor.py:830} INFO - Processing file /home/ubuntu/deevar_venv/lib/python3.12/site-packages/airflow/example_dags/example_branch_datetime_operator.py for tasks to queue
[2024-06-25T19:21:44.490+0000] {logging_mixin.py:188} INFO - [2024-06-25T19:21:44.489+0000] {dagbag.py:545} INFO - Filling up the DagBag from /home/ubuntu/deevar_venv/lib/python3.12/site-packages/airflow/example_dags/example_branch_datetime_operator.py
[2024-06-25T19:21:44.500+0000] {processor.py:840} INFO - DAG(s) 'example_branch_datetime_operator_2', 'example_branch_datetime_operator', 'example_branch_datetime_operator_3' retrieved from /home/ubuntu/deevar_venv/lib/python3.12/site-packages/airflow/example_dags/example_branch_datetime_operator.py
[2024-06-25T19:21:44.616+0000] {logging_mixin.py:188} INFO - [2024-06-25T19:21:44.616+0000] {override.py:1829} INFO - Created Permission View: can delete on DAG:example_branch_datetime_operator_2
[2024-06-25T19:21:44.631+0000] {logging_mixin.py:188} INFO - [2024-06-25T19:21:44.631+0000] {override.py:1829} INFO - Created Permission View: can edit on DAG:example_branch_datetime_operator_2
[2024-06-25T19:21:44.642+0000] {logging_mixin.py:188} INFO - [2024-06-25T19:21:44.642+0000] {override.py:1829} INFO - Created Permission View: can read on DAG:example_branch_datetime_operator_2
[2024-06-25T19:21:44.668+0000] {logging_mixin.py:188} INFO - [2024-06-25T19:21:44.667+0000] {override.py:1829} INFO - Created Permission View: can delete on DAG:example_branch_datetime_operator
[2024-06-25T19:21:44.735+0000] {logging_mixin.py:188} INFO - [2024-06-25T19:21:44.734+0000] {override.py:1829} INFO - Created Permission View: can edit on DAG:example_branch_datetime_operator
[2024-06-25T19:21:44.745+0000] {logging_mixin.py:188} INFO - [2024-06-25T19:21:44.745+0000] {override.py:1829} INFO - Created Permission View: can read on DAG:example_branch_datetime_operator
[2024-06-25T19:21:44.770+0000] {logging_mixin.py:188} INFO - [2024-06-25T19:21:44.770+0000] {override.py:1829} INFO - Created Permission View: can delete on DAG:example_branch_datetime_operator_3
[2024-06-25T19:21:44.782+0000] {logging_mixin.py:188} INFO - [2024-06-25T19:21:44.781+0000] {override.py:1829} INFO - Created Permission View: can edit on DAG:example_branch_datetime_operator_3
[2024-06-25T19:21:44.792+0000] {logging_mixin.py:188} INFO - [2024-06-25T19:21:44.792+0000] {override.py:1829} INFO - Created Permission View: can read on DAG:example_branch_datetime_operator_3
[2024-06-25T19:21:44.793+0000] {logging_mixin.py:188} INFO - [2024-06-25T19:21:44.793+0000] {dag.py:3096} INFO - Sync 3 DAGs
[2024-06-25T19:21:44.804+0000] {logging_mixin.py:188} INFO - [2024-06-25T19:21:44.803+0000] {dag.py:3118} INFO - Creating ORM DAG for example_branch_datetime_operator_2
[2024-06-25T19:21:44.804+0000] {logging_mixin.py:188} INFO - [2024-06-25T19:21:44.804+0000] {dag.py:3118} INFO - Creating ORM DAG for example_branch_datetime_operator_3
[2024-06-25T19:21:44.805+0000] {logging_mixin.py:188} INFO - [2024-06-25T19:21:44.805+0000] {dag.py:3118} INFO - Creating ORM DAG for example_branch_datetime_operator
[2024-06-25T19:21:44.815+0000] {logging_mixin.py:188} INFO - [2024-06-25T19:21:44.815+0000] {dag.py:3954} INFO - Setting next_dagrun for example_branch_datetime_operator to 2024-06-24 00:00:00+00:00, run_after=2024-06-25 00:00:00+00:00
[2024-06-25T19:21:44.817+0000] {logging_mixin.py:188} INFO - [2024-06-25T19:21:44.817+0000] {dag.py:3954} INFO - Setting next_dagrun for example_branch_datetime_operator_2 to 2024-06-24 00:00:00+00:00, run_after=2024-06-25 00:00:00+00:00
[2024-06-25T19:21:44.819+0000] {logging_mixin.py:188} INFO - [2024-06-25T19:21:44.819+0000] {dag.py:3954} INFO - Setting next_dagrun for example_branch_datetime_operator_3 to 2024-06-24 00:00:00+00:00, run_after=2024-06-25 00:00:00+00:00
[2024-06-25T19:21:44.846+0000] {processor.py:183} INFO - Processing /home/ubuntu/deevar_venv/lib/python3.12/site-packages/airflow/example_dags/example_branch_datetime_operator.py took 0.365 seconds
[2024-06-25T19:22:53.074+0000] {processor.py:161} INFO - Started process (PID=16461) to work on /home/ubuntu/deevar_venv/lib/python3.12/site-packages/airflow/example_dags/example_branch_datetime_operator.py
[2024-06-25T19:22:53.076+0000] {processor.py:830} INFO - Processing file /home/ubuntu/deevar_venv/lib/python3.12/site-packages/airflow/example_dags/example_branch_datetime_operator.py for tasks to queue
[2024-06-25T19:22:53.077+0000] {logging_mixin.py:188} INFO - [2024-06-25T19:22:53.077+0000] {dagbag.py:545} INFO - Filling up the DagBag from /home/ubuntu/deevar_venv/lib/python3.12/site-packages/airflow/example_dags/example_branch_datetime_operator.py
[2024-06-25T19:22:53.089+0000] {processor.py:840} INFO - DAG(s) 'example_branch_datetime_operator', 'example_branch_datetime_operator_2', 'example_branch_datetime_operator_3' retrieved from /home/ubuntu/deevar_venv/lib/python3.12/site-packages/airflow/example_dags/example_branch_datetime_operator.py
[2024-06-25T19:22:53.112+0000] {logging_mixin.py:188} INFO - [2024-06-25T19:22:53.111+0000] {dag.py:3096} INFO - Sync 3 DAGs
[2024-06-25T19:22:53.135+0000] {logging_mixin.py:188} INFO - [2024-06-25T19:22:53.134+0000] {dag.py:3954} INFO - Setting next_dagrun for example_branch_datetime_operator to 2024-06-24 00:00:00+00:00, run_after=2024-06-25 00:00:00+00:00
[2024-06-25T19:22:53.140+0000] {logging_mixin.py:188} INFO - [2024-06-25T19:22:53.139+0000] {dag.py:3954} INFO - Setting next_dagrun for example_branch_datetime_operator_2 to 2024-06-24 00:00:00+00:00, run_after=2024-06-25 00:00:00+00:00
[2024-06-25T19:22:53.142+0000] {logging_mixin.py:188} INFO - [2024-06-25T19:22:53.142+0000] {dag.py:3954} INFO - Setting next_dagrun for example_branch_datetime_operator_3 to 2024-06-24 00:00:00+00:00, run_after=2024-06-25 00:00:00+00:00
[2024-06-25T19:22:53.163+0000] {processor.py:183} INFO - Processing /home/ubuntu/deevar_venv/lib/python3.12/site-packages/airflow/example_dags/example_branch_datetime_operator.py took 0.095 seconds
[2024-06-25T19:23:49.005+0000] {processor.py:161} INFO - Started process (PID=16519) to work on /home/ubuntu/deevar_venv/lib/python3.12/site-packages/airflow/example_dags/example_branch_datetime_operator.py
[2024-06-25T19:23:49.006+0000] {processor.py:830} INFO - Processing file /home/ubuntu/deevar_venv/lib/python3.12/site-packages/airflow/example_dags/example_branch_datetime_operator.py for tasks to queue
[2024-06-25T19:23:49.008+0000] {logging_mixin.py:188} INFO - [2024-06-25T19:23:49.008+0000] {dagbag.py:545} INFO - Filling up the DagBag from /home/ubuntu/deevar_venv/lib/python3.12/site-packages/airflow/example_dags/example_branch_datetime_operator.py
[2024-06-25T19:23:49.019+0000] {processor.py:840} INFO - DAG(s) 'example_branch_datetime_operator', 'example_branch_datetime_operator_3', 'example_branch_datetime_operator_2' retrieved from /home/ubuntu/deevar_venv/lib/python3.12/site-packages/airflow/example_dags/example_branch_datetime_operator.py
[2024-06-25T19:23:49.043+0000] {logging_mixin.py:188} INFO - [2024-06-25T19:23:49.043+0000] {dag.py:3096} INFO - Sync 3 DAGs
[2024-06-25T19:23:49.067+0000] {logging_mixin.py:188} INFO - [2024-06-25T19:23:49.067+0000] {dag.py:3954} INFO - Setting next_dagrun for example_branch_datetime_operator to 2024-06-24 00:00:00+00:00, run_after=2024-06-25 00:00:00+00:00
[2024-06-25T19:23:49.072+0000] {logging_mixin.py:188} INFO - [2024-06-25T19:23:49.072+0000] {dag.py:3954} INFO - Setting next_dagrun for example_branch_datetime_operator_2 to 2024-06-24 00:00:00+00:00, run_after=2024-06-25 00:00:00+00:00
[2024-06-25T19:23:49.075+0000] {logging_mixin.py:188} INFO - [2024-06-25T19:23:49.074+0000] {dag.py:3954} INFO - Setting next_dagrun for example_branch_datetime_operator_3 to 2024-06-24 00:00:00+00:00, run_after=2024-06-25 00:00:00+00:00
[2024-06-25T19:23:49.097+0000] {processor.py:183} INFO - Processing /home/ubuntu/deevar_venv/lib/python3.12/site-packages/airflow/example_dags/example_branch_datetime_operator.py took 0.098 seconds
