[2024-06-25T19:21:35.115+0000] {processor.py:161} INFO - Started process (PID=16383) to work on /home/ubuntu/deevar_venv/lib/python3.12/site-packages/airflow/example_dags/example_display_name.py
[2024-06-25T19:21:35.115+0000] {processor.py:830} INFO - Processing file /home/ubuntu/deevar_venv/lib/python3.12/site-packages/airflow/example_dags/example_display_name.py for tasks to queue
[2024-06-25T19:21:35.117+0000] {logging_mixin.py:188} INFO - [2024-06-25T19:21:35.117+0000] {dagbag.py:545} INFO - Filling up the DagBag from /home/ubuntu/deevar_venv/lib/python3.12/site-packages/airflow/example_dags/example_display_name.py
[2024-06-25T19:21:35.124+0000] {processor.py:840} INFO - DAG(s) 'example_display_name' retrieved from /home/ubuntu/deevar_venv/lib/python3.12/site-packages/airflow/example_dags/example_display_name.py
[2024-06-25T19:21:35.245+0000] {logging_mixin.py:188} INFO - [2024-06-25T19:21:35.244+0000] {override.py:1829} INFO - Created Permission View: can delete on DAG:example_display_name
[2024-06-25T19:21:35.260+0000] {logging_mixin.py:188} INFO - [2024-06-25T19:21:35.259+0000] {override.py:1829} INFO - Created Permission View: can edit on DAG:example_display_name
[2024-06-25T19:21:35.271+0000] {logging_mixin.py:188} INFO - [2024-06-25T19:21:35.270+0000] {override.py:1829} INFO - Created Permission View: can read on DAG:example_display_name
[2024-06-25T19:21:35.271+0000] {logging_mixin.py:188} INFO - [2024-06-25T19:21:35.271+0000] {dag.py:3096} INFO - Sync 1 DAGs
[2024-06-25T19:21:35.282+0000] {logging_mixin.py:188} INFO - [2024-06-25T19:21:35.282+0000] {dag.py:3118} INFO - Creating ORM DAG for example_display_name
[2024-06-25T19:21:35.283+0000] {logging_mixin.py:188} INFO - [2024-06-25T19:21:35.282+0000] {dag.py:3954} INFO - Setting next_dagrun for example_display_name to None, run_after=None
[2024-06-25T19:21:35.307+0000] {processor.py:183} INFO - Processing /home/ubuntu/deevar_venv/lib/python3.12/site-packages/airflow/example_dags/example_display_name.py took 0.199 seconds
[2024-06-25T19:22:27.317+0000] {processor.py:161} INFO - Started process (PID=16434) to work on /home/ubuntu/deevar_venv/lib/python3.12/site-packages/airflow/example_dags/example_display_name.py
[2024-06-25T19:22:27.318+0000] {processor.py:830} INFO - Processing file /home/ubuntu/deevar_venv/lib/python3.12/site-packages/airflow/example_dags/example_display_name.py for tasks to queue
[2024-06-25T19:22:27.320+0000] {logging_mixin.py:188} INFO - [2024-06-25T19:22:27.319+0000] {dagbag.py:545} INFO - Filling up the DagBag from /home/ubuntu/deevar_venv/lib/python3.12/site-packages/airflow/example_dags/example_display_name.py
[2024-06-25T19:22:27.326+0000] {processor.py:840} INFO - DAG(s) 'example_display_name' retrieved from /home/ubuntu/deevar_venv/lib/python3.12/site-packages/airflow/example_dags/example_display_name.py
[2024-06-25T19:22:27.344+0000] {logging_mixin.py:188} INFO - [2024-06-25T19:22:27.344+0000] {dag.py:3096} INFO - Sync 1 DAGs
[2024-06-25T19:22:27.357+0000] {logging_mixin.py:188} INFO - [2024-06-25T19:22:27.357+0000] {dag.py:3954} INFO - Setting next_dagrun for example_display_name to None, run_after=None
[2024-06-25T19:22:27.382+0000] {processor.py:183} INFO - Processing /home/ubuntu/deevar_venv/lib/python3.12/site-packages/airflow/example_dags/example_display_name.py took 0.072 seconds
[2024-06-25T19:23:23.967+0000] {processor.py:161} INFO - Started process (PID=16494) to work on /home/ubuntu/deevar_venv/lib/python3.12/site-packages/airflow/example_dags/example_display_name.py
[2024-06-25T19:23:23.969+0000] {processor.py:830} INFO - Processing file /home/ubuntu/deevar_venv/lib/python3.12/site-packages/airflow/example_dags/example_display_name.py for tasks to queue
[2024-06-25T19:23:23.971+0000] {logging_mixin.py:188} INFO - [2024-06-25T19:23:23.970+0000] {dagbag.py:545} INFO - Filling up the DagBag from /home/ubuntu/deevar_venv/lib/python3.12/site-packages/airflow/example_dags/example_display_name.py
[2024-06-25T19:23:23.977+0000] {processor.py:840} INFO - DAG(s) 'example_display_name' retrieved from /home/ubuntu/deevar_venv/lib/python3.12/site-packages/airflow/example_dags/example_display_name.py
[2024-06-25T19:23:23.994+0000] {logging_mixin.py:188} INFO - [2024-06-25T19:23:23.994+0000] {dag.py:3096} INFO - Sync 1 DAGs
[2024-06-25T19:23:24.007+0000] {logging_mixin.py:188} INFO - [2024-06-25T19:23:24.007+0000] {dag.py:3954} INFO - Setting next_dagrun for example_display_name to None, run_after=None
[2024-06-25T19:23:24.035+0000] {processor.py:183} INFO - Processing /home/ubuntu/deevar_venv/lib/python3.12/site-packages/airflow/example_dags/example_display_name.py took 0.074 seconds
