[2024-06-25T19:21:37.799+0000] {processor.py:161} INFO - Started process (PID=16385) to work on /home/ubuntu/deevar_venv/lib/python3.12/site-packages/airflow/example_dags/example_branch_labels.py
[2024-06-25T19:21:37.800+0000] {processor.py:830} INFO - Processing file /home/ubuntu/deevar_venv/lib/python3.12/site-packages/airflow/example_dags/example_branch_labels.py for tasks to queue
[2024-06-25T19:21:37.802+0000] {logging_mixin.py:188} INFO - [2024-06-25T19:21:37.801+0000] {dagbag.py:545} INFO - Filling up the DagBag from /home/ubuntu/deevar_venv/lib/python3.12/site-packages/airflow/example_dags/example_branch_labels.py
[2024-06-25T19:21:37.810+0000] {processor.py:840} INFO - DAG(s) 'example_branch_labels' retrieved from /home/ubuntu/deevar_venv/lib/python3.12/site-packages/airflow/example_dags/example_branch_labels.py
[2024-06-25T19:21:37.931+0000] {logging_mixin.py:188} INFO - [2024-06-25T19:21:37.930+0000] {override.py:1829} INFO - Created Permission View: can delete on DAG:example_branch_labels
[2024-06-25T19:21:37.946+0000] {logging_mixin.py:188} INFO - [2024-06-25T19:21:37.945+0000] {override.py:1829} INFO - Created Permission View: can edit on DAG:example_branch_labels
[2024-06-25T19:21:37.957+0000] {logging_mixin.py:188} INFO - [2024-06-25T19:21:37.957+0000] {override.py:1829} INFO - Created Permission View: can read on DAG:example_branch_labels
[2024-06-25T19:21:37.958+0000] {logging_mixin.py:188} INFO - [2024-06-25T19:21:37.958+0000] {dag.py:3096} INFO - Sync 1 DAGs
[2024-06-25T19:21:37.969+0000] {logging_mixin.py:188} INFO - [2024-06-25T19:21:37.969+0000] {dag.py:3118} INFO - Creating ORM DAG for example_branch_labels
[2024-06-25T19:21:37.979+0000] {logging_mixin.py:188} INFO - [2024-06-25T19:21:37.979+0000] {dag.py:3954} INFO - Setting next_dagrun for example_branch_labels to 2024-06-24 00:00:00+00:00, run_after=2024-06-25 00:00:00+00:00
[2024-06-25T19:21:38.078+0000] {processor.py:183} INFO - Processing /home/ubuntu/deevar_venv/lib/python3.12/site-packages/airflow/example_dags/example_branch_labels.py took 0.285 seconds
[2024-06-25T19:22:29.283+0000] {processor.py:161} INFO - Started process (PID=16436) to work on /home/ubuntu/deevar_venv/lib/python3.12/site-packages/airflow/example_dags/example_branch_labels.py
[2024-06-25T19:22:29.284+0000] {processor.py:830} INFO - Processing file /home/ubuntu/deevar_venv/lib/python3.12/site-packages/airflow/example_dags/example_branch_labels.py for tasks to queue
[2024-06-25T19:22:29.286+0000] {logging_mixin.py:188} INFO - [2024-06-25T19:22:29.286+0000] {dagbag.py:545} INFO - Filling up the DagBag from /home/ubuntu/deevar_venv/lib/python3.12/site-packages/airflow/example_dags/example_branch_labels.py
[2024-06-25T19:22:29.295+0000] {processor.py:840} INFO - DAG(s) 'example_branch_labels' retrieved from /home/ubuntu/deevar_venv/lib/python3.12/site-packages/airflow/example_dags/example_branch_labels.py
[2024-06-25T19:22:29.314+0000] {logging_mixin.py:188} INFO - [2024-06-25T19:22:29.313+0000] {dag.py:3096} INFO - Sync 1 DAGs
[2024-06-25T19:22:29.335+0000] {logging_mixin.py:188} INFO - [2024-06-25T19:22:29.335+0000] {dag.py:3954} INFO - Setting next_dagrun for example_branch_labels to 2024-06-24 00:00:00+00:00, run_after=2024-06-25 00:00:00+00:00
[2024-06-25T19:22:29.360+0000] {processor.py:183} INFO - Processing /home/ubuntu/deevar_venv/lib/python3.12/site-packages/airflow/example_dags/example_branch_labels.py took 0.083 seconds
[2024-06-25T19:23:26.332+0000] {processor.py:161} INFO - Started process (PID=16496) to work on /home/ubuntu/deevar_venv/lib/python3.12/site-packages/airflow/example_dags/example_branch_labels.py
[2024-06-25T19:23:26.334+0000] {processor.py:830} INFO - Processing file /home/ubuntu/deevar_venv/lib/python3.12/site-packages/airflow/example_dags/example_branch_labels.py for tasks to queue
[2024-06-25T19:23:26.336+0000] {logging_mixin.py:188} INFO - [2024-06-25T19:23:26.335+0000] {dagbag.py:545} INFO - Filling up the DagBag from /home/ubuntu/deevar_venv/lib/python3.12/site-packages/airflow/example_dags/example_branch_labels.py
[2024-06-25T19:23:26.345+0000] {processor.py:840} INFO - DAG(s) 'example_branch_labels' retrieved from /home/ubuntu/deevar_venv/lib/python3.12/site-packages/airflow/example_dags/example_branch_labels.py
[2024-06-25T19:23:26.364+0000] {logging_mixin.py:188} INFO - [2024-06-25T19:23:26.363+0000] {dag.py:3096} INFO - Sync 1 DAGs
[2024-06-25T19:23:26.387+0000] {logging_mixin.py:188} INFO - [2024-06-25T19:23:26.386+0000] {dag.py:3954} INFO - Setting next_dagrun for example_branch_labels to 2024-06-24 00:00:00+00:00, run_after=2024-06-25 00:00:00+00:00
[2024-06-25T19:23:26.411+0000] {processor.py:183} INFO - Processing /home/ubuntu/deevar_venv/lib/python3.12/site-packages/airflow/example_dags/example_branch_labels.py took 0.085 seconds
