[2024-06-25T19:21:29.405+0000] {processor.py:161} INFO - Started process (PID=16378) to work on /home/ubuntu/deevar_venv/lib/python3.12/site-packages/airflow/example_dags/example_latest_only_with_trigger.py
[2024-06-25T19:21:29.406+0000] {processor.py:830} INFO - Processing file /home/ubuntu/deevar_venv/lib/python3.12/site-packages/airflow/example_dags/example_latest_only_with_trigger.py for tasks to queue
[2024-06-25T19:21:29.407+0000] {logging_mixin.py:188} INFO - [2024-06-25T19:21:29.407+0000] {dagbag.py:545} INFO - Filling up the DagBag from /home/ubuntu/deevar_venv/lib/python3.12/site-packages/airflow/example_dags/example_latest_only_with_trigger.py
[2024-06-25T19:21:29.416+0000] {processor.py:840} INFO - DAG(s) 'latest_only_with_trigger' retrieved from /home/ubuntu/deevar_venv/lib/python3.12/site-packages/airflow/example_dags/example_latest_only_with_trigger.py
[2024-06-25T19:21:29.578+0000] {logging_mixin.py:188} INFO - [2024-06-25T19:21:29.577+0000] {override.py:1829} INFO - Created Permission View: can delete on DAG:latest_only_with_trigger
[2024-06-25T19:21:29.591+0000] {logging_mixin.py:188} INFO - [2024-06-25T19:21:29.591+0000] {override.py:1829} INFO - Created Permission View: can edit on DAG:latest_only_with_trigger
[2024-06-25T19:21:29.602+0000] {logging_mixin.py:188} INFO - [2024-06-25T19:21:29.601+0000] {override.py:1829} INFO - Created Permission View: can read on DAG:latest_only_with_trigger
[2024-06-25T19:21:29.602+0000] {logging_mixin.py:188} INFO - [2024-06-25T19:21:29.602+0000] {dag.py:3096} INFO - Sync 1 DAGs
[2024-06-25T19:21:29.613+0000] {logging_mixin.py:188} INFO - [2024-06-25T19:21:29.613+0000] {dag.py:3118} INFO - Creating ORM DAG for latest_only_with_trigger
[2024-06-25T19:21:29.622+0000] {logging_mixin.py:188} INFO - [2024-06-25T19:21:29.622+0000] {dag.py:3954} INFO - Setting next_dagrun for latest_only_with_trigger to 2024-06-25 12:00:00+00:00, run_after=2024-06-25 16:00:00+00:00
[2024-06-25T19:21:29.647+0000] {processor.py:183} INFO - Processing /home/ubuntu/deevar_venv/lib/python3.12/site-packages/airflow/example_dags/example_latest_only_with_trigger.py took 0.248 seconds
[2024-06-25T19:22:22.167+0000] {processor.py:161} INFO - Started process (PID=16429) to work on /home/ubuntu/deevar_venv/lib/python3.12/site-packages/airflow/example_dags/example_latest_only_with_trigger.py
[2024-06-25T19:22:22.169+0000] {processor.py:830} INFO - Processing file /home/ubuntu/deevar_venv/lib/python3.12/site-packages/airflow/example_dags/example_latest_only_with_trigger.py for tasks to queue
[2024-06-25T19:22:22.171+0000] {logging_mixin.py:188} INFO - [2024-06-25T19:22:22.170+0000] {dagbag.py:545} INFO - Filling up the DagBag from /home/ubuntu/deevar_venv/lib/python3.12/site-packages/airflow/example_dags/example_latest_only_with_trigger.py
[2024-06-25T19:22:22.177+0000] {processor.py:840} INFO - DAG(s) 'latest_only_with_trigger' retrieved from /home/ubuntu/deevar_venv/lib/python3.12/site-packages/airflow/example_dags/example_latest_only_with_trigger.py
[2024-06-25T19:22:22.196+0000] {logging_mixin.py:188} INFO - [2024-06-25T19:22:22.196+0000] {dag.py:3096} INFO - Sync 1 DAGs
[2024-06-25T19:22:22.219+0000] {logging_mixin.py:188} INFO - [2024-06-25T19:22:22.219+0000] {dag.py:3954} INFO - Setting next_dagrun for latest_only_with_trigger to 2024-06-25 12:00:00+00:00, run_after=2024-06-25 16:00:00+00:00
[2024-06-25T19:22:22.246+0000] {processor.py:183} INFO - Processing /home/ubuntu/deevar_venv/lib/python3.12/site-packages/airflow/example_dags/example_latest_only_with_trigger.py took 0.085 seconds
[2024-06-25T19:23:10.980+0000] {processor.py:161} INFO - Started process (PID=16480) to work on /home/ubuntu/deevar_venv/lib/python3.12/site-packages/airflow/example_dags/example_latest_only_with_trigger.py
[2024-06-25T19:23:10.981+0000] {processor.py:830} INFO - Processing file /home/ubuntu/deevar_venv/lib/python3.12/site-packages/airflow/example_dags/example_latest_only_with_trigger.py for tasks to queue
[2024-06-25T19:23:10.983+0000] {logging_mixin.py:188} INFO - [2024-06-25T19:23:10.983+0000] {dagbag.py:545} INFO - Filling up the DagBag from /home/ubuntu/deevar_venv/lib/python3.12/site-packages/airflow/example_dags/example_latest_only_with_trigger.py
[2024-06-25T19:23:10.989+0000] {processor.py:840} INFO - DAG(s) 'latest_only_with_trigger' retrieved from /home/ubuntu/deevar_venv/lib/python3.12/site-packages/airflow/example_dags/example_latest_only_with_trigger.py
[2024-06-25T19:23:11.008+0000] {logging_mixin.py:188} INFO - [2024-06-25T19:23:11.008+0000] {dag.py:3096} INFO - Sync 1 DAGs
[2024-06-25T19:23:11.029+0000] {logging_mixin.py:188} INFO - [2024-06-25T19:23:11.029+0000] {dag.py:3954} INFO - Setting next_dagrun for latest_only_with_trigger to 2024-06-25 12:00:00+00:00, run_after=2024-06-25 16:00:00+00:00
[2024-06-25T19:23:11.057+0000] {processor.py:183} INFO - Processing /home/ubuntu/deevar_venv/lib/python3.12/site-packages/airflow/example_dags/example_latest_only_with_trigger.py took 0.083 seconds
