[2024-06-25T19:20:55.432+0000] {processor.py:161} INFO - Started process (PID=16349) to work on /home/ubuntu/deevar_venv/lib/python3.12/site-packages/airflow/example_dags/tutorial_taskflow_api_virtualenv.py
[2024-06-25T19:20:55.433+0000] {processor.py:830} INFO - Processing file /home/ubuntu/deevar_venv/lib/python3.12/site-packages/airflow/example_dags/tutorial_taskflow_api_virtualenv.py for tasks to queue
[2024-06-25T19:20:55.435+0000] {logging_mixin.py:188} INFO - [2024-06-25T19:20:55.435+0000] {dagbag.py:545} INFO - Filling up the DagBag from /home/ubuntu/deevar_venv/lib/python3.12/site-packages/airflow/example_dags/tutorial_taskflow_api_virtualenv.py
[2024-06-25T19:20:55.449+0000] {processor.py:840} INFO - DAG(s) 'tutorial_taskflow_api_virtualenv' retrieved from /home/ubuntu/deevar_venv/lib/python3.12/site-packages/airflow/example_dags/tutorial_taskflow_api_virtualenv.py
[2024-06-25T19:20:55.574+0000] {logging_mixin.py:188} INFO - [2024-06-25T19:20:55.573+0000] {override.py:1829} INFO - Created Permission View: can delete on DAG:tutorial_taskflow_api_virtualenv
[2024-06-25T19:20:55.588+0000] {logging_mixin.py:188} INFO - [2024-06-25T19:20:55.588+0000] {override.py:1829} INFO - Created Permission View: can edit on DAG:tutorial_taskflow_api_virtualenv
[2024-06-25T19:20:55.599+0000] {logging_mixin.py:188} INFO - [2024-06-25T19:20:55.598+0000] {override.py:1829} INFO - Created Permission View: can read on DAG:tutorial_taskflow_api_virtualenv
[2024-06-25T19:20:55.599+0000] {logging_mixin.py:188} INFO - [2024-06-25T19:20:55.599+0000] {dag.py:3096} INFO - Sync 1 DAGs
[2024-06-25T19:20:55.611+0000] {logging_mixin.py:188} INFO - [2024-06-25T19:20:55.610+0000] {dag.py:3118} INFO - Creating ORM DAG for tutorial_taskflow_api_virtualenv
[2024-06-25T19:20:55.611+0000] {logging_mixin.py:188} INFO - [2024-06-25T19:20:55.611+0000] {dag.py:3954} INFO - Setting next_dagrun for tutorial_taskflow_api_virtualenv to None, run_after=None
[2024-06-25T19:20:55.635+0000] {processor.py:183} INFO - Processing /home/ubuntu/deevar_venv/lib/python3.12/site-packages/airflow/example_dags/tutorial_taskflow_api_virtualenv.py took 0.209 seconds
[2024-06-25T19:21:53.307+0000] {processor.py:161} INFO - Started process (PID=16400) to work on /home/ubuntu/deevar_venv/lib/python3.12/site-packages/airflow/example_dags/tutorial_taskflow_api_virtualenv.py
[2024-06-25T19:21:53.309+0000] {processor.py:830} INFO - Processing file /home/ubuntu/deevar_venv/lib/python3.12/site-packages/airflow/example_dags/tutorial_taskflow_api_virtualenv.py for tasks to queue
[2024-06-25T19:21:53.311+0000] {logging_mixin.py:188} INFO - [2024-06-25T19:21:53.310+0000] {dagbag.py:545} INFO - Filling up the DagBag from /home/ubuntu/deevar_venv/lib/python3.12/site-packages/airflow/example_dags/tutorial_taskflow_api_virtualenv.py
[2024-06-25T19:21:53.323+0000] {processor.py:840} INFO - DAG(s) 'tutorial_taskflow_api_virtualenv' retrieved from /home/ubuntu/deevar_venv/lib/python3.12/site-packages/airflow/example_dags/tutorial_taskflow_api_virtualenv.py
[2024-06-25T19:21:53.340+0000] {logging_mixin.py:188} INFO - [2024-06-25T19:21:53.340+0000] {dag.py:3096} INFO - Sync 1 DAGs
[2024-06-25T19:21:53.353+0000] {logging_mixin.py:188} INFO - [2024-06-25T19:21:53.353+0000] {dag.py:3954} INFO - Setting next_dagrun for tutorial_taskflow_api_virtualenv to None, run_after=None
[2024-06-25T19:21:53.378+0000] {processor.py:183} INFO - Processing /home/ubuntu/deevar_venv/lib/python3.12/site-packages/airflow/example_dags/tutorial_taskflow_api_virtualenv.py took 0.077 seconds
[2024-06-25T19:22:41.698+0000] {processor.py:161} INFO - Started process (PID=16448) to work on /home/ubuntu/deevar_venv/lib/python3.12/site-packages/airflow/example_dags/tutorial_taskflow_api_virtualenv.py
[2024-06-25T19:22:41.700+0000] {processor.py:830} INFO - Processing file /home/ubuntu/deevar_venv/lib/python3.12/site-packages/airflow/example_dags/tutorial_taskflow_api_virtualenv.py for tasks to queue
[2024-06-25T19:22:41.701+0000] {logging_mixin.py:188} INFO - [2024-06-25T19:22:41.701+0000] {dagbag.py:545} INFO - Filling up the DagBag from /home/ubuntu/deevar_venv/lib/python3.12/site-packages/airflow/example_dags/tutorial_taskflow_api_virtualenv.py
[2024-06-25T19:22:41.713+0000] {processor.py:840} INFO - DAG(s) 'tutorial_taskflow_api_virtualenv' retrieved from /home/ubuntu/deevar_venv/lib/python3.12/site-packages/airflow/example_dags/tutorial_taskflow_api_virtualenv.py
[2024-06-25T19:22:41.730+0000] {logging_mixin.py:188} INFO - [2024-06-25T19:22:41.730+0000] {dag.py:3096} INFO - Sync 1 DAGs
[2024-06-25T19:22:41.743+0000] {logging_mixin.py:188} INFO - [2024-06-25T19:22:41.742+0000] {dag.py:3954} INFO - Setting next_dagrun for tutorial_taskflow_api_virtualenv to None, run_after=None
[2024-06-25T19:22:41.766+0000] {processor.py:183} INFO - Processing /home/ubuntu/deevar_venv/lib/python3.12/site-packages/airflow/example_dags/tutorial_taskflow_api_virtualenv.py took 0.075 seconds
[2024-06-25T19:23:19.980+0000] {processor.py:161} INFO - Started process (PID=16490) to work on /home/ubuntu/deevar_venv/lib/python3.12/site-packages/airflow/example_dags/tutorial_taskflow_api_virtualenv.py
[2024-06-25T19:23:19.982+0000] {processor.py:830} INFO - Processing file /home/ubuntu/deevar_venv/lib/python3.12/site-packages/airflow/example_dags/tutorial_taskflow_api_virtualenv.py for tasks to queue
[2024-06-25T19:23:19.983+0000] {logging_mixin.py:188} INFO - [2024-06-25T19:23:19.983+0000] {dagbag.py:545} INFO - Filling up the DagBag from /home/ubuntu/deevar_venv/lib/python3.12/site-packages/airflow/example_dags/tutorial_taskflow_api_virtualenv.py
[2024-06-25T19:23:19.996+0000] {processor.py:840} INFO - DAG(s) 'tutorial_taskflow_api_virtualenv' retrieved from /home/ubuntu/deevar_venv/lib/python3.12/site-packages/airflow/example_dags/tutorial_taskflow_api_virtualenv.py
[2024-06-25T19:23:20.014+0000] {logging_mixin.py:188} INFO - [2024-06-25T19:23:20.014+0000] {dag.py:3096} INFO - Sync 1 DAGs
[2024-06-25T19:23:20.029+0000] {logging_mixin.py:188} INFO - [2024-06-25T19:23:20.028+0000] {dag.py:3954} INFO - Setting next_dagrun for tutorial_taskflow_api_virtualenv to None, run_after=None
[2024-06-25T19:23:20.056+0000] {processor.py:183} INFO - Processing /home/ubuntu/deevar_venv/lib/python3.12/site-packages/airflow/example_dags/tutorial_taskflow_api_virtualenv.py took 0.082 seconds
