[2024-06-25T19:20:58.075+0000] {processor.py:161} INFO - Started process (PID=16352) to work on /home/ubuntu/deevar_venv/lib/python3.12/site-packages/airflow/example_dags/tutorial.py
[2024-06-25T19:20:58.076+0000] {processor.py:830} INFO - Processing file /home/ubuntu/deevar_venv/lib/python3.12/site-packages/airflow/example_dags/tutorial.py for tasks to queue
[2024-06-25T19:20:58.077+0000] {logging_mixin.py:188} INFO - [2024-06-25T19:20:58.077+0000] {dagbag.py:545} INFO - Filling up the DagBag from /home/ubuntu/deevar_venv/lib/python3.12/site-packages/airflow/example_dags/tutorial.py
[2024-06-25T19:20:58.086+0000] {processor.py:840} INFO - DAG(s) 'tutorial' retrieved from /home/ubuntu/deevar_venv/lib/python3.12/site-packages/airflow/example_dags/tutorial.py
[2024-06-25T19:20:58.212+0000] {logging_mixin.py:188} INFO - [2024-06-25T19:20:58.212+0000] {override.py:1829} INFO - Created Permission View: can delete on DAG:tutorial
[2024-06-25T19:20:58.228+0000] {logging_mixin.py:188} INFO - [2024-06-25T19:20:58.227+0000] {override.py:1829} INFO - Created Permission View: can edit on DAG:tutorial
[2024-06-25T19:20:58.239+0000] {logging_mixin.py:188} INFO - [2024-06-25T19:20:58.239+0000] {override.py:1829} INFO - Created Permission View: can read on DAG:tutorial
[2024-06-25T19:20:58.240+0000] {logging_mixin.py:188} INFO - [2024-06-25T19:20:58.239+0000] {dag.py:3096} INFO - Sync 1 DAGs
[2024-06-25T19:20:58.252+0000] {logging_mixin.py:188} INFO - [2024-06-25T19:20:58.252+0000] {dag.py:3118} INFO - Creating ORM DAG for tutorial
[2024-06-25T19:20:58.261+0000] {logging_mixin.py:188} INFO - [2024-06-25T19:20:58.261+0000] {dag.py:3954} INFO - Setting next_dagrun for tutorial to 2024-06-24 00:00:00+00:00, run_after=2024-06-25 00:00:00+00:00
[2024-06-25T19:20:58.284+0000] {processor.py:183} INFO - Processing /home/ubuntu/deevar_venv/lib/python3.12/site-packages/airflow/example_dags/tutorial.py took 0.216 seconds
[2024-06-25T19:21:56.170+0000] {processor.py:161} INFO - Started process (PID=16403) to work on /home/ubuntu/deevar_venv/lib/python3.12/site-packages/airflow/example_dags/tutorial.py
[2024-06-25T19:21:56.171+0000] {processor.py:830} INFO - Processing file /home/ubuntu/deevar_venv/lib/python3.12/site-packages/airflow/example_dags/tutorial.py for tasks to queue
[2024-06-25T19:21:56.173+0000] {logging_mixin.py:188} INFO - [2024-06-25T19:21:56.172+0000] {dagbag.py:545} INFO - Filling up the DagBag from /home/ubuntu/deevar_venv/lib/python3.12/site-packages/airflow/example_dags/tutorial.py
[2024-06-25T19:21:56.180+0000] {processor.py:840} INFO - DAG(s) 'tutorial' retrieved from /home/ubuntu/deevar_venv/lib/python3.12/site-packages/airflow/example_dags/tutorial.py
[2024-06-25T19:21:56.197+0000] {logging_mixin.py:188} INFO - [2024-06-25T19:21:56.197+0000] {dag.py:3096} INFO - Sync 1 DAGs
[2024-06-25T19:21:56.218+0000] {logging_mixin.py:188} INFO - [2024-06-25T19:21:56.218+0000] {dag.py:3954} INFO - Setting next_dagrun for tutorial to 2024-06-24 00:00:00+00:00, run_after=2024-06-25 00:00:00+00:00
[2024-06-25T19:21:56.244+0000] {processor.py:183} INFO - Processing /home/ubuntu/deevar_venv/lib/python3.12/site-packages/airflow/example_dags/tutorial.py took 0.080 seconds
[2024-06-25T19:22:45.120+0000] {processor.py:161} INFO - Started process (PID=16451) to work on /home/ubuntu/deevar_venv/lib/python3.12/site-packages/airflow/example_dags/tutorial.py
[2024-06-25T19:22:45.121+0000] {processor.py:830} INFO - Processing file /home/ubuntu/deevar_venv/lib/python3.12/site-packages/airflow/example_dags/tutorial.py for tasks to queue
[2024-06-25T19:22:45.123+0000] {logging_mixin.py:188} INFO - [2024-06-25T19:22:45.123+0000] {dagbag.py:545} INFO - Filling up the DagBag from /home/ubuntu/deevar_venv/lib/python3.12/site-packages/airflow/example_dags/tutorial.py
[2024-06-25T19:22:45.130+0000] {processor.py:840} INFO - DAG(s) 'tutorial' retrieved from /home/ubuntu/deevar_venv/lib/python3.12/site-packages/airflow/example_dags/tutorial.py
[2024-06-25T19:22:45.147+0000] {logging_mixin.py:188} INFO - [2024-06-25T19:22:45.147+0000] {dag.py:3096} INFO - Sync 1 DAGs
[2024-06-25T19:22:45.169+0000] {logging_mixin.py:188} INFO - [2024-06-25T19:22:45.168+0000] {dag.py:3954} INFO - Setting next_dagrun for tutorial to 2024-06-24 00:00:00+00:00, run_after=2024-06-25 00:00:00+00:00
[2024-06-25T19:22:45.193+0000] {processor.py:183} INFO - Processing /home/ubuntu/deevar_venv/lib/python3.12/site-packages/airflow/example_dags/tutorial.py took 0.080 seconds
[2024-06-25T19:23:32.398+0000] {processor.py:161} INFO - Started process (PID=16502) to work on /home/ubuntu/deevar_venv/lib/python3.12/site-packages/airflow/example_dags/tutorial.py
[2024-06-25T19:23:32.399+0000] {processor.py:830} INFO - Processing file /home/ubuntu/deevar_venv/lib/python3.12/site-packages/airflow/example_dags/tutorial.py for tasks to queue
[2024-06-25T19:23:32.401+0000] {logging_mixin.py:188} INFO - [2024-06-25T19:23:32.401+0000] {dagbag.py:545} INFO - Filling up the DagBag from /home/ubuntu/deevar_venv/lib/python3.12/site-packages/airflow/example_dags/tutorial.py
[2024-06-25T19:23:32.408+0000] {processor.py:840} INFO - DAG(s) 'tutorial' retrieved from /home/ubuntu/deevar_venv/lib/python3.12/site-packages/airflow/example_dags/tutorial.py
[2024-06-25T19:23:32.425+0000] {logging_mixin.py:188} INFO - [2024-06-25T19:23:32.424+0000] {dag.py:3096} INFO - Sync 1 DAGs
[2024-06-25T19:23:32.445+0000] {logging_mixin.py:188} INFO - [2024-06-25T19:23:32.445+0000] {dag.py:3954} INFO - Setting next_dagrun for tutorial to 2024-06-24 00:00:00+00:00, run_after=2024-06-25 00:00:00+00:00
[2024-06-25T19:23:32.469+0000] {processor.py:183} INFO - Processing /home/ubuntu/deevar_venv/lib/python3.12/site-packages/airflow/example_dags/tutorial.py took 0.077 seconds
