[2024-06-25T19:20:54.096+0000] {processor.py:161} INFO - Started process (PID=16348) to work on /home/ubuntu/deevar_venv/lib/python3.12/site-packages/airflow/example_dags/tutorial_taskflow_api.py
[2024-06-25T19:20:54.096+0000] {processor.py:830} INFO - Processing file /home/ubuntu/deevar_venv/lib/python3.12/site-packages/airflow/example_dags/tutorial_taskflow_api.py for tasks to queue
[2024-06-25T19:20:54.098+0000] {logging_mixin.py:188} INFO - [2024-06-25T19:20:54.098+0000] {dagbag.py:545} INFO - Filling up the DagBag from /home/ubuntu/deevar_venv/lib/python3.12/site-packages/airflow/example_dags/tutorial_taskflow_api.py
[2024-06-25T19:20:54.108+0000] {processor.py:840} INFO - DAG(s) 'tutorial_taskflow_api' retrieved from /home/ubuntu/deevar_venv/lib/python3.12/site-packages/airflow/example_dags/tutorial_taskflow_api.py
[2024-06-25T19:20:54.315+0000] {logging_mixin.py:188} INFO - [2024-06-25T19:20:54.314+0000] {override.py:1829} INFO - Created Permission View: can delete on DAG:tutorial_taskflow_api
[2024-06-25T19:20:54.328+0000] {logging_mixin.py:188} INFO - [2024-06-25T19:20:54.327+0000] {override.py:1829} INFO - Created Permission View: can edit on DAG:tutorial_taskflow_api
[2024-06-25T19:20:54.339+0000] {logging_mixin.py:188} INFO - [2024-06-25T19:20:54.339+0000] {override.py:1829} INFO - Created Permission View: can read on DAG:tutorial_taskflow_api
[2024-06-25T19:20:54.340+0000] {logging_mixin.py:188} INFO - [2024-06-25T19:20:54.340+0000] {dag.py:3096} INFO - Sync 1 DAGs
[2024-06-25T19:20:54.351+0000] {logging_mixin.py:188} INFO - [2024-06-25T19:20:54.351+0000] {dag.py:3118} INFO - Creating ORM DAG for tutorial_taskflow_api
[2024-06-25T19:20:54.352+0000] {logging_mixin.py:188} INFO - [2024-06-25T19:20:54.352+0000] {dag.py:3954} INFO - Setting next_dagrun for tutorial_taskflow_api to None, run_after=None
[2024-06-25T19:20:54.374+0000] {processor.py:183} INFO - Processing /home/ubuntu/deevar_venv/lib/python3.12/site-packages/airflow/example_dags/tutorial_taskflow_api.py took 0.284 seconds
[2024-06-25T19:21:52.170+0000] {processor.py:161} INFO - Started process (PID=16399) to work on /home/ubuntu/deevar_venv/lib/python3.12/site-packages/airflow/example_dags/tutorial_taskflow_api.py
[2024-06-25T19:21:52.172+0000] {processor.py:830} INFO - Processing file /home/ubuntu/deevar_venv/lib/python3.12/site-packages/airflow/example_dags/tutorial_taskflow_api.py for tasks to queue
[2024-06-25T19:21:52.174+0000] {logging_mixin.py:188} INFO - [2024-06-25T19:21:52.173+0000] {dagbag.py:545} INFO - Filling up the DagBag from /home/ubuntu/deevar_venv/lib/python3.12/site-packages/airflow/example_dags/tutorial_taskflow_api.py
[2024-06-25T19:21:52.181+0000] {processor.py:840} INFO - DAG(s) 'tutorial_taskflow_api' retrieved from /home/ubuntu/deevar_venv/lib/python3.12/site-packages/airflow/example_dags/tutorial_taskflow_api.py
[2024-06-25T19:21:52.198+0000] {logging_mixin.py:188} INFO - [2024-06-25T19:21:52.198+0000] {dag.py:3096} INFO - Sync 1 DAGs
[2024-06-25T19:21:52.211+0000] {logging_mixin.py:188} INFO - [2024-06-25T19:21:52.211+0000] {dag.py:3954} INFO - Setting next_dagrun for tutorial_taskflow_api to None, run_after=None
[2024-06-25T19:21:52.235+0000] {processor.py:183} INFO - Processing /home/ubuntu/deevar_venv/lib/python3.12/site-packages/airflow/example_dags/tutorial_taskflow_api.py took 0.071 seconds
[2024-06-25T19:22:40.561+0000] {processor.py:161} INFO - Started process (PID=16447) to work on /home/ubuntu/deevar_venv/lib/python3.12/site-packages/airflow/example_dags/tutorial_taskflow_api.py
[2024-06-25T19:22:40.563+0000] {processor.py:830} INFO - Processing file /home/ubuntu/deevar_venv/lib/python3.12/site-packages/airflow/example_dags/tutorial_taskflow_api.py for tasks to queue
[2024-06-25T19:22:40.565+0000] {logging_mixin.py:188} INFO - [2024-06-25T19:22:40.564+0000] {dagbag.py:545} INFO - Filling up the DagBag from /home/ubuntu/deevar_venv/lib/python3.12/site-packages/airflow/example_dags/tutorial_taskflow_api.py
[2024-06-25T19:22:40.572+0000] {processor.py:840} INFO - DAG(s) 'tutorial_taskflow_api' retrieved from /home/ubuntu/deevar_venv/lib/python3.12/site-packages/airflow/example_dags/tutorial_taskflow_api.py
[2024-06-25T19:22:40.589+0000] {logging_mixin.py:188} INFO - [2024-06-25T19:22:40.589+0000] {dag.py:3096} INFO - Sync 1 DAGs
[2024-06-25T19:22:40.602+0000] {logging_mixin.py:188} INFO - [2024-06-25T19:22:40.601+0000] {dag.py:3954} INFO - Setting next_dagrun for tutorial_taskflow_api to None, run_after=None
[2024-06-25T19:22:40.626+0000] {processor.py:183} INFO - Processing /home/ubuntu/deevar_venv/lib/python3.12/site-packages/airflow/example_dags/tutorial_taskflow_api.py took 0.071 seconds
[2024-06-25T19:23:19.239+0000] {processor.py:161} INFO - Started process (PID=16489) to work on /home/ubuntu/deevar_venv/lib/python3.12/site-packages/airflow/example_dags/tutorial_taskflow_api.py
[2024-06-25T19:23:19.241+0000] {processor.py:830} INFO - Processing file /home/ubuntu/deevar_venv/lib/python3.12/site-packages/airflow/example_dags/tutorial_taskflow_api.py for tasks to queue
[2024-06-25T19:23:19.243+0000] {logging_mixin.py:188} INFO - [2024-06-25T19:23:19.242+0000] {dagbag.py:545} INFO - Filling up the DagBag from /home/ubuntu/deevar_venv/lib/python3.12/site-packages/airflow/example_dags/tutorial_taskflow_api.py
[2024-06-25T19:23:19.250+0000] {processor.py:840} INFO - DAG(s) 'tutorial_taskflow_api' retrieved from /home/ubuntu/deevar_venv/lib/python3.12/site-packages/airflow/example_dags/tutorial_taskflow_api.py
[2024-06-25T19:23:19.268+0000] {logging_mixin.py:188} INFO - [2024-06-25T19:23:19.268+0000] {dag.py:3096} INFO - Sync 1 DAGs
[2024-06-25T19:23:19.282+0000] {logging_mixin.py:188} INFO - [2024-06-25T19:23:19.281+0000] {dag.py:3954} INFO - Setting next_dagrun for tutorial_taskflow_api to None, run_after=None
[2024-06-25T19:23:19.308+0000] {processor.py:183} INFO - Processing /home/ubuntu/deevar_venv/lib/python3.12/site-packages/airflow/example_dags/tutorial_taskflow_api.py took 0.075 seconds
