[2024-07-01T02:16:31.641+0000] {local_task_job_runner.py:120} INFO - ::group::Pre task execution logs
[2024-07-01T02:16:31.651+0000] {taskinstance.py:2076} INFO - Dependencies all met for dep_context=non-requeueable deps ti=<TaskInstance: amazon_analytics_dag.tsk_load_to_s3 manual__2024-07-01T02:16:23.553313+00:00 [queued]>
[2024-07-01T02:16:31.657+0000] {taskinstance.py:2076} INFO - Dependencies all met for dep_context=requeueable deps ti=<TaskInstance: amazon_analytics_dag.tsk_load_to_s3 manual__2024-07-01T02:16:23.553313+00:00 [queued]>
[2024-07-01T02:16:31.657+0000] {taskinstance.py:2306} INFO - Starting attempt 1 of 3
[2024-07-01T02:16:31.675+0000] {taskinstance.py:2330} INFO - Executing <Task(BashOperator): tsk_load_to_s3> on 2024-07-01 02:16:23.553313+00:00
[2024-07-01T02:16:31.681+0000] {standard_task_runner.py:63} INFO - Started process 50709 to run task
[2024-07-01T02:16:31.685+0000] {standard_task_runner.py:90} INFO - Running: ['airflow', 'tasks', 'run', 'amazon_analytics_dag', 'tsk_load_to_s3', 'manual__2024-07-01T02:16:23.553313+00:00', '--job-id', '317', '--raw', '--subdir', 'DAGS_FOLDER/amazonanalytics.py', '--cfg-path', '/tmp/tmprji6ghwl']
[2024-07-01T02:16:31.687+0000] {standard_task_runner.py:91} INFO - Job 317: Subtask tsk_load_to_s3
[2024-07-01T02:16:31.728+0000] {task_command.py:426} INFO - Running <TaskInstance: amazon_analytics_dag.tsk_load_to_s3 manual__2024-07-01T02:16:23.553313+00:00 [running]> on host ip-172-31-19-147.us-west-2.compute.internal
[2024-07-01T02:16:31.811+0000] {taskinstance.py:2648} INFO - Exporting env vars: AIRFLOW_CTX_DAG_EMAIL='myemail@domain.com' AIRFLOW_CTX_DAG_OWNER='airflow' AIRFLOW_CTX_DAG_ID='amazon_analytics_dag' AIRFLOW_CTX_TASK_ID='tsk_load_to_s3' AIRFLOW_CTX_EXECUTION_DATE='2024-07-01T02:16:23.553313+00:00' AIRFLOW_CTX_TRY_NUMBER='1' AIRFLOW_CTX_DAG_RUN_ID='manual__2024-07-01T02:16:23.553313+00:00'
[2024-07-01T02:16:31.812+0000] {taskinstance.py:430} INFO - ::endgroup::
[2024-07-01T02:16:31.826+0000] {subprocess.py:63} INFO - Tmp dir root location: /tmp
[2024-07-01T02:16:31.826+0000] {subprocess.py:75} INFO - Running command: ['/usr/bin/bash', '-c', 'aws s3 mv /home/ubuntu/response_data_01072024021626.json s3://deevar-bucket/']
[2024-07-01T02:16:31.837+0000] {subprocess.py:86} INFO - Output:
[2024-07-01T02:16:32.550+0000] {subprocess.py:93} INFO - Completed 46.7 KiB/46.7 KiB (261.3 KiB/s) with 1 file(s) remainingmove: ../../home/ubuntu/response_data_01072024021626.json to s3://deevar-bucket/response_data_01072024021626.json
[2024-07-01T02:16:32.628+0000] {subprocess.py:97} INFO - Command exited with return code 0
[2024-07-01T02:16:32.629+0000] {taskinstance.py:441} INFO - ::group::Post task execution logs
[2024-07-01T02:16:32.649+0000] {taskinstance.py:1206} INFO - Marking task as SUCCESS. dag_id=amazon_analytics_dag, task_id=tsk_load_to_s3, run_id=manual__2024-07-01T02:16:23.553313+00:00, execution_date=20240701T021623, start_date=20240701T021631, end_date=20240701T021632
[2024-07-01T02:16:32.700+0000] {local_task_job_runner.py:240} INFO - Task exited with return code 0
[2024-07-01T02:16:32.721+0000] {taskinstance.py:3503} INFO - 1 downstream tasks scheduled from follow-on schedule check
[2024-07-01T02:16:32.729+0000] {local_task_job_runner.py:222} INFO - ::endgroup::
