[2024-06-27T04:00:56.792+0000] {local_task_job_runner.py:120} INFO - ::group::Pre task execution logs
[2024-06-27T04:00:56.813+0000] {taskinstance.py:2076} INFO - Dependencies all met for dep_context=non-requeueable deps ti=<TaskInstance: amazon_analytics_dag.tsk_load_to_s3 manual__2024-06-27T04:00:45.506442+00:00 [queued]>
[2024-06-27T04:00:56.820+0000] {taskinstance.py:2076} INFO - Dependencies all met for dep_context=requeueable deps ti=<TaskInstance: amazon_analytics_dag.tsk_load_to_s3 manual__2024-06-27T04:00:45.506442+00:00 [queued]>
[2024-06-27T04:00:56.821+0000] {taskinstance.py:2306} INFO - Starting attempt 1 of 3
[2024-06-27T04:00:56.838+0000] {taskinstance.py:2330} INFO - Executing <Task(BashOperator): tsk_load_to_s3> on 2024-06-27 04:00:45.506442+00:00
[2024-06-27T04:00:56.844+0000] {standard_task_runner.py:63} INFO - Started process 29378 to run task
[2024-06-27T04:00:56.847+0000] {standard_task_runner.py:90} INFO - Running: ['airflow', 'tasks', 'run', 'amazon_analytics_dag', 'tsk_load_to_s3', 'manual__2024-06-27T04:00:45.506442+00:00', '--job-id', '28', '--raw', '--subdir', 'DAGS_FOLDER/amazonanalytics.py', '--cfg-path', '/tmp/tmpvdg_2whj']
[2024-06-27T04:00:56.849+0000] {standard_task_runner.py:91} INFO - Job 28: Subtask tsk_load_to_s3
[2024-06-27T04:00:56.889+0000] {task_command.py:426} INFO - Running <TaskInstance: amazon_analytics_dag.tsk_load_to_s3 manual__2024-06-27T04:00:45.506442+00:00 [running]> on host ip-172-31-19-147.us-west-2.compute.internal
[2024-06-27T04:00:56.969+0000] {taskinstance.py:2648} INFO - Exporting env vars: AIRFLOW_CTX_DAG_EMAIL='myemail@domain.com' AIRFLOW_CTX_DAG_OWNER='airflow' AIRFLOW_CTX_DAG_ID='amazon_analytics_dag' AIRFLOW_CTX_TASK_ID='tsk_load_to_s3' AIRFLOW_CTX_EXECUTION_DATE='2024-06-27T04:00:45.506442+00:00' AIRFLOW_CTX_TRY_NUMBER='1' AIRFLOW_CTX_DAG_RUN_ID='manual__2024-06-27T04:00:45.506442+00:00'
[2024-06-27T04:00:56.970+0000] {taskinstance.py:430} INFO - ::endgroup::
[2024-06-27T04:00:56.983+0000] {subprocess.py:63} INFO - Tmp dir root location: /tmp
[2024-06-27T04:00:56.983+0000] {subprocess.py:75} INFO - Running command: ['/usr/bin/bash', '-c', 'aws s3 mv /home/ubuntu/response_data_27062024040048.json s3://deevar-bucket/']
[2024-06-27T04:00:56.992+0000] {subprocess.py:86} INFO - Output:
[2024-06-27T04:00:57.752+0000] {subprocess.py:93} INFO - Completed 8.2 KiB/8.2 KiB (36.7 KiB/s) with 1 file(s) remainingmove: ../../home/ubuntu/response_data_27062024040048.json to s3://deevar-bucket/response_data_27062024040048.json
[2024-06-27T04:00:57.836+0000] {subprocess.py:97} INFO - Command exited with return code 0
[2024-06-27T04:00:57.837+0000] {taskinstance.py:441} INFO - ::group::Post task execution logs
[2024-06-27T04:00:57.857+0000] {taskinstance.py:1206} INFO - Marking task as SUCCESS. dag_id=amazon_analytics_dag, task_id=tsk_load_to_s3, run_id=manual__2024-06-27T04:00:45.506442+00:00, execution_date=20240627T040045, start_date=20240627T040056, end_date=20240627T040057
[2024-06-27T04:00:57.903+0000] {local_task_job_runner.py:240} INFO - Task exited with return code 0
[2024-06-27T04:00:57.915+0000] {taskinstance.py:3503} INFO - 0 downstream tasks scheduled from follow-on schedule check
[2024-06-27T04:00:57.916+0000] {local_task_job_runner.py:222} INFO - ::endgroup::
