[2024-07-01T02:24:11.078+0000] {local_task_job_runner.py:120} INFO - ::group::Pre task execution logs
[2024-07-01T02:24:11.087+0000] {taskinstance.py:2076} INFO - Dependencies all met for dep_context=non-requeueable deps ti=<TaskInstance: amazon_analytics_dag.tsk_load_to_s3 manual__2024-07-01T02:23:59.115850+00:00 [queued]>
[2024-07-01T02:24:11.094+0000] {taskinstance.py:2076} INFO - Dependencies all met for dep_context=requeueable deps ti=<TaskInstance: amazon_analytics_dag.tsk_load_to_s3 manual__2024-07-01T02:23:59.115850+00:00 [queued]>
[2024-07-01T02:24:11.094+0000] {taskinstance.py:2306} INFO - Starting attempt 1 of 3
[2024-07-01T02:24:11.120+0000] {taskinstance.py:2330} INFO - Executing <Task(BashOperator): tsk_load_to_s3> on 2024-07-01 02:23:59.115850+00:00
[2024-07-01T02:24:11.127+0000] {standard_task_runner.py:63} INFO - Started process 50788 to run task
[2024-07-01T02:24:11.130+0000] {standard_task_runner.py:90} INFO - Running: ['airflow', 'tasks', 'run', 'amazon_analytics_dag', 'tsk_load_to_s3', 'manual__2024-07-01T02:23:59.115850+00:00', '--job-id', '329', '--raw', '--subdir', 'DAGS_FOLDER/amazonanalytics.py', '--cfg-path', '/tmp/tmpecidi_as']
[2024-07-01T02:24:11.132+0000] {standard_task_runner.py:91} INFO - Job 329: Subtask tsk_load_to_s3
[2024-07-01T02:24:11.171+0000] {task_command.py:426} INFO - Running <TaskInstance: amazon_analytics_dag.tsk_load_to_s3 manual__2024-07-01T02:23:59.115850+00:00 [running]> on host ip-172-31-19-147.us-west-2.compute.internal
[2024-07-01T02:24:11.254+0000] {taskinstance.py:2648} INFO - Exporting env vars: AIRFLOW_CTX_DAG_EMAIL='deeptivarghese.education@gmail.com' AIRFLOW_CTX_DAG_OWNER='deeptv' AIRFLOW_CTX_DAG_ID='amazon_analytics_dag' AIRFLOW_CTX_TASK_ID='tsk_load_to_s3' AIRFLOW_CTX_EXECUTION_DATE='2024-07-01T02:23:59.115850+00:00' AIRFLOW_CTX_TRY_NUMBER='1' AIRFLOW_CTX_DAG_RUN_ID='manual__2024-07-01T02:23:59.115850+00:00'
[2024-07-01T02:24:11.254+0000] {taskinstance.py:430} INFO - ::endgroup::
[2024-07-01T02:24:11.268+0000] {subprocess.py:63} INFO - Tmp dir root location: /tmp
[2024-07-01T02:24:11.268+0000] {subprocess.py:75} INFO - Running command: ['/usr/bin/bash', '-c', 'aws s3 mv /home/ubuntu/response_data_01072024022405.json s3://deevar-bucket/']
[2024-07-01T02:24:11.278+0000] {subprocess.py:86} INFO - Output:
[2024-07-01T02:24:11.987+0000] {subprocess.py:93} INFO - Completed 46.9 KiB/46.9 KiB (285.5 KiB/s) with 1 file(s) remainingmove: ../../home/ubuntu/response_data_01072024022405.json to s3://deevar-bucket/response_data_01072024022405.json
[2024-07-01T02:24:12.080+0000] {subprocess.py:97} INFO - Command exited with return code 0
[2024-07-01T02:24:12.080+0000] {taskinstance.py:441} INFO - ::group::Post task execution logs
[2024-07-01T02:24:12.101+0000] {taskinstance.py:1206} INFO - Marking task as SUCCESS. dag_id=amazon_analytics_dag, task_id=tsk_load_to_s3, run_id=manual__2024-07-01T02:23:59.115850+00:00, execution_date=20240701T022359, start_date=20240701T022411, end_date=20240701T022412
[2024-07-01T02:24:12.145+0000] {local_task_job_runner.py:240} INFO - Task exited with return code 0
[2024-07-01T02:24:12.165+0000] {taskinstance.py:3503} INFO - 1 downstream tasks scheduled from follow-on schedule check
[2024-07-01T02:24:12.171+0000] {local_task_job_runner.py:222} INFO - ::endgroup::
