[2024-07-01T05:30:27.397+0000] {local_task_job_runner.py:120} INFO - ::group::Pre task execution logs
[2024-07-01T05:30:27.408+0000] {taskinstance.py:2076} INFO - Dependencies all met for dep_context=non-requeueable deps ti=<TaskInstance: amazon_analytics_dag.tsk_load_to_s3 scheduled__2024-07-01T04:00:00+00:00 [queued]>
[2024-07-01T05:30:27.414+0000] {taskinstance.py:2076} INFO - Dependencies all met for dep_context=requeueable deps ti=<TaskInstance: amazon_analytics_dag.tsk_load_to_s3 scheduled__2024-07-01T04:00:00+00:00 [queued]>
[2024-07-01T05:30:27.414+0000] {taskinstance.py:2306} INFO - Starting attempt 1 of 3
[2024-07-01T05:30:27.432+0000] {taskinstance.py:2330} INFO - Executing <Task(BashOperator): tsk_load_to_s3> on 2024-07-01 04:00:00+00:00
[2024-07-01T05:30:27.438+0000] {standard_task_runner.py:63} INFO - Started process 57233 to run task
[2024-07-01T05:30:27.442+0000] {standard_task_runner.py:90} INFO - Running: ['airflow', 'tasks', 'run', 'amazon_analytics_dag', 'tsk_load_to_s3', 'scheduled__2024-07-01T04:00:00+00:00', '--job-id', '367', '--raw', '--subdir', 'DAGS_FOLDER/amazonanalytics.py', '--cfg-path', '/tmp/tmpi3pxsbpf']
[2024-07-01T05:30:27.444+0000] {standard_task_runner.py:91} INFO - Job 367: Subtask tsk_load_to_s3
[2024-07-01T05:30:27.487+0000] {task_command.py:426} INFO - Running <TaskInstance: amazon_analytics_dag.tsk_load_to_s3 scheduled__2024-07-01T04:00:00+00:00 [running]> on host ip-172-31-19-147.us-west-2.compute.internal
[2024-07-01T05:30:27.579+0000] {taskinstance.py:2648} INFO - Exporting env vars: AIRFLOW_CTX_DAG_EMAIL='deeptivarghese.education@gmail.com' AIRFLOW_CTX_DAG_OWNER='deeptivarghese' AIRFLOW_CTX_DAG_ID='amazon_analytics_dag' AIRFLOW_CTX_TASK_ID='tsk_load_to_s3' AIRFLOW_CTX_EXECUTION_DATE='2024-07-01T04:00:00+00:00' AIRFLOW_CTX_TRY_NUMBER='1' AIRFLOW_CTX_DAG_RUN_ID='scheduled__2024-07-01T04:00:00+00:00'
[2024-07-01T05:30:27.580+0000] {taskinstance.py:430} INFO - ::endgroup::
[2024-07-01T05:30:27.594+0000] {subprocess.py:63} INFO - Tmp dir root location: /tmp
[2024-07-01T05:30:27.595+0000] {subprocess.py:75} INFO - Running command: ['/usr/bin/bash', '-c', 'aws s3 mv /home/ubuntu/response_data_01072024053021.json s3://deevar-bucket/']
[2024-07-01T05:30:27.608+0000] {subprocess.py:86} INFO - Output:
[2024-07-01T05:30:28.662+0000] {subprocess.py:93} INFO - Completed 47.1 KiB/47.1 KiB (256.0 KiB/s) with 1 file(s) remainingmove: ../../home/ubuntu/response_data_01072024053021.json to s3://deevar-bucket/response_data_01072024053021.json
[2024-07-01T05:30:28.763+0000] {subprocess.py:97} INFO - Command exited with return code 0
[2024-07-01T05:30:28.764+0000] {taskinstance.py:441} INFO - ::group::Post task execution logs
[2024-07-01T05:30:28.787+0000] {taskinstance.py:1206} INFO - Marking task as SUCCESS. dag_id=amazon_analytics_dag, task_id=tsk_load_to_s3, run_id=scheduled__2024-07-01T04:00:00+00:00, execution_date=20240701T040000, start_date=20240701T053027, end_date=20240701T053028
[2024-07-01T05:30:28.823+0000] {local_task_job_runner.py:240} INFO - Task exited with return code 0
[2024-07-01T05:30:28.844+0000] {taskinstance.py:3503} INFO - 1 downstream tasks scheduled from follow-on schedule check
[2024-07-01T05:30:28.852+0000] {local_task_job_runner.py:222} INFO - ::endgroup::
