[2024-06-30T06:32:59.642+0000] {local_task_job_runner.py:120} INFO - ::group::Pre task execution logs
[2024-06-30T06:32:59.652+0000] {taskinstance.py:2076} INFO - Dependencies all met for dep_context=non-requeueable deps ti=<TaskInstance: amazon_analytics_dag.tsk_load_to_s3 manual__2024-06-30T06:32:51.397712+00:00 [queued]>
[2024-06-30T06:32:59.658+0000] {taskinstance.py:2076} INFO - Dependencies all met for dep_context=requeueable deps ti=<TaskInstance: amazon_analytics_dag.tsk_load_to_s3 manual__2024-06-30T06:32:51.397712+00:00 [queued]>
[2024-06-30T06:32:59.659+0000] {taskinstance.py:2306} INFO - Starting attempt 1 of 3
[2024-06-30T06:32:59.674+0000] {taskinstance.py:2330} INFO - Executing <Task(BashOperator): tsk_load_to_s3> on 2024-06-30 06:32:51.397712+00:00
[2024-06-30T06:32:59.681+0000] {standard_task_runner.py:63} INFO - Started process 46669 to run task
[2024-06-30T06:32:59.684+0000] {standard_task_runner.py:90} INFO - Running: ['airflow', 'tasks', 'run', 'amazon_analytics_dag', 'tsk_load_to_s3', 'manual__2024-06-30T06:32:51.397712+00:00', '--job-id', '303', '--raw', '--subdir', 'DAGS_FOLDER/amazonanalytics.py', '--cfg-path', '/tmp/tmpe6ke5tw5']
[2024-06-30T06:32:59.686+0000] {standard_task_runner.py:91} INFO - Job 303: Subtask tsk_load_to_s3
[2024-06-30T06:32:59.726+0000] {task_command.py:426} INFO - Running <TaskInstance: amazon_analytics_dag.tsk_load_to_s3 manual__2024-06-30T06:32:51.397712+00:00 [running]> on host ip-172-31-19-147.us-west-2.compute.internal
[2024-06-30T06:32:59.809+0000] {taskinstance.py:2648} INFO - Exporting env vars: AIRFLOW_CTX_DAG_EMAIL='myemail@domain.com' AIRFLOW_CTX_DAG_OWNER='airflow' AIRFLOW_CTX_DAG_ID='amazon_analytics_dag' AIRFLOW_CTX_TASK_ID='tsk_load_to_s3' AIRFLOW_CTX_EXECUTION_DATE='2024-06-30T06:32:51.397712+00:00' AIRFLOW_CTX_TRY_NUMBER='1' AIRFLOW_CTX_DAG_RUN_ID='manual__2024-06-30T06:32:51.397712+00:00'
[2024-06-30T06:32:59.810+0000] {taskinstance.py:430} INFO - ::endgroup::
[2024-06-30T06:32:59.824+0000] {subprocess.py:63} INFO - Tmp dir root location: /tmp
[2024-06-30T06:32:59.824+0000] {subprocess.py:75} INFO - Running command: ['/usr/bin/bash', '-c', 'aws s3 mv /home/ubuntu/response_data_30062024063254.json s3://deevar-bucket/']
[2024-06-30T06:32:59.834+0000] {subprocess.py:86} INFO - Output:
[2024-06-30T06:33:00.568+0000] {subprocess.py:93} INFO - Completed 46.0 KiB/46.0 KiB (255.2 KiB/s) with 1 file(s) remainingmove: ../../home/ubuntu/response_data_30062024063254.json to s3://deevar-bucket/response_data_30062024063254.json
[2024-06-30T06:33:00.649+0000] {subprocess.py:97} INFO - Command exited with return code 0
[2024-06-30T06:33:00.650+0000] {taskinstance.py:441} INFO - ::group::Post task execution logs
[2024-06-30T06:33:00.671+0000] {taskinstance.py:1206} INFO - Marking task as SUCCESS. dag_id=amazon_analytics_dag, task_id=tsk_load_to_s3, run_id=manual__2024-06-30T06:32:51.397712+00:00, execution_date=20240630T063251, start_date=20240630T063259, end_date=20240630T063300
[2024-06-30T06:33:00.699+0000] {local_task_job_runner.py:240} INFO - Task exited with return code 0
[2024-06-30T06:33:00.721+0000] {taskinstance.py:3503} INFO - 1 downstream tasks scheduled from follow-on schedule check
[2024-06-30T06:33:00.728+0000] {local_task_job_runner.py:222} INFO - ::endgroup::
