[2024-06-27T01:44:49.831+0000] {local_task_job_runner.py:120} INFO - ::group::Pre task execution logs
[2024-06-27T01:44:49.851+0000] {taskinstance.py:2076} INFO - Dependencies all met for dep_context=non-requeueable deps ti=<TaskInstance: amazon_analytics_dag.tsk_load_to_s3 manual__2024-06-27T01:41:03.797961+00:00 [queued]>
[2024-06-27T01:44:49.857+0000] {taskinstance.py:2076} INFO - Dependencies all met for dep_context=requeueable deps ti=<TaskInstance: amazon_analytics_dag.tsk_load_to_s3 manual__2024-06-27T01:41:03.797961+00:00 [queued]>
[2024-06-27T01:44:49.857+0000] {taskinstance.py:2306} INFO - Starting attempt 1 of 3
[2024-06-27T01:44:49.874+0000] {taskinstance.py:2330} INFO - Executing <Task(BashOperator): tsk_load_to_s3> on 2024-06-27 01:41:03.797961+00:00
[2024-06-27T01:44:49.880+0000] {standard_task_runner.py:63} INFO - Started process 28868 to run task
[2024-06-27T01:44:49.883+0000] {standard_task_runner.py:90} INFO - Running: ['airflow', 'tasks', 'run', 'amazon_analytics_dag', 'tsk_load_to_s3', 'manual__2024-06-27T01:41:03.797961+00:00', '--job-id', '26', '--raw', '--subdir', 'DAGS_FOLDER/amazonanalytics.py', '--cfg-path', '/tmp/tmp49u_dcua']
[2024-06-27T01:44:49.885+0000] {standard_task_runner.py:91} INFO - Job 26: Subtask tsk_load_to_s3
[2024-06-27T01:44:49.924+0000] {task_command.py:426} INFO - Running <TaskInstance: amazon_analytics_dag.tsk_load_to_s3 manual__2024-06-27T01:41:03.797961+00:00 [running]> on host ip-172-31-19-147.us-west-2.compute.internal
[2024-06-27T01:44:50.004+0000] {taskinstance.py:2648} INFO - Exporting env vars: AIRFLOW_CTX_DAG_EMAIL='myemail@domain.com' AIRFLOW_CTX_DAG_OWNER='airflow' AIRFLOW_CTX_DAG_ID='amazon_analytics_dag' AIRFLOW_CTX_TASK_ID='tsk_load_to_s3' AIRFLOW_CTX_EXECUTION_DATE='2024-06-27T01:41:03.797961+00:00' AIRFLOW_CTX_TRY_NUMBER='1' AIRFLOW_CTX_DAG_RUN_ID='manual__2024-06-27T01:41:03.797961+00:00'
[2024-06-27T01:44:50.005+0000] {taskinstance.py:430} INFO - ::endgroup::
[2024-06-27T01:44:50.019+0000] {subprocess.py:63} INFO - Tmp dir root location: /tmp
[2024-06-27T01:44:50.019+0000] {subprocess.py:75} INFO - Running command: ['/usr/bin/bash', '-c', 'aws s3 mv /home/ubuntu/response_data_27062024014439.json s3://deevar-bucket/']
[2024-06-27T01:44:50.028+0000] {subprocess.py:86} INFO - Output:
[2024-06-27T01:44:50.741+0000] {subprocess.py:93} INFO - Completed 8.1 KiB/8.1 KiB (44.1 KiB/s) with 1 file(s) remainingmove: ../../home/ubuntu/response_data_27062024014439.json to s3://deevar-bucket/response_data_27062024014439.json
[2024-06-27T01:44:50.822+0000] {subprocess.py:97} INFO - Command exited with return code 0
[2024-06-27T01:44:50.822+0000] {taskinstance.py:441} INFO - ::group::Post task execution logs
[2024-06-27T01:44:50.843+0000] {taskinstance.py:1206} INFO - Marking task as SUCCESS. dag_id=amazon_analytics_dag, task_id=tsk_load_to_s3, run_id=manual__2024-06-27T01:41:03.797961+00:00, execution_date=20240627T014103, start_date=20240627T014449, end_date=20240627T014450
[2024-06-27T01:44:50.900+0000] {local_task_job_runner.py:240} INFO - Task exited with return code 0
[2024-06-27T01:44:50.912+0000] {taskinstance.py:3503} INFO - 0 downstream tasks scheduled from follow-on schedule check
[2024-06-27T01:44:50.913+0000] {local_task_job_runner.py:222} INFO - ::endgroup::
