2024-07-01 02:09:46.424 [info] Log level: Info
2024-07-01 02:09:46.424 [info] Validating found git in: "git"
2024-07-01 02:09:46.424 [info] Using git "2.43.0" from "git"
2024-07-01 02:09:46.424 [info] > git rev-parse --show-toplevel [3ms]
2024-07-01 02:09:46.424 [info] fatal: not a git repository (or any of the parent directories): .git
2024-07-01 02:09:46.424 [info] > git rev-parse --show-toplevel [1ms]
2024-07-01 02:09:46.424 [info] fatal: not a git repository (or any of the parent directories): .git
2024-07-01 02:09:46.424 [info] > git rev-parse --show-toplevel [1ms]
2024-07-01 02:09:46.424 [info] fatal: not a git repository (or any of the parent directories): .git
2024-07-01 02:09:46.424 [info] > git rev-parse --show-toplevel [0ms]
2024-07-01 02:09:46.424 [info] fatal: not a git repository (or any of the parent directories): .git
2024-07-01 02:09:46.424 [info] > git rev-parse --show-toplevel [1ms]
2024-07-01 02:09:46.424 [info] fatal: not a git repository (or any of the parent directories): .git
2024-07-01 02:09:46.424 [info] > git rev-parse --show-toplevel [2ms]
2024-07-01 02:09:46.424 [info] fatal: not a git repository (or any of the parent directories): .git
2024-07-01 02:09:46.424 [info] > git rev-parse --show-toplevel [1ms]
2024-07-01 02:09:46.424 [info] fatal: not a git repository (or any of the parent directories): .git
2024-07-01 02:09:46.424 [info] > git rev-parse --show-toplevel [1ms]
2024-07-01 02:09:46.424 [info] fatal: not a git repository (or any of the parent directories): .git
2024-07-01 02:09:46.424 [info] > git rev-parse --show-toplevel [1ms]
2024-07-01 02:09:46.424 [info] fatal: not a git repository (or any of the parent directories): .git
2024-07-01 02:10:10.541 [info] > git rev-parse --show-toplevel [2ms]
2024-07-01 02:10:10.541 [info] fatal: not a git repository (or any of the parent directories): .git
2024-07-01 02:10:12.583 [info] > git rev-parse --show-toplevel [1ms]
2024-07-01 02:10:12.583 [info] fatal: not a git repository (or any of the parent directories): .git
2024-07-01 02:11:10.897 [info] > git rev-parse --show-toplevel [2ms]
2024-07-01 02:11:10.897 [info] fatal: not a git repository (or any of the parent directories): .git
2024-07-01 03:14:50.539 [info] > git rev-parse --show-toplevel [1ms]
2024-07-01 03:14:50.539 [info] fatal: not a git repository (or any of the parent directories): .git
2024-07-01 03:25:09.103 [info] > git rev-parse --show-toplevel [1ms]
2024-07-01 03:25:09.103 [info] fatal: not a git repository (or any of the parent directories): .git
2024-07-01 03:25:22.327 [info] > git rev-parse --show-toplevel [2ms]
2024-07-01 03:25:22.327 [info] fatal: not a git repository (or any of the parent directories): .git
2024-07-01 03:25:25.151 [info] > git rev-parse --show-toplevel [1ms]
2024-07-01 03:25:25.151 [info] fatal: not a git repository (or any of the parent directories): .git
2024-07-01 04:10:12.200 [info] > git rev-parse --show-toplevel [2ms]
2024-07-01 04:10:12.200 [info] fatal: not a git repository (or any of the parent directories): .git
2024-07-01 04:15:31.081 [info] > git rev-parse --show-toplevel [2ms]
2024-07-01 04:15:31.086 [info] > git rev-parse --git-dir --git-common-dir [1ms]
2024-07-01 04:15:31.102 [info] Open repository: /home/ubuntu
2024-07-01 04:15:31.112 [info] No remotes found in the git config file.
2024-07-01 04:15:31.113 [info] > git config --get commit.template [5ms]
2024-07-01 04:15:31.114 [info] > git for-each-ref --format=%(refname)%00%(upstream:short)%00%(objectname)%00%(upstream:track)%00%(upstream:remotename)%00%(upstream:remoteref) refs/heads/master refs/remotes/master [2ms]
2024-07-01 04:15:31.115 [warning] No such branch: master.
2024-07-01 04:15:31.332 [info] > git status -z -uall [214ms] (cancelled)
2024-07-01 04:15:31.702 [info] > git check-ignore -v -z --stdin [3ms]
2024-07-01 04:15:31.920 [info] > git show --textconv :.ssh/authorized_keys [4ms]
2024-07-01 04:15:31.921 [info] > git ls-files --stage -- /home/ubuntu/.ssh/authorized_keys [2ms]
2024-07-01 04:16:22.478 [info] > git config --get commit.template [3ms]
2024-07-01 04:16:22.483 [info] No remotes found in the git config file.
2024-07-01 04:16:22.502 [info] > git for-each-ref --format=%(refname)%00%(upstream:short)%00%(objectname)%00%(upstream:track)%00%(upstream:remotename)%00%(upstream:remoteref) refs/heads/master refs/remotes/master [7ms]
2024-07-01 04:16:22.502 [warning] No such branch: master.
2024-07-01 04:16:23.039 [info] > git status -z -uall [528ms] (cancelled)
2024-07-01 04:17:39.653 [info] > git check-ignore -v -z --stdin [1ms]
2024-07-01 04:21:23.280 [info] > git check-ignore -v -z --stdin [1ms]
