[2024-07-01T03:47:01.908+0000] {local_task_job_runner.py:120} INFO - ::group::Pre task execution logs
[2024-07-01T03:47:01.919+0000] {taskinstance.py:2076} INFO - Dependencies all met for dep_context=non-requeueable deps ti=<TaskInstance: amazon_analytics_dag.tsk_load_to_s3 manual__2024-07-01T03:46:53.266340+00:00 [queued]>
[2024-07-01T03:47:01.926+0000] {taskinstance.py:2076} INFO - Dependencies all met for dep_context=requeueable deps ti=<TaskInstance: amazon_analytics_dag.tsk_load_to_s3 manual__2024-07-01T03:46:53.266340+00:00 [queued]>
[2024-07-01T03:47:01.926+0000] {taskinstance.py:2306} INFO - Starting attempt 1 of 3
[2024-07-01T03:47:01.943+0000] {taskinstance.py:2330} INFO - Executing <Task(BashOperator): tsk_load_to_s3> on 2024-07-01 03:46:53.266340+00:00
[2024-07-01T03:47:01.949+0000] {standard_task_runner.py:63} INFO - Started process 51505 to run task
[2024-07-01T03:47:01.952+0000] {standard_task_runner.py:90} INFO - Running: ['airflow', 'tasks', 'run', 'amazon_analytics_dag', 'tsk_load_to_s3', 'manual__2024-07-01T03:46:53.266340+00:00', '--job-id', '357', '--raw', '--subdir', 'DAGS_FOLDER/amazonanalytics.py', '--cfg-path', '/tmp/tmp5sb_czp0']
[2024-07-01T03:47:01.954+0000] {standard_task_runner.py:91} INFO - Job 357: Subtask tsk_load_to_s3
[2024-07-01T03:47:01.996+0000] {task_command.py:426} INFO - Running <TaskInstance: amazon_analytics_dag.tsk_load_to_s3 manual__2024-07-01T03:46:53.266340+00:00 [running]> on host ip-172-31-19-147.us-west-2.compute.internal
[2024-07-01T03:47:02.089+0000] {taskinstance.py:2648} INFO - Exporting env vars: AIRFLOW_CTX_DAG_EMAIL='deeptivarghese.education@gmail.com' AIRFLOW_CTX_DAG_OWNER='deeptivarghese' AIRFLOW_CTX_DAG_ID='amazon_analytics_dag' AIRFLOW_CTX_TASK_ID='tsk_load_to_s3' AIRFLOW_CTX_EXECUTION_DATE='2024-07-01T03:46:53.266340+00:00' AIRFLOW_CTX_TRY_NUMBER='1' AIRFLOW_CTX_DAG_RUN_ID='manual__2024-07-01T03:46:53.266340+00:00'
[2024-07-01T03:47:02.090+0000] {taskinstance.py:430} INFO - ::endgroup::
[2024-07-01T03:47:02.104+0000] {subprocess.py:63} INFO - Tmp dir root location: /tmp
[2024-07-01T03:47:02.105+0000] {subprocess.py:75} INFO - Running command: ['/usr/bin/bash', '-c', 'aws s3 mv /home/ubuntu/response_data_01072024034656.json s3://deevar-bucket/']
[2024-07-01T03:47:02.116+0000] {subprocess.py:86} INFO - Output:
[2024-07-01T03:47:02.846+0000] {subprocess.py:93} INFO - Completed 47.0 KiB/47.0 KiB (259.8 KiB/s) with 1 file(s) remainingmove: ../../home/ubuntu/response_data_01072024034656.json to s3://deevar-bucket/response_data_01072024034656.json
[2024-07-01T03:47:02.932+0000] {subprocess.py:97} INFO - Command exited with return code 0
[2024-07-01T03:47:02.932+0000] {taskinstance.py:441} INFO - ::group::Post task execution logs
[2024-07-01T03:47:02.955+0000] {taskinstance.py:1206} INFO - Marking task as SUCCESS. dag_id=amazon_analytics_dag, task_id=tsk_load_to_s3, run_id=manual__2024-07-01T03:46:53.266340+00:00, execution_date=20240701T034653, start_date=20240701T034701, end_date=20240701T034702
[2024-07-01T03:47:03.011+0000] {local_task_job_runner.py:240} INFO - Task exited with return code 0
[2024-07-01T03:47:03.032+0000] {taskinstance.py:3503} INFO - 1 downstream tasks scheduled from follow-on schedule check
[2024-07-01T03:47:03.040+0000] {local_task_job_runner.py:222} INFO - ::endgroup::
