[2024-06-29T21:06:54.718+0000] {local_task_job_runner.py:120} INFO - ::group::Pre task execution logs
[2024-06-29T21:06:54.728+0000] {taskinstance.py:2076} INFO - Dependencies all met for dep_context=non-requeueable deps ti=<TaskInstance: amazon_analytics_dag.tsk_load_to_s3 manual__2024-06-29T21:06:45.858720+00:00 [queued]>
[2024-06-29T21:06:54.734+0000] {taskinstance.py:2076} INFO - Dependencies all met for dep_context=requeueable deps ti=<TaskInstance: amazon_analytics_dag.tsk_load_to_s3 manual__2024-06-29T21:06:45.858720+00:00 [queued]>
[2024-06-29T21:06:54.734+0000] {taskinstance.py:2306} INFO - Starting attempt 1 of 3
[2024-06-29T21:06:54.751+0000] {taskinstance.py:2330} INFO - Executing <Task(BashOperator): tsk_load_to_s3> on 2024-06-29 21:06:45.858720+00:00
[2024-06-29T21:06:54.757+0000] {standard_task_runner.py:63} INFO - Started process 43674 to run task
[2024-06-29T21:06:54.761+0000] {standard_task_runner.py:90} INFO - Running: ['airflow', 'tasks', 'run', 'amazon_analytics_dag', 'tsk_load_to_s3', 'manual__2024-06-29T21:06:45.858720+00:00', '--job-id', '181', '--raw', '--subdir', 'DAGS_FOLDER/amazonanalytics.py', '--cfg-path', '/tmp/tmpaaedwduh']
[2024-06-29T21:06:54.763+0000] {standard_task_runner.py:91} INFO - Job 181: Subtask tsk_load_to_s3
[2024-06-29T21:06:54.802+0000] {task_command.py:426} INFO - Running <TaskInstance: amazon_analytics_dag.tsk_load_to_s3 manual__2024-06-29T21:06:45.858720+00:00 [running]> on host ip-172-31-19-147.us-west-2.compute.internal
[2024-06-29T21:06:54.886+0000] {taskinstance.py:2648} INFO - Exporting env vars: AIRFLOW_CTX_DAG_EMAIL='myemail@domain.com' AIRFLOW_CTX_DAG_OWNER='airflow' AIRFLOW_CTX_DAG_ID='amazon_analytics_dag' AIRFLOW_CTX_TASK_ID='tsk_load_to_s3' AIRFLOW_CTX_EXECUTION_DATE='2024-06-29T21:06:45.858720+00:00' AIRFLOW_CTX_TRY_NUMBER='1' AIRFLOW_CTX_DAG_RUN_ID='manual__2024-06-29T21:06:45.858720+00:00'
[2024-06-29T21:06:54.887+0000] {taskinstance.py:430} INFO - ::endgroup::
[2024-06-29T21:06:54.900+0000] {subprocess.py:63} INFO - Tmp dir root location: /tmp
[2024-06-29T21:06:54.901+0000] {subprocess.py:75} INFO - Running command: ['/usr/bin/bash', '-c', 'aws s3 mv /home/ubuntu/response_data_29062024210649.json s3://deevar-bucket/']
[2024-06-29T21:06:54.910+0000] {subprocess.py:86} INFO - Output:
[2024-06-29T21:06:55.633+0000] {subprocess.py:93} INFO - Completed 45.8 KiB/45.8 KiB (258.9 KiB/s) with 1 file(s) remainingmove: ../../home/ubuntu/response_data_29062024210649.json to s3://deevar-bucket/response_data_29062024210649.json
[2024-06-29T21:06:55.712+0000] {subprocess.py:97} INFO - Command exited with return code 0
[2024-06-29T21:06:55.713+0000] {taskinstance.py:441} INFO - ::group::Post task execution logs
[2024-06-29T21:06:55.737+0000] {taskinstance.py:1206} INFO - Marking task as SUCCESS. dag_id=amazon_analytics_dag, task_id=tsk_load_to_s3, run_id=manual__2024-06-29T21:06:45.858720+00:00, execution_date=20240629T210645, start_date=20240629T210654, end_date=20240629T210655
[2024-06-29T21:06:55.776+0000] {local_task_job_runner.py:240} INFO - Task exited with return code 0
[2024-06-29T21:06:55.797+0000] {taskinstance.py:3503} INFO - 1 downstream tasks scheduled from follow-on schedule check
[2024-06-29T21:06:55.803+0000] {local_task_job_runner.py:222} INFO - ::endgroup::
