[2024-06-29T21:20:01.544+0000] {local_task_job_runner.py:120} INFO - ::group::Pre task execution logs
[2024-06-29T21:20:01.557+0000] {taskinstance.py:2076} INFO - Dependencies all met for dep_context=non-requeueable deps ti=<TaskInstance: amazon_analytics_dag.tsk_load_to_s3 manual__2024-06-29T21:19:52.303062+00:00 [queued]>
[2024-06-29T21:20:01.565+0000] {taskinstance.py:2076} INFO - Dependencies all met for dep_context=requeueable deps ti=<TaskInstance: amazon_analytics_dag.tsk_load_to_s3 manual__2024-06-29T21:19:52.303062+00:00 [queued]>
[2024-06-29T21:20:01.565+0000] {taskinstance.py:2306} INFO - Starting attempt 1 of 3
[2024-06-29T21:20:01.584+0000] {taskinstance.py:2330} INFO - Executing <Task(BashOperator): tsk_load_to_s3> on 2024-06-29 21:19:52.303062+00:00
[2024-06-29T21:20:01.590+0000] {standard_task_runner.py:63} INFO - Started process 43729 to run task
[2024-06-29T21:20:01.593+0000] {standard_task_runner.py:90} INFO - Running: ['airflow', 'tasks', 'run', 'amazon_analytics_dag', 'tsk_load_to_s3', 'manual__2024-06-29T21:19:52.303062+00:00', '--job-id', '184', '--raw', '--subdir', 'DAGS_FOLDER/amazonanalytics.py', '--cfg-path', '/tmp/tmpk6qbe3q3']
[2024-06-29T21:20:01.595+0000] {standard_task_runner.py:91} INFO - Job 184: Subtask tsk_load_to_s3
[2024-06-29T21:20:01.637+0000] {task_command.py:426} INFO - Running <TaskInstance: amazon_analytics_dag.tsk_load_to_s3 manual__2024-06-29T21:19:52.303062+00:00 [running]> on host ip-172-31-19-147.us-west-2.compute.internal
[2024-06-29T21:20:01.728+0000] {taskinstance.py:2648} INFO - Exporting env vars: AIRFLOW_CTX_DAG_EMAIL='myemail@domain.com' AIRFLOW_CTX_DAG_OWNER='airflow' AIRFLOW_CTX_DAG_ID='amazon_analytics_dag' AIRFLOW_CTX_TASK_ID='tsk_load_to_s3' AIRFLOW_CTX_EXECUTION_DATE='2024-06-29T21:19:52.303062+00:00' AIRFLOW_CTX_TRY_NUMBER='1' AIRFLOW_CTX_DAG_RUN_ID='manual__2024-06-29T21:19:52.303062+00:00'
[2024-06-29T21:20:01.729+0000] {taskinstance.py:430} INFO - ::endgroup::
[2024-06-29T21:20:01.744+0000] {subprocess.py:63} INFO - Tmp dir root location: /tmp
[2024-06-29T21:20:01.745+0000] {subprocess.py:75} INFO - Running command: ['/usr/bin/bash', '-c', 'aws s3 mv /home/ubuntu/response_data_29062024211955.json s3://deevar-bucket/']
[2024-06-29T21:20:01.756+0000] {subprocess.py:86} INFO - Output:
[2024-06-29T21:20:02.617+0000] {subprocess.py:93} INFO - Completed 46.0 KiB/46.0 KiB (157.6 KiB/s) with 1 file(s) remainingmove: ../../home/ubuntu/response_data_29062024211955.json to s3://deevar-bucket/response_data_29062024211955.json
[2024-06-29T21:20:02.716+0000] {subprocess.py:97} INFO - Command exited with return code 0
[2024-06-29T21:20:02.717+0000] {taskinstance.py:441} INFO - ::group::Post task execution logs
[2024-06-29T21:20:02.741+0000] {taskinstance.py:1206} INFO - Marking task as SUCCESS. dag_id=amazon_analytics_dag, task_id=tsk_load_to_s3, run_id=manual__2024-06-29T21:19:52.303062+00:00, execution_date=20240629T211952, start_date=20240629T212001, end_date=20240629T212002
[2024-06-29T21:20:02.769+0000] {local_task_job_runner.py:240} INFO - Task exited with return code 0
[2024-06-29T21:20:02.791+0000] {taskinstance.py:3503} INFO - 1 downstream tasks scheduled from follow-on schedule check
[2024-06-29T21:20:02.798+0000] {local_task_job_runner.py:222} INFO - ::endgroup::
