2024-06-27 01:38:13.925 [info] Log level: Info
2024-06-27 01:38:13.925 [info] Validating found git in: "git"
2024-06-27 01:38:13.925 [info] Using git "2.43.0" from "git"
2024-06-27 01:38:13.925 [info] > git rev-parse --show-toplevel [17ms]
2024-06-27 01:38:13.925 [info] fatal: not a git repository (or any of the parent directories): .git
2024-06-27 01:38:13.925 [info] > git rev-parse --show-toplevel [21ms]
2024-06-27 01:38:13.925 [info] fatal: not a git repository (or any of the parent directories): .git
2024-06-27 01:38:13.925 [info] > git rev-parse --show-toplevel [2ms]
2024-06-27 01:38:13.925 [info] fatal: not a git repository (or any of the parent directories): .git
2024-06-27 01:38:13.925 [info] > git rev-parse --show-toplevel [2ms]
2024-06-27 01:38:13.925 [info] fatal: not a git repository (or any of the parent directories): .git
2024-06-27 01:38:13.930 [info] > git rev-parse --show-toplevel [1ms]
2024-06-27 01:38:13.930 [info] fatal: not a git repository (or any of the parent directories): .git
2024-06-27 01:38:13.934 [info] > git rev-parse --show-toplevel [1ms]
2024-06-27 01:38:13.934 [info] fatal: not a git repository (or any of the parent directories): .git
2024-06-27 01:38:13.939 [info] > git rev-parse --show-toplevel [0ms]
2024-06-27 01:38:13.939 [info] fatal: not a git repository (or any of the parent directories): .git
2024-06-27 01:38:13.943 [info] > git rev-parse --show-toplevel [1ms]
2024-06-27 01:38:13.943 [info] fatal: not a git repository (or any of the parent directories): .git
2024-06-27 01:38:13.948 [info] > git rev-parse --show-toplevel [1ms]
2024-06-27 01:38:13.948 [info] fatal: not a git repository (or any of the parent directories): .git
2024-06-27 01:38:59.957 [info] > git rev-parse --show-toplevel [2ms]
2024-06-27 01:38:59.957 [info] fatal: not a git repository (or any of the parent directories): .git
2024-06-27 01:39:11.145 [info] > git rev-parse --show-toplevel [3ms]
2024-06-27 01:39:11.145 [info] fatal: not a git repository (or any of the parent directories): .git
