[2024-06-28T04:53:49.890+0000] {local_task_job_runner.py:120} INFO - ::group::Pre task execution logs
[2024-06-28T04:53:49.900+0000] {taskinstance.py:2076} INFO - Dependencies all met for dep_context=non-requeueable deps ti=<TaskInstance: amazon_analytics_dag.tsk_load_to_s3 manual__2024-06-28T04:53:39.640702+00:00 [queued]>
[2024-06-28T04:53:49.906+0000] {taskinstance.py:2076} INFO - Dependencies all met for dep_context=requeueable deps ti=<TaskInstance: amazon_analytics_dag.tsk_load_to_s3 manual__2024-06-28T04:53:39.640702+00:00 [queued]>
[2024-06-28T04:53:49.906+0000] {taskinstance.py:2306} INFO - Starting attempt 1 of 3
[2024-06-28T04:53:49.921+0000] {taskinstance.py:2330} INFO - Executing <Task(BashOperator): tsk_load_to_s3> on 2024-06-28 04:53:39.640702+00:00
[2024-06-28T04:53:49.928+0000] {standard_task_runner.py:63} INFO - Started process 37335 to run task
[2024-06-28T04:53:49.931+0000] {standard_task_runner.py:90} INFO - Running: ['airflow', 'tasks', 'run', 'amazon_analytics_dag', 'tsk_load_to_s3', 'manual__2024-06-28T04:53:39.640702+00:00', '--job-id', '109', '--raw', '--subdir', 'DAGS_FOLDER/amazonanalytics.py', '--cfg-path', '/tmp/tmpdx3g_e4f']
[2024-06-28T04:53:49.933+0000] {standard_task_runner.py:91} INFO - Job 109: Subtask tsk_load_to_s3
[2024-06-28T04:53:49.972+0000] {task_command.py:426} INFO - Running <TaskInstance: amazon_analytics_dag.tsk_load_to_s3 manual__2024-06-28T04:53:39.640702+00:00 [running]> on host ip-172-31-19-147.us-west-2.compute.internal
[2024-06-28T04:53:50.058+0000] {taskinstance.py:2648} INFO - Exporting env vars: AIRFLOW_CTX_DAG_EMAIL='myemail@domain.com' AIRFLOW_CTX_DAG_OWNER='airflow' AIRFLOW_CTX_DAG_ID='amazon_analytics_dag' AIRFLOW_CTX_TASK_ID='tsk_load_to_s3' AIRFLOW_CTX_EXECUTION_DATE='2024-06-28T04:53:39.640702+00:00' AIRFLOW_CTX_TRY_NUMBER='1' AIRFLOW_CTX_DAG_RUN_ID='manual__2024-06-28T04:53:39.640702+00:00'
[2024-06-28T04:53:50.059+0000] {taskinstance.py:430} INFO - ::endgroup::
[2024-06-28T04:53:50.072+0000] {subprocess.py:63} INFO - Tmp dir root location: /tmp
[2024-06-28T04:53:50.073+0000] {subprocess.py:75} INFO - Running command: ['/usr/bin/bash', '-c', 'aws s3 mv /home/ubuntu/response_data_28062024045342.json s3://deevar-bucket/']
[2024-06-28T04:53:50.084+0000] {subprocess.py:86} INFO - Output:
[2024-06-28T04:53:50.781+0000] {subprocess.py:93} INFO - Completed 8.1 KiB/8.1 KiB (50.5 KiB/s) with 1 file(s) remainingmove: ../../home/ubuntu/response_data_28062024045342.json to s3://deevar-bucket/response_data_28062024045342.json
[2024-06-28T04:53:50.869+0000] {subprocess.py:97} INFO - Command exited with return code 0
[2024-06-28T04:53:50.870+0000] {taskinstance.py:441} INFO - ::group::Post task execution logs
[2024-06-28T04:53:50.893+0000] {taskinstance.py:1206} INFO - Marking task as SUCCESS. dag_id=amazon_analytics_dag, task_id=tsk_load_to_s3, run_id=manual__2024-06-28T04:53:39.640702+00:00, execution_date=20240628T045339, start_date=20240628T045349, end_date=20240628T045350
[2024-06-28T04:53:50.946+0000] {local_task_job_runner.py:240} INFO - Task exited with return code 0
[2024-06-28T04:53:50.963+0000] {taskinstance.py:3503} INFO - 1 downstream tasks scheduled from follow-on schedule check
[2024-06-28T04:53:50.970+0000] {local_task_job_runner.py:222} INFO - ::endgroup::
