[2024-07-01T02:23:54.072+0000] {local_task_job_runner.py:120} INFO - ::group::Pre task execution logs
[2024-07-01T02:23:54.083+0000] {taskinstance.py:2076} INFO - Dependencies all met for dep_context=non-requeueable deps ti=<TaskInstance: amazon_analytics_dag.tsk_load_to_s3 scheduled__2024-07-01T01:00:00+00:00 [queued]>
[2024-07-01T02:23:54.090+0000] {taskinstance.py:2076} INFO - Dependencies all met for dep_context=requeueable deps ti=<TaskInstance: amazon_analytics_dag.tsk_load_to_s3 scheduled__2024-07-01T01:00:00+00:00 [queued]>
[2024-07-01T02:23:54.090+0000] {taskinstance.py:2306} INFO - Starting attempt 1 of 3
[2024-07-01T02:23:54.106+0000] {taskinstance.py:2330} INFO - Executing <Task(BashOperator): tsk_load_to_s3> on 2024-07-01 01:00:00+00:00
[2024-07-01T02:23:54.112+0000] {standard_task_runner.py:63} INFO - Started process 50775 to run task
[2024-07-01T02:23:54.115+0000] {standard_task_runner.py:90} INFO - Running: ['airflow', 'tasks', 'run', 'amazon_analytics_dag', 'tsk_load_to_s3', 'scheduled__2024-07-01T01:00:00+00:00', '--job-id', '325', '--raw', '--subdir', 'DAGS_FOLDER/amazonanalytics.py', '--cfg-path', '/tmp/tmp_wspn2xb']
[2024-07-01T02:23:54.117+0000] {standard_task_runner.py:91} INFO - Job 325: Subtask tsk_load_to_s3
[2024-07-01T02:23:54.156+0000] {task_command.py:426} INFO - Running <TaskInstance: amazon_analytics_dag.tsk_load_to_s3 scheduled__2024-07-01T01:00:00+00:00 [running]> on host ip-172-31-19-147.us-west-2.compute.internal
[2024-07-01T02:23:54.238+0000] {taskinstance.py:2648} INFO - Exporting env vars: AIRFLOW_CTX_DAG_EMAIL='deeptivarghese.education@gmail.com' AIRFLOW_CTX_DAG_OWNER='deeptv' AIRFLOW_CTX_DAG_ID='amazon_analytics_dag' AIRFLOW_CTX_TASK_ID='tsk_load_to_s3' AIRFLOW_CTX_EXECUTION_DATE='2024-07-01T01:00:00+00:00' AIRFLOW_CTX_TRY_NUMBER='1' AIRFLOW_CTX_DAG_RUN_ID='scheduled__2024-07-01T01:00:00+00:00'
[2024-07-01T02:23:54.239+0000] {taskinstance.py:430} INFO - ::endgroup::
[2024-07-01T02:23:54.252+0000] {subprocess.py:63} INFO - Tmp dir root location: /tmp
[2024-07-01T02:23:54.253+0000] {subprocess.py:75} INFO - Running command: ['/usr/bin/bash', '-c', 'aws s3 mv /home/ubuntu/response_data_01072024022348.json s3://deevar-bucket/']
[2024-07-01T02:23:54.262+0000] {subprocess.py:86} INFO - Output:
[2024-07-01T02:23:55.015+0000] {subprocess.py:93} INFO - Completed 46.8 KiB/46.8 KiB (218.4 KiB/s) with 1 file(s) remainingmove: ../../home/ubuntu/response_data_01072024022348.json to s3://deevar-bucket/response_data_01072024022348.json
[2024-07-01T02:23:55.096+0000] {subprocess.py:97} INFO - Command exited with return code 0
[2024-07-01T02:23:55.096+0000] {taskinstance.py:441} INFO - ::group::Post task execution logs
[2024-07-01T02:23:55.116+0000] {taskinstance.py:1206} INFO - Marking task as SUCCESS. dag_id=amazon_analytics_dag, task_id=tsk_load_to_s3, run_id=scheduled__2024-07-01T01:00:00+00:00, execution_date=20240701T010000, start_date=20240701T022354, end_date=20240701T022355
[2024-07-01T02:23:55.172+0000] {local_task_job_runner.py:240} INFO - Task exited with return code 0
[2024-07-01T02:23:55.192+0000] {taskinstance.py:3503} INFO - 1 downstream tasks scheduled from follow-on schedule check
[2024-07-01T02:23:55.198+0000] {local_task_job_runner.py:222} INFO - ::endgroup::
