[2024-06-27T23:31:06.526+0000] {local_task_job_runner.py:120} INFO - ::group::Pre task execution logs
[2024-06-27T23:31:06.537+0000] {taskinstance.py:2076} INFO - Dependencies all met for dep_context=non-requeueable deps ti=<TaskInstance: amazon_analytics_dag.tsk_load_to_s3 manual__2024-06-27T23:30:56.437165+00:00 [queued]>
[2024-06-27T23:31:06.544+0000] {taskinstance.py:2076} INFO - Dependencies all met for dep_context=requeueable deps ti=<TaskInstance: amazon_analytics_dag.tsk_load_to_s3 manual__2024-06-27T23:30:56.437165+00:00 [queued]>
[2024-06-27T23:31:06.544+0000] {taskinstance.py:2306} INFO - Starting attempt 1 of 3
[2024-06-27T23:31:06.560+0000] {taskinstance.py:2330} INFO - Executing <Task(BashOperator): tsk_load_to_s3> on 2024-06-27 23:30:56.437165+00:00
[2024-06-27T23:31:06.566+0000] {standard_task_runner.py:63} INFO - Started process 33862 to run task
[2024-06-27T23:31:06.569+0000] {standard_task_runner.py:90} INFO - Running: ['airflow', 'tasks', 'run', 'amazon_analytics_dag', 'tsk_load_to_s3', 'manual__2024-06-27T23:30:56.437165+00:00', '--job-id', '54', '--raw', '--subdir', 'DAGS_FOLDER/amazonanalytics.py', '--cfg-path', '/tmp/tmpa85ogwi7']
[2024-06-27T23:31:06.571+0000] {standard_task_runner.py:91} INFO - Job 54: Subtask tsk_load_to_s3
[2024-06-27T23:31:06.610+0000] {task_command.py:426} INFO - Running <TaskInstance: amazon_analytics_dag.tsk_load_to_s3 manual__2024-06-27T23:30:56.437165+00:00 [running]> on host ip-172-31-19-147.us-west-2.compute.internal
[2024-06-27T23:31:06.690+0000] {taskinstance.py:2648} INFO - Exporting env vars: AIRFLOW_CTX_DAG_EMAIL='myemail@domain.com' AIRFLOW_CTX_DAG_OWNER='airflow' AIRFLOW_CTX_DAG_ID='amazon_analytics_dag' AIRFLOW_CTX_TASK_ID='tsk_load_to_s3' AIRFLOW_CTX_EXECUTION_DATE='2024-06-27T23:30:56.437165+00:00' AIRFLOW_CTX_TRY_NUMBER='1' AIRFLOW_CTX_DAG_RUN_ID='manual__2024-06-27T23:30:56.437165+00:00'
[2024-06-27T23:31:06.691+0000] {taskinstance.py:430} INFO - ::endgroup::
[2024-06-27T23:31:06.704+0000] {subprocess.py:63} INFO - Tmp dir root location: /tmp
[2024-06-27T23:31:06.705+0000] {subprocess.py:75} INFO - Running command: ['/usr/bin/bash', '-c', 'aws s3 mv /home/ubuntu/response_data_27062024233059.json s3://deevar-bucket/']
[2024-06-27T23:31:06.714+0000] {subprocess.py:86} INFO - Output:
[2024-06-27T23:31:07.424+0000] {subprocess.py:93} INFO - Completed 8.1 KiB/8.1 KiB (43.6 KiB/s) with 1 file(s) remainingmove: ../../home/ubuntu/response_data_27062024233059.json to s3://deevar-bucket/response_data_27062024233059.json
[2024-06-27T23:31:07.497+0000] {subprocess.py:97} INFO - Command exited with return code 0
[2024-06-27T23:31:07.498+0000] {taskinstance.py:441} INFO - ::group::Post task execution logs
[2024-06-27T23:31:07.518+0000] {taskinstance.py:1206} INFO - Marking task as SUCCESS. dag_id=amazon_analytics_dag, task_id=tsk_load_to_s3, run_id=manual__2024-06-27T23:30:56.437165+00:00, execution_date=20240627T233056, start_date=20240627T233106, end_date=20240627T233107
[2024-06-27T23:31:07.544+0000] {local_task_job_runner.py:240} INFO - Task exited with return code 0
[2024-06-27T23:31:07.559+0000] {taskinstance.py:3503} INFO - 1 downstream tasks scheduled from follow-on schedule check
[2024-06-27T23:31:07.566+0000] {local_task_job_runner.py:222} INFO - ::endgroup::
