[2024-06-30T01:49:25.352+0000] {local_task_job_runner.py:120} INFO - ::group::Pre task execution logs
[2024-06-30T01:49:25.362+0000] {taskinstance.py:2076} INFO - Dependencies all met for dep_context=non-requeueable deps ti=<TaskInstance: amazon_analytics_dag.tsk_is_file_in_s3_available manual__2024-06-30T01:49:12.977754+00:00 [queued]>
[2024-06-30T01:49:25.368+0000] {taskinstance.py:2076} INFO - Dependencies all met for dep_context=requeueable deps ti=<TaskInstance: amazon_analytics_dag.tsk_is_file_in_s3_available manual__2024-06-30T01:49:12.977754+00:00 [queued]>
[2024-06-30T01:49:25.368+0000] {taskinstance.py:2306} INFO - Starting attempt 1 of 3
[2024-06-30T01:49:25.385+0000] {taskinstance.py:2330} INFO - Executing <Task(S3KeySensor): tsk_is_file_in_s3_available> on 2024-06-30 01:49:12.977754+00:00
[2024-06-30T01:49:25.391+0000] {standard_task_runner.py:63} INFO - Started process 45091 to run task
[2024-06-30T01:49:25.394+0000] {standard_task_runner.py:90} INFO - Running: ['airflow', 'tasks', 'run', 'amazon_analytics_dag', 'tsk_is_file_in_s3_available', 'manual__2024-06-30T01:49:12.977754+00:00', '--job-id', '254', '--raw', '--subdir', 'DAGS_FOLDER/amazonanalytics.py', '--cfg-path', '/tmp/tmpa73a2_08']
[2024-06-30T01:49:25.396+0000] {standard_task_runner.py:91} INFO - Job 254: Subtask tsk_is_file_in_s3_available
[2024-06-30T01:49:25.435+0000] {task_command.py:426} INFO - Running <TaskInstance: amazon_analytics_dag.tsk_is_file_in_s3_available manual__2024-06-30T01:49:12.977754+00:00 [running]> on host ip-172-31-19-147.us-west-2.compute.internal
[2024-06-30T01:49:25.518+0000] {taskinstance.py:2648} INFO - Exporting env vars: AIRFLOW_CTX_DAG_EMAIL='myemail@domain.com' AIRFLOW_CTX_DAG_OWNER='airflow' AIRFLOW_CTX_DAG_ID='amazon_analytics_dag' AIRFLOW_CTX_TASK_ID='tsk_is_file_in_s3_available' AIRFLOW_CTX_EXECUTION_DATE='2024-06-30T01:49:12.977754+00:00' AIRFLOW_CTX_TRY_NUMBER='1' AIRFLOW_CTX_DAG_RUN_ID='manual__2024-06-30T01:49:12.977754+00:00'
[2024-06-30T01:49:25.519+0000] {taskinstance.py:430} INFO - ::endgroup::
[2024-06-30T01:49:25.531+0000] {baseoperator.py:400} WARNING - S3KeySensor.execute cannot be called outside TaskInstance!
[2024-06-30T01:49:25.531+0000] {s3.py:117} INFO - Poking for key : s3://cleaned-data-zone-csv-bucket5/response_data_30062024014915.csv
[2024-06-30T01:49:25.537+0000] {base.py:84} INFO - Using connection ID 'aws_s3_conn' for task execution.
[2024-06-30T01:49:25.537+0000] {connection_wrapper.py:384} INFO - AWS Connection (conn_id='aws_s3_conn', conn_type='aws') credentials retrieved from login and password.
[2024-06-30T01:49:31.167+0000] {s3.py:117} INFO - Poking for key : s3://cleaned-data-zone-csv-bucket5/response_data_30062024014915.csv
[2024-06-30T01:49:36.179+0000] {s3.py:117} INFO - Poking for key : s3://cleaned-data-zone-csv-bucket5/response_data_30062024014915.csv
[2024-06-30T01:49:41.190+0000] {s3.py:117} INFO - Poking for key : s3://cleaned-data-zone-csv-bucket5/response_data_30062024014915.csv
[2024-06-30T01:49:46.198+0000] {s3.py:117} INFO - Poking for key : s3://cleaned-data-zone-csv-bucket5/response_data_30062024014915.csv
[2024-06-30T01:49:51.210+0000] {s3.py:117} INFO - Poking for key : s3://cleaned-data-zone-csv-bucket5/response_data_30062024014915.csv
[2024-06-30T01:49:56.221+0000] {s3.py:117} INFO - Poking for key : s3://cleaned-data-zone-csv-bucket5/response_data_30062024014915.csv
[2024-06-30T01:50:01.229+0000] {s3.py:117} INFO - Poking for key : s3://cleaned-data-zone-csv-bucket5/response_data_30062024014915.csv
[2024-06-30T01:50:06.241+0000] {s3.py:117} INFO - Poking for key : s3://cleaned-data-zone-csv-bucket5/response_data_30062024014915.csv
[2024-06-30T01:50:11.251+0000] {s3.py:117} INFO - Poking for key : s3://cleaned-data-zone-csv-bucket5/response_data_30062024014915.csv
[2024-06-30T01:50:16.262+0000] {s3.py:117} INFO - Poking for key : s3://cleaned-data-zone-csv-bucket5/response_data_30062024014915.csv
[2024-06-30T01:50:21.343+0000] {s3.py:117} INFO - Poking for key : s3://cleaned-data-zone-csv-bucket5/response_data_30062024014915.csv
[2024-06-30T01:50:26.354+0000] {s3.py:117} INFO - Poking for key : s3://cleaned-data-zone-csv-bucket5/response_data_30062024014915.csv
[2024-06-30T01:50:26.365+0000] {taskinstance.py:441} INFO - ::group::Post task execution logs
[2024-06-30T01:50:26.366+0000] {taskinstance.py:2905} ERROR - Task failed with exception
Traceback (most recent call last):
  File "/home/ubuntu/deevar_venv/lib/python3.12/site-packages/airflow/models/taskinstance.py", line 465, in _execute_task
    result = _execute_callable(context=context, **execute_callable_kwargs)
             ^^^^^^^^^^^^^^^^^^^^^^^^^^^^^^^^^^^^^^^^^^^^^^^^^^^^^^^^^^^^^
  File "/home/ubuntu/deevar_venv/lib/python3.12/site-packages/airflow/models/taskinstance.py", line 432, in _execute_callable
    return execute_callable(context=context, **execute_callable_kwargs)
           ^^^^^^^^^^^^^^^^^^^^^^^^^^^^^^^^^^^^^^^^^^^^^^^^^^^^^^^^^^^^
  File "/home/ubuntu/deevar_venv/lib/python3.12/site-packages/airflow/models/baseoperator.py", line 401, in wrapper
    return func(self, *args, **kwargs)
           ^^^^^^^^^^^^^^^^^^^^^^^^^^^
  File "/home/ubuntu/deevar_venv/lib/python3.12/site-packages/airflow/providers/amazon/aws/sensors/s3.py", line 183, in execute
    super().execute(context)
  File "/home/ubuntu/deevar_venv/lib/python3.12/site-packages/airflow/models/baseoperator.py", line 401, in wrapper
    return func(self, *args, **kwargs)
           ^^^^^^^^^^^^^^^^^^^^^^^^^^^
  File "/home/ubuntu/deevar_venv/lib/python3.12/site-packages/airflow/sensors/base.py", line 281, in execute
    raise AirflowSensorTimeout(message)
airflow.exceptions.AirflowSensorTimeout: Sensor has timed out; run duration of 60.833763025002554 seconds exceeds the specified timeout of 60.0.
[2024-06-30T01:50:26.370+0000] {taskinstance.py:1206} INFO - Immediate failure requested. Marking task as FAILED. dag_id=amazon_analytics_dag, task_id=tsk_is_file_in_s3_available, run_id=manual__2024-06-30T01:49:12.977754+00:00, execution_date=20240630T014912, start_date=20240630T014925, end_date=20240630T015026
[2024-06-30T01:50:26.382+0000] {standard_task_runner.py:110} ERROR - Failed to execute job 254 for task tsk_is_file_in_s3_available (Sensor has timed out; run duration of 60.833763025002554 seconds exceeds the specified timeout of 60.0.; 45091)
[2024-06-30T01:50:26.395+0000] {local_task_job_runner.py:240} INFO - Task exited with return code 1
[2024-06-30T01:50:26.413+0000] {taskinstance.py:3503} INFO - 0 downstream tasks scheduled from follow-on schedule check
[2024-06-30T01:50:26.421+0000] {local_task_job_runner.py:222} INFO - ::endgroup::
