[2024-07-01T02:24:01.657+0000] {local_task_job_runner.py:120} INFO - ::group::Pre task execution logs
[2024-07-01T02:24:01.671+0000] {taskinstance.py:2076} INFO - Dependencies all met for dep_context=non-requeueable deps ti=<TaskInstance: amazon_analytics_dag.tsk_transfer_s3_to_redshift scheduled__2024-07-01T01:00:00+00:00 [queued]>
[2024-07-01T02:24:01.679+0000] {taskinstance.py:2076} INFO - Dependencies all met for dep_context=requeueable deps ti=<TaskInstance: amazon_analytics_dag.tsk_transfer_s3_to_redshift scheduled__2024-07-01T01:00:00+00:00 [queued]>
[2024-07-01T02:24:01.679+0000] {taskinstance.py:2306} INFO - Starting attempt 1 of 3
[2024-07-01T02:24:01.697+0000] {taskinstance.py:2330} INFO - Executing <Task(S3ToRedshiftOperator): tsk_transfer_s3_to_redshift> on 2024-07-01 01:00:00+00:00
[2024-07-01T02:24:01.704+0000] {standard_task_runner.py:63} INFO - Started process 50783 to run task
[2024-07-01T02:24:01.707+0000] {standard_task_runner.py:90} INFO - Running: ['airflow', 'tasks', 'run', 'amazon_analytics_dag', 'tsk_transfer_s3_to_redshift', 'scheduled__2024-07-01T01:00:00+00:00', '--job-id', '327', '--raw', '--subdir', 'DAGS_FOLDER/amazonanalytics.py', '--cfg-path', '/tmp/tmppx8nl30o']
[2024-07-01T02:24:01.709+0000] {standard_task_runner.py:91} INFO - Job 327: Subtask tsk_transfer_s3_to_redshift
[2024-07-01T02:24:01.752+0000] {task_command.py:426} INFO - Running <TaskInstance: amazon_analytics_dag.tsk_transfer_s3_to_redshift scheduled__2024-07-01T01:00:00+00:00 [running]> on host ip-172-31-19-147.us-west-2.compute.internal
[2024-07-01T02:24:01.846+0000] {taskinstance.py:2648} INFO - Exporting env vars: AIRFLOW_CTX_DAG_EMAIL='deeptivarghese.education@gmail.com' AIRFLOW_CTX_DAG_OWNER='deeptv' AIRFLOW_CTX_DAG_ID='amazon_analytics_dag' AIRFLOW_CTX_TASK_ID='tsk_transfer_s3_to_redshift' AIRFLOW_CTX_EXECUTION_DATE='2024-07-01T01:00:00+00:00' AIRFLOW_CTX_TRY_NUMBER='1' AIRFLOW_CTX_DAG_RUN_ID='scheduled__2024-07-01T01:00:00+00:00'
[2024-07-01T02:24:01.846+0000] {taskinstance.py:430} INFO - ::endgroup::
[2024-07-01T02:24:01.865+0000] {base.py:84} INFO - Using connection ID 'aws_s3_conn' for task execution.
[2024-07-01T02:24:01.868+0000] {base.py:84} INFO - Using connection ID 'aws_s3_conn' for task execution.
[2024-07-01T02:24:01.868+0000] {connection_wrapper.py:384} INFO - AWS Connection (conn_id='aws_s3_conn', conn_type='aws') credentials retrieved from login and password.
[2024-07-01T02:24:01.879+0000] {s3_to_redshift.py:193} INFO - Executing COPY command...
[2024-07-01T02:24:01.883+0000] {base.py:84} INFO - Using connection ID 'conn_id_redshift' for task execution.
[2024-07-01T02:24:02.153+0000] {sql.py:487} INFO - Running statement: 
                    COPY PUBLIC.amazondata 
                    FROM 's3://cleaned-data-zone-csv-bucket5/response_data_01072024022348.csv'
                    credentials
                    'aws_access_key_id=AKIAZQ3DOUDY5ZQWQYRC;aws_secret_access_key=***'
                    
                    csv IGNOREHEADER 1;
        , parameters: None
[2024-07-01T02:24:03.062+0000] {s3_to_redshift.py:198} INFO - COPY command complete...
[2024-07-01T02:24:03.063+0000] {taskinstance.py:441} INFO - ::group::Post task execution logs
[2024-07-01T02:24:03.070+0000] {taskinstance.py:1206} INFO - Marking task as SUCCESS. dag_id=amazon_analytics_dag, task_id=tsk_transfer_s3_to_redshift, run_id=scheduled__2024-07-01T01:00:00+00:00, execution_date=20240701T010000, start_date=20240701T022401, end_date=20240701T022403
[2024-07-01T02:24:03.125+0000] {local_task_job_runner.py:240} INFO - Task exited with return code 0
[2024-07-01T02:24:03.138+0000] {taskinstance.py:3503} INFO - 0 downstream tasks scheduled from follow-on schedule check
[2024-07-01T02:24:03.139+0000] {local_task_job_runner.py:222} INFO - ::endgroup::
