[2024-06-30T01:25:02.629+0000] {local_task_job_runner.py:120} INFO - ::group::Pre task execution logs
[2024-06-30T01:25:02.644+0000] {taskinstance.py:2076} INFO - Dependencies all met for dep_context=non-requeueable deps ti=<TaskInstance: amazon_analytics_dag.tsk_transfer_s3_to_redshift manual__2024-06-30T01:24:46.024745+00:00 [queued]>
[2024-06-30T01:25:02.652+0000] {taskinstance.py:2076} INFO - Dependencies all met for dep_context=requeueable deps ti=<TaskInstance: amazon_analytics_dag.tsk_transfer_s3_to_redshift manual__2024-06-30T01:24:46.024745+00:00 [queued]>
[2024-06-30T01:25:02.653+0000] {taskinstance.py:2306} INFO - Starting attempt 1 of 3
[2024-06-30T01:25:02.671+0000] {taskinstance.py:2330} INFO - Executing <Task(S3ToRedshiftOperator): tsk_transfer_s3_to_redshift> on 2024-06-30 01:24:46.024745+00:00
[2024-06-30T01:25:02.677+0000] {standard_task_runner.py:63} INFO - Started process 44972 to run task
[2024-06-30T01:25:02.680+0000] {standard_task_runner.py:90} INFO - Running: ['airflow', 'tasks', 'run', 'amazon_analytics_dag', 'tsk_transfer_s3_to_redshift', 'manual__2024-06-30T01:24:46.024745+00:00', '--job-id', '247', '--raw', '--subdir', 'DAGS_FOLDER/amazonanalytics.py', '--cfg-path', '/tmp/tmp5pli8i6a']
[2024-06-30T01:25:02.682+0000] {standard_task_runner.py:91} INFO - Job 247: Subtask tsk_transfer_s3_to_redshift
[2024-06-30T01:25:02.725+0000] {task_command.py:426} INFO - Running <TaskInstance: amazon_analytics_dag.tsk_transfer_s3_to_redshift manual__2024-06-30T01:24:46.024745+00:00 [running]> on host ip-172-31-19-147.us-west-2.compute.internal
[2024-06-30T01:25:02.809+0000] {taskinstance.py:2648} INFO - Exporting env vars: AIRFLOW_CTX_DAG_EMAIL='myemail@domain.com' AIRFLOW_CTX_DAG_OWNER='airflow' AIRFLOW_CTX_DAG_ID='amazon_analytics_dag' AIRFLOW_CTX_TASK_ID='tsk_transfer_s3_to_redshift' AIRFLOW_CTX_EXECUTION_DATE='2024-06-30T01:24:46.024745+00:00' AIRFLOW_CTX_TRY_NUMBER='1' AIRFLOW_CTX_DAG_RUN_ID='manual__2024-06-30T01:24:46.024745+00:00'
[2024-06-30T01:25:02.810+0000] {taskinstance.py:430} INFO - ::endgroup::
[2024-06-30T01:25:02.828+0000] {base.py:84} INFO - Using connection ID 'aws_s3_conn' for task execution.
[2024-06-30T01:25:02.831+0000] {base.py:84} INFO - Using connection ID 'aws_s3_conn' for task execution.
[2024-06-30T01:25:02.831+0000] {connection_wrapper.py:384} INFO - AWS Connection (conn_id='aws_s3_conn', conn_type='aws') credentials retrieved from login and password.
[2024-06-30T01:25:02.843+0000] {s3_to_redshift.py:193} INFO - Executing COPY command...
[2024-06-30T01:25:02.846+0000] {base.py:84} INFO - Using connection ID 'conn_id_redshift' for task execution.
[2024-06-30T01:25:03.137+0000] {sql.py:487} INFO - Running statement: 
                    COPY PUBLIC.amazondata 
                    FROM 's3://cleaned-data-zone-csv-bucket5/response_data_30062024012449.csv'
                    credentials
                    'aws_access_key_id=AKIAZQ3DOUDY5ZQWQYRC;aws_secret_access_key=***'
                    
                    csv IGNOREHEADER 1;
        , parameters: None
[2024-06-30T01:25:04.112+0000] {s3_to_redshift.py:198} INFO - COPY command complete...
[2024-06-30T01:25:04.113+0000] {taskinstance.py:441} INFO - ::group::Post task execution logs
[2024-06-30T01:25:04.120+0000] {taskinstance.py:1206} INFO - Marking task as SUCCESS. dag_id=amazon_analytics_dag, task_id=tsk_transfer_s3_to_redshift, run_id=manual__2024-06-30T01:24:46.024745+00:00, execution_date=20240630T012446, start_date=20240630T012502, end_date=20240630T012504
[2024-06-30T01:25:04.178+0000] {local_task_job_runner.py:240} INFO - Task exited with return code 0
[2024-06-30T01:25:04.191+0000] {taskinstance.py:3503} INFO - 0 downstream tasks scheduled from follow-on schedule check
[2024-06-30T01:25:04.191+0000] {local_task_job_runner.py:222} INFO - ::endgroup::
