[2024-06-27T23:44:06.151+0000] {local_task_job_runner.py:120} INFO - ::group::Pre task execution logs
[2024-06-27T23:44:06.162+0000] {taskinstance.py:2076} INFO - Dependencies all met for dep_context=non-requeueable deps ti=<TaskInstance: amazon_analytics_dag.tsk_load_to_s3 manual__2024-06-27T23:43:54.954863+00:00 [queued]>
[2024-06-27T23:44:06.168+0000] {taskinstance.py:2076} INFO - Dependencies all met for dep_context=requeueable deps ti=<TaskInstance: amazon_analytics_dag.tsk_load_to_s3 manual__2024-06-27T23:43:54.954863+00:00 [queued]>
[2024-06-27T23:44:06.168+0000] {taskinstance.py:2306} INFO - Starting attempt 1 of 3
[2024-06-27T23:44:06.185+0000] {taskinstance.py:2330} INFO - Executing <Task(BashOperator): tsk_load_to_s3> on 2024-06-27 23:43:54.954863+00:00
[2024-06-27T23:44:06.190+0000] {standard_task_runner.py:63} INFO - Started process 34362 to run task
[2024-06-27T23:44:06.194+0000] {standard_task_runner.py:90} INFO - Running: ['airflow', 'tasks', 'run', 'amazon_analytics_dag', 'tsk_load_to_s3', 'manual__2024-06-27T23:43:54.954863+00:00', '--job-id', '57', '--raw', '--subdir', 'DAGS_FOLDER/amazonanalytics.py', '--cfg-path', '/tmp/tmp2q4l9ves']
[2024-06-27T23:44:06.195+0000] {standard_task_runner.py:91} INFO - Job 57: Subtask tsk_load_to_s3
[2024-06-27T23:44:06.232+0000] {task_command.py:426} INFO - Running <TaskInstance: amazon_analytics_dag.tsk_load_to_s3 manual__2024-06-27T23:43:54.954863+00:00 [running]> on host ip-172-31-19-147.us-west-2.compute.internal
[2024-06-27T23:44:06.308+0000] {taskinstance.py:2648} INFO - Exporting env vars: AIRFLOW_CTX_DAG_EMAIL='myemail@domain.com' AIRFLOW_CTX_DAG_OWNER='airflow' AIRFLOW_CTX_DAG_ID='amazon_analytics_dag' AIRFLOW_CTX_TASK_ID='tsk_load_to_s3' AIRFLOW_CTX_EXECUTION_DATE='2024-06-27T23:43:54.954863+00:00' AIRFLOW_CTX_TRY_NUMBER='1' AIRFLOW_CTX_DAG_RUN_ID='manual__2024-06-27T23:43:54.954863+00:00'
[2024-06-27T23:44:06.309+0000] {taskinstance.py:430} INFO - ::endgroup::
[2024-06-27T23:44:06.322+0000] {subprocess.py:63} INFO - Tmp dir root location: /tmp
[2024-06-27T23:44:06.323+0000] {subprocess.py:75} INFO - Running command: ['/usr/bin/bash', '-c', 'aws s3 mv /home/ubuntu/response_data_27062024234357.json s3://deevar-bucket/']
[2024-06-27T23:44:06.332+0000] {subprocess.py:86} INFO - Output:
[2024-06-27T23:44:07.063+0000] {subprocess.py:93} INFO - Completed 8.1 KiB/8.1 KiB (38.6 KiB/s) with 1 file(s) remainingmove: ../../home/ubuntu/response_data_27062024234357.json to s3://deevar-bucket/response_data_27062024234357.json
[2024-06-27T23:44:07.139+0000] {subprocess.py:97} INFO - Command exited with return code 0
[2024-06-27T23:44:07.140+0000] {taskinstance.py:441} INFO - ::group::Post task execution logs
[2024-06-27T23:44:07.161+0000] {taskinstance.py:1206} INFO - Marking task as SUCCESS. dag_id=amazon_analytics_dag, task_id=tsk_load_to_s3, run_id=manual__2024-06-27T23:43:54.954863+00:00, execution_date=20240627T234354, start_date=20240627T234406, end_date=20240627T234407
[2024-06-27T23:44:07.208+0000] {local_task_job_runner.py:240} INFO - Task exited with return code 0
[2024-06-27T23:44:07.225+0000] {taskinstance.py:3503} INFO - 1 downstream tasks scheduled from follow-on schedule check
[2024-06-27T23:44:07.231+0000] {local_task_job_runner.py:222} INFO - ::endgroup::
