[2024-06-26T04:34:19.379+0000] {processor.py:161} INFO - Started process (PID=20923) to work on /home/ubuntu/deevar_venv/lib/python3.12/site-packages/airflow/example_dags/plugins/event_listener.py
[2024-06-26T04:34:19.380+0000] {processor.py:830} INFO - Processing file /home/ubuntu/deevar_venv/lib/python3.12/site-packages/airflow/example_dags/plugins/event_listener.py for tasks to queue
[2024-06-26T04:34:19.382+0000] {logging_mixin.py:188} INFO - [2024-06-26T04:34:19.381+0000] {dagbag.py:545} INFO - Filling up the DagBag from /home/ubuntu/deevar_venv/lib/python3.12/site-packages/airflow/example_dags/plugins/event_listener.py
[2024-06-26T04:34:19.384+0000] {processor.py:842} WARNING - No viable dags retrieved from /home/ubuntu/deevar_venv/lib/python3.12/site-packages/airflow/example_dags/plugins/event_listener.py
[2024-06-26T04:34:19.394+0000] {processor.py:183} INFO - Processing /home/ubuntu/deevar_venv/lib/python3.12/site-packages/airflow/example_dags/plugins/event_listener.py took 0.021 seconds
[2024-06-26T04:35:08.711+0000] {processor.py:161} INFO - Started process (PID=20981) to work on /home/ubuntu/deevar_venv/lib/python3.12/site-packages/airflow/example_dags/plugins/event_listener.py
[2024-06-26T04:35:08.713+0000] {processor.py:830} INFO - Processing file /home/ubuntu/deevar_venv/lib/python3.12/site-packages/airflow/example_dags/plugins/event_listener.py for tasks to queue
[2024-06-26T04:35:08.715+0000] {logging_mixin.py:188} INFO - [2024-06-26T04:35:08.714+0000] {dagbag.py:545} INFO - Filling up the DagBag from /home/ubuntu/deevar_venv/lib/python3.12/site-packages/airflow/example_dags/plugins/event_listener.py
[2024-06-26T04:35:08.717+0000] {processor.py:842} WARNING - No viable dags retrieved from /home/ubuntu/deevar_venv/lib/python3.12/site-packages/airflow/example_dags/plugins/event_listener.py
[2024-06-26T04:35:08.728+0000] {processor.py:183} INFO - Processing /home/ubuntu/deevar_venv/lib/python3.12/site-packages/airflow/example_dags/plugins/event_listener.py took 0.022 seconds
[2024-06-26T04:35:52.678+0000] {processor.py:161} INFO - Started process (PID=21025) to work on /home/ubuntu/deevar_venv/lib/python3.12/site-packages/airflow/example_dags/plugins/event_listener.py
[2024-06-26T04:35:52.680+0000] {processor.py:830} INFO - Processing file /home/ubuntu/deevar_venv/lib/python3.12/site-packages/airflow/example_dags/plugins/event_listener.py for tasks to queue
[2024-06-26T04:35:52.681+0000] {logging_mixin.py:188} INFO - [2024-06-26T04:35:52.681+0000] {dagbag.py:545} INFO - Filling up the DagBag from /home/ubuntu/deevar_venv/lib/python3.12/site-packages/airflow/example_dags/plugins/event_listener.py
[2024-06-26T04:35:52.684+0000] {processor.py:842} WARNING - No viable dags retrieved from /home/ubuntu/deevar_venv/lib/python3.12/site-packages/airflow/example_dags/plugins/event_listener.py
[2024-06-26T04:35:52.695+0000] {processor.py:183} INFO - Processing /home/ubuntu/deevar_venv/lib/python3.12/site-packages/airflow/example_dags/plugins/event_listener.py took 0.023 seconds
[2024-06-26T04:36:31.137+0000] {processor.py:161} INFO - Started process (PID=21066) to work on /home/ubuntu/deevar_venv/lib/python3.12/site-packages/airflow/example_dags/plugins/event_listener.py
[2024-06-26T04:36:31.138+0000] {processor.py:830} INFO - Processing file /home/ubuntu/deevar_venv/lib/python3.12/site-packages/airflow/example_dags/plugins/event_listener.py for tasks to queue
[2024-06-26T04:36:31.140+0000] {logging_mixin.py:188} INFO - [2024-06-26T04:36:31.140+0000] {dagbag.py:545} INFO - Filling up the DagBag from /home/ubuntu/deevar_venv/lib/python3.12/site-packages/airflow/example_dags/plugins/event_listener.py
[2024-06-26T04:36:31.142+0000] {processor.py:842} WARNING - No viable dags retrieved from /home/ubuntu/deevar_venv/lib/python3.12/site-packages/airflow/example_dags/plugins/event_listener.py
[2024-06-26T04:36:31.153+0000] {processor.py:183} INFO - Processing /home/ubuntu/deevar_venv/lib/python3.12/site-packages/airflow/example_dags/plugins/event_listener.py took 0.022 seconds
[2024-06-26T05:07:12.537+0000] {processor.py:161} INFO - Started process (PID=21239) to work on /home/ubuntu/deevar_venv/lib/python3.12/site-packages/airflow/example_dags/plugins/event_listener.py
[2024-06-26T05:07:12.539+0000] {processor.py:830} INFO - Processing file /home/ubuntu/deevar_venv/lib/python3.12/site-packages/airflow/example_dags/plugins/event_listener.py for tasks to queue
[2024-06-26T05:07:12.541+0000] {logging_mixin.py:188} INFO - [2024-06-26T05:07:12.540+0000] {dagbag.py:545} INFO - Filling up the DagBag from /home/ubuntu/deevar_venv/lib/python3.12/site-packages/airflow/example_dags/plugins/event_listener.py
[2024-06-26T05:07:12.543+0000] {processor.py:842} WARNING - No viable dags retrieved from /home/ubuntu/deevar_venv/lib/python3.12/site-packages/airflow/example_dags/plugins/event_listener.py
[2024-06-26T05:07:12.555+0000] {processor.py:183} INFO - Processing /home/ubuntu/deevar_venv/lib/python3.12/site-packages/airflow/example_dags/plugins/event_listener.py took 0.026 seconds
[2024-06-26T05:08:09.541+0000] {processor.py:161} INFO - Started process (PID=21294) to work on /home/ubuntu/deevar_venv/lib/python3.12/site-packages/airflow/example_dags/plugins/event_listener.py
[2024-06-26T05:08:09.543+0000] {processor.py:830} INFO - Processing file /home/ubuntu/deevar_venv/lib/python3.12/site-packages/airflow/example_dags/plugins/event_listener.py for tasks to queue
[2024-06-26T05:08:09.545+0000] {logging_mixin.py:188} INFO - [2024-06-26T05:08:09.544+0000] {dagbag.py:545} INFO - Filling up the DagBag from /home/ubuntu/deevar_venv/lib/python3.12/site-packages/airflow/example_dags/plugins/event_listener.py
[2024-06-26T05:08:09.547+0000] {processor.py:842} WARNING - No viable dags retrieved from /home/ubuntu/deevar_venv/lib/python3.12/site-packages/airflow/example_dags/plugins/event_listener.py
[2024-06-26T05:08:09.560+0000] {processor.py:183} INFO - Processing /home/ubuntu/deevar_venv/lib/python3.12/site-packages/airflow/example_dags/plugins/event_listener.py took 0.024 seconds
[2024-06-26T05:08:58.940+0000] {processor.py:161} INFO - Started process (PID=21346) to work on /home/ubuntu/deevar_venv/lib/python3.12/site-packages/airflow/example_dags/plugins/event_listener.py
[2024-06-26T05:08:58.942+0000] {processor.py:830} INFO - Processing file /home/ubuntu/deevar_venv/lib/python3.12/site-packages/airflow/example_dags/plugins/event_listener.py for tasks to queue
[2024-06-26T05:08:58.944+0000] {logging_mixin.py:188} INFO - [2024-06-26T05:08:58.943+0000] {dagbag.py:545} INFO - Filling up the DagBag from /home/ubuntu/deevar_venv/lib/python3.12/site-packages/airflow/example_dags/plugins/event_listener.py
[2024-06-26T05:08:58.946+0000] {processor.py:842} WARNING - No viable dags retrieved from /home/ubuntu/deevar_venv/lib/python3.12/site-packages/airflow/example_dags/plugins/event_listener.py
[2024-06-26T05:08:58.959+0000] {processor.py:183} INFO - Processing /home/ubuntu/deevar_venv/lib/python3.12/site-packages/airflow/example_dags/plugins/event_listener.py took 0.025 seconds
