[2024-06-29T22:37:30.310+0000] {local_task_job_runner.py:120} INFO - ::group::Pre task execution logs
[2024-06-29T22:37:30.319+0000] {taskinstance.py:2076} INFO - Dependencies all met for dep_context=non-requeueable deps ti=<TaskInstance: amazon_analytics_dag.tsk_load_to_s3 manual__2024-06-29T22:37:22.902083+00:00 [queued]>
[2024-06-29T22:37:30.325+0000] {taskinstance.py:2076} INFO - Dependencies all met for dep_context=requeueable deps ti=<TaskInstance: amazon_analytics_dag.tsk_load_to_s3 manual__2024-06-29T22:37:22.902083+00:00 [queued]>
[2024-06-29T22:37:30.326+0000] {taskinstance.py:2306} INFO - Starting attempt 1 of 3
[2024-06-29T22:37:30.342+0000] {taskinstance.py:2330} INFO - Executing <Task(BashOperator): tsk_load_to_s3> on 2024-06-29 22:37:22.902083+00:00
[2024-06-29T22:37:30.348+0000] {standard_task_runner.py:63} INFO - Started process 44028 to run task
[2024-06-29T22:37:30.351+0000] {standard_task_runner.py:90} INFO - Running: ['airflow', 'tasks', 'run', 'amazon_analytics_dag', 'tsk_load_to_s3', 'manual__2024-06-29T22:37:22.902083+00:00', '--job-id', '188', '--raw', '--subdir', 'DAGS_FOLDER/amazonanalytics.py', '--cfg-path', '/tmp/tmp19l3cfjb']
[2024-06-29T22:37:30.353+0000] {standard_task_runner.py:91} INFO - Job 188: Subtask tsk_load_to_s3
[2024-06-29T22:37:30.390+0000] {task_command.py:426} INFO - Running <TaskInstance: amazon_analytics_dag.tsk_load_to_s3 manual__2024-06-29T22:37:22.902083+00:00 [running]> on host ip-172-31-19-147.us-west-2.compute.internal
[2024-06-29T22:37:30.470+0000] {taskinstance.py:2648} INFO - Exporting env vars: AIRFLOW_CTX_DAG_EMAIL='myemail@domain.com' AIRFLOW_CTX_DAG_OWNER='airflow' AIRFLOW_CTX_DAG_ID='amazon_analytics_dag' AIRFLOW_CTX_TASK_ID='tsk_load_to_s3' AIRFLOW_CTX_EXECUTION_DATE='2024-06-29T22:37:22.902083+00:00' AIRFLOW_CTX_TRY_NUMBER='1' AIRFLOW_CTX_DAG_RUN_ID='manual__2024-06-29T22:37:22.902083+00:00'
[2024-06-29T22:37:30.471+0000] {taskinstance.py:430} INFO - ::endgroup::
[2024-06-29T22:37:30.484+0000] {subprocess.py:63} INFO - Tmp dir root location: /tmp
[2024-06-29T22:37:30.485+0000] {subprocess.py:75} INFO - Running command: ['/usr/bin/bash', '-c', 'aws s3 mv /home/ubuntu/response_data_29062024223724.json s3://deevar-bucket/']
[2024-06-29T22:37:30.494+0000] {subprocess.py:86} INFO - Output:
[2024-06-29T22:37:31.212+0000] {subprocess.py:93} INFO - Completed 45.9 KiB/45.9 KiB (244.3 KiB/s) with 1 file(s) remainingmove: ../../home/ubuntu/response_data_29062024223724.json to s3://deevar-bucket/response_data_29062024223724.json
[2024-06-29T22:37:31.292+0000] {subprocess.py:97} INFO - Command exited with return code 0
[2024-06-29T22:37:31.292+0000] {taskinstance.py:441} INFO - ::group::Post task execution logs
[2024-06-29T22:37:31.315+0000] {taskinstance.py:1206} INFO - Marking task as SUCCESS. dag_id=amazon_analytics_dag, task_id=tsk_load_to_s3, run_id=manual__2024-06-29T22:37:22.902083+00:00, execution_date=20240629T223722, start_date=20240629T223730, end_date=20240629T223731
[2024-06-29T22:37:31.366+0000] {local_task_job_runner.py:240} INFO - Task exited with return code 0
[2024-06-29T22:37:31.387+0000] {taskinstance.py:3503} INFO - 1 downstream tasks scheduled from follow-on schedule check
[2024-06-29T22:37:31.393+0000] {local_task_job_runner.py:222} INFO - ::endgroup::
