[2024-06-26T04:34:50.096+0000] {processor.py:161} INFO - Started process (PID=20960) to work on /home/ubuntu/deevar_venv/lib/python3.12/site-packages/airflow/example_dags/example_latest_only_with_trigger.py
[2024-06-26T04:34:50.097+0000] {processor.py:830} INFO - Processing file /home/ubuntu/deevar_venv/lib/python3.12/site-packages/airflow/example_dags/example_latest_only_with_trigger.py for tasks to queue
[2024-06-26T04:34:50.099+0000] {logging_mixin.py:188} INFO - [2024-06-26T04:34:50.098+0000] {dagbag.py:545} INFO - Filling up the DagBag from /home/ubuntu/deevar_venv/lib/python3.12/site-packages/airflow/example_dags/example_latest_only_with_trigger.py
[2024-06-26T04:34:50.105+0000] {processor.py:840} INFO - DAG(s) 'latest_only_with_trigger' retrieved from /home/ubuntu/deevar_venv/lib/python3.12/site-packages/airflow/example_dags/example_latest_only_with_trigger.py
[2024-06-26T04:34:50.212+0000] {logging_mixin.py:188} INFO - [2024-06-26T04:34:50.212+0000] {dag.py:3096} INFO - Sync 1 DAGs
[2024-06-26T04:34:50.230+0000] {logging_mixin.py:188} INFO - [2024-06-26T04:34:50.230+0000] {dag.py:3954} INFO - Setting next_dagrun for latest_only_with_trigger to 2024-06-26 00:00:00+00:00, run_after=2024-06-26 04:00:00+00:00
[2024-06-26T04:34:50.255+0000] {processor.py:183} INFO - Processing /home/ubuntu/deevar_venv/lib/python3.12/site-packages/airflow/example_dags/example_latest_only_with_trigger.py took 0.165 seconds
[2024-06-26T04:35:42.380+0000] {processor.py:161} INFO - Started process (PID=21014) to work on /home/ubuntu/deevar_venv/lib/python3.12/site-packages/airflow/example_dags/example_latest_only_with_trigger.py
[2024-06-26T04:35:42.382+0000] {processor.py:830} INFO - Processing file /home/ubuntu/deevar_venv/lib/python3.12/site-packages/airflow/example_dags/example_latest_only_with_trigger.py for tasks to queue
[2024-06-26T04:35:42.384+0000] {logging_mixin.py:188} INFO - [2024-06-26T04:35:42.383+0000] {dagbag.py:545} INFO - Filling up the DagBag from /home/ubuntu/deevar_venv/lib/python3.12/site-packages/airflow/example_dags/example_latest_only_with_trigger.py
[2024-06-26T04:35:42.390+0000] {processor.py:840} INFO - DAG(s) 'latest_only_with_trigger' retrieved from /home/ubuntu/deevar_venv/lib/python3.12/site-packages/airflow/example_dags/example_latest_only_with_trigger.py
[2024-06-26T04:35:42.408+0000] {logging_mixin.py:188} INFO - [2024-06-26T04:35:42.407+0000] {dag.py:3096} INFO - Sync 1 DAGs
[2024-06-26T04:35:42.428+0000] {logging_mixin.py:188} INFO - [2024-06-26T04:35:42.428+0000] {dag.py:3954} INFO - Setting next_dagrun for latest_only_with_trigger to 2024-06-26 00:00:00+00:00, run_after=2024-06-26 04:00:00+00:00
[2024-06-26T04:35:42.453+0000] {processor.py:183} INFO - Processing /home/ubuntu/deevar_venv/lib/python3.12/site-packages/airflow/example_dags/example_latest_only_with_trigger.py took 0.079 seconds
[2024-06-26T04:36:38.992+0000] {processor.py:161} INFO - Started process (PID=21077) to work on /home/ubuntu/deevar_venv/lib/python3.12/site-packages/airflow/example_dags/example_latest_only_with_trigger.py
[2024-06-26T04:36:38.994+0000] {processor.py:830} INFO - Processing file /home/ubuntu/deevar_venv/lib/python3.12/site-packages/airflow/example_dags/example_latest_only_with_trigger.py for tasks to queue
[2024-06-26T04:36:38.996+0000] {logging_mixin.py:188} INFO - [2024-06-26T04:36:38.995+0000] {dagbag.py:545} INFO - Filling up the DagBag from /home/ubuntu/deevar_venv/lib/python3.12/site-packages/airflow/example_dags/example_latest_only_with_trigger.py
[2024-06-26T04:36:39.002+0000] {processor.py:840} INFO - DAG(s) 'latest_only_with_trigger' retrieved from /home/ubuntu/deevar_venv/lib/python3.12/site-packages/airflow/example_dags/example_latest_only_with_trigger.py
[2024-06-26T04:36:39.020+0000] {logging_mixin.py:188} INFO - [2024-06-26T04:36:39.019+0000] {dag.py:3096} INFO - Sync 1 DAGs
[2024-06-26T04:36:39.041+0000] {logging_mixin.py:188} INFO - [2024-06-26T04:36:39.040+0000] {dag.py:3954} INFO - Setting next_dagrun for latest_only_with_trigger to 2024-06-26 00:00:00+00:00, run_after=2024-06-26 04:00:00+00:00
[2024-06-26T04:36:39.064+0000] {processor.py:183} INFO - Processing /home/ubuntu/deevar_venv/lib/python3.12/site-packages/airflow/example_dags/example_latest_only_with_trigger.py took 0.077 seconds
[2024-06-26T05:07:49.838+0000] {processor.py:161} INFO - Started process (PID=21276) to work on /home/ubuntu/deevar_venv/lib/python3.12/site-packages/airflow/example_dags/example_latest_only_with_trigger.py
[2024-06-26T05:07:49.840+0000] {processor.py:830} INFO - Processing file /home/ubuntu/deevar_venv/lib/python3.12/site-packages/airflow/example_dags/example_latest_only_with_trigger.py for tasks to queue
[2024-06-26T05:07:49.842+0000] {logging_mixin.py:188} INFO - [2024-06-26T05:07:49.841+0000] {dagbag.py:545} INFO - Filling up the DagBag from /home/ubuntu/deevar_venv/lib/python3.12/site-packages/airflow/example_dags/example_latest_only_with_trigger.py
[2024-06-26T05:07:49.848+0000] {processor.py:840} INFO - DAG(s) 'latest_only_with_trigger' retrieved from /home/ubuntu/deevar_venv/lib/python3.12/site-packages/airflow/example_dags/example_latest_only_with_trigger.py
[2024-06-26T05:07:50.109+0000] {logging_mixin.py:188} INFO - [2024-06-26T05:07:50.108+0000] {dag.py:3096} INFO - Sync 1 DAGs
[2024-06-26T05:07:50.126+0000] {logging_mixin.py:188} INFO - [2024-06-26T05:07:50.126+0000] {dag.py:3954} INFO - Setting next_dagrun for latest_only_with_trigger to 2024-06-26 00:00:00+00:00, run_after=2024-06-26 04:00:00+00:00
[2024-06-26T05:07:50.150+0000] {processor.py:183} INFO - Processing /home/ubuntu/deevar_venv/lib/python3.12/site-packages/airflow/example_dags/example_latest_only_with_trigger.py took 0.318 seconds
[2024-06-26T05:08:43.341+0000] {processor.py:161} INFO - Started process (PID=21330) to work on /home/ubuntu/deevar_venv/lib/python3.12/site-packages/airflow/example_dags/example_latest_only_with_trigger.py
[2024-06-26T05:08:43.343+0000] {processor.py:830} INFO - Processing file /home/ubuntu/deevar_venv/lib/python3.12/site-packages/airflow/example_dags/example_latest_only_with_trigger.py for tasks to queue
[2024-06-26T05:08:43.345+0000] {logging_mixin.py:188} INFO - [2024-06-26T05:08:43.344+0000] {dagbag.py:545} INFO - Filling up the DagBag from /home/ubuntu/deevar_venv/lib/python3.12/site-packages/airflow/example_dags/example_latest_only_with_trigger.py
[2024-06-26T05:08:43.351+0000] {processor.py:840} INFO - DAG(s) 'latest_only_with_trigger' retrieved from /home/ubuntu/deevar_venv/lib/python3.12/site-packages/airflow/example_dags/example_latest_only_with_trigger.py
[2024-06-26T05:08:43.371+0000] {logging_mixin.py:188} INFO - [2024-06-26T05:08:43.370+0000] {dag.py:3096} INFO - Sync 1 DAGs
[2024-06-26T05:08:43.395+0000] {logging_mixin.py:188} INFO - [2024-06-26T05:08:43.394+0000] {dag.py:3954} INFO - Setting next_dagrun for latest_only_with_trigger to 2024-06-26 00:00:00+00:00, run_after=2024-06-26 04:00:00+00:00
[2024-06-26T05:08:43.420+0000] {processor.py:183} INFO - Processing /home/ubuntu/deevar_venv/lib/python3.12/site-packages/airflow/example_dags/example_latest_only_with_trigger.py took 0.086 seconds
