[2024-06-26T04:34:34.559+0000] {processor.py:161} INFO - Started process (PID=20944) to work on /home/ubuntu/deevar_venv/lib/python3.12/site-packages/airflow/example_dags/example_setup_teardown_taskflow.py
[2024-06-26T04:34:34.560+0000] {processor.py:830} INFO - Processing file /home/ubuntu/deevar_venv/lib/python3.12/site-packages/airflow/example_dags/example_setup_teardown_taskflow.py for tasks to queue
[2024-06-26T04:34:34.561+0000] {logging_mixin.py:188} INFO - [2024-06-26T04:34:34.561+0000] {dagbag.py:545} INFO - Filling up the DagBag from /home/ubuntu/deevar_venv/lib/python3.12/site-packages/airflow/example_dags/example_setup_teardown_taskflow.py
[2024-06-26T04:34:34.572+0000] {processor.py:840} INFO - DAG(s) 'example_setup_teardown_taskflow' retrieved from /home/ubuntu/deevar_venv/lib/python3.12/site-packages/airflow/example_dags/example_setup_teardown_taskflow.py
[2024-06-26T04:34:34.580+0000] {logging_mixin.py:188} INFO - [2024-06-26T04:34:34.580+0000] {dag.py:3096} INFO - Sync 1 DAGs
[2024-06-26T04:34:34.604+0000] {logging_mixin.py:188} INFO - [2024-06-26T04:34:34.604+0000] {dag.py:3954} INFO - Setting next_dagrun for example_setup_teardown_taskflow to 2024-06-25 00:00:00+00:00, run_after=2024-06-26 00:00:00+00:00
[2024-06-26T04:34:34.630+0000] {processor.py:183} INFO - Processing /home/ubuntu/deevar_venv/lib/python3.12/site-packages/airflow/example_dags/example_setup_teardown_taskflow.py took 0.077 seconds
[2024-06-26T04:35:25.603+0000] {processor.py:161} INFO - Started process (PID=20998) to work on /home/ubuntu/deevar_venv/lib/python3.12/site-packages/airflow/example_dags/example_setup_teardown_taskflow.py
[2024-06-26T04:35:25.604+0000] {processor.py:830} INFO - Processing file /home/ubuntu/deevar_venv/lib/python3.12/site-packages/airflow/example_dags/example_setup_teardown_taskflow.py for tasks to queue
[2024-06-26T04:35:25.606+0000] {logging_mixin.py:188} INFO - [2024-06-26T04:35:25.606+0000] {dagbag.py:545} INFO - Filling up the DagBag from /home/ubuntu/deevar_venv/lib/python3.12/site-packages/airflow/example_dags/example_setup_teardown_taskflow.py
[2024-06-26T04:35:25.617+0000] {processor.py:840} INFO - DAG(s) 'example_setup_teardown_taskflow' retrieved from /home/ubuntu/deevar_venv/lib/python3.12/site-packages/airflow/example_dags/example_setup_teardown_taskflow.py
[2024-06-26T04:35:25.721+0000] {logging_mixin.py:188} INFO - [2024-06-26T04:35:25.721+0000] {dag.py:3096} INFO - Sync 1 DAGs
[2024-06-26T04:35:25.740+0000] {logging_mixin.py:188} INFO - [2024-06-26T04:35:25.739+0000] {dag.py:3954} INFO - Setting next_dagrun for example_setup_teardown_taskflow to 2024-06-25 00:00:00+00:00, run_after=2024-06-26 00:00:00+00:00
[2024-06-26T04:35:25.764+0000] {processor.py:183} INFO - Processing /home/ubuntu/deevar_venv/lib/python3.12/site-packages/airflow/example_dags/example_setup_teardown_taskflow.py took 0.167 seconds
[2024-06-26T04:36:16.010+0000] {processor.py:161} INFO - Started process (PID=21049) to work on /home/ubuntu/deevar_venv/lib/python3.12/site-packages/airflow/example_dags/example_setup_teardown_taskflow.py
[2024-06-26T04:36:16.011+0000] {processor.py:830} INFO - Processing file /home/ubuntu/deevar_venv/lib/python3.12/site-packages/airflow/example_dags/example_setup_teardown_taskflow.py for tasks to queue
[2024-06-26T04:36:16.013+0000] {logging_mixin.py:188} INFO - [2024-06-26T04:36:16.013+0000] {dagbag.py:545} INFO - Filling up the DagBag from /home/ubuntu/deevar_venv/lib/python3.12/site-packages/airflow/example_dags/example_setup_teardown_taskflow.py
[2024-06-26T04:36:16.024+0000] {processor.py:840} INFO - DAG(s) 'example_setup_teardown_taskflow' retrieved from /home/ubuntu/deevar_venv/lib/python3.12/site-packages/airflow/example_dags/example_setup_teardown_taskflow.py
[2024-06-26T04:36:16.042+0000] {logging_mixin.py:188} INFO - [2024-06-26T04:36:16.042+0000] {dag.py:3096} INFO - Sync 1 DAGs
[2024-06-26T04:36:16.062+0000] {logging_mixin.py:188} INFO - [2024-06-26T04:36:16.062+0000] {dag.py:3954} INFO - Setting next_dagrun for example_setup_teardown_taskflow to 2024-06-25 00:00:00+00:00, run_after=2024-06-26 00:00:00+00:00
[2024-06-26T04:36:16.085+0000] {processor.py:183} INFO - Processing /home/ubuntu/deevar_venv/lib/python3.12/site-packages/airflow/example_dags/example_setup_teardown_taskflow.py took 0.081 seconds
[2024-06-26T05:07:29.346+0000] {processor.py:161} INFO - Started process (PID=21260) to work on /home/ubuntu/deevar_venv/lib/python3.12/site-packages/airflow/example_dags/example_setup_teardown_taskflow.py
[2024-06-26T05:07:29.348+0000] {processor.py:830} INFO - Processing file /home/ubuntu/deevar_venv/lib/python3.12/site-packages/airflow/example_dags/example_setup_teardown_taskflow.py for tasks to queue
[2024-06-26T05:07:29.349+0000] {logging_mixin.py:188} INFO - [2024-06-26T05:07:29.349+0000] {dagbag.py:545} INFO - Filling up the DagBag from /home/ubuntu/deevar_venv/lib/python3.12/site-packages/airflow/example_dags/example_setup_teardown_taskflow.py
[2024-06-26T05:07:29.360+0000] {processor.py:840} INFO - DAG(s) 'example_setup_teardown_taskflow' retrieved from /home/ubuntu/deevar_venv/lib/python3.12/site-packages/airflow/example_dags/example_setup_teardown_taskflow.py
[2024-06-26T05:07:29.369+0000] {logging_mixin.py:188} INFO - [2024-06-26T05:07:29.369+0000] {dag.py:3096} INFO - Sync 1 DAGs
[2024-06-26T05:07:29.394+0000] {logging_mixin.py:188} INFO - [2024-06-26T05:07:29.394+0000] {dag.py:3954} INFO - Setting next_dagrun for example_setup_teardown_taskflow to 2024-06-25 00:00:00+00:00, run_after=2024-06-26 00:00:00+00:00
[2024-06-26T05:07:29.569+0000] {processor.py:183} INFO - Processing /home/ubuntu/deevar_venv/lib/python3.12/site-packages/airflow/example_dags/example_setup_teardown_taskflow.py took 0.229 seconds
[2024-06-26T05:08:27.515+0000] {processor.py:161} INFO - Started process (PID=21314) to work on /home/ubuntu/deevar_venv/lib/python3.12/site-packages/airflow/example_dags/example_setup_teardown_taskflow.py
[2024-06-26T05:08:27.516+0000] {processor.py:830} INFO - Processing file /home/ubuntu/deevar_venv/lib/python3.12/site-packages/airflow/example_dags/example_setup_teardown_taskflow.py for tasks to queue
[2024-06-26T05:08:27.519+0000] {logging_mixin.py:188} INFO - [2024-06-26T05:08:27.519+0000] {dagbag.py:545} INFO - Filling up the DagBag from /home/ubuntu/deevar_venv/lib/python3.12/site-packages/airflow/example_dags/example_setup_teardown_taskflow.py
[2024-06-26T05:08:27.529+0000] {processor.py:840} INFO - DAG(s) 'example_setup_teardown_taskflow' retrieved from /home/ubuntu/deevar_venv/lib/python3.12/site-packages/airflow/example_dags/example_setup_teardown_taskflow.py
[2024-06-26T05:08:27.640+0000] {logging_mixin.py:188} INFO - [2024-06-26T05:08:27.640+0000] {dag.py:3096} INFO - Sync 1 DAGs
[2024-06-26T05:08:27.658+0000] {logging_mixin.py:188} INFO - [2024-06-26T05:08:27.658+0000] {dag.py:3954} INFO - Setting next_dagrun for example_setup_teardown_taskflow to 2024-06-25 00:00:00+00:00, run_after=2024-06-26 00:00:00+00:00
[2024-06-26T05:08:27.685+0000] {processor.py:183} INFO - Processing /home/ubuntu/deevar_venv/lib/python3.12/site-packages/airflow/example_dags/example_setup_teardown_taskflow.py took 0.176 seconds
[2024-06-26T05:09:17.091+0000] {processor.py:161} INFO - Started process (PID=21365) to work on /home/ubuntu/deevar_venv/lib/python3.12/site-packages/airflow/example_dags/example_setup_teardown_taskflow.py
[2024-06-26T05:09:17.093+0000] {processor.py:830} INFO - Processing file /home/ubuntu/deevar_venv/lib/python3.12/site-packages/airflow/example_dags/example_setup_teardown_taskflow.py for tasks to queue
[2024-06-26T05:09:17.095+0000] {logging_mixin.py:188} INFO - [2024-06-26T05:09:17.094+0000] {dagbag.py:545} INFO - Filling up the DagBag from /home/ubuntu/deevar_venv/lib/python3.12/site-packages/airflow/example_dags/example_setup_teardown_taskflow.py
[2024-06-26T05:09:17.105+0000] {processor.py:840} INFO - DAG(s) 'example_setup_teardown_taskflow' retrieved from /home/ubuntu/deevar_venv/lib/python3.12/site-packages/airflow/example_dags/example_setup_teardown_taskflow.py
[2024-06-26T05:09:17.126+0000] {logging_mixin.py:188} INFO - [2024-06-26T05:09:17.126+0000] {dag.py:3096} INFO - Sync 1 DAGs
[2024-06-26T05:09:17.148+0000] {logging_mixin.py:188} INFO - [2024-06-26T05:09:17.148+0000] {dag.py:3954} INFO - Setting next_dagrun for example_setup_teardown_taskflow to 2024-06-25 00:00:00+00:00, run_after=2024-06-26 00:00:00+00:00
[2024-06-26T05:09:17.174+0000] {processor.py:183} INFO - Processing /home/ubuntu/deevar_venv/lib/python3.12/site-packages/airflow/example_dags/example_setup_teardown_taskflow.py took 0.089 seconds
