[2024-06-26T04:34:47.091+0000] {processor.py:161} INFO - Started process (PID=20957) to work on /home/ubuntu/deevar_venv/lib/python3.12/site-packages/airflow/example_dags/example_latest_only.py
[2024-06-26T04:34:47.092+0000] {processor.py:830} INFO - Processing file /home/ubuntu/deevar_venv/lib/python3.12/site-packages/airflow/example_dags/example_latest_only.py for tasks to queue
[2024-06-26T04:34:47.094+0000] {logging_mixin.py:188} INFO - [2024-06-26T04:34:47.093+0000] {dagbag.py:545} INFO - Filling up the DagBag from /home/ubuntu/deevar_venv/lib/python3.12/site-packages/airflow/example_dags/example_latest_only.py
[2024-06-26T04:34:47.099+0000] {processor.py:840} INFO - DAG(s) 'latest_only' retrieved from /home/ubuntu/deevar_venv/lib/python3.12/site-packages/airflow/example_dags/example_latest_only.py
[2024-06-26T04:34:47.208+0000] {logging_mixin.py:188} INFO - [2024-06-26T04:34:47.208+0000] {dag.py:3096} INFO - Sync 1 DAGs
[2024-06-26T04:34:47.227+0000] {logging_mixin.py:188} INFO - [2024-06-26T04:34:47.226+0000] {dag.py:3954} INFO - Setting next_dagrun for latest_only to 2024-06-26 00:00:00+00:00, run_after=2024-06-26 04:00:00+00:00
[2024-06-26T04:34:47.251+0000] {processor.py:183} INFO - Processing /home/ubuntu/deevar_venv/lib/python3.12/site-packages/airflow/example_dags/example_latest_only.py took 0.165 seconds
[2024-06-26T04:35:39.309+0000] {processor.py:161} INFO - Started process (PID=21011) to work on /home/ubuntu/deevar_venv/lib/python3.12/site-packages/airflow/example_dags/example_latest_only.py
[2024-06-26T04:35:39.311+0000] {processor.py:830} INFO - Processing file /home/ubuntu/deevar_venv/lib/python3.12/site-packages/airflow/example_dags/example_latest_only.py for tasks to queue
[2024-06-26T04:35:39.313+0000] {logging_mixin.py:188} INFO - [2024-06-26T04:35:39.312+0000] {dagbag.py:545} INFO - Filling up the DagBag from /home/ubuntu/deevar_venv/lib/python3.12/site-packages/airflow/example_dags/example_latest_only.py
[2024-06-26T04:35:39.318+0000] {processor.py:840} INFO - DAG(s) 'latest_only' retrieved from /home/ubuntu/deevar_venv/lib/python3.12/site-packages/airflow/example_dags/example_latest_only.py
[2024-06-26T04:35:39.334+0000] {logging_mixin.py:188} INFO - [2024-06-26T04:35:39.334+0000] {dag.py:3096} INFO - Sync 1 DAGs
[2024-06-26T04:35:39.354+0000] {logging_mixin.py:188} INFO - [2024-06-26T04:35:39.354+0000] {dag.py:3954} INFO - Setting next_dagrun for latest_only to 2024-06-26 00:00:00+00:00, run_after=2024-06-26 04:00:00+00:00
[2024-06-26T04:35:39.379+0000] {processor.py:183} INFO - Processing /home/ubuntu/deevar_venv/lib/python3.12/site-packages/airflow/example_dags/example_latest_only.py took 0.075 seconds
[2024-06-26T04:36:27.553+0000] {processor.py:161} INFO - Started process (PID=21062) to work on /home/ubuntu/deevar_venv/lib/python3.12/site-packages/airflow/example_dags/example_latest_only.py
[2024-06-26T04:36:27.554+0000] {processor.py:830} INFO - Processing file /home/ubuntu/deevar_venv/lib/python3.12/site-packages/airflow/example_dags/example_latest_only.py for tasks to queue
[2024-06-26T04:36:27.556+0000] {logging_mixin.py:188} INFO - [2024-06-26T04:36:27.556+0000] {dagbag.py:545} INFO - Filling up the DagBag from /home/ubuntu/deevar_venv/lib/python3.12/site-packages/airflow/example_dags/example_latest_only.py
[2024-06-26T04:36:27.561+0000] {processor.py:840} INFO - DAG(s) 'latest_only' retrieved from /home/ubuntu/deevar_venv/lib/python3.12/site-packages/airflow/example_dags/example_latest_only.py
[2024-06-26T04:36:27.577+0000] {logging_mixin.py:188} INFO - [2024-06-26T04:36:27.577+0000] {dag.py:3096} INFO - Sync 1 DAGs
[2024-06-26T04:36:27.597+0000] {logging_mixin.py:188} INFO - [2024-06-26T04:36:27.597+0000] {dag.py:3954} INFO - Setting next_dagrun for latest_only to 2024-06-26 00:00:00+00:00, run_after=2024-06-26 04:00:00+00:00
[2024-06-26T04:36:27.621+0000] {processor.py:183} INFO - Processing /home/ubuntu/deevar_venv/lib/python3.12/site-packages/airflow/example_dags/example_latest_only.py took 0.074 seconds
[2024-06-26T05:07:45.695+0000] {processor.py:161} INFO - Started process (PID=21273) to work on /home/ubuntu/deevar_venv/lib/python3.12/site-packages/airflow/example_dags/example_latest_only.py
[2024-06-26T05:07:45.696+0000] {processor.py:830} INFO - Processing file /home/ubuntu/deevar_venv/lib/python3.12/site-packages/airflow/example_dags/example_latest_only.py for tasks to queue
[2024-06-26T05:07:45.698+0000] {logging_mixin.py:188} INFO - [2024-06-26T05:07:45.697+0000] {dagbag.py:545} INFO - Filling up the DagBag from /home/ubuntu/deevar_venv/lib/python3.12/site-packages/airflow/example_dags/example_latest_only.py
[2024-06-26T05:07:45.703+0000] {processor.py:840} INFO - DAG(s) 'latest_only' retrieved from /home/ubuntu/deevar_venv/lib/python3.12/site-packages/airflow/example_dags/example_latest_only.py
[2024-06-26T05:07:45.952+0000] {logging_mixin.py:188} INFO - [2024-06-26T05:07:45.951+0000] {dag.py:3096} INFO - Sync 1 DAGs
[2024-06-26T05:07:45.968+0000] {logging_mixin.py:188} INFO - [2024-06-26T05:07:45.968+0000] {dag.py:3954} INFO - Setting next_dagrun for latest_only to 2024-06-26 00:00:00+00:00, run_after=2024-06-26 04:00:00+00:00
[2024-06-26T05:07:45.991+0000] {processor.py:183} INFO - Processing /home/ubuntu/deevar_venv/lib/python3.12/site-packages/airflow/example_dags/example_latest_only.py took 0.302 seconds
[2024-06-26T05:08:40.839+0000] {processor.py:161} INFO - Started process (PID=21327) to work on /home/ubuntu/deevar_venv/lib/python3.12/site-packages/airflow/example_dags/example_latest_only.py
[2024-06-26T05:08:40.840+0000] {processor.py:830} INFO - Processing file /home/ubuntu/deevar_venv/lib/python3.12/site-packages/airflow/example_dags/example_latest_only.py for tasks to queue
[2024-06-26T05:08:40.842+0000] {logging_mixin.py:188} INFO - [2024-06-26T05:08:40.842+0000] {dagbag.py:545} INFO - Filling up the DagBag from /home/ubuntu/deevar_venv/lib/python3.12/site-packages/airflow/example_dags/example_latest_only.py
[2024-06-26T05:08:40.848+0000] {processor.py:840} INFO - DAG(s) 'latest_only' retrieved from /home/ubuntu/deevar_venv/lib/python3.12/site-packages/airflow/example_dags/example_latest_only.py
[2024-06-26T05:08:40.866+0000] {logging_mixin.py:188} INFO - [2024-06-26T05:08:40.866+0000] {dag.py:3096} INFO - Sync 1 DAGs
[2024-06-26T05:08:40.890+0000] {logging_mixin.py:188} INFO - [2024-06-26T05:08:40.890+0000] {dag.py:3954} INFO - Setting next_dagrun for latest_only to 2024-06-26 00:00:00+00:00, run_after=2024-06-26 04:00:00+00:00
[2024-06-26T05:08:40.917+0000] {processor.py:183} INFO - Processing /home/ubuntu/deevar_venv/lib/python3.12/site-packages/airflow/example_dags/example_latest_only.py took 0.085 seconds
