[2024-06-26T04:35:00.693+0000] {processor.py:161} INFO - Started process (PID=20970) to work on /home/ubuntu/deevar_venv/lib/python3.12/site-packages/airflow/example_dags/example_branch_operator_decorator.py
[2024-06-26T04:35:00.693+0000] {processor.py:830} INFO - Processing file /home/ubuntu/deevar_venv/lib/python3.12/site-packages/airflow/example_dags/example_branch_operator_decorator.py for tasks to queue
[2024-06-26T04:35:00.695+0000] {logging_mixin.py:188} INFO - [2024-06-26T04:35:00.695+0000] {dagbag.py:545} INFO - Filling up the DagBag from /home/ubuntu/deevar_venv/lib/python3.12/site-packages/airflow/example_dags/example_branch_operator_decorator.py
[2024-06-26T04:35:00.718+0000] {processor.py:840} INFO - DAG(s) 'example_branch_python_operator_decorator' retrieved from /home/ubuntu/deevar_venv/lib/python3.12/site-packages/airflow/example_dags/example_branch_operator_decorator.py
[2024-06-26T04:35:00.831+0000] {logging_mixin.py:188} INFO - [2024-06-26T04:35:00.830+0000] {dag.py:3096} INFO - Sync 1 DAGs
[2024-06-26T04:35:00.851+0000] {logging_mixin.py:188} INFO - [2024-06-26T04:35:00.851+0000] {dag.py:3954} INFO - Setting next_dagrun for example_branch_python_operator_decorator to 2024-06-25 00:00:00+00:00, run_after=2024-06-26 00:00:00+00:00
[2024-06-26T04:35:00.875+0000] {processor.py:183} INFO - Processing /home/ubuntu/deevar_venv/lib/python3.12/site-packages/airflow/example_dags/example_branch_operator_decorator.py took 0.188 seconds
[2024-06-26T04:36:05.488+0000] {processor.py:161} INFO - Started process (PID=21038) to work on /home/ubuntu/deevar_venv/lib/python3.12/site-packages/airflow/example_dags/example_branch_operator_decorator.py
[2024-06-26T04:36:05.490+0000] {processor.py:830} INFO - Processing file /home/ubuntu/deevar_venv/lib/python3.12/site-packages/airflow/example_dags/example_branch_operator_decorator.py for tasks to queue
[2024-06-26T04:36:05.491+0000] {logging_mixin.py:188} INFO - [2024-06-26T04:36:05.491+0000] {dagbag.py:545} INFO - Filling up the DagBag from /home/ubuntu/deevar_venv/lib/python3.12/site-packages/airflow/example_dags/example_branch_operator_decorator.py
[2024-06-26T04:36:05.514+0000] {processor.py:840} INFO - DAG(s) 'example_branch_python_operator_decorator' retrieved from /home/ubuntu/deevar_venv/lib/python3.12/site-packages/airflow/example_dags/example_branch_operator_decorator.py
[2024-06-26T04:36:05.540+0000] {logging_mixin.py:188} INFO - [2024-06-26T04:36:05.540+0000] {dag.py:3096} INFO - Sync 1 DAGs
[2024-06-26T04:36:05.561+0000] {logging_mixin.py:188} INFO - [2024-06-26T04:36:05.561+0000] {dag.py:3954} INFO - Setting next_dagrun for example_branch_python_operator_decorator to 2024-06-25 00:00:00+00:00, run_after=2024-06-26 00:00:00+00:00
[2024-06-26T04:36:05.590+0000] {processor.py:183} INFO - Processing /home/ubuntu/deevar_venv/lib/python3.12/site-packages/airflow/example_dags/example_branch_operator_decorator.py took 0.107 seconds
[2024-06-26T05:08:01.133+0000] {processor.py:161} INFO - Started process (PID=21286) to work on /home/ubuntu/deevar_venv/lib/python3.12/site-packages/airflow/example_dags/example_branch_operator_decorator.py
[2024-06-26T05:08:01.135+0000] {processor.py:830} INFO - Processing file /home/ubuntu/deevar_venv/lib/python3.12/site-packages/airflow/example_dags/example_branch_operator_decorator.py for tasks to queue
[2024-06-26T05:08:01.137+0000] {logging_mixin.py:188} INFO - [2024-06-26T05:08:01.136+0000] {dagbag.py:545} INFO - Filling up the DagBag from /home/ubuntu/deevar_venv/lib/python3.12/site-packages/airflow/example_dags/example_branch_operator_decorator.py
[2024-06-26T05:08:01.161+0000] {processor.py:840} INFO - DAG(s) 'example_branch_python_operator_decorator' retrieved from /home/ubuntu/deevar_venv/lib/python3.12/site-packages/airflow/example_dags/example_branch_operator_decorator.py
[2024-06-26T05:08:01.278+0000] {logging_mixin.py:188} INFO - [2024-06-26T05:08:01.278+0000] {dag.py:3096} INFO - Sync 1 DAGs
[2024-06-26T05:08:01.298+0000] {logging_mixin.py:188} INFO - [2024-06-26T05:08:01.297+0000] {dag.py:3954} INFO - Setting next_dagrun for example_branch_python_operator_decorator to 2024-06-25 00:00:00+00:00, run_after=2024-06-26 00:00:00+00:00
[2024-06-26T05:08:01.325+0000] {processor.py:183} INFO - Processing /home/ubuntu/deevar_venv/lib/python3.12/site-packages/airflow/example_dags/example_branch_operator_decorator.py took 0.198 seconds
[2024-06-26T05:08:53.487+0000] {processor.py:161} INFO - Started process (PID=21340) to work on /home/ubuntu/deevar_venv/lib/python3.12/site-packages/airflow/example_dags/example_branch_operator_decorator.py
[2024-06-26T05:08:53.488+0000] {processor.py:830} INFO - Processing file /home/ubuntu/deevar_venv/lib/python3.12/site-packages/airflow/example_dags/example_branch_operator_decorator.py for tasks to queue
[2024-06-26T05:08:53.490+0000] {logging_mixin.py:188} INFO - [2024-06-26T05:08:53.490+0000] {dagbag.py:545} INFO - Filling up the DagBag from /home/ubuntu/deevar_venv/lib/python3.12/site-packages/airflow/example_dags/example_branch_operator_decorator.py
[2024-06-26T05:08:53.514+0000] {processor.py:840} INFO - DAG(s) 'example_branch_python_operator_decorator' retrieved from /home/ubuntu/deevar_venv/lib/python3.12/site-packages/airflow/example_dags/example_branch_operator_decorator.py
[2024-06-26T05:08:53.542+0000] {logging_mixin.py:188} INFO - [2024-06-26T05:08:53.541+0000] {dag.py:3096} INFO - Sync 1 DAGs
[2024-06-26T05:08:53.564+0000] {logging_mixin.py:188} INFO - [2024-06-26T05:08:53.564+0000] {dag.py:3954} INFO - Setting next_dagrun for example_branch_python_operator_decorator to 2024-06-25 00:00:00+00:00, run_after=2024-06-26 00:00:00+00:00
[2024-06-26T05:08:53.591+0000] {processor.py:183} INFO - Processing /home/ubuntu/deevar_venv/lib/python3.12/site-packages/airflow/example_dags/example_branch_operator_decorator.py took 0.111 seconds
