[2024-06-26T04:34:42.563+0000] {processor.py:161} INFO - Started process (PID=20953) to work on /home/ubuntu/deevar_venv/lib/python3.12/site-packages/airflow/example_dags/example_nested_branch_dag.py
[2024-06-26T04:34:42.564+0000] {processor.py:830} INFO - Processing file /home/ubuntu/deevar_venv/lib/python3.12/site-packages/airflow/example_dags/example_nested_branch_dag.py for tasks to queue
[2024-06-26T04:34:42.565+0000] {logging_mixin.py:188} INFO - [2024-06-26T04:34:42.565+0000] {dagbag.py:545} INFO - Filling up the DagBag from /home/ubuntu/deevar_venv/lib/python3.12/site-packages/airflow/example_dags/example_nested_branch_dag.py
[2024-06-26T04:34:42.579+0000] {processor.py:840} INFO - DAG(s) 'example_nested_branch_dag' retrieved from /home/ubuntu/deevar_venv/lib/python3.12/site-packages/airflow/example_dags/example_nested_branch_dag.py
[2024-06-26T04:34:42.587+0000] {logging_mixin.py:188} INFO - [2024-06-26T04:34:42.587+0000] {dag.py:3096} INFO - Sync 1 DAGs
[2024-06-26T04:34:42.609+0000] {logging_mixin.py:188} INFO - [2024-06-26T04:34:42.609+0000] {dag.py:3954} INFO - Setting next_dagrun for example_nested_branch_dag to 2024-06-25 00:00:00+00:00, run_after=2024-06-26 00:00:00+00:00
[2024-06-26T04:34:42.634+0000] {processor.py:183} INFO - Processing /home/ubuntu/deevar_venv/lib/python3.12/site-packages/airflow/example_dags/example_nested_branch_dag.py took 0.077 seconds
[2024-06-26T04:35:34.851+0000] {processor.py:161} INFO - Started process (PID=21007) to work on /home/ubuntu/deevar_venv/lib/python3.12/site-packages/airflow/example_dags/example_nested_branch_dag.py
[2024-06-26T04:35:34.852+0000] {processor.py:830} INFO - Processing file /home/ubuntu/deevar_venv/lib/python3.12/site-packages/airflow/example_dags/example_nested_branch_dag.py for tasks to queue
[2024-06-26T04:35:34.854+0000] {logging_mixin.py:188} INFO - [2024-06-26T04:35:34.854+0000] {dagbag.py:545} INFO - Filling up the DagBag from /home/ubuntu/deevar_venv/lib/python3.12/site-packages/airflow/example_dags/example_nested_branch_dag.py
[2024-06-26T04:35:34.865+0000] {processor.py:840} INFO - DAG(s) 'example_nested_branch_dag' retrieved from /home/ubuntu/deevar_venv/lib/python3.12/site-packages/airflow/example_dags/example_nested_branch_dag.py
[2024-06-26T04:35:34.970+0000] {logging_mixin.py:188} INFO - [2024-06-26T04:35:34.970+0000] {dag.py:3096} INFO - Sync 1 DAGs
[2024-06-26T04:35:34.988+0000] {logging_mixin.py:188} INFO - [2024-06-26T04:35:34.988+0000] {dag.py:3954} INFO - Setting next_dagrun for example_nested_branch_dag to 2024-06-25 00:00:00+00:00, run_after=2024-06-26 00:00:00+00:00
[2024-06-26T04:35:35.016+0000] {processor.py:183} INFO - Processing /home/ubuntu/deevar_venv/lib/python3.12/site-packages/airflow/example_dags/example_nested_branch_dag.py took 0.171 seconds
[2024-06-26T04:36:23.439+0000] {processor.py:161} INFO - Started process (PID=21058) to work on /home/ubuntu/deevar_venv/lib/python3.12/site-packages/airflow/example_dags/example_nested_branch_dag.py
[2024-06-26T04:36:23.441+0000] {processor.py:830} INFO - Processing file /home/ubuntu/deevar_venv/lib/python3.12/site-packages/airflow/example_dags/example_nested_branch_dag.py for tasks to queue
[2024-06-26T04:36:23.443+0000] {logging_mixin.py:188} INFO - [2024-06-26T04:36:23.442+0000] {dagbag.py:545} INFO - Filling up the DagBag from /home/ubuntu/deevar_venv/lib/python3.12/site-packages/airflow/example_dags/example_nested_branch_dag.py
[2024-06-26T04:36:23.454+0000] {processor.py:840} INFO - DAG(s) 'example_nested_branch_dag' retrieved from /home/ubuntu/deevar_venv/lib/python3.12/site-packages/airflow/example_dags/example_nested_branch_dag.py
[2024-06-26T04:36:23.472+0000] {logging_mixin.py:188} INFO - [2024-06-26T04:36:23.472+0000] {dag.py:3096} INFO - Sync 1 DAGs
[2024-06-26T04:36:23.493+0000] {logging_mixin.py:188} INFO - [2024-06-26T04:36:23.493+0000] {dag.py:3954} INFO - Setting next_dagrun for example_nested_branch_dag to 2024-06-25 00:00:00+00:00, run_after=2024-06-26 00:00:00+00:00
[2024-06-26T04:36:23.517+0000] {processor.py:183} INFO - Processing /home/ubuntu/deevar_venv/lib/python3.12/site-packages/airflow/example_dags/example_nested_branch_dag.py took 0.084 seconds
[2024-06-26T05:07:40.242+0000] {processor.py:161} INFO - Started process (PID=21269) to work on /home/ubuntu/deevar_venv/lib/python3.12/site-packages/airflow/example_dags/example_nested_branch_dag.py
[2024-06-26T05:07:40.243+0000] {processor.py:830} INFO - Processing file /home/ubuntu/deevar_venv/lib/python3.12/site-packages/airflow/example_dags/example_nested_branch_dag.py for tasks to queue
[2024-06-26T05:07:40.245+0000] {logging_mixin.py:188} INFO - [2024-06-26T05:07:40.245+0000] {dagbag.py:545} INFO - Filling up the DagBag from /home/ubuntu/deevar_venv/lib/python3.12/site-packages/airflow/example_dags/example_nested_branch_dag.py
[2024-06-26T05:07:40.256+0000] {processor.py:840} INFO - DAG(s) 'example_nested_branch_dag' retrieved from /home/ubuntu/deevar_venv/lib/python3.12/site-packages/airflow/example_dags/example_nested_branch_dag.py
[2024-06-26T05:07:40.509+0000] {logging_mixin.py:188} INFO - [2024-06-26T05:07:40.509+0000] {dag.py:3096} INFO - Sync 1 DAGs
[2024-06-26T05:07:40.528+0000] {logging_mixin.py:188} INFO - [2024-06-26T05:07:40.528+0000] {dag.py:3954} INFO - Setting next_dagrun for example_nested_branch_dag to 2024-06-25 00:00:00+00:00, run_after=2024-06-26 00:00:00+00:00
[2024-06-26T05:07:40.552+0000] {processor.py:183} INFO - Processing /home/ubuntu/deevar_venv/lib/python3.12/site-packages/airflow/example_dags/example_nested_branch_dag.py took 0.316 seconds
[2024-06-26T05:08:36.727+0000] {processor.py:161} INFO - Started process (PID=21323) to work on /home/ubuntu/deevar_venv/lib/python3.12/site-packages/airflow/example_dags/example_nested_branch_dag.py
[2024-06-26T05:08:36.729+0000] {processor.py:830} INFO - Processing file /home/ubuntu/deevar_venv/lib/python3.12/site-packages/airflow/example_dags/example_nested_branch_dag.py for tasks to queue
[2024-06-26T05:08:36.731+0000] {logging_mixin.py:188} INFO - [2024-06-26T05:08:36.731+0000] {dagbag.py:545} INFO - Filling up the DagBag from /home/ubuntu/deevar_venv/lib/python3.12/site-packages/airflow/example_dags/example_nested_branch_dag.py
[2024-06-26T05:08:36.743+0000] {processor.py:840} INFO - DAG(s) 'example_nested_branch_dag' retrieved from /home/ubuntu/deevar_venv/lib/python3.12/site-packages/airflow/example_dags/example_nested_branch_dag.py
[2024-06-26T05:08:36.763+0000] {logging_mixin.py:188} INFO - [2024-06-26T05:08:36.763+0000] {dag.py:3096} INFO - Sync 1 DAGs
[2024-06-26T05:08:36.786+0000] {logging_mixin.py:188} INFO - [2024-06-26T05:08:36.786+0000] {dag.py:3954} INFO - Setting next_dagrun for example_nested_branch_dag to 2024-06-25 00:00:00+00:00, run_after=2024-06-26 00:00:00+00:00
[2024-06-26T05:08:36.814+0000] {processor.py:183} INFO - Processing /home/ubuntu/deevar_venv/lib/python3.12/site-packages/airflow/example_dags/example_nested_branch_dag.py took 0.092 seconds
[2024-06-26T05:09:26.189+0000] {processor.py:161} INFO - Started process (PID=21374) to work on /home/ubuntu/deevar_venv/lib/python3.12/site-packages/airflow/example_dags/example_nested_branch_dag.py
[2024-06-26T05:09:26.190+0000] {processor.py:830} INFO - Processing file /home/ubuntu/deevar_venv/lib/python3.12/site-packages/airflow/example_dags/example_nested_branch_dag.py for tasks to queue
[2024-06-26T05:09:26.192+0000] {logging_mixin.py:188} INFO - [2024-06-26T05:09:26.192+0000] {dagbag.py:545} INFO - Filling up the DagBag from /home/ubuntu/deevar_venv/lib/python3.12/site-packages/airflow/example_dags/example_nested_branch_dag.py
[2024-06-26T05:09:26.204+0000] {processor.py:840} INFO - DAG(s) 'example_nested_branch_dag' retrieved from /home/ubuntu/deevar_venv/lib/python3.12/site-packages/airflow/example_dags/example_nested_branch_dag.py
[2024-06-26T05:09:26.225+0000] {logging_mixin.py:188} INFO - [2024-06-26T05:09:26.224+0000] {dag.py:3096} INFO - Sync 1 DAGs
[2024-06-26T05:09:26.248+0000] {logging_mixin.py:188} INFO - [2024-06-26T05:09:26.248+0000] {dag.py:3954} INFO - Setting next_dagrun for example_nested_branch_dag to 2024-06-25 00:00:00+00:00, run_after=2024-06-26 00:00:00+00:00
[2024-06-26T05:09:26.275+0000] {processor.py:183} INFO - Processing /home/ubuntu/deevar_venv/lib/python3.12/site-packages/airflow/example_dags/example_nested_branch_dag.py took 0.093 seconds
