[2024-06-26T04:34:24.231+0000] {processor.py:161} INFO - Started process (PID=20932) to work on /home/ubuntu/deevar_venv/lib/python3.12/site-packages/airflow/example_dags/example_xcomargs.py
[2024-06-26T04:34:24.232+0000] {processor.py:830} INFO - Processing file /home/ubuntu/deevar_venv/lib/python3.12/site-packages/airflow/example_dags/example_xcomargs.py for tasks to queue
[2024-06-26T04:34:24.234+0000] {logging_mixin.py:188} INFO - [2024-06-26T04:34:24.233+0000] {dagbag.py:545} INFO - Filling up the DagBag from /home/ubuntu/deevar_venv/lib/python3.12/site-packages/airflow/example_dags/example_xcomargs.py
[2024-06-26T04:34:24.246+0000] {processor.py:840} INFO - DAG(s) 'example_xcom_args_with_operators', 'example_xcom_args' retrieved from /home/ubuntu/deevar_venv/lib/python3.12/site-packages/airflow/example_dags/example_xcomargs.py
[2024-06-26T04:34:24.254+0000] {logging_mixin.py:188} INFO - [2024-06-26T04:34:24.254+0000] {dag.py:3096} INFO - Sync 2 DAGs
[2024-06-26T04:34:24.268+0000] {logging_mixin.py:188} INFO - [2024-06-26T04:34:24.267+0000] {dag.py:3954} INFO - Setting next_dagrun for example_xcom_args to None, run_after=None
[2024-06-26T04:34:24.271+0000] {logging_mixin.py:188} INFO - [2024-06-26T04:34:24.271+0000] {dag.py:3954} INFO - Setting next_dagrun for example_xcom_args_with_operators to None, run_after=None
[2024-06-26T04:34:24.293+0000] {processor.py:183} INFO - Processing /home/ubuntu/deevar_venv/lib/python3.12/site-packages/airflow/example_dags/example_xcomargs.py took 0.067 seconds
[2024-06-26T04:35:13.861+0000] {processor.py:161} INFO - Started process (PID=20986) to work on /home/ubuntu/deevar_venv/lib/python3.12/site-packages/airflow/example_dags/example_xcomargs.py
[2024-06-26T04:35:13.862+0000] {processor.py:830} INFO - Processing file /home/ubuntu/deevar_venv/lib/python3.12/site-packages/airflow/example_dags/example_xcomargs.py for tasks to queue
[2024-06-26T04:35:13.864+0000] {logging_mixin.py:188} INFO - [2024-06-26T04:35:13.864+0000] {dagbag.py:545} INFO - Filling up the DagBag from /home/ubuntu/deevar_venv/lib/python3.12/site-packages/airflow/example_dags/example_xcomargs.py
[2024-06-26T04:35:13.874+0000] {processor.py:840} INFO - DAG(s) 'example_xcom_args_with_operators', 'example_xcom_args' retrieved from /home/ubuntu/deevar_venv/lib/python3.12/site-packages/airflow/example_dags/example_xcomargs.py
[2024-06-26T04:35:13.985+0000] {logging_mixin.py:188} INFO - [2024-06-26T04:35:13.984+0000] {dag.py:3096} INFO - Sync 2 DAGs
[2024-06-26T04:35:13.996+0000] {logging_mixin.py:188} INFO - [2024-06-26T04:35:13.996+0000] {dag.py:3954} INFO - Setting next_dagrun for example_xcom_args to None, run_after=None
[2024-06-26T04:35:13.999+0000] {logging_mixin.py:188} INFO - [2024-06-26T04:35:13.998+0000] {dag.py:3954} INFO - Setting next_dagrun for example_xcom_args_with_operators to None, run_after=None
[2024-06-26T04:35:14.021+0000] {processor.py:183} INFO - Processing /home/ubuntu/deevar_venv/lib/python3.12/site-packages/airflow/example_dags/example_xcomargs.py took 0.166 seconds
[2024-06-26T04:35:57.824+0000] {processor.py:161} INFO - Started process (PID=21030) to work on /home/ubuntu/deevar_venv/lib/python3.12/site-packages/airflow/example_dags/example_xcomargs.py
[2024-06-26T04:35:57.826+0000] {processor.py:830} INFO - Processing file /home/ubuntu/deevar_venv/lib/python3.12/site-packages/airflow/example_dags/example_xcomargs.py for tasks to queue
[2024-06-26T04:35:57.828+0000] {logging_mixin.py:188} INFO - [2024-06-26T04:35:57.827+0000] {dagbag.py:545} INFO - Filling up the DagBag from /home/ubuntu/deevar_venv/lib/python3.12/site-packages/airflow/example_dags/example_xcomargs.py
[2024-06-26T04:35:57.837+0000] {processor.py:840} INFO - DAG(s) 'example_xcom_args_with_operators', 'example_xcom_args' retrieved from /home/ubuntu/deevar_venv/lib/python3.12/site-packages/airflow/example_dags/example_xcomargs.py
[2024-06-26T04:35:57.855+0000] {logging_mixin.py:188} INFO - [2024-06-26T04:35:57.855+0000] {dag.py:3096} INFO - Sync 2 DAGs
[2024-06-26T04:35:57.868+0000] {logging_mixin.py:188} INFO - [2024-06-26T04:35:57.868+0000] {dag.py:3954} INFO - Setting next_dagrun for example_xcom_args to None, run_after=None
[2024-06-26T04:35:57.871+0000] {logging_mixin.py:188} INFO - [2024-06-26T04:35:57.871+0000] {dag.py:3954} INFO - Setting next_dagrun for example_xcom_args_with_operators to None, run_after=None
[2024-06-26T04:35:57.893+0000] {processor.py:183} INFO - Processing /home/ubuntu/deevar_venv/lib/python3.12/site-packages/airflow/example_dags/example_xcomargs.py took 0.074 seconds
[2024-06-26T04:36:35.734+0000] {processor.py:161} INFO - Started process (PID=21071) to work on /home/ubuntu/deevar_venv/lib/python3.12/site-packages/airflow/example_dags/example_xcomargs.py
[2024-06-26T04:36:35.735+0000] {processor.py:830} INFO - Processing file /home/ubuntu/deevar_venv/lib/python3.12/site-packages/airflow/example_dags/example_xcomargs.py for tasks to queue
[2024-06-26T04:36:35.737+0000] {logging_mixin.py:188} INFO - [2024-06-26T04:36:35.737+0000] {dagbag.py:545} INFO - Filling up the DagBag from /home/ubuntu/deevar_venv/lib/python3.12/site-packages/airflow/example_dags/example_xcomargs.py
[2024-06-26T04:36:35.746+0000] {processor.py:840} INFO - DAG(s) 'example_xcom_args', 'example_xcom_args_with_operators' retrieved from /home/ubuntu/deevar_venv/lib/python3.12/site-packages/airflow/example_dags/example_xcomargs.py
[2024-06-26T04:36:35.765+0000] {logging_mixin.py:188} INFO - [2024-06-26T04:36:35.765+0000] {dag.py:3096} INFO - Sync 2 DAGs
[2024-06-26T04:36:35.778+0000] {logging_mixin.py:188} INFO - [2024-06-26T04:36:35.778+0000] {dag.py:3954} INFO - Setting next_dagrun for example_xcom_args to None, run_after=None
[2024-06-26T04:36:35.782+0000] {logging_mixin.py:188} INFO - [2024-06-26T04:36:35.782+0000] {dag.py:3954} INFO - Setting next_dagrun for example_xcom_args_with_operators to None, run_after=None
[2024-06-26T04:36:35.803+0000] {processor.py:183} INFO - Processing /home/ubuntu/deevar_venv/lib/python3.12/site-packages/airflow/example_dags/example_xcomargs.py took 0.075 seconds
[2024-06-26T05:07:17.445+0000] {processor.py:161} INFO - Started process (PID=21248) to work on /home/ubuntu/deevar_venv/lib/python3.12/site-packages/airflow/example_dags/example_xcomargs.py
[2024-06-26T05:07:17.447+0000] {processor.py:830} INFO - Processing file /home/ubuntu/deevar_venv/lib/python3.12/site-packages/airflow/example_dags/example_xcomargs.py for tasks to queue
[2024-06-26T05:07:17.448+0000] {logging_mixin.py:188} INFO - [2024-06-26T05:07:17.448+0000] {dagbag.py:545} INFO - Filling up the DagBag from /home/ubuntu/deevar_venv/lib/python3.12/site-packages/airflow/example_dags/example_xcomargs.py
[2024-06-26T05:07:17.461+0000] {processor.py:840} INFO - DAG(s) 'example_xcom_args', 'example_xcom_args_with_operators' retrieved from /home/ubuntu/deevar_venv/lib/python3.12/site-packages/airflow/example_dags/example_xcomargs.py
[2024-06-26T05:07:17.474+0000] {logging_mixin.py:188} INFO - [2024-06-26T05:07:17.474+0000] {dag.py:3096} INFO - Sync 2 DAGs
[2024-06-26T05:07:17.487+0000] {logging_mixin.py:188} INFO - [2024-06-26T05:07:17.487+0000] {dag.py:3954} INFO - Setting next_dagrun for example_xcom_args to None, run_after=None
[2024-06-26T05:07:17.491+0000] {logging_mixin.py:188} INFO - [2024-06-26T05:07:17.491+0000] {dag.py:3954} INFO - Setting next_dagrun for example_xcom_args_with_operators to None, run_after=None
[2024-06-26T05:07:17.512+0000] {processor.py:183} INFO - Processing /home/ubuntu/deevar_venv/lib/python3.12/site-packages/airflow/example_dags/example_xcomargs.py took 0.073 seconds
[2024-06-26T05:08:13.540+0000] {processor.py:161} INFO - Started process (PID=21299) to work on /home/ubuntu/deevar_venv/lib/python3.12/site-packages/airflow/example_dags/example_xcomargs.py
[2024-06-26T05:08:13.542+0000] {processor.py:830} INFO - Processing file /home/ubuntu/deevar_venv/lib/python3.12/site-packages/airflow/example_dags/example_xcomargs.py for tasks to queue
[2024-06-26T05:08:13.544+0000] {logging_mixin.py:188} INFO - [2024-06-26T05:08:13.544+0000] {dagbag.py:545} INFO - Filling up the DagBag from /home/ubuntu/deevar_venv/lib/python3.12/site-packages/airflow/example_dags/example_xcomargs.py
[2024-06-26T05:08:13.553+0000] {processor.py:840} INFO - DAG(s) 'example_xcom_args_with_operators', 'example_xcom_args' retrieved from /home/ubuntu/deevar_venv/lib/python3.12/site-packages/airflow/example_dags/example_xcomargs.py
[2024-06-26T05:08:13.671+0000] {logging_mixin.py:188} INFO - [2024-06-26T05:08:13.671+0000] {dag.py:3096} INFO - Sync 2 DAGs
[2024-06-26T05:08:13.682+0000] {logging_mixin.py:188} INFO - [2024-06-26T05:08:13.681+0000] {dag.py:3954} INFO - Setting next_dagrun for example_xcom_args to None, run_after=None
[2024-06-26T05:08:13.685+0000] {logging_mixin.py:188} INFO - [2024-06-26T05:08:13.684+0000] {dag.py:3954} INFO - Setting next_dagrun for example_xcom_args_with_operators to None, run_after=None
[2024-06-26T05:08:13.708+0000] {processor.py:183} INFO - Processing /home/ubuntu/deevar_venv/lib/python3.12/site-packages/airflow/example_dags/example_xcomargs.py took 0.174 seconds
[2024-06-26T05:09:03.629+0000] {processor.py:161} INFO - Started process (PID=21351) to work on /home/ubuntu/deevar_venv/lib/python3.12/site-packages/airflow/example_dags/example_xcomargs.py
[2024-06-26T05:09:03.631+0000] {processor.py:830} INFO - Processing file /home/ubuntu/deevar_venv/lib/python3.12/site-packages/airflow/example_dags/example_xcomargs.py for tasks to queue
[2024-06-26T05:09:03.633+0000] {logging_mixin.py:188} INFO - [2024-06-26T05:09:03.632+0000] {dagbag.py:545} INFO - Filling up the DagBag from /home/ubuntu/deevar_venv/lib/python3.12/site-packages/airflow/example_dags/example_xcomargs.py
[2024-06-26T05:09:03.643+0000] {processor.py:840} INFO - DAG(s) 'example_xcom_args_with_operators', 'example_xcom_args' retrieved from /home/ubuntu/deevar_venv/lib/python3.12/site-packages/airflow/example_dags/example_xcomargs.py
[2024-06-26T05:09:03.664+0000] {logging_mixin.py:188} INFO - [2024-06-26T05:09:03.664+0000] {dag.py:3096} INFO - Sync 2 DAGs
[2024-06-26T05:09:03.678+0000] {logging_mixin.py:188} INFO - [2024-06-26T05:09:03.677+0000] {dag.py:3954} INFO - Setting next_dagrun for example_xcom_args to None, run_after=None
[2024-06-26T05:09:03.682+0000] {logging_mixin.py:188} INFO - [2024-06-26T05:09:03.682+0000] {dag.py:3954} INFO - Setting next_dagrun for example_xcom_args_with_operators to None, run_after=None
[2024-06-26T05:09:03.707+0000] {processor.py:183} INFO - Processing /home/ubuntu/deevar_venv/lib/python3.12/site-packages/airflow/example_dags/example_xcomargs.py took 0.084 seconds
