[2024-06-26T04:34:57.335+0000] {processor.py:161} INFO - Started process (PID=20967) to work on /home/ubuntu/deevar_venv/lib/python3.12/site-packages/airflow/example_dags/example_branch_labels.py
[2024-06-26T04:34:57.336+0000] {processor.py:830} INFO - Processing file /home/ubuntu/deevar_venv/lib/python3.12/site-packages/airflow/example_dags/example_branch_labels.py for tasks to queue
[2024-06-26T04:34:57.338+0000] {logging_mixin.py:188} INFO - [2024-06-26T04:34:57.337+0000] {dagbag.py:545} INFO - Filling up the DagBag from /home/ubuntu/deevar_venv/lib/python3.12/site-packages/airflow/example_dags/example_branch_labels.py
[2024-06-26T04:34:57.346+0000] {processor.py:840} INFO - DAG(s) 'example_branch_labels' retrieved from /home/ubuntu/deevar_venv/lib/python3.12/site-packages/airflow/example_dags/example_branch_labels.py
[2024-06-26T04:34:57.451+0000] {logging_mixin.py:188} INFO - [2024-06-26T04:34:57.450+0000] {dag.py:3096} INFO - Sync 1 DAGs
[2024-06-26T04:34:57.469+0000] {logging_mixin.py:188} INFO - [2024-06-26T04:34:57.468+0000] {dag.py:3954} INFO - Setting next_dagrun for example_branch_labels to 2024-06-25 00:00:00+00:00, run_after=2024-06-26 00:00:00+00:00
[2024-06-26T04:34:57.494+0000] {processor.py:183} INFO - Processing /home/ubuntu/deevar_venv/lib/python3.12/site-packages/airflow/example_dags/example_branch_labels.py took 0.164 seconds
[2024-06-26T04:35:48.310+0000] {processor.py:161} INFO - Started process (PID=21021) to work on /home/ubuntu/deevar_venv/lib/python3.12/site-packages/airflow/example_dags/example_branch_labels.py
[2024-06-26T04:35:48.312+0000] {processor.py:830} INFO - Processing file /home/ubuntu/deevar_venv/lib/python3.12/site-packages/airflow/example_dags/example_branch_labels.py for tasks to queue
[2024-06-26T04:35:48.313+0000] {logging_mixin.py:188} INFO - [2024-06-26T04:35:48.313+0000] {dagbag.py:545} INFO - Filling up the DagBag from /home/ubuntu/deevar_venv/lib/python3.12/site-packages/airflow/example_dags/example_branch_labels.py
[2024-06-26T04:35:48.322+0000] {processor.py:840} INFO - DAG(s) 'example_branch_labels' retrieved from /home/ubuntu/deevar_venv/lib/python3.12/site-packages/airflow/example_dags/example_branch_labels.py
[2024-06-26T04:35:48.340+0000] {logging_mixin.py:188} INFO - [2024-06-26T04:35:48.340+0000] {dag.py:3096} INFO - Sync 1 DAGs
[2024-06-26T04:35:48.362+0000] {logging_mixin.py:188} INFO - [2024-06-26T04:35:48.362+0000] {dag.py:3954} INFO - Setting next_dagrun for example_branch_labels to 2024-06-25 00:00:00+00:00, run_after=2024-06-26 00:00:00+00:00
[2024-06-26T04:35:48.385+0000] {processor.py:183} INFO - Processing /home/ubuntu/deevar_venv/lib/python3.12/site-packages/airflow/example_dags/example_branch_labels.py took 0.081 seconds
[2024-06-26T05:07:57.686+0000] {processor.py:161} INFO - Started process (PID=21283) to work on /home/ubuntu/deevar_venv/lib/python3.12/site-packages/airflow/example_dags/example_branch_labels.py
[2024-06-26T05:07:57.687+0000] {processor.py:830} INFO - Processing file /home/ubuntu/deevar_venv/lib/python3.12/site-packages/airflow/example_dags/example_branch_labels.py for tasks to queue
[2024-06-26T05:07:57.689+0000] {logging_mixin.py:188} INFO - [2024-06-26T05:07:57.689+0000] {dagbag.py:545} INFO - Filling up the DagBag from /home/ubuntu/deevar_venv/lib/python3.12/site-packages/airflow/example_dags/example_branch_labels.py
[2024-06-26T05:07:57.698+0000] {processor.py:840} INFO - DAG(s) 'example_branch_labels' retrieved from /home/ubuntu/deevar_venv/lib/python3.12/site-packages/airflow/example_dags/example_branch_labels.py
[2024-06-26T05:07:57.953+0000] {logging_mixin.py:188} INFO - [2024-06-26T05:07:57.952+0000] {dag.py:3096} INFO - Sync 1 DAGs
[2024-06-26T05:07:57.971+0000] {logging_mixin.py:188} INFO - [2024-06-26T05:07:57.970+0000] {dag.py:3954} INFO - Setting next_dagrun for example_branch_labels to 2024-06-25 00:00:00+00:00, run_after=2024-06-26 00:00:00+00:00
[2024-06-26T05:07:57.994+0000] {processor.py:183} INFO - Processing /home/ubuntu/deevar_venv/lib/python3.12/site-packages/airflow/example_dags/example_branch_labels.py took 0.314 seconds
[2024-06-26T05:08:50.090+0000] {processor.py:161} INFO - Started process (PID=21337) to work on /home/ubuntu/deevar_venv/lib/python3.12/site-packages/airflow/example_dags/example_branch_labels.py
[2024-06-26T05:08:50.092+0000] {processor.py:830} INFO - Processing file /home/ubuntu/deevar_venv/lib/python3.12/site-packages/airflow/example_dags/example_branch_labels.py for tasks to queue
[2024-06-26T05:08:50.094+0000] {logging_mixin.py:188} INFO - [2024-06-26T05:08:50.093+0000] {dagbag.py:545} INFO - Filling up the DagBag from /home/ubuntu/deevar_venv/lib/python3.12/site-packages/airflow/example_dags/example_branch_labels.py
[2024-06-26T05:08:50.103+0000] {processor.py:840} INFO - DAG(s) 'example_branch_labels' retrieved from /home/ubuntu/deevar_venv/lib/python3.12/site-packages/airflow/example_dags/example_branch_labels.py
[2024-06-26T05:08:50.122+0000] {logging_mixin.py:188} INFO - [2024-06-26T05:08:50.122+0000] {dag.py:3096} INFO - Sync 1 DAGs
[2024-06-26T05:08:50.145+0000] {logging_mixin.py:188} INFO - [2024-06-26T05:08:50.145+0000] {dag.py:3954} INFO - Setting next_dagrun for example_branch_labels to 2024-06-25 00:00:00+00:00, run_after=2024-06-26 00:00:00+00:00
[2024-06-26T05:08:50.172+0000] {processor.py:183} INFO - Processing /home/ubuntu/deevar_venv/lib/python3.12/site-packages/airflow/example_dags/example_branch_labels.py took 0.088 seconds
