[2024-06-26T04:34:37.424+0000] {processor.py:161} INFO - Started process (PID=20948) to work on /home/ubuntu/deevar_venv/lib/python3.12/site-packages/airflow/example_dags/example_sensors.py
[2024-06-26T04:34:37.425+0000] {processor.py:830} INFO - Processing file /home/ubuntu/deevar_venv/lib/python3.12/site-packages/airflow/example_dags/example_sensors.py for tasks to queue
[2024-06-26T04:34:37.426+0000] {logging_mixin.py:188} INFO - [2024-06-26T04:34:37.426+0000] {dagbag.py:545} INFO - Filling up the DagBag from /home/ubuntu/deevar_venv/lib/python3.12/site-packages/airflow/example_dags/example_sensors.py
[2024-06-26T04:34:37.438+0000] {processor.py:840} INFO - DAG(s) 'example_sensors' retrieved from /home/ubuntu/deevar_venv/lib/python3.12/site-packages/airflow/example_dags/example_sensors.py
[2024-06-26T04:34:37.447+0000] {logging_mixin.py:188} INFO - [2024-06-26T04:34:37.447+0000] {dag.py:3096} INFO - Sync 1 DAGs
[2024-06-26T04:34:37.460+0000] {logging_mixin.py:188} INFO - [2024-06-26T04:34:37.460+0000] {dag.py:3954} INFO - Setting next_dagrun for example_sensors to None, run_after=None
[2024-06-26T04:34:37.483+0000] {processor.py:183} INFO - Processing /home/ubuntu/deevar_venv/lib/python3.12/site-packages/airflow/example_dags/example_sensors.py took 0.065 seconds
[2024-06-26T04:35:29.603+0000] {processor.py:161} INFO - Started process (PID=21002) to work on /home/ubuntu/deevar_venv/lib/python3.12/site-packages/airflow/example_dags/example_sensors.py
[2024-06-26T04:35:29.605+0000] {processor.py:830} INFO - Processing file /home/ubuntu/deevar_venv/lib/python3.12/site-packages/airflow/example_dags/example_sensors.py for tasks to queue
[2024-06-26T04:35:29.607+0000] {logging_mixin.py:188} INFO - [2024-06-26T04:35:29.606+0000] {dagbag.py:545} INFO - Filling up the DagBag from /home/ubuntu/deevar_venv/lib/python3.12/site-packages/airflow/example_dags/example_sensors.py
[2024-06-26T04:35:29.617+0000] {processor.py:840} INFO - DAG(s) 'example_sensors' retrieved from /home/ubuntu/deevar_venv/lib/python3.12/site-packages/airflow/example_dags/example_sensors.py
[2024-06-26T04:35:29.730+0000] {logging_mixin.py:188} INFO - [2024-06-26T04:35:29.730+0000] {dag.py:3096} INFO - Sync 1 DAGs
[2024-06-26T04:35:29.740+0000] {logging_mixin.py:188} INFO - [2024-06-26T04:35:29.740+0000] {dag.py:3954} INFO - Setting next_dagrun for example_sensors to None, run_after=None
[2024-06-26T04:35:29.764+0000] {processor.py:183} INFO - Processing /home/ubuntu/deevar_venv/lib/python3.12/site-packages/airflow/example_dags/example_sensors.py took 0.166 seconds
[2024-06-26T04:36:18.725+0000] {processor.py:161} INFO - Started process (PID=21053) to work on /home/ubuntu/deevar_venv/lib/python3.12/site-packages/airflow/example_dags/example_sensors.py
[2024-06-26T04:36:18.726+0000] {processor.py:830} INFO - Processing file /home/ubuntu/deevar_venv/lib/python3.12/site-packages/airflow/example_dags/example_sensors.py for tasks to queue
[2024-06-26T04:36:18.728+0000] {logging_mixin.py:188} INFO - [2024-06-26T04:36:18.728+0000] {dagbag.py:545} INFO - Filling up the DagBag from /home/ubuntu/deevar_venv/lib/python3.12/site-packages/airflow/example_dags/example_sensors.py
[2024-06-26T04:36:18.738+0000] {processor.py:840} INFO - DAG(s) 'example_sensors' retrieved from /home/ubuntu/deevar_venv/lib/python3.12/site-packages/airflow/example_dags/example_sensors.py
[2024-06-26T04:36:18.760+0000] {logging_mixin.py:188} INFO - [2024-06-26T04:36:18.759+0000] {dag.py:3096} INFO - Sync 1 DAGs
[2024-06-26T04:36:18.772+0000] {logging_mixin.py:188} INFO - [2024-06-26T04:36:18.772+0000] {dag.py:3954} INFO - Setting next_dagrun for example_sensors to None, run_after=None
[2024-06-26T04:36:18.795+0000] {processor.py:183} INFO - Processing /home/ubuntu/deevar_venv/lib/python3.12/site-packages/airflow/example_dags/example_sensors.py took 0.076 seconds
[2024-06-26T05:07:33.357+0000] {processor.py:161} INFO - Started process (PID=21264) to work on /home/ubuntu/deevar_venv/lib/python3.12/site-packages/airflow/example_dags/example_sensors.py
[2024-06-26T05:07:33.359+0000] {processor.py:830} INFO - Processing file /home/ubuntu/deevar_venv/lib/python3.12/site-packages/airflow/example_dags/example_sensors.py for tasks to queue
[2024-06-26T05:07:33.361+0000] {logging_mixin.py:188} INFO - [2024-06-26T05:07:33.360+0000] {dagbag.py:545} INFO - Filling up the DagBag from /home/ubuntu/deevar_venv/lib/python3.12/site-packages/airflow/example_dags/example_sensors.py
[2024-06-26T05:07:33.370+0000] {processor.py:840} INFO - DAG(s) 'example_sensors' retrieved from /home/ubuntu/deevar_venv/lib/python3.12/site-packages/airflow/example_dags/example_sensors.py
[2024-06-26T05:07:33.380+0000] {logging_mixin.py:188} INFO - [2024-06-26T05:07:33.380+0000] {dag.py:3096} INFO - Sync 1 DAGs
[2024-06-26T05:07:33.395+0000] {logging_mixin.py:188} INFO - [2024-06-26T05:07:33.395+0000] {dag.py:3954} INFO - Setting next_dagrun for example_sensors to None, run_after=None
[2024-06-26T05:07:33.567+0000] {processor.py:183} INFO - Processing /home/ubuntu/deevar_venv/lib/python3.12/site-packages/airflow/example_dags/example_sensors.py took 0.215 seconds
[2024-06-26T05:08:31.695+0000] {processor.py:161} INFO - Started process (PID=21318) to work on /home/ubuntu/deevar_venv/lib/python3.12/site-packages/airflow/example_dags/example_sensors.py
[2024-06-26T05:08:31.697+0000] {processor.py:830} INFO - Processing file /home/ubuntu/deevar_venv/lib/python3.12/site-packages/airflow/example_dags/example_sensors.py for tasks to queue
[2024-06-26T05:08:31.699+0000] {logging_mixin.py:188} INFO - [2024-06-26T05:08:31.698+0000] {dagbag.py:545} INFO - Filling up the DagBag from /home/ubuntu/deevar_venv/lib/python3.12/site-packages/airflow/example_dags/example_sensors.py
[2024-06-26T05:08:31.709+0000] {processor.py:840} INFO - DAG(s) 'example_sensors' retrieved from /home/ubuntu/deevar_venv/lib/python3.12/site-packages/airflow/example_dags/example_sensors.py
[2024-06-26T05:08:31.824+0000] {logging_mixin.py:188} INFO - [2024-06-26T05:08:31.824+0000] {dag.py:3096} INFO - Sync 1 DAGs
[2024-06-26T05:08:31.834+0000] {logging_mixin.py:188} INFO - [2024-06-26T05:08:31.834+0000] {dag.py:3954} INFO - Setting next_dagrun for example_sensors to None, run_after=None
[2024-06-26T05:08:31.862+0000] {processor.py:183} INFO - Processing /home/ubuntu/deevar_venv/lib/python3.12/site-packages/airflow/example_dags/example_sensors.py took 0.173 seconds
[2024-06-26T05:09:21.091+0000] {processor.py:161} INFO - Started process (PID=21369) to work on /home/ubuntu/deevar_venv/lib/python3.12/site-packages/airflow/example_dags/example_sensors.py
[2024-06-26T05:09:21.093+0000] {processor.py:830} INFO - Processing file /home/ubuntu/deevar_venv/lib/python3.12/site-packages/airflow/example_dags/example_sensors.py for tasks to queue
[2024-06-26T05:09:21.095+0000] {logging_mixin.py:188} INFO - [2024-06-26T05:09:21.094+0000] {dagbag.py:545} INFO - Filling up the DagBag from /home/ubuntu/deevar_venv/lib/python3.12/site-packages/airflow/example_dags/example_sensors.py
[2024-06-26T05:09:21.105+0000] {processor.py:840} INFO - DAG(s) 'example_sensors' retrieved from /home/ubuntu/deevar_venv/lib/python3.12/site-packages/airflow/example_dags/example_sensors.py
[2024-06-26T05:09:21.129+0000] {logging_mixin.py:188} INFO - [2024-06-26T05:09:21.129+0000] {dag.py:3096} INFO - Sync 1 DAGs
[2024-06-26T05:09:21.142+0000] {logging_mixin.py:188} INFO - [2024-06-26T05:09:21.142+0000] {dag.py:3954} INFO - Setting next_dagrun for example_sensors to None, run_after=None
[2024-06-26T05:09:21.168+0000] {processor.py:183} INFO - Processing /home/ubuntu/deevar_venv/lib/python3.12/site-packages/airflow/example_dags/example_sensors.py took 0.083 seconds
