[2024-06-26T04:34:31.690+0000] {processor.py:161} INFO - Started process (PID=20940) to work on /home/ubuntu/deevar_venv/lib/python3.12/site-packages/airflow/example_dags/example_task_group.py
[2024-06-26T04:34:31.691+0000] {processor.py:830} INFO - Processing file /home/ubuntu/deevar_venv/lib/python3.12/site-packages/airflow/example_dags/example_task_group.py for tasks to queue
[2024-06-26T04:34:31.693+0000] {logging_mixin.py:188} INFO - [2024-06-26T04:34:31.693+0000] {dagbag.py:545} INFO - Filling up the DagBag from /home/ubuntu/deevar_venv/lib/python3.12/site-packages/airflow/example_dags/example_task_group.py
[2024-06-26T04:34:31.704+0000] {processor.py:840} INFO - DAG(s) 'example_task_group' retrieved from /home/ubuntu/deevar_venv/lib/python3.12/site-packages/airflow/example_dags/example_task_group.py
[2024-06-26T04:34:31.713+0000] {logging_mixin.py:188} INFO - [2024-06-26T04:34:31.713+0000] {dag.py:3096} INFO - Sync 1 DAGs
[2024-06-26T04:34:31.736+0000] {logging_mixin.py:188} INFO - [2024-06-26T04:34:31.736+0000] {dag.py:3954} INFO - Setting next_dagrun for example_task_group to 2024-06-25 00:00:00+00:00, run_after=2024-06-26 00:00:00+00:00
[2024-06-26T04:34:31.760+0000] {processor.py:183} INFO - Processing /home/ubuntu/deevar_venv/lib/python3.12/site-packages/airflow/example_dags/example_task_group.py took 0.075 seconds
[2024-06-26T04:35:21.590+0000] {processor.py:161} INFO - Started process (PID=20994) to work on /home/ubuntu/deevar_venv/lib/python3.12/site-packages/airflow/example_dags/example_task_group.py
[2024-06-26T04:35:21.592+0000] {processor.py:830} INFO - Processing file /home/ubuntu/deevar_venv/lib/python3.12/site-packages/airflow/example_dags/example_task_group.py for tasks to queue
[2024-06-26T04:35:21.594+0000] {logging_mixin.py:188} INFO - [2024-06-26T04:35:21.593+0000] {dagbag.py:545} INFO - Filling up the DagBag from /home/ubuntu/deevar_venv/lib/python3.12/site-packages/airflow/example_dags/example_task_group.py
[2024-06-26T04:35:21.602+0000] {processor.py:840} INFO - DAG(s) 'example_task_group' retrieved from /home/ubuntu/deevar_venv/lib/python3.12/site-packages/airflow/example_dags/example_task_group.py
[2024-06-26T04:35:21.706+0000] {logging_mixin.py:188} INFO - [2024-06-26T04:35:21.706+0000] {dag.py:3096} INFO - Sync 1 DAGs
[2024-06-26T04:35:21.725+0000] {logging_mixin.py:188} INFO - [2024-06-26T04:35:21.724+0000] {dag.py:3954} INFO - Setting next_dagrun for example_task_group to 2024-06-25 00:00:00+00:00, run_after=2024-06-26 00:00:00+00:00
[2024-06-26T04:35:21.748+0000] {processor.py:183} INFO - Processing /home/ubuntu/deevar_venv/lib/python3.12/site-packages/airflow/example_dags/example_task_group.py took 0.163 seconds
[2024-06-26T04:36:12.010+0000] {processor.py:161} INFO - Started process (PID=21045) to work on /home/ubuntu/deevar_venv/lib/python3.12/site-packages/airflow/example_dags/example_task_group.py
[2024-06-26T04:36:12.011+0000] {processor.py:830} INFO - Processing file /home/ubuntu/deevar_venv/lib/python3.12/site-packages/airflow/example_dags/example_task_group.py for tasks to queue
[2024-06-26T04:36:12.013+0000] {logging_mixin.py:188} INFO - [2024-06-26T04:36:12.013+0000] {dagbag.py:545} INFO - Filling up the DagBag from /home/ubuntu/deevar_venv/lib/python3.12/site-packages/airflow/example_dags/example_task_group.py
[2024-06-26T04:36:12.021+0000] {processor.py:840} INFO - DAG(s) 'example_task_group' retrieved from /home/ubuntu/deevar_venv/lib/python3.12/site-packages/airflow/example_dags/example_task_group.py
[2024-06-26T04:36:12.039+0000] {logging_mixin.py:188} INFO - [2024-06-26T04:36:12.039+0000] {dag.py:3096} INFO - Sync 1 DAGs
[2024-06-26T04:36:12.059+0000] {logging_mixin.py:188} INFO - [2024-06-26T04:36:12.059+0000] {dag.py:3954} INFO - Setting next_dagrun for example_task_group to 2024-06-25 00:00:00+00:00, run_after=2024-06-26 00:00:00+00:00
[2024-06-26T04:36:12.082+0000] {processor.py:183} INFO - Processing /home/ubuntu/deevar_venv/lib/python3.12/site-packages/airflow/example_dags/example_task_group.py took 0.078 seconds
[2024-06-26T05:07:25.126+0000] {processor.py:161} INFO - Started process (PID=21256) to work on /home/ubuntu/deevar_venv/lib/python3.12/site-packages/airflow/example_dags/example_task_group.py
[2024-06-26T05:07:25.128+0000] {processor.py:830} INFO - Processing file /home/ubuntu/deevar_venv/lib/python3.12/site-packages/airflow/example_dags/example_task_group.py for tasks to queue
[2024-06-26T05:07:25.129+0000] {logging_mixin.py:188} INFO - [2024-06-26T05:07:25.129+0000] {dagbag.py:545} INFO - Filling up the DagBag from /home/ubuntu/deevar_venv/lib/python3.12/site-packages/airflow/example_dags/example_task_group.py
[2024-06-26T05:07:25.141+0000] {processor.py:840} INFO - DAG(s) 'example_task_group' retrieved from /home/ubuntu/deevar_venv/lib/python3.12/site-packages/airflow/example_dags/example_task_group.py
[2024-06-26T05:07:25.150+0000] {logging_mixin.py:188} INFO - [2024-06-26T05:07:25.150+0000] {dag.py:3096} INFO - Sync 1 DAGs
[2024-06-26T05:07:25.172+0000] {logging_mixin.py:188} INFO - [2024-06-26T05:07:25.172+0000] {dag.py:3954} INFO - Setting next_dagrun for example_task_group to 2024-06-25 00:00:00+00:00, run_after=2024-06-26 00:00:00+00:00
[2024-06-26T05:07:25.200+0000] {processor.py:183} INFO - Processing /home/ubuntu/deevar_venv/lib/python3.12/site-packages/airflow/example_dags/example_task_group.py took 0.080 seconds
[2024-06-26T05:08:22.956+0000] {processor.py:161} INFO - Started process (PID=21310) to work on /home/ubuntu/deevar_venv/lib/python3.12/site-packages/airflow/example_dags/example_task_group.py
[2024-06-26T05:08:22.958+0000] {processor.py:830} INFO - Processing file /home/ubuntu/deevar_venv/lib/python3.12/site-packages/airflow/example_dags/example_task_group.py for tasks to queue
[2024-06-26T05:08:22.960+0000] {logging_mixin.py:188} INFO - [2024-06-26T05:08:22.959+0000] {dagbag.py:545} INFO - Filling up the DagBag from /home/ubuntu/deevar_venv/lib/python3.12/site-packages/airflow/example_dags/example_task_group.py
[2024-06-26T05:08:22.968+0000] {processor.py:840} INFO - DAG(s) 'example_task_group' retrieved from /home/ubuntu/deevar_venv/lib/python3.12/site-packages/airflow/example_dags/example_task_group.py
[2024-06-26T05:08:23.078+0000] {logging_mixin.py:188} INFO - [2024-06-26T05:08:23.078+0000] {dag.py:3096} INFO - Sync 1 DAGs
[2024-06-26T05:08:23.097+0000] {logging_mixin.py:188} INFO - [2024-06-26T05:08:23.096+0000] {dag.py:3954} INFO - Setting next_dagrun for example_task_group to 2024-06-25 00:00:00+00:00, run_after=2024-06-26 00:00:00+00:00
[2024-06-26T05:08:23.124+0000] {processor.py:183} INFO - Processing /home/ubuntu/deevar_venv/lib/python3.12/site-packages/airflow/example_dags/example_task_group.py took 0.173 seconds
[2024-06-26T05:09:10.690+0000] {processor.py:161} INFO - Started process (PID=21359) to work on /home/ubuntu/deevar_venv/lib/python3.12/site-packages/airflow/example_dags/example_task_group.py
[2024-06-26T05:09:10.691+0000] {processor.py:830} INFO - Processing file /home/ubuntu/deevar_venv/lib/python3.12/site-packages/airflow/example_dags/example_task_group.py for tasks to queue
[2024-06-26T05:09:10.694+0000] {logging_mixin.py:188} INFO - [2024-06-26T05:09:10.694+0000] {dagbag.py:545} INFO - Filling up the DagBag from /home/ubuntu/deevar_venv/lib/python3.12/site-packages/airflow/example_dags/example_task_group.py
[2024-06-26T05:09:10.702+0000] {processor.py:840} INFO - DAG(s) 'example_task_group' retrieved from /home/ubuntu/deevar_venv/lib/python3.12/site-packages/airflow/example_dags/example_task_group.py
[2024-06-26T05:09:10.722+0000] {logging_mixin.py:188} INFO - [2024-06-26T05:09:10.722+0000] {dag.py:3096} INFO - Sync 1 DAGs
[2024-06-26T05:09:10.744+0000] {logging_mixin.py:188} INFO - [2024-06-26T05:09:10.744+0000] {dag.py:3954} INFO - Setting next_dagrun for example_task_group to 2024-06-25 00:00:00+00:00, run_after=2024-06-26 00:00:00+00:00
[2024-06-26T05:09:10.770+0000] {processor.py:183} INFO - Processing /home/ubuntu/deevar_venv/lib/python3.12/site-packages/airflow/example_dags/example_task_group.py took 0.086 seconds
