[2024-06-26T04:34:40.835+0000] {processor.py:161} INFO - Started process (PID=20951) to work on /home/ubuntu/deevar_venv/lib/python3.12/site-packages/airflow/example_dags/example_sensor_decorator.py
[2024-06-26T04:34:40.836+0000] {processor.py:830} INFO - Processing file /home/ubuntu/deevar_venv/lib/python3.12/site-packages/airflow/example_dags/example_sensor_decorator.py for tasks to queue
[2024-06-26T04:34:40.838+0000] {logging_mixin.py:188} INFO - [2024-06-26T04:34:40.837+0000] {dagbag.py:545} INFO - Filling up the DagBag from /home/ubuntu/deevar_venv/lib/python3.12/site-packages/airflow/example_dags/example_sensor_decorator.py
[2024-06-26T04:34:40.847+0000] {processor.py:840} INFO - DAG(s) 'example_sensor_decorator' retrieved from /home/ubuntu/deevar_venv/lib/python3.12/site-packages/airflow/example_dags/example_sensor_decorator.py
[2024-06-26T04:34:40.855+0000] {logging_mixin.py:188} INFO - [2024-06-26T04:34:40.855+0000] {dag.py:3096} INFO - Sync 1 DAGs
[2024-06-26T04:34:40.869+0000] {logging_mixin.py:188} INFO - [2024-06-26T04:34:40.869+0000] {dag.py:3954} INFO - Setting next_dagrun for example_sensor_decorator to None, run_after=None
[2024-06-26T04:34:40.895+0000] {processor.py:183} INFO - Processing /home/ubuntu/deevar_venv/lib/python3.12/site-packages/airflow/example_dags/example_sensor_decorator.py took 0.066 seconds
[2024-06-26T04:35:32.827+0000] {processor.py:161} INFO - Started process (PID=21005) to work on /home/ubuntu/deevar_venv/lib/python3.12/site-packages/airflow/example_dags/example_sensor_decorator.py
[2024-06-26T04:35:32.829+0000] {processor.py:830} INFO - Processing file /home/ubuntu/deevar_venv/lib/python3.12/site-packages/airflow/example_dags/example_sensor_decorator.py for tasks to queue
[2024-06-26T04:35:32.830+0000] {logging_mixin.py:188} INFO - [2024-06-26T04:35:32.830+0000] {dagbag.py:545} INFO - Filling up the DagBag from /home/ubuntu/deevar_venv/lib/python3.12/site-packages/airflow/example_dags/example_sensor_decorator.py
[2024-06-26T04:35:32.837+0000] {processor.py:840} INFO - DAG(s) 'example_sensor_decorator' retrieved from /home/ubuntu/deevar_venv/lib/python3.12/site-packages/airflow/example_dags/example_sensor_decorator.py
[2024-06-26T04:35:32.940+0000] {logging_mixin.py:188} INFO - [2024-06-26T04:35:32.939+0000] {dag.py:3096} INFO - Sync 1 DAGs
[2024-06-26T04:35:32.951+0000] {logging_mixin.py:188} INFO - [2024-06-26T04:35:32.951+0000] {dag.py:3954} INFO - Setting next_dagrun for example_sensor_decorator to None, run_after=None
[2024-06-26T04:35:32.976+0000] {processor.py:183} INFO - Processing /home/ubuntu/deevar_venv/lib/python3.12/site-packages/airflow/example_dags/example_sensor_decorator.py took 0.155 seconds
[2024-06-26T04:36:21.157+0000] {processor.py:161} INFO - Started process (PID=21056) to work on /home/ubuntu/deevar_venv/lib/python3.12/site-packages/airflow/example_dags/example_sensor_decorator.py
[2024-06-26T04:36:21.159+0000] {processor.py:830} INFO - Processing file /home/ubuntu/deevar_venv/lib/python3.12/site-packages/airflow/example_dags/example_sensor_decorator.py for tasks to queue
[2024-06-26T04:36:21.160+0000] {logging_mixin.py:188} INFO - [2024-06-26T04:36:21.160+0000] {dagbag.py:545} INFO - Filling up the DagBag from /home/ubuntu/deevar_venv/lib/python3.12/site-packages/airflow/example_dags/example_sensor_decorator.py
[2024-06-26T04:36:21.167+0000] {processor.py:840} INFO - DAG(s) 'example_sensor_decorator' retrieved from /home/ubuntu/deevar_venv/lib/python3.12/site-packages/airflow/example_dags/example_sensor_decorator.py
[2024-06-26T04:36:21.183+0000] {logging_mixin.py:188} INFO - [2024-06-26T04:36:21.183+0000] {dag.py:3096} INFO - Sync 1 DAGs
[2024-06-26T04:36:21.195+0000] {logging_mixin.py:188} INFO - [2024-06-26T04:36:21.195+0000] {dag.py:3954} INFO - Setting next_dagrun for example_sensor_decorator to None, run_after=None
[2024-06-26T04:36:21.218+0000] {processor.py:183} INFO - Processing /home/ubuntu/deevar_venv/lib/python3.12/site-packages/airflow/example_dags/example_sensor_decorator.py took 0.067 seconds
[2024-06-26T05:07:37.365+0000] {processor.py:161} INFO - Started process (PID=21267) to work on /home/ubuntu/deevar_venv/lib/python3.12/site-packages/airflow/example_dags/example_sensor_decorator.py
[2024-06-26T05:07:37.367+0000] {processor.py:830} INFO - Processing file /home/ubuntu/deevar_venv/lib/python3.12/site-packages/airflow/example_dags/example_sensor_decorator.py for tasks to queue
[2024-06-26T05:07:37.368+0000] {logging_mixin.py:188} INFO - [2024-06-26T05:07:37.368+0000] {dagbag.py:545} INFO - Filling up the DagBag from /home/ubuntu/deevar_venv/lib/python3.12/site-packages/airflow/example_dags/example_sensor_decorator.py
[2024-06-26T05:07:37.376+0000] {processor.py:840} INFO - DAG(s) 'example_sensor_decorator' retrieved from /home/ubuntu/deevar_venv/lib/python3.12/site-packages/airflow/example_dags/example_sensor_decorator.py
[2024-06-26T05:07:37.628+0000] {logging_mixin.py:188} INFO - [2024-06-26T05:07:37.627+0000] {dag.py:3096} INFO - Sync 1 DAGs
[2024-06-26T05:07:37.639+0000] {logging_mixin.py:188} INFO - [2024-06-26T05:07:37.639+0000] {dag.py:3954} INFO - Setting next_dagrun for example_sensor_decorator to None, run_after=None
[2024-06-26T05:07:37.662+0000] {processor.py:183} INFO - Processing /home/ubuntu/deevar_venv/lib/python3.12/site-packages/airflow/example_dags/example_sensor_decorator.py took 0.303 seconds
[2024-06-26T05:08:34.436+0000] {processor.py:161} INFO - Started process (PID=21321) to work on /home/ubuntu/deevar_venv/lib/python3.12/site-packages/airflow/example_dags/example_sensor_decorator.py
[2024-06-26T05:08:34.438+0000] {processor.py:830} INFO - Processing file /home/ubuntu/deevar_venv/lib/python3.12/site-packages/airflow/example_dags/example_sensor_decorator.py for tasks to queue
[2024-06-26T05:08:34.440+0000] {logging_mixin.py:188} INFO - [2024-06-26T05:08:34.440+0000] {dagbag.py:545} INFO - Filling up the DagBag from /home/ubuntu/deevar_venv/lib/python3.12/site-packages/airflow/example_dags/example_sensor_decorator.py
[2024-06-26T05:08:34.447+0000] {processor.py:840} INFO - DAG(s) 'example_sensor_decorator' retrieved from /home/ubuntu/deevar_venv/lib/python3.12/site-packages/airflow/example_dags/example_sensor_decorator.py
[2024-06-26T05:08:34.464+0000] {logging_mixin.py:188} INFO - [2024-06-26T05:08:34.464+0000] {dag.py:3096} INFO - Sync 1 DAGs
[2024-06-26T05:08:34.478+0000] {logging_mixin.py:188} INFO - [2024-06-26T05:08:34.477+0000] {dag.py:3954} INFO - Setting next_dagrun for example_sensor_decorator to None, run_after=None
[2024-06-26T05:08:34.504+0000] {processor.py:183} INFO - Processing /home/ubuntu/deevar_venv/lib/python3.12/site-packages/airflow/example_dags/example_sensor_decorator.py took 0.073 seconds
[2024-06-26T05:09:23.911+0000] {processor.py:161} INFO - Started process (PID=21372) to work on /home/ubuntu/deevar_venv/lib/python3.12/site-packages/airflow/example_dags/example_sensor_decorator.py
[2024-06-26T05:09:23.913+0000] {processor.py:830} INFO - Processing file /home/ubuntu/deevar_venv/lib/python3.12/site-packages/airflow/example_dags/example_sensor_decorator.py for tasks to queue
[2024-06-26T05:09:23.915+0000] {logging_mixin.py:188} INFO - [2024-06-26T05:09:23.915+0000] {dagbag.py:545} INFO - Filling up the DagBag from /home/ubuntu/deevar_venv/lib/python3.12/site-packages/airflow/example_dags/example_sensor_decorator.py
[2024-06-26T05:09:23.922+0000] {processor.py:840} INFO - DAG(s) 'example_sensor_decorator' retrieved from /home/ubuntu/deevar_venv/lib/python3.12/site-packages/airflow/example_dags/example_sensor_decorator.py
[2024-06-26T05:09:23.940+0000] {logging_mixin.py:188} INFO - [2024-06-26T05:09:23.939+0000] {dag.py:3096} INFO - Sync 1 DAGs
[2024-06-26T05:09:23.953+0000] {logging_mixin.py:188} INFO - [2024-06-26T05:09:23.953+0000] {dag.py:3954} INFO - Setting next_dagrun for example_sensor_decorator to None, run_after=None
[2024-06-26T05:09:23.979+0000] {processor.py:183} INFO - Processing /home/ubuntu/deevar_venv/lib/python3.12/site-packages/airflow/example_dags/example_sensor_decorator.py took 0.074 seconds
