[2024-06-26T04:34:33.422+0000] {processor.py:161} INFO - Started process (PID=20943) to work on /home/ubuntu/deevar_venv/lib/python3.12/site-packages/airflow/example_dags/example_subdag_operator.py
[2024-06-26T04:34:33.423+0000] {processor.py:830} INFO - Processing file /home/ubuntu/deevar_venv/lib/python3.12/site-packages/airflow/example_dags/example_subdag_operator.py for tasks to queue
[2024-06-26T04:34:33.425+0000] {logging_mixin.py:188} INFO - [2024-06-26T04:34:33.424+0000] {dagbag.py:545} INFO - Filling up the DagBag from /home/ubuntu/deevar_venv/lib/python3.12/site-packages/airflow/example_dags/example_subdag_operator.py
[2024-06-26T04:34:33.447+0000] {processor.py:840} INFO - DAG(s) 'example_subdag_operator.section-1', 'example_subdag_operator.section-2', 'example_subdag_operator' retrieved from /home/ubuntu/deevar_venv/lib/python3.12/site-packages/airflow/example_dags/example_subdag_operator.py
[2024-06-26T04:34:33.450+0000] {logging_mixin.py:188} INFO - [2024-06-26T04:34:33.450+0000] {dag.py:3096} INFO - Sync 3 DAGs
[2024-06-26T04:34:33.474+0000] {logging_mixin.py:188} INFO - [2024-06-26T04:34:33.473+0000] {dag.py:3954} INFO - Setting next_dagrun for example_subdag_operator to 2022-01-01 00:00:00+00:00, run_after=2022-01-01 00:00:00+00:00
[2024-06-26T04:34:33.477+0000] {logging_mixin.py:188} INFO - [2024-06-26T04:34:33.477+0000] {dag.py:3954} INFO - Setting next_dagrun for example_subdag_operator.section-1 to None, run_after=None
[2024-06-26T04:34:33.478+0000] {logging_mixin.py:188} INFO - [2024-06-26T04:34:33.478+0000] {dag.py:3954} INFO - Setting next_dagrun for example_subdag_operator.section-2 to None, run_after=None
[2024-06-26T04:34:33.484+0000] {logging_mixin.py:188} INFO - [2024-06-26T04:34:33.484+0000] {dag.py:3096} INFO - Sync 2 DAGs
[2024-06-26T04:34:33.488+0000] {logging_mixin.py:188} INFO - [2024-06-26T04:34:33.488+0000] {dag.py:3954} INFO - Setting next_dagrun for example_subdag_operator.section-1 to None, run_after=None
[2024-06-26T04:34:33.489+0000] {logging_mixin.py:188} INFO - [2024-06-26T04:34:33.488+0000] {dag.py:3954} INFO - Setting next_dagrun for example_subdag_operator.section-2 to None, run_after=None
[2024-06-26T04:34:33.505+0000] {processor.py:183} INFO - Processing /home/ubuntu/deevar_venv/lib/python3.12/site-packages/airflow/example_dags/example_subdag_operator.py took 0.088 seconds
[2024-06-26T04:35:24.354+0000] {processor.py:161} INFO - Started process (PID=20997) to work on /home/ubuntu/deevar_venv/lib/python3.12/site-packages/airflow/example_dags/example_subdag_operator.py
[2024-06-26T04:35:24.356+0000] {processor.py:830} INFO - Processing file /home/ubuntu/deevar_venv/lib/python3.12/site-packages/airflow/example_dags/example_subdag_operator.py for tasks to queue
[2024-06-26T04:35:24.357+0000] {logging_mixin.py:188} INFO - [2024-06-26T04:35:24.357+0000] {dagbag.py:545} INFO - Filling up the DagBag from /home/ubuntu/deevar_venv/lib/python3.12/site-packages/airflow/example_dags/example_subdag_operator.py
[2024-06-26T04:35:24.378+0000] {processor.py:840} INFO - DAG(s) 'example_subdag_operator.section-1', 'example_subdag_operator.section-2', 'example_subdag_operator' retrieved from /home/ubuntu/deevar_venv/lib/python3.12/site-packages/airflow/example_dags/example_subdag_operator.py
[2024-06-26T04:35:24.478+0000] {logging_mixin.py:188} INFO - [2024-06-26T04:35:24.478+0000] {dag.py:3096} INFO - Sync 3 DAGs
[2024-06-26T04:35:24.497+0000] {logging_mixin.py:188} INFO - [2024-06-26T04:35:24.497+0000] {dag.py:3954} INFO - Setting next_dagrun for example_subdag_operator to 2022-01-01 00:00:00+00:00, run_after=2022-01-01 00:00:00+00:00
[2024-06-26T04:35:24.499+0000] {logging_mixin.py:188} INFO - [2024-06-26T04:35:24.499+0000] {dag.py:3954} INFO - Setting next_dagrun for example_subdag_operator.section-1 to None, run_after=None
[2024-06-26T04:35:24.500+0000] {logging_mixin.py:188} INFO - [2024-06-26T04:35:24.500+0000] {dag.py:3954} INFO - Setting next_dagrun for example_subdag_operator.section-2 to None, run_after=None
[2024-06-26T04:35:24.507+0000] {logging_mixin.py:188} INFO - [2024-06-26T04:35:24.507+0000] {dag.py:3096} INFO - Sync 2 DAGs
[2024-06-26T04:35:24.511+0000] {logging_mixin.py:188} INFO - [2024-06-26T04:35:24.511+0000] {dag.py:3954} INFO - Setting next_dagrun for example_subdag_operator.section-1 to None, run_after=None
[2024-06-26T04:35:24.511+0000] {logging_mixin.py:188} INFO - [2024-06-26T04:35:24.511+0000] {dag.py:3954} INFO - Setting next_dagrun for example_subdag_operator.section-2 to None, run_after=None
[2024-06-26T04:35:24.527+0000] {processor.py:183} INFO - Processing /home/ubuntu/deevar_venv/lib/python3.12/site-packages/airflow/example_dags/example_subdag_operator.py took 0.178 seconds
[2024-06-26T04:36:15.416+0000] {processor.py:161} INFO - Started process (PID=21048) to work on /home/ubuntu/deevar_venv/lib/python3.12/site-packages/airflow/example_dags/example_subdag_operator.py
[2024-06-26T04:36:15.418+0000] {processor.py:830} INFO - Processing file /home/ubuntu/deevar_venv/lib/python3.12/site-packages/airflow/example_dags/example_subdag_operator.py for tasks to queue
[2024-06-26T04:36:15.420+0000] {logging_mixin.py:188} INFO - [2024-06-26T04:36:15.419+0000] {dagbag.py:545} INFO - Filling up the DagBag from /home/ubuntu/deevar_venv/lib/python3.12/site-packages/airflow/example_dags/example_subdag_operator.py
[2024-06-26T04:36:15.441+0000] {processor.py:840} INFO - DAG(s) 'example_subdag_operator.section-1', 'example_subdag_operator.section-2', 'example_subdag_operator' retrieved from /home/ubuntu/deevar_venv/lib/python3.12/site-packages/airflow/example_dags/example_subdag_operator.py
[2024-06-26T04:36:15.457+0000] {logging_mixin.py:188} INFO - [2024-06-26T04:36:15.456+0000] {dag.py:3096} INFO - Sync 3 DAGs
[2024-06-26T04:36:15.477+0000] {logging_mixin.py:188} INFO - [2024-06-26T04:36:15.477+0000] {dag.py:3954} INFO - Setting next_dagrun for example_subdag_operator to 2022-01-01 00:00:00+00:00, run_after=2022-01-01 00:00:00+00:00
[2024-06-26T04:36:15.480+0000] {logging_mixin.py:188} INFO - [2024-06-26T04:36:15.480+0000] {dag.py:3954} INFO - Setting next_dagrun for example_subdag_operator.section-1 to None, run_after=None
[2024-06-26T04:36:15.481+0000] {logging_mixin.py:188} INFO - [2024-06-26T04:36:15.481+0000] {dag.py:3954} INFO - Setting next_dagrun for example_subdag_operator.section-2 to None, run_after=None
[2024-06-26T04:36:15.487+0000] {logging_mixin.py:188} INFO - [2024-06-26T04:36:15.487+0000] {dag.py:3096} INFO - Sync 2 DAGs
[2024-06-26T04:36:15.492+0000] {logging_mixin.py:188} INFO - [2024-06-26T04:36:15.491+0000] {dag.py:3954} INFO - Setting next_dagrun for example_subdag_operator.section-1 to None, run_after=None
[2024-06-26T04:36:15.492+0000] {logging_mixin.py:188} INFO - [2024-06-26T04:36:15.492+0000] {dag.py:3954} INFO - Setting next_dagrun for example_subdag_operator.section-2 to None, run_after=None
[2024-06-26T04:36:15.508+0000] {processor.py:183} INFO - Processing /home/ubuntu/deevar_venv/lib/python3.12/site-packages/airflow/example_dags/example_subdag_operator.py took 0.097 seconds
[2024-06-26T05:07:28.007+0000] {processor.py:161} INFO - Started process (PID=21259) to work on /home/ubuntu/deevar_venv/lib/python3.12/site-packages/airflow/example_dags/example_subdag_operator.py
[2024-06-26T05:07:28.009+0000] {processor.py:830} INFO - Processing file /home/ubuntu/deevar_venv/lib/python3.12/site-packages/airflow/example_dags/example_subdag_operator.py for tasks to queue
[2024-06-26T05:07:28.011+0000] {logging_mixin.py:188} INFO - [2024-06-26T05:07:28.010+0000] {dagbag.py:545} INFO - Filling up the DagBag from /home/ubuntu/deevar_venv/lib/python3.12/site-packages/airflow/example_dags/example_subdag_operator.py
[2024-06-26T05:07:28.033+0000] {processor.py:840} INFO - DAG(s) 'example_subdag_operator.section-1', 'example_subdag_operator.section-2', 'example_subdag_operator' retrieved from /home/ubuntu/deevar_venv/lib/python3.12/site-packages/airflow/example_dags/example_subdag_operator.py
[2024-06-26T05:07:28.038+0000] {logging_mixin.py:188} INFO - [2024-06-26T05:07:28.037+0000] {dag.py:3096} INFO - Sync 3 DAGs
[2024-06-26T05:07:28.059+0000] {logging_mixin.py:188} INFO - [2024-06-26T05:07:28.058+0000] {dag.py:3954} INFO - Setting next_dagrun for example_subdag_operator to 2022-01-01 00:00:00+00:00, run_after=2022-01-01 00:00:00+00:00
[2024-06-26T05:07:28.065+0000] {logging_mixin.py:188} INFO - [2024-06-26T05:07:28.065+0000] {dag.py:3954} INFO - Setting next_dagrun for example_subdag_operator.section-1 to None, run_after=None
[2024-06-26T05:07:28.066+0000] {logging_mixin.py:188} INFO - [2024-06-26T05:07:28.066+0000] {dag.py:3954} INFO - Setting next_dagrun for example_subdag_operator.section-2 to None, run_after=None
[2024-06-26T05:07:28.072+0000] {logging_mixin.py:188} INFO - [2024-06-26T05:07:28.072+0000] {dag.py:3096} INFO - Sync 2 DAGs
[2024-06-26T05:07:28.222+0000] {logging_mixin.py:188} INFO - [2024-06-26T05:07:28.222+0000] {dag.py:3954} INFO - Setting next_dagrun for example_subdag_operator.section-1 to None, run_after=None
[2024-06-26T05:07:28.222+0000] {logging_mixin.py:188} INFO - [2024-06-26T05:07:28.222+0000] {dag.py:3954} INFO - Setting next_dagrun for example_subdag_operator.section-2 to None, run_after=None
[2024-06-26T05:07:28.239+0000] {processor.py:183} INFO - Processing /home/ubuntu/deevar_venv/lib/python3.12/site-packages/airflow/example_dags/example_subdag_operator.py took 0.237 seconds
[2024-06-26T05:08:26.274+0000] {processor.py:161} INFO - Started process (PID=21313) to work on /home/ubuntu/deevar_venv/lib/python3.12/site-packages/airflow/example_dags/example_subdag_operator.py
[2024-06-26T05:08:26.276+0000] {processor.py:830} INFO - Processing file /home/ubuntu/deevar_venv/lib/python3.12/site-packages/airflow/example_dags/example_subdag_operator.py for tasks to queue
[2024-06-26T05:08:26.278+0000] {logging_mixin.py:188} INFO - [2024-06-26T05:08:26.278+0000] {dagbag.py:545} INFO - Filling up the DagBag from /home/ubuntu/deevar_venv/lib/python3.12/site-packages/airflow/example_dags/example_subdag_operator.py
[2024-06-26T05:08:26.301+0000] {processor.py:840} INFO - DAG(s) 'example_subdag_operator.section-1', 'example_subdag_operator.section-2', 'example_subdag_operator' retrieved from /home/ubuntu/deevar_venv/lib/python3.12/site-packages/airflow/example_dags/example_subdag_operator.py
[2024-06-26T05:08:26.406+0000] {logging_mixin.py:188} INFO - [2024-06-26T05:08:26.406+0000] {dag.py:3096} INFO - Sync 3 DAGs
[2024-06-26T05:08:26.425+0000] {logging_mixin.py:188} INFO - [2024-06-26T05:08:26.424+0000] {dag.py:3954} INFO - Setting next_dagrun for example_subdag_operator to 2022-01-01 00:00:00+00:00, run_after=2022-01-01 00:00:00+00:00
[2024-06-26T05:08:26.429+0000] {logging_mixin.py:188} INFO - [2024-06-26T05:08:26.429+0000] {dag.py:3954} INFO - Setting next_dagrun for example_subdag_operator.section-1 to None, run_after=None
[2024-06-26T05:08:26.430+0000] {logging_mixin.py:188} INFO - [2024-06-26T05:08:26.430+0000] {dag.py:3954} INFO - Setting next_dagrun for example_subdag_operator.section-2 to None, run_after=None
[2024-06-26T05:08:26.437+0000] {logging_mixin.py:188} INFO - [2024-06-26T05:08:26.437+0000] {dag.py:3096} INFO - Sync 2 DAGs
[2024-06-26T05:08:26.441+0000] {logging_mixin.py:188} INFO - [2024-06-26T05:08:26.441+0000] {dag.py:3954} INFO - Setting next_dagrun for example_subdag_operator.section-1 to None, run_after=None
[2024-06-26T05:08:26.442+0000] {logging_mixin.py:188} INFO - [2024-06-26T05:08:26.442+0000] {dag.py:3954} INFO - Setting next_dagrun for example_subdag_operator.section-2 to None, run_after=None
[2024-06-26T05:08:26.459+0000] {processor.py:183} INFO - Processing /home/ubuntu/deevar_venv/lib/python3.12/site-packages/airflow/example_dags/example_subdag_operator.py took 0.190 seconds
[2024-06-26T05:09:13.771+0000] {processor.py:161} INFO - Started process (PID=21362) to work on /home/ubuntu/deevar_venv/lib/python3.12/site-packages/airflow/example_dags/example_subdag_operator.py
[2024-06-26T05:09:13.772+0000] {processor.py:830} INFO - Processing file /home/ubuntu/deevar_venv/lib/python3.12/site-packages/airflow/example_dags/example_subdag_operator.py for tasks to queue
[2024-06-26T05:09:13.774+0000] {logging_mixin.py:188} INFO - [2024-06-26T05:09:13.773+0000] {dagbag.py:545} INFO - Filling up the DagBag from /home/ubuntu/deevar_venv/lib/python3.12/site-packages/airflow/example_dags/example_subdag_operator.py
[2024-06-26T05:09:13.796+0000] {processor.py:840} INFO - DAG(s) 'example_subdag_operator.section-1', 'example_subdag_operator.section-2', 'example_subdag_operator' retrieved from /home/ubuntu/deevar_venv/lib/python3.12/site-packages/airflow/example_dags/example_subdag_operator.py
[2024-06-26T05:09:13.812+0000] {logging_mixin.py:188} INFO - [2024-06-26T05:09:13.812+0000] {dag.py:3096} INFO - Sync 3 DAGs
[2024-06-26T05:09:13.833+0000] {logging_mixin.py:188} INFO - [2024-06-26T05:09:13.833+0000] {dag.py:3954} INFO - Setting next_dagrun for example_subdag_operator to 2022-01-01 00:00:00+00:00, run_after=2022-01-01 00:00:00+00:00
[2024-06-26T05:09:13.837+0000] {logging_mixin.py:188} INFO - [2024-06-26T05:09:13.837+0000] {dag.py:3954} INFO - Setting next_dagrun for example_subdag_operator.section-1 to None, run_after=None
[2024-06-26T05:09:13.838+0000] {logging_mixin.py:188} INFO - [2024-06-26T05:09:13.838+0000] {dag.py:3954} INFO - Setting next_dagrun for example_subdag_operator.section-2 to None, run_after=None
[2024-06-26T05:09:13.844+0000] {logging_mixin.py:188} INFO - [2024-06-26T05:09:13.844+0000] {dag.py:3096} INFO - Sync 2 DAGs
[2024-06-26T05:09:13.848+0000] {logging_mixin.py:188} INFO - [2024-06-26T05:09:13.848+0000] {dag.py:3954} INFO - Setting next_dagrun for example_subdag_operator.section-1 to None, run_after=None
[2024-06-26T05:09:13.849+0000] {logging_mixin.py:188} INFO - [2024-06-26T05:09:13.848+0000] {dag.py:3954} INFO - Setting next_dagrun for example_subdag_operator.section-2 to None, run_after=None
[2024-06-26T05:09:13.866+0000] {processor.py:183} INFO - Processing /home/ubuntu/deevar_venv/lib/python3.12/site-packages/airflow/example_dags/example_subdag_operator.py took 0.102 seconds
