[2024-06-26T04:34:58.208+0000] {processor.py:161} INFO - Started process (PID=20968) to work on /home/ubuntu/deevar_venv/lib/python3.12/site-packages/airflow/example_dags/example_branch_operator.py
[2024-06-26T04:34:58.209+0000] {processor.py:830} INFO - Processing file /home/ubuntu/deevar_venv/lib/python3.12/site-packages/airflow/example_dags/example_branch_operator.py for tasks to queue
[2024-06-26T04:34:58.211+0000] {logging_mixin.py:188} INFO - [2024-06-26T04:34:58.210+0000] {dagbag.py:545} INFO - Filling up the DagBag from /home/ubuntu/deevar_venv/lib/python3.12/site-packages/airflow/example_dags/example_branch_operator.py
[2024-06-26T04:34:58.229+0000] {processor.py:840} INFO - DAG(s) 'example_branch_operator' retrieved from /home/ubuntu/deevar_venv/lib/python3.12/site-packages/airflow/example_dags/example_branch_operator.py
[2024-06-26T04:34:58.343+0000] {logging_mixin.py:188} INFO - [2024-06-26T04:34:58.342+0000] {dag.py:3096} INFO - Sync 1 DAGs
[2024-06-26T04:34:58.363+0000] {logging_mixin.py:188} INFO - [2024-06-26T04:34:58.363+0000] {dag.py:3954} INFO - Setting next_dagrun for example_branch_operator to 2024-06-25 00:00:00+00:00, run_after=2024-06-26 00:00:00+00:00
[2024-06-26T04:34:58.388+0000] {processor.py:183} INFO - Processing /home/ubuntu/deevar_venv/lib/python3.12/site-packages/airflow/example_dags/example_branch_operator.py took 0.186 seconds
[2024-06-26T04:35:49.450+0000] {processor.py:161} INFO - Started process (PID=21022) to work on /home/ubuntu/deevar_venv/lib/python3.12/site-packages/airflow/example_dags/example_branch_operator.py
[2024-06-26T04:35:49.451+0000] {processor.py:830} INFO - Processing file /home/ubuntu/deevar_venv/lib/python3.12/site-packages/airflow/example_dags/example_branch_operator.py for tasks to queue
[2024-06-26T04:35:49.453+0000] {logging_mixin.py:188} INFO - [2024-06-26T04:35:49.453+0000] {dagbag.py:545} INFO - Filling up the DagBag from /home/ubuntu/deevar_venv/lib/python3.12/site-packages/airflow/example_dags/example_branch_operator.py
[2024-06-26T04:35:49.472+0000] {processor.py:840} INFO - DAG(s) 'example_branch_operator' retrieved from /home/ubuntu/deevar_venv/lib/python3.12/site-packages/airflow/example_dags/example_branch_operator.py
[2024-06-26T04:35:49.498+0000] {logging_mixin.py:188} INFO - [2024-06-26T04:35:49.497+0000] {dag.py:3096} INFO - Sync 1 DAGs
[2024-06-26T04:35:49.520+0000] {logging_mixin.py:188} INFO - [2024-06-26T04:35:49.520+0000] {dag.py:3954} INFO - Setting next_dagrun for example_branch_operator to 2024-06-25 00:00:00+00:00, run_after=2024-06-26 00:00:00+00:00
[2024-06-26T04:35:49.546+0000] {processor.py:183} INFO - Processing /home/ubuntu/deevar_venv/lib/python3.12/site-packages/airflow/example_dags/example_branch_operator.py took 0.102 seconds
[2024-06-26T05:07:59.284+0000] {processor.py:161} INFO - Started process (PID=21284) to work on /home/ubuntu/deevar_venv/lib/python3.12/site-packages/airflow/example_dags/example_branch_operator.py
[2024-06-26T05:07:59.285+0000] {processor.py:830} INFO - Processing file /home/ubuntu/deevar_venv/lib/python3.12/site-packages/airflow/example_dags/example_branch_operator.py for tasks to queue
[2024-06-26T05:07:59.287+0000] {logging_mixin.py:188} INFO - [2024-06-26T05:07:59.287+0000] {dagbag.py:545} INFO - Filling up the DagBag from /home/ubuntu/deevar_venv/lib/python3.12/site-packages/airflow/example_dags/example_branch_operator.py
[2024-06-26T05:07:59.306+0000] {processor.py:840} INFO - DAG(s) 'example_branch_operator' retrieved from /home/ubuntu/deevar_venv/lib/python3.12/site-packages/airflow/example_dags/example_branch_operator.py
[2024-06-26T05:07:59.422+0000] {logging_mixin.py:188} INFO - [2024-06-26T05:07:59.422+0000] {dag.py:3096} INFO - Sync 1 DAGs
[2024-06-26T05:07:59.441+0000] {logging_mixin.py:188} INFO - [2024-06-26T05:07:59.441+0000] {dag.py:3954} INFO - Setting next_dagrun for example_branch_operator to 2024-06-25 00:00:00+00:00, run_after=2024-06-26 00:00:00+00:00
[2024-06-26T05:07:59.466+0000] {processor.py:183} INFO - Processing /home/ubuntu/deevar_venv/lib/python3.12/site-packages/airflow/example_dags/example_branch_operator.py took 0.188 seconds
[2024-06-26T05:08:51.241+0000] {processor.py:161} INFO - Started process (PID=21338) to work on /home/ubuntu/deevar_venv/lib/python3.12/site-packages/airflow/example_dags/example_branch_operator.py
[2024-06-26T05:08:51.243+0000] {processor.py:830} INFO - Processing file /home/ubuntu/deevar_venv/lib/python3.12/site-packages/airflow/example_dags/example_branch_operator.py for tasks to queue
[2024-06-26T05:08:51.245+0000] {logging_mixin.py:188} INFO - [2024-06-26T05:08:51.245+0000] {dagbag.py:545} INFO - Filling up the DagBag from /home/ubuntu/deevar_venv/lib/python3.12/site-packages/airflow/example_dags/example_branch_operator.py
[2024-06-26T05:08:51.266+0000] {processor.py:840} INFO - DAG(s) 'example_branch_operator' retrieved from /home/ubuntu/deevar_venv/lib/python3.12/site-packages/airflow/example_dags/example_branch_operator.py
[2024-06-26T05:08:51.295+0000] {logging_mixin.py:188} INFO - [2024-06-26T05:08:51.294+0000] {dag.py:3096} INFO - Sync 1 DAGs
[2024-06-26T05:08:51.319+0000] {logging_mixin.py:188} INFO - [2024-06-26T05:08:51.319+0000] {dag.py:3954} INFO - Setting next_dagrun for example_branch_operator to 2024-06-25 00:00:00+00:00, run_after=2024-06-26 00:00:00+00:00
[2024-06-26T05:08:51.345+0000] {processor.py:183} INFO - Processing /home/ubuntu/deevar_venv/lib/python3.12/site-packages/airflow/example_dags/example_branch_operator.py took 0.110 seconds
