[2024-06-26T04:34:32.282+0000] {processor.py:161} INFO - Started process (PID=20942) to work on /home/ubuntu/deevar_venv/lib/python3.12/site-packages/airflow/example_dags/example_short_circuit_operator.py
[2024-06-26T04:34:32.283+0000] {processor.py:830} INFO - Processing file /home/ubuntu/deevar_venv/lib/python3.12/site-packages/airflow/example_dags/example_short_circuit_operator.py for tasks to queue
[2024-06-26T04:34:32.285+0000] {logging_mixin.py:188} INFO - [2024-06-26T04:34:32.284+0000] {dagbag.py:545} INFO - Filling up the DagBag from /home/ubuntu/deevar_venv/lib/python3.12/site-packages/airflow/example_dags/example_short_circuit_operator.py
[2024-06-26T04:34:32.295+0000] {processor.py:840} INFO - DAG(s) 'example_short_circuit_operator' retrieved from /home/ubuntu/deevar_venv/lib/python3.12/site-packages/airflow/example_dags/example_short_circuit_operator.py
[2024-06-26T04:34:32.303+0000] {logging_mixin.py:188} INFO - [2024-06-26T04:34:32.303+0000] {dag.py:3096} INFO - Sync 1 DAGs
[2024-06-26T04:34:32.327+0000] {logging_mixin.py:188} INFO - [2024-06-26T04:34:32.327+0000] {dag.py:3954} INFO - Setting next_dagrun for example_short_circuit_operator to 2024-06-25 00:00:00+00:00, run_after=2024-06-26 00:00:00+00:00
[2024-06-26T04:34:32.352+0000] {processor.py:183} INFO - Processing /home/ubuntu/deevar_venv/lib/python3.12/site-packages/airflow/example_dags/example_short_circuit_operator.py took 0.075 seconds
[2024-06-26T04:35:24.062+0000] {processor.py:161} INFO - Started process (PID=20996) to work on /home/ubuntu/deevar_venv/lib/python3.12/site-packages/airflow/example_dags/example_short_circuit_operator.py
[2024-06-26T04:35:24.064+0000] {processor.py:830} INFO - Processing file /home/ubuntu/deevar_venv/lib/python3.12/site-packages/airflow/example_dags/example_short_circuit_operator.py for tasks to queue
[2024-06-26T04:35:24.066+0000] {logging_mixin.py:188} INFO - [2024-06-26T04:35:24.066+0000] {dagbag.py:545} INFO - Filling up the DagBag from /home/ubuntu/deevar_venv/lib/python3.12/site-packages/airflow/example_dags/example_short_circuit_operator.py
[2024-06-26T04:35:24.074+0000] {processor.py:840} INFO - DAG(s) 'example_short_circuit_operator' retrieved from /home/ubuntu/deevar_venv/lib/python3.12/site-packages/airflow/example_dags/example_short_circuit_operator.py
[2024-06-26T04:35:24.180+0000] {logging_mixin.py:188} INFO - [2024-06-26T04:35:24.180+0000] {dag.py:3096} INFO - Sync 1 DAGs
[2024-06-26T04:35:24.199+0000] {logging_mixin.py:188} INFO - [2024-06-26T04:35:24.199+0000] {dag.py:3954} INFO - Setting next_dagrun for example_short_circuit_operator to 2024-06-25 00:00:00+00:00, run_after=2024-06-26 00:00:00+00:00
[2024-06-26T04:35:24.222+0000] {processor.py:183} INFO - Processing /home/ubuntu/deevar_venv/lib/python3.12/site-packages/airflow/example_dags/example_short_circuit_operator.py took 0.166 seconds
[2024-06-26T04:36:14.281+0000] {processor.py:161} INFO - Started process (PID=21047) to work on /home/ubuntu/deevar_venv/lib/python3.12/site-packages/airflow/example_dags/example_short_circuit_operator.py
[2024-06-26T04:36:14.283+0000] {processor.py:830} INFO - Processing file /home/ubuntu/deevar_venv/lib/python3.12/site-packages/airflow/example_dags/example_short_circuit_operator.py for tasks to queue
[2024-06-26T04:36:14.285+0000] {logging_mixin.py:188} INFO - [2024-06-26T04:36:14.284+0000] {dagbag.py:545} INFO - Filling up the DagBag from /home/ubuntu/deevar_venv/lib/python3.12/site-packages/airflow/example_dags/example_short_circuit_operator.py
[2024-06-26T04:36:14.293+0000] {processor.py:840} INFO - DAG(s) 'example_short_circuit_operator' retrieved from /home/ubuntu/deevar_venv/lib/python3.12/site-packages/airflow/example_dags/example_short_circuit_operator.py
[2024-06-26T04:36:14.313+0000] {logging_mixin.py:188} INFO - [2024-06-26T04:36:14.313+0000] {dag.py:3096} INFO - Sync 1 DAGs
[2024-06-26T04:36:14.334+0000] {logging_mixin.py:188} INFO - [2024-06-26T04:36:14.334+0000] {dag.py:3954} INFO - Setting next_dagrun for example_short_circuit_operator to 2024-06-25 00:00:00+00:00, run_after=2024-06-26 00:00:00+00:00
[2024-06-26T04:36:14.359+0000] {processor.py:183} INFO - Processing /home/ubuntu/deevar_venv/lib/python3.12/site-packages/airflow/example_dags/example_short_circuit_operator.py took 0.084 seconds
[2024-06-26T05:07:26.667+0000] {processor.py:161} INFO - Started process (PID=21258) to work on /home/ubuntu/deevar_venv/lib/python3.12/site-packages/airflow/example_dags/example_short_circuit_operator.py
[2024-06-26T05:07:26.669+0000] {processor.py:830} INFO - Processing file /home/ubuntu/deevar_venv/lib/python3.12/site-packages/airflow/example_dags/example_short_circuit_operator.py for tasks to queue
[2024-06-26T05:07:26.671+0000] {logging_mixin.py:188} INFO - [2024-06-26T05:07:26.670+0000] {dagbag.py:545} INFO - Filling up the DagBag from /home/ubuntu/deevar_venv/lib/python3.12/site-packages/airflow/example_dags/example_short_circuit_operator.py
[2024-06-26T05:07:26.681+0000] {processor.py:840} INFO - DAG(s) 'example_short_circuit_operator' retrieved from /home/ubuntu/deevar_venv/lib/python3.12/site-packages/airflow/example_dags/example_short_circuit_operator.py
[2024-06-26T05:07:26.691+0000] {logging_mixin.py:188} INFO - [2024-06-26T05:07:26.691+0000] {dag.py:3096} INFO - Sync 1 DAGs
[2024-06-26T05:07:26.713+0000] {logging_mixin.py:188} INFO - [2024-06-26T05:07:26.713+0000] {dag.py:3954} INFO - Setting next_dagrun for example_short_circuit_operator to 2024-06-25 00:00:00+00:00, run_after=2024-06-26 00:00:00+00:00
[2024-06-26T05:07:26.884+0000] {processor.py:183} INFO - Processing /home/ubuntu/deevar_venv/lib/python3.12/site-packages/airflow/example_dags/example_short_circuit_operator.py took 0.222 seconds
[2024-06-26T05:08:25.204+0000] {processor.py:161} INFO - Started process (PID=21312) to work on /home/ubuntu/deevar_venv/lib/python3.12/site-packages/airflow/example_dags/example_short_circuit_operator.py
[2024-06-26T05:08:25.206+0000] {processor.py:830} INFO - Processing file /home/ubuntu/deevar_venv/lib/python3.12/site-packages/airflow/example_dags/example_short_circuit_operator.py for tasks to queue
[2024-06-26T05:08:25.208+0000] {logging_mixin.py:188} INFO - [2024-06-26T05:08:25.208+0000] {dagbag.py:545} INFO - Filling up the DagBag from /home/ubuntu/deevar_venv/lib/python3.12/site-packages/airflow/example_dags/example_short_circuit_operator.py
[2024-06-26T05:08:25.217+0000] {processor.py:840} INFO - DAG(s) 'example_short_circuit_operator' retrieved from /home/ubuntu/deevar_venv/lib/python3.12/site-packages/airflow/example_dags/example_short_circuit_operator.py
[2024-06-26T05:08:25.330+0000] {logging_mixin.py:188} INFO - [2024-06-26T05:08:25.329+0000] {dag.py:3096} INFO - Sync 1 DAGs
[2024-06-26T05:08:25.348+0000] {logging_mixin.py:188} INFO - [2024-06-26T05:08:25.348+0000] {dag.py:3954} INFO - Setting next_dagrun for example_short_circuit_operator to 2024-06-25 00:00:00+00:00, run_after=2024-06-26 00:00:00+00:00
[2024-06-26T05:08:25.375+0000] {processor.py:183} INFO - Processing /home/ubuntu/deevar_venv/lib/python3.12/site-packages/airflow/example_dags/example_short_circuit_operator.py took 0.176 seconds
[2024-06-26T05:09:12.629+0000] {processor.py:161} INFO - Started process (PID=21361) to work on /home/ubuntu/deevar_venv/lib/python3.12/site-packages/airflow/example_dags/example_short_circuit_operator.py
[2024-06-26T05:09:12.631+0000] {processor.py:830} INFO - Processing file /home/ubuntu/deevar_venv/lib/python3.12/site-packages/airflow/example_dags/example_short_circuit_operator.py for tasks to queue
[2024-06-26T05:09:12.632+0000] {logging_mixin.py:188} INFO - [2024-06-26T05:09:12.632+0000] {dagbag.py:545} INFO - Filling up the DagBag from /home/ubuntu/deevar_venv/lib/python3.12/site-packages/airflow/example_dags/example_short_circuit_operator.py
[2024-06-26T05:09:12.641+0000] {processor.py:840} INFO - DAG(s) 'example_short_circuit_operator' retrieved from /home/ubuntu/deevar_venv/lib/python3.12/site-packages/airflow/example_dags/example_short_circuit_operator.py
[2024-06-26T05:09:12.662+0000] {logging_mixin.py:188} INFO - [2024-06-26T05:09:12.662+0000] {dag.py:3096} INFO - Sync 1 DAGs
[2024-06-26T05:09:12.685+0000] {logging_mixin.py:188} INFO - [2024-06-26T05:09:12.684+0000] {dag.py:3954} INFO - Setting next_dagrun for example_short_circuit_operator to 2024-06-25 00:00:00+00:00, run_after=2024-06-26 00:00:00+00:00
[2024-06-26T05:09:12.711+0000] {processor.py:183} INFO - Processing /home/ubuntu/deevar_venv/lib/python3.12/site-packages/airflow/example_dags/example_short_circuit_operator.py took 0.089 seconds
