[2024-06-26T04:34:36.830+0000] {processor.py:161} INFO - Started process (PID=20946) to work on /home/ubuntu/deevar_venv/lib/python3.12/site-packages/airflow/example_dags/example_sla_dag.py
[2024-06-26T04:34:36.831+0000] {processor.py:830} INFO - Processing file /home/ubuntu/deevar_venv/lib/python3.12/site-packages/airflow/example_dags/example_sla_dag.py for tasks to queue
[2024-06-26T04:34:36.833+0000] {logging_mixin.py:188} INFO - [2024-06-26T04:34:36.832+0000] {dagbag.py:545} INFO - Filling up the DagBag from /home/ubuntu/deevar_venv/lib/python3.12/site-packages/airflow/example_dags/example_sla_dag.py
[2024-06-26T04:34:36.842+0000] {processor.py:840} INFO - DAG(s) 'example_sla_dag' retrieved from /home/ubuntu/deevar_venv/lib/python3.12/site-packages/airflow/example_dags/example_sla_dag.py
[2024-06-26T04:34:36.851+0000] {logging_mixin.py:188} INFO - [2024-06-26T04:34:36.851+0000] {dag.py:3096} INFO - Sync 1 DAGs
[2024-06-26T04:34:36.878+0000] {logging_mixin.py:188} INFO - [2024-06-26T04:34:36.878+0000] {dag.py:3954} INFO - Setting next_dagrun for example_sla_dag to 2024-06-26 04:32:00+00:00, run_after=2024-06-26 04:34:00+00:00
[2024-06-26T04:34:36.902+0000] {processor.py:183} INFO - Processing /home/ubuntu/deevar_venv/lib/python3.12/site-packages/airflow/example_dags/example_sla_dag.py took 0.078 seconds
[2024-06-26T04:35:27.829+0000] {processor.py:161} INFO - Started process (PID=21000) to work on /home/ubuntu/deevar_venv/lib/python3.12/site-packages/airflow/example_dags/example_sla_dag.py
[2024-06-26T04:35:27.831+0000] {processor.py:830} INFO - Processing file /home/ubuntu/deevar_venv/lib/python3.12/site-packages/airflow/example_dags/example_sla_dag.py for tasks to queue
[2024-06-26T04:35:27.833+0000] {logging_mixin.py:188} INFO - [2024-06-26T04:35:27.832+0000] {dagbag.py:545} INFO - Filling up the DagBag from /home/ubuntu/deevar_venv/lib/python3.12/site-packages/airflow/example_dags/example_sla_dag.py
[2024-06-26T04:35:27.842+0000] {processor.py:840} INFO - DAG(s) 'example_sla_dag' retrieved from /home/ubuntu/deevar_venv/lib/python3.12/site-packages/airflow/example_dags/example_sla_dag.py
[2024-06-26T04:35:27.948+0000] {logging_mixin.py:188} INFO - [2024-06-26T04:35:27.948+0000] {dag.py:3096} INFO - Sync 1 DAGs
[2024-06-26T04:35:27.970+0000] {logging_mixin.py:188} INFO - [2024-06-26T04:35:27.970+0000] {dag.py:3954} INFO - Setting next_dagrun for example_sla_dag to 2024-06-26 04:32:00+00:00, run_after=2024-06-26 04:34:00+00:00
[2024-06-26T04:35:27.995+0000] {processor.py:183} INFO - Processing /home/ubuntu/deevar_venv/lib/python3.12/site-packages/airflow/example_dags/example_sla_dag.py took 0.171 seconds
[2024-06-26T04:36:17.175+0000] {processor.py:161} INFO - Started process (PID=21051) to work on /home/ubuntu/deevar_venv/lib/python3.12/site-packages/airflow/example_dags/example_sla_dag.py
[2024-06-26T04:36:17.177+0000] {processor.py:830} INFO - Processing file /home/ubuntu/deevar_venv/lib/python3.12/site-packages/airflow/example_dags/example_sla_dag.py for tasks to queue
[2024-06-26T04:36:17.179+0000] {logging_mixin.py:188} INFO - [2024-06-26T04:36:17.178+0000] {dagbag.py:545} INFO - Filling up the DagBag from /home/ubuntu/deevar_venv/lib/python3.12/site-packages/airflow/example_dags/example_sla_dag.py
[2024-06-26T04:36:17.188+0000] {processor.py:840} INFO - DAG(s) 'example_sla_dag' retrieved from /home/ubuntu/deevar_venv/lib/python3.12/site-packages/airflow/example_dags/example_sla_dag.py
[2024-06-26T04:36:17.204+0000] {logging_mixin.py:188} INFO - [2024-06-26T04:36:17.203+0000] {dag.py:3096} INFO - Sync 1 DAGs
[2024-06-26T04:36:17.226+0000] {logging_mixin.py:188} INFO - [2024-06-26T04:36:17.225+0000] {dag.py:3954} INFO - Setting next_dagrun for example_sla_dag to 2024-06-26 04:34:00+00:00, run_after=2024-06-26 04:36:00+00:00
[2024-06-26T04:36:17.249+0000] {processor.py:183} INFO - Processing /home/ubuntu/deevar_venv/lib/python3.12/site-packages/airflow/example_dags/example_sla_dag.py took 0.079 seconds
[2024-06-26T05:07:30.666+0000] {processor.py:161} INFO - Started process (PID=21262) to work on /home/ubuntu/deevar_venv/lib/python3.12/site-packages/airflow/example_dags/example_sla_dag.py
[2024-06-26T05:07:30.668+0000] {processor.py:830} INFO - Processing file /home/ubuntu/deevar_venv/lib/python3.12/site-packages/airflow/example_dags/example_sla_dag.py for tasks to queue
[2024-06-26T05:07:30.670+0000] {logging_mixin.py:188} INFO - [2024-06-26T05:07:30.670+0000] {dagbag.py:545} INFO - Filling up the DagBag from /home/ubuntu/deevar_venv/lib/python3.12/site-packages/airflow/example_dags/example_sla_dag.py
[2024-06-26T05:07:30.679+0000] {processor.py:840} INFO - DAG(s) 'example_sla_dag' retrieved from /home/ubuntu/deevar_venv/lib/python3.12/site-packages/airflow/example_dags/example_sla_dag.py
[2024-06-26T05:07:30.688+0000] {logging_mixin.py:188} INFO - [2024-06-26T05:07:30.688+0000] {dag.py:3096} INFO - Sync 1 DAGs
[2024-06-26T05:07:30.711+0000] {logging_mixin.py:188} INFO - [2024-06-26T05:07:30.711+0000] {dag.py:3954} INFO - Setting next_dagrun for example_sla_dag to 2024-06-26 05:04:00+00:00, run_after=2024-06-26 05:06:00+00:00
[2024-06-26T05:07:30.877+0000] {processor.py:183} INFO - Processing /home/ubuntu/deevar_venv/lib/python3.12/site-packages/airflow/example_dags/example_sla_dag.py took 0.216 seconds
[2024-06-26T05:08:29.204+0000] {processor.py:161} INFO - Started process (PID=21316) to work on /home/ubuntu/deevar_venv/lib/python3.12/site-packages/airflow/example_dags/example_sla_dag.py
[2024-06-26T05:08:29.206+0000] {processor.py:830} INFO - Processing file /home/ubuntu/deevar_venv/lib/python3.12/site-packages/airflow/example_dags/example_sla_dag.py for tasks to queue
[2024-06-26T05:08:29.208+0000] {logging_mixin.py:188} INFO - [2024-06-26T05:08:29.208+0000] {dagbag.py:545} INFO - Filling up the DagBag from /home/ubuntu/deevar_venv/lib/python3.12/site-packages/airflow/example_dags/example_sla_dag.py
[2024-06-26T05:08:29.217+0000] {processor.py:840} INFO - DAG(s) 'example_sla_dag' retrieved from /home/ubuntu/deevar_venv/lib/python3.12/site-packages/airflow/example_dags/example_sla_dag.py
[2024-06-26T05:08:29.325+0000] {logging_mixin.py:188} INFO - [2024-06-26T05:08:29.325+0000] {dag.py:3096} INFO - Sync 1 DAGs
[2024-06-26T05:08:29.346+0000] {logging_mixin.py:188} INFO - [2024-06-26T05:08:29.345+0000] {dag.py:3954} INFO - Setting next_dagrun for example_sla_dag to 2024-06-26 05:06:00+00:00, run_after=2024-06-26 05:08:00+00:00
[2024-06-26T05:08:29.373+0000] {processor.py:183} INFO - Processing /home/ubuntu/deevar_venv/lib/python3.12/site-packages/airflow/example_dags/example_sla_dag.py took 0.175 seconds
[2024-06-26T05:09:19.367+0000] {processor.py:161} INFO - Started process (PID=21367) to work on /home/ubuntu/deevar_venv/lib/python3.12/site-packages/airflow/example_dags/example_sla_dag.py
[2024-06-26T05:09:19.368+0000] {processor.py:830} INFO - Processing file /home/ubuntu/deevar_venv/lib/python3.12/site-packages/airflow/example_dags/example_sla_dag.py for tasks to queue
[2024-06-26T05:09:19.370+0000] {logging_mixin.py:188} INFO - [2024-06-26T05:09:19.370+0000] {dagbag.py:545} INFO - Filling up the DagBag from /home/ubuntu/deevar_venv/lib/python3.12/site-packages/airflow/example_dags/example_sla_dag.py
[2024-06-26T05:09:19.380+0000] {processor.py:840} INFO - DAG(s) 'example_sla_dag' retrieved from /home/ubuntu/deevar_venv/lib/python3.12/site-packages/airflow/example_dags/example_sla_dag.py
[2024-06-26T05:09:19.397+0000] {logging_mixin.py:188} INFO - [2024-06-26T05:09:19.397+0000] {dag.py:3096} INFO - Sync 1 DAGs
[2024-06-26T05:09:19.421+0000] {logging_mixin.py:188} INFO - [2024-06-26T05:09:19.421+0000] {dag.py:3954} INFO - Setting next_dagrun for example_sla_dag to 2024-06-26 05:06:00+00:00, run_after=2024-06-26 05:08:00+00:00
[2024-06-26T05:09:19.446+0000] {processor.py:183} INFO - Processing /home/ubuntu/deevar_venv/lib/python3.12/site-packages/airflow/example_dags/example_sla_dag.py took 0.086 seconds
