[2024-06-26T04:35:01.929+0000] {processor.py:161} INFO - Started process (PID=20974) to work on /home/ubuntu/deevar_venv/lib/python3.12/site-packages/airflow/example_dags/example_branch_python_dop_operator_3.py
[2024-06-26T04:35:01.929+0000] {processor.py:830} INFO - Processing file /home/ubuntu/deevar_venv/lib/python3.12/site-packages/airflow/example_dags/example_branch_python_dop_operator_3.py for tasks to queue
[2024-06-26T04:35:01.931+0000] {logging_mixin.py:188} INFO - [2024-06-26T04:35:01.931+0000] {dagbag.py:545} INFO - Filling up the DagBag from /home/ubuntu/deevar_venv/lib/python3.12/site-packages/airflow/example_dags/example_branch_python_dop_operator_3.py
[2024-06-26T04:35:01.941+0000] {processor.py:840} INFO - DAG(s) 'example_branch_dop_operator_v3' retrieved from /home/ubuntu/deevar_venv/lib/python3.12/site-packages/airflow/example_dags/example_branch_python_dop_operator_3.py
[2024-06-26T04:35:02.049+0000] {logging_mixin.py:188} INFO - [2024-06-26T04:35:02.048+0000] {dag.py:3096} INFO - Sync 1 DAGs
[2024-06-26T04:35:02.073+0000] {logging_mixin.py:188} INFO - [2024-06-26T04:35:02.072+0000] {dag.py:3954} INFO - Setting next_dagrun for example_branch_dop_operator_v3 to 2024-06-26 04:34:00+00:00, run_after=2024-06-26 04:35:00+00:00
[2024-06-26T04:35:02.099+0000] {processor.py:183} INFO - Processing /home/ubuntu/deevar_venv/lib/python3.12/site-packages/airflow/example_dags/example_branch_python_dop_operator_3.py took 0.177 seconds
[2024-06-26T04:36:05.835+0000] {processor.py:161} INFO - Started process (PID=21039) to work on /home/ubuntu/deevar_venv/lib/python3.12/site-packages/airflow/example_dags/example_branch_python_dop_operator_3.py
[2024-06-26T04:36:05.837+0000] {processor.py:830} INFO - Processing file /home/ubuntu/deevar_venv/lib/python3.12/site-packages/airflow/example_dags/example_branch_python_dop_operator_3.py for tasks to queue
[2024-06-26T04:36:05.839+0000] {logging_mixin.py:188} INFO - [2024-06-26T04:36:05.839+0000] {dagbag.py:545} INFO - Filling up the DagBag from /home/ubuntu/deevar_venv/lib/python3.12/site-packages/airflow/example_dags/example_branch_python_dop_operator_3.py
[2024-06-26T04:36:05.848+0000] {processor.py:840} INFO - DAG(s) 'example_branch_dop_operator_v3' retrieved from /home/ubuntu/deevar_venv/lib/python3.12/site-packages/airflow/example_dags/example_branch_python_dop_operator_3.py
[2024-06-26T04:36:05.865+0000] {logging_mixin.py:188} INFO - [2024-06-26T04:36:05.864+0000] {dag.py:3096} INFO - Sync 1 DAGs
[2024-06-26T04:36:05.888+0000] {logging_mixin.py:188} INFO - [2024-06-26T04:36:05.888+0000] {dag.py:3954} INFO - Setting next_dagrun for example_branch_dop_operator_v3 to 2024-06-26 04:35:00+00:00, run_after=2024-06-26 04:36:00+00:00
[2024-06-26T04:36:05.913+0000] {processor.py:183} INFO - Processing /home/ubuntu/deevar_venv/lib/python3.12/site-packages/airflow/example_dags/example_branch_python_dop_operator_3.py took 0.083 seconds
[2024-06-26T05:08:02.475+0000] {processor.py:161} INFO - Started process (PID=21287) to work on /home/ubuntu/deevar_venv/lib/python3.12/site-packages/airflow/example_dags/example_branch_python_dop_operator_3.py
[2024-06-26T05:08:02.477+0000] {processor.py:830} INFO - Processing file /home/ubuntu/deevar_venv/lib/python3.12/site-packages/airflow/example_dags/example_branch_python_dop_operator_3.py for tasks to queue
[2024-06-26T05:08:02.479+0000] {logging_mixin.py:188} INFO - [2024-06-26T05:08:02.479+0000] {dagbag.py:545} INFO - Filling up the DagBag from /home/ubuntu/deevar_venv/lib/python3.12/site-packages/airflow/example_dags/example_branch_python_dop_operator_3.py
[2024-06-26T05:08:02.489+0000] {processor.py:840} INFO - DAG(s) 'example_branch_dop_operator_v3' retrieved from /home/ubuntu/deevar_venv/lib/python3.12/site-packages/airflow/example_dags/example_branch_python_dop_operator_3.py
[2024-06-26T05:08:02.597+0000] {logging_mixin.py:188} INFO - [2024-06-26T05:08:02.597+0000] {dag.py:3096} INFO - Sync 1 DAGs
[2024-06-26T05:08:02.619+0000] {logging_mixin.py:188} INFO - [2024-06-26T05:08:02.618+0000] {dag.py:3954} INFO - Setting next_dagrun for example_branch_dop_operator_v3 to 2024-06-26 05:07:00+00:00, run_after=2024-06-26 05:08:00+00:00
[2024-06-26T05:08:02.644+0000] {processor.py:183} INFO - Processing /home/ubuntu/deevar_venv/lib/python3.12/site-packages/airflow/example_dags/example_branch_python_dop_operator_3.py took 0.175 seconds
[2024-06-26T05:08:54.726+0000] {processor.py:161} INFO - Started process (PID=21341) to work on /home/ubuntu/deevar_venv/lib/python3.12/site-packages/airflow/example_dags/example_branch_python_dop_operator_3.py
[2024-06-26T05:08:54.727+0000] {processor.py:830} INFO - Processing file /home/ubuntu/deevar_venv/lib/python3.12/site-packages/airflow/example_dags/example_branch_python_dop_operator_3.py for tasks to queue
[2024-06-26T05:08:54.729+0000] {logging_mixin.py:188} INFO - [2024-06-26T05:08:54.729+0000] {dagbag.py:545} INFO - Filling up the DagBag from /home/ubuntu/deevar_venv/lib/python3.12/site-packages/airflow/example_dags/example_branch_python_dop_operator_3.py
[2024-06-26T05:08:54.740+0000] {processor.py:840} INFO - DAG(s) 'example_branch_dop_operator_v3' retrieved from /home/ubuntu/deevar_venv/lib/python3.12/site-packages/airflow/example_dags/example_branch_python_dop_operator_3.py
[2024-06-26T05:08:54.758+0000] {logging_mixin.py:188} INFO - [2024-06-26T05:08:54.757+0000] {dag.py:3096} INFO - Sync 1 DAGs
[2024-06-26T05:08:54.783+0000] {logging_mixin.py:188} INFO - [2024-06-26T05:08:54.783+0000] {dag.py:3954} INFO - Setting next_dagrun for example_branch_dop_operator_v3 to 2024-06-26 05:07:00+00:00, run_after=2024-06-26 05:08:00+00:00
[2024-06-26T05:08:54.810+0000] {processor.py:183} INFO - Processing /home/ubuntu/deevar_venv/lib/python3.12/site-packages/airflow/example_dags/example_branch_python_dop_operator_3.py took 0.090 seconds
