[2024-06-26T04:34:55.544+0000] {processor.py:161} INFO - Started process (PID=20965) to work on /home/ubuntu/deevar_venv/lib/python3.12/site-packages/airflow/example_dags/example_display_name.py
[2024-06-26T04:34:55.544+0000] {processor.py:830} INFO - Processing file /home/ubuntu/deevar_venv/lib/python3.12/site-packages/airflow/example_dags/example_display_name.py for tasks to queue
[2024-06-26T04:34:55.546+0000] {logging_mixin.py:188} INFO - [2024-06-26T04:34:55.546+0000] {dagbag.py:545} INFO - Filling up the DagBag from /home/ubuntu/deevar_venv/lib/python3.12/site-packages/airflow/example_dags/example_display_name.py
[2024-06-26T04:34:55.553+0000] {processor.py:840} INFO - DAG(s) 'example_display_name' retrieved from /home/ubuntu/deevar_venv/lib/python3.12/site-packages/airflow/example_dags/example_display_name.py
[2024-06-26T04:34:55.660+0000] {logging_mixin.py:188} INFO - [2024-06-26T04:34:55.660+0000] {dag.py:3096} INFO - Sync 1 DAGs
[2024-06-26T04:34:55.670+0000] {logging_mixin.py:188} INFO - [2024-06-26T04:34:55.670+0000] {dag.py:3954} INFO - Setting next_dagrun for example_display_name to None, run_after=None
[2024-06-26T04:34:55.695+0000] {processor.py:183} INFO - Processing /home/ubuntu/deevar_venv/lib/python3.12/site-packages/airflow/example_dags/example_display_name.py took 0.157 seconds
[2024-06-26T04:35:47.729+0000] {processor.py:161} INFO - Started process (PID=21019) to work on /home/ubuntu/deevar_venv/lib/python3.12/site-packages/airflow/example_dags/example_display_name.py
[2024-06-26T04:35:47.731+0000] {processor.py:830} INFO - Processing file /home/ubuntu/deevar_venv/lib/python3.12/site-packages/airflow/example_dags/example_display_name.py for tasks to queue
[2024-06-26T04:35:47.732+0000] {logging_mixin.py:188} INFO - [2024-06-26T04:35:47.732+0000] {dagbag.py:545} INFO - Filling up the DagBag from /home/ubuntu/deevar_venv/lib/python3.12/site-packages/airflow/example_dags/example_display_name.py
[2024-06-26T04:35:47.739+0000] {processor.py:840} INFO - DAG(s) 'example_display_name' retrieved from /home/ubuntu/deevar_venv/lib/python3.12/site-packages/airflow/example_dags/example_display_name.py
[2024-06-26T04:35:47.755+0000] {logging_mixin.py:188} INFO - [2024-06-26T04:35:47.755+0000] {dag.py:3096} INFO - Sync 1 DAGs
[2024-06-26T04:35:47.768+0000] {logging_mixin.py:188} INFO - [2024-06-26T04:35:47.768+0000] {dag.py:3954} INFO - Setting next_dagrun for example_display_name to None, run_after=None
[2024-06-26T04:35:47.792+0000] {processor.py:183} INFO - Processing /home/ubuntu/deevar_venv/lib/python3.12/site-packages/airflow/example_dags/example_display_name.py took 0.068 seconds
[2024-06-26T04:36:44.339+0000] {processor.py:161} INFO - Started process (PID=21082) to work on /home/ubuntu/deevar_venv/lib/python3.12/site-packages/airflow/example_dags/example_display_name.py
[2024-06-26T04:36:44.341+0000] {processor.py:830} INFO - Processing file /home/ubuntu/deevar_venv/lib/python3.12/site-packages/airflow/example_dags/example_display_name.py for tasks to queue
[2024-06-26T04:36:44.343+0000] {logging_mixin.py:188} INFO - [2024-06-26T04:36:44.342+0000] {dagbag.py:545} INFO - Filling up the DagBag from /home/ubuntu/deevar_venv/lib/python3.12/site-packages/airflow/example_dags/example_display_name.py
[2024-06-26T04:36:44.349+0000] {processor.py:840} INFO - DAG(s) 'example_display_name' retrieved from /home/ubuntu/deevar_venv/lib/python3.12/site-packages/airflow/example_dags/example_display_name.py
[2024-06-26T04:36:44.365+0000] {logging_mixin.py:188} INFO - [2024-06-26T04:36:44.365+0000] {dag.py:3096} INFO - Sync 1 DAGs
[2024-06-26T04:36:44.378+0000] {logging_mixin.py:188} INFO - [2024-06-26T04:36:44.378+0000] {dag.py:3954} INFO - Setting next_dagrun for example_display_name to None, run_after=None
[2024-06-26T04:36:44.402+0000] {processor.py:183} INFO - Processing /home/ubuntu/deevar_venv/lib/python3.12/site-packages/airflow/example_dags/example_display_name.py took 0.069 seconds
[2024-06-26T05:07:55.686+0000] {processor.py:161} INFO - Started process (PID=21281) to work on /home/ubuntu/deevar_venv/lib/python3.12/site-packages/airflow/example_dags/example_display_name.py
[2024-06-26T05:07:55.687+0000] {processor.py:830} INFO - Processing file /home/ubuntu/deevar_venv/lib/python3.12/site-packages/airflow/example_dags/example_display_name.py for tasks to queue
[2024-06-26T05:07:55.689+0000] {logging_mixin.py:188} INFO - [2024-06-26T05:07:55.689+0000] {dagbag.py:545} INFO - Filling up the DagBag from /home/ubuntu/deevar_venv/lib/python3.12/site-packages/airflow/example_dags/example_display_name.py
[2024-06-26T05:07:55.850+0000] {processor.py:840} INFO - DAG(s) 'example_display_name' retrieved from /home/ubuntu/deevar_venv/lib/python3.12/site-packages/airflow/example_dags/example_display_name.py
[2024-06-26T05:07:55.948+0000] {logging_mixin.py:188} INFO - [2024-06-26T05:07:55.947+0000] {dag.py:3096} INFO - Sync 1 DAGs
[2024-06-26T05:07:55.957+0000] {logging_mixin.py:188} INFO - [2024-06-26T05:07:55.957+0000] {dag.py:3954} INFO - Setting next_dagrun for example_display_name to None, run_after=None
[2024-06-26T05:07:55.981+0000] {processor.py:183} INFO - Processing /home/ubuntu/deevar_venv/lib/python3.12/site-packages/airflow/example_dags/example_display_name.py took 0.301 seconds
[2024-06-26T05:08:48.567+0000] {processor.py:161} INFO - Started process (PID=21335) to work on /home/ubuntu/deevar_venv/lib/python3.12/site-packages/airflow/example_dags/example_display_name.py
[2024-06-26T05:08:48.568+0000] {processor.py:830} INFO - Processing file /home/ubuntu/deevar_venv/lib/python3.12/site-packages/airflow/example_dags/example_display_name.py for tasks to queue
[2024-06-26T05:08:48.570+0000] {logging_mixin.py:188} INFO - [2024-06-26T05:08:48.570+0000] {dagbag.py:545} INFO - Filling up the DagBag from /home/ubuntu/deevar_venv/lib/python3.12/site-packages/airflow/example_dags/example_display_name.py
[2024-06-26T05:08:48.577+0000] {processor.py:840} INFO - DAG(s) 'example_display_name' retrieved from /home/ubuntu/deevar_venv/lib/python3.12/site-packages/airflow/example_dags/example_display_name.py
[2024-06-26T05:08:48.594+0000] {logging_mixin.py:188} INFO - [2024-06-26T05:08:48.594+0000] {dag.py:3096} INFO - Sync 1 DAGs
[2024-06-26T05:08:48.608+0000] {logging_mixin.py:188} INFO - [2024-06-26T05:08:48.608+0000] {dag.py:3954} INFO - Setting next_dagrun for example_display_name to None, run_after=None
[2024-06-26T05:08:48.634+0000] {processor.py:183} INFO - Processing /home/ubuntu/deevar_venv/lib/python3.12/site-packages/airflow/example_dags/example_display_name.py took 0.074 seconds
