[2024-06-26T04:34:54.208+0000] {processor.py:161} INFO - Started process (PID=20964) to work on /home/ubuntu/deevar_venv/lib/python3.12/site-packages/airflow/example_dags/example_dag_decorator.py
[2024-06-26T04:34:54.209+0000] {processor.py:830} INFO - Processing file /home/ubuntu/deevar_venv/lib/python3.12/site-packages/airflow/example_dags/example_dag_decorator.py for tasks to queue
[2024-06-26T04:34:54.211+0000] {logging_mixin.py:188} INFO - [2024-06-26T04:34:54.210+0000] {dagbag.py:545} INFO - Filling up the DagBag from /home/ubuntu/deevar_venv/lib/python3.12/site-packages/airflow/example_dags/example_dag_decorator.py
[2024-06-26T04:34:54.306+0000] {processor.py:840} INFO - DAG(s) 'example_dag_decorator' retrieved from /home/ubuntu/deevar_venv/lib/python3.12/site-packages/airflow/example_dags/example_dag_decorator.py
[2024-06-26T04:34:54.411+0000] {logging_mixin.py:188} INFO - [2024-06-26T04:34:54.411+0000] {dag.py:3096} INFO - Sync 1 DAGs
[2024-06-26T04:34:54.421+0000] {logging_mixin.py:188} INFO - [2024-06-26T04:34:54.420+0000] {dag.py:3954} INFO - Setting next_dagrun for example_dag_decorator to None, run_after=None
[2024-06-26T04:34:54.445+0000] {processor.py:183} INFO - Processing /home/ubuntu/deevar_venv/lib/python3.12/site-packages/airflow/example_dags/example_dag_decorator.py took 0.242 seconds
[2024-06-26T04:35:46.393+0000] {processor.py:161} INFO - Started process (PID=21018) to work on /home/ubuntu/deevar_venv/lib/python3.12/site-packages/airflow/example_dags/example_dag_decorator.py
[2024-06-26T04:35:46.395+0000] {processor.py:830} INFO - Processing file /home/ubuntu/deevar_venv/lib/python3.12/site-packages/airflow/example_dags/example_dag_decorator.py for tasks to queue
[2024-06-26T04:35:46.397+0000] {logging_mixin.py:188} INFO - [2024-06-26T04:35:46.396+0000] {dagbag.py:545} INFO - Filling up the DagBag from /home/ubuntu/deevar_venv/lib/python3.12/site-packages/airflow/example_dags/example_dag_decorator.py
[2024-06-26T04:35:46.493+0000] {processor.py:840} INFO - DAG(s) 'example_dag_decorator' retrieved from /home/ubuntu/deevar_venv/lib/python3.12/site-packages/airflow/example_dags/example_dag_decorator.py
[2024-06-26T04:35:46.597+0000] {logging_mixin.py:188} INFO - [2024-06-26T04:35:46.597+0000] {dag.py:3096} INFO - Sync 1 DAGs
[2024-06-26T04:35:46.607+0000] {logging_mixin.py:188} INFO - [2024-06-26T04:35:46.606+0000] {dag.py:3954} INFO - Setting next_dagrun for example_dag_decorator to None, run_after=None
[2024-06-26T04:35:46.632+0000] {processor.py:183} INFO - Processing /home/ubuntu/deevar_venv/lib/python3.12/site-packages/airflow/example_dags/example_dag_decorator.py took 0.244 seconds
[2024-06-26T04:36:43.003+0000] {processor.py:161} INFO - Started process (PID=21081) to work on /home/ubuntu/deevar_venv/lib/python3.12/site-packages/airflow/example_dags/example_dag_decorator.py
[2024-06-26T04:36:43.005+0000] {processor.py:830} INFO - Processing file /home/ubuntu/deevar_venv/lib/python3.12/site-packages/airflow/example_dags/example_dag_decorator.py for tasks to queue
[2024-06-26T04:36:43.006+0000] {logging_mixin.py:188} INFO - [2024-06-26T04:36:43.006+0000] {dagbag.py:545} INFO - Filling up the DagBag from /home/ubuntu/deevar_venv/lib/python3.12/site-packages/airflow/example_dags/example_dag_decorator.py
[2024-06-26T04:36:43.102+0000] {processor.py:840} INFO - DAG(s) 'example_dag_decorator' retrieved from /home/ubuntu/deevar_venv/lib/python3.12/site-packages/airflow/example_dags/example_dag_decorator.py
[2024-06-26T04:36:43.206+0000] {logging_mixin.py:188} INFO - [2024-06-26T04:36:43.205+0000] {dag.py:3096} INFO - Sync 1 DAGs
[2024-06-26T04:36:43.215+0000] {logging_mixin.py:188} INFO - [2024-06-26T04:36:43.215+0000] {dag.py:3954} INFO - Setting next_dagrun for example_dag_decorator to None, run_after=None
[2024-06-26T04:36:43.240+0000] {processor.py:183} INFO - Processing /home/ubuntu/deevar_venv/lib/python3.12/site-packages/airflow/example_dags/example_dag_decorator.py took 0.242 seconds
[2024-06-26T05:07:55.125+0000] {processor.py:161} INFO - Started process (PID=21280) to work on /home/ubuntu/deevar_venv/lib/python3.12/site-packages/airflow/example_dags/example_dag_decorator.py
[2024-06-26T05:07:55.126+0000] {processor.py:830} INFO - Processing file /home/ubuntu/deevar_venv/lib/python3.12/site-packages/airflow/example_dags/example_dag_decorator.py for tasks to queue
[2024-06-26T05:07:55.128+0000] {logging_mixin.py:188} INFO - [2024-06-26T05:07:55.128+0000] {dagbag.py:545} INFO - Filling up the DagBag from /home/ubuntu/deevar_venv/lib/python3.12/site-packages/airflow/example_dags/example_dag_decorator.py
[2024-06-26T05:07:55.368+0000] {processor.py:840} INFO - DAG(s) 'example_dag_decorator' retrieved from /home/ubuntu/deevar_venv/lib/python3.12/site-packages/airflow/example_dags/example_dag_decorator.py
[2024-06-26T05:07:55.465+0000] {logging_mixin.py:188} INFO - [2024-06-26T05:07:55.465+0000] {dag.py:3096} INFO - Sync 1 DAGs
[2024-06-26T05:07:55.474+0000] {logging_mixin.py:188} INFO - [2024-06-26T05:07:55.474+0000] {dag.py:3954} INFO - Setting next_dagrun for example_dag_decorator to None, run_after=None
[2024-06-26T05:07:55.499+0000] {processor.py:183} INFO - Processing /home/ubuntu/deevar_venv/lib/python3.12/site-packages/airflow/example_dags/example_dag_decorator.py took 0.379 seconds
[2024-06-26T05:08:47.229+0000] {processor.py:161} INFO - Started process (PID=21334) to work on /home/ubuntu/deevar_venv/lib/python3.12/site-packages/airflow/example_dags/example_dag_decorator.py
[2024-06-26T05:08:47.230+0000] {processor.py:830} INFO - Processing file /home/ubuntu/deevar_venv/lib/python3.12/site-packages/airflow/example_dags/example_dag_decorator.py for tasks to queue
[2024-06-26T05:08:47.232+0000] {logging_mixin.py:188} INFO - [2024-06-26T05:08:47.231+0000] {dagbag.py:545} INFO - Filling up the DagBag from /home/ubuntu/deevar_venv/lib/python3.12/site-packages/airflow/example_dags/example_dag_decorator.py
[2024-06-26T05:08:47.334+0000] {processor.py:840} INFO - DAG(s) 'example_dag_decorator' retrieved from /home/ubuntu/deevar_venv/lib/python3.12/site-packages/airflow/example_dags/example_dag_decorator.py
[2024-06-26T05:08:47.444+0000] {logging_mixin.py:188} INFO - [2024-06-26T05:08:47.443+0000] {dag.py:3096} INFO - Sync 1 DAGs
[2024-06-26T05:08:47.454+0000] {logging_mixin.py:188} INFO - [2024-06-26T05:08:47.454+0000] {dag.py:3954} INFO - Setting next_dagrun for example_dag_decorator to None, run_after=None
[2024-06-26T05:08:47.480+0000] {processor.py:183} INFO - Processing /home/ubuntu/deevar_venv/lib/python3.12/site-packages/airflow/example_dags/example_dag_decorator.py took 0.257 seconds
