[2024-06-26T04:34:51.333+0000] {processor.py:161} INFO - Started process (PID=20961) to work on /home/ubuntu/deevar_venv/lib/python3.12/site-packages/airflow/example_dags/example_kubernetes_executor.py
[2024-06-26T04:34:51.334+0000] {processor.py:830} INFO - Processing file /home/ubuntu/deevar_venv/lib/python3.12/site-packages/airflow/example_dags/example_kubernetes_executor.py for tasks to queue
[2024-06-26T04:34:51.336+0000] {logging_mixin.py:188} INFO - [2024-06-26T04:34:51.335+0000] {dagbag.py:545} INFO - Filling up the DagBag from /home/ubuntu/deevar_venv/lib/python3.12/site-packages/airflow/example_dags/example_kubernetes_executor.py
[2024-06-26T04:34:51.339+0000] {logging_mixin.py:188} INFO - [2024-06-26T04:34:51.339+0000] {example_kubernetes_executor.py:39} WARNING - The example_kubernetes_executor example DAG requires the kubernetes provider. Please install it with: pip install apache-airflow[cncf.kubernetes]
[2024-06-26T04:34:51.339+0000] {processor.py:842} WARNING - No viable dags retrieved from /home/ubuntu/deevar_venv/lib/python3.12/site-packages/airflow/example_dags/example_kubernetes_executor.py
[2024-06-26T04:34:51.350+0000] {processor.py:183} INFO - Processing /home/ubuntu/deevar_venv/lib/python3.12/site-packages/airflow/example_dags/example_kubernetes_executor.py took 0.023 seconds
[2024-06-26T04:35:43.518+0000] {processor.py:161} INFO - Started process (PID=21015) to work on /home/ubuntu/deevar_venv/lib/python3.12/site-packages/airflow/example_dags/example_kubernetes_executor.py
[2024-06-26T04:35:43.520+0000] {processor.py:830} INFO - Processing file /home/ubuntu/deevar_venv/lib/python3.12/site-packages/airflow/example_dags/example_kubernetes_executor.py for tasks to queue
[2024-06-26T04:35:43.522+0000] {logging_mixin.py:188} INFO - [2024-06-26T04:35:43.521+0000] {dagbag.py:545} INFO - Filling up the DagBag from /home/ubuntu/deevar_venv/lib/python3.12/site-packages/airflow/example_dags/example_kubernetes_executor.py
[2024-06-26T04:35:43.525+0000] {logging_mixin.py:188} INFO - [2024-06-26T04:35:43.524+0000] {example_kubernetes_executor.py:39} WARNING - The example_kubernetes_executor example DAG requires the kubernetes provider. Please install it with: pip install apache-airflow[cncf.kubernetes]
[2024-06-26T04:35:43.525+0000] {processor.py:842} WARNING - No viable dags retrieved from /home/ubuntu/deevar_venv/lib/python3.12/site-packages/airflow/example_dags/example_kubernetes_executor.py
[2024-06-26T04:35:43.536+0000] {processor.py:183} INFO - Processing /home/ubuntu/deevar_venv/lib/python3.12/site-packages/airflow/example_dags/example_kubernetes_executor.py took 0.023 seconds
[2024-06-26T04:36:40.133+0000] {processor.py:161} INFO - Started process (PID=21078) to work on /home/ubuntu/deevar_venv/lib/python3.12/site-packages/airflow/example_dags/example_kubernetes_executor.py
[2024-06-26T04:36:40.135+0000] {processor.py:830} INFO - Processing file /home/ubuntu/deevar_venv/lib/python3.12/site-packages/airflow/example_dags/example_kubernetes_executor.py for tasks to queue
[2024-06-26T04:36:40.137+0000] {logging_mixin.py:188} INFO - [2024-06-26T04:36:40.136+0000] {dagbag.py:545} INFO - Filling up the DagBag from /home/ubuntu/deevar_venv/lib/python3.12/site-packages/airflow/example_dags/example_kubernetes_executor.py
[2024-06-26T04:36:40.140+0000] {logging_mixin.py:188} INFO - [2024-06-26T04:36:40.139+0000] {example_kubernetes_executor.py:39} WARNING - The example_kubernetes_executor example DAG requires the kubernetes provider. Please install it with: pip install apache-airflow[cncf.kubernetes]
[2024-06-26T04:36:40.140+0000] {processor.py:842} WARNING - No viable dags retrieved from /home/ubuntu/deevar_venv/lib/python3.12/site-packages/airflow/example_dags/example_kubernetes_executor.py
[2024-06-26T04:36:40.151+0000] {processor.py:183} INFO - Processing /home/ubuntu/deevar_venv/lib/python3.12/site-packages/airflow/example_dags/example_kubernetes_executor.py took 0.024 seconds
[2024-06-26T05:07:50.690+0000] {processor.py:161} INFO - Started process (PID=21277) to work on /home/ubuntu/deevar_venv/lib/python3.12/site-packages/airflow/example_dags/example_kubernetes_executor.py
[2024-06-26T05:07:50.692+0000] {processor.py:830} INFO - Processing file /home/ubuntu/deevar_venv/lib/python3.12/site-packages/airflow/example_dags/example_kubernetes_executor.py for tasks to queue
[2024-06-26T05:07:50.694+0000] {logging_mixin.py:188} INFO - [2024-06-26T05:07:50.693+0000] {dagbag.py:545} INFO - Filling up the DagBag from /home/ubuntu/deevar_venv/lib/python3.12/site-packages/airflow/example_dags/example_kubernetes_executor.py
[2024-06-26T05:07:50.709+0000] {processor.py:840} INFO - DAG(s) 'example_kubernetes_executor' retrieved from /home/ubuntu/deevar_venv/lib/python3.12/site-packages/airflow/example_dags/example_kubernetes_executor.py
[2024-06-26T05:07:50.975+0000] {logging_mixin.py:188} INFO - [2024-06-26T05:07:50.975+0000] {dag.py:3096} INFO - Sync 1 DAGs
[2024-06-26T05:07:50.985+0000] {logging_mixin.py:188} INFO - [2024-06-26T05:07:50.985+0000] {dag.py:3954} INFO - Setting next_dagrun for example_kubernetes_executor to None, run_after=None
[2024-06-26T05:07:51.010+0000] {processor.py:183} INFO - Processing /home/ubuntu/deevar_venv/lib/python3.12/site-packages/airflow/example_dags/example_kubernetes_executor.py took 0.326 seconds
[2024-06-26T05:08:44.481+0000] {processor.py:161} INFO - Started process (PID=21331) to work on /home/ubuntu/deevar_venv/lib/python3.12/site-packages/airflow/example_dags/example_kubernetes_executor.py
[2024-06-26T05:08:44.483+0000] {processor.py:830} INFO - Processing file /home/ubuntu/deevar_venv/lib/python3.12/site-packages/airflow/example_dags/example_kubernetes_executor.py for tasks to queue
[2024-06-26T05:08:44.485+0000] {logging_mixin.py:188} INFO - [2024-06-26T05:08:44.484+0000] {dagbag.py:545} INFO - Filling up the DagBag from /home/ubuntu/deevar_venv/lib/python3.12/site-packages/airflow/example_dags/example_kubernetes_executor.py
[2024-06-26T05:08:44.499+0000] {processor.py:840} INFO - DAG(s) 'example_kubernetes_executor' retrieved from /home/ubuntu/deevar_venv/lib/python3.12/site-packages/airflow/example_dags/example_kubernetes_executor.py
[2024-06-26T05:08:44.537+0000] {logging_mixin.py:188} INFO - [2024-06-26T05:08:44.536+0000] {dag.py:3096} INFO - Sync 1 DAGs
[2024-06-26T05:08:44.550+0000] {logging_mixin.py:188} INFO - [2024-06-26T05:08:44.550+0000] {dag.py:3954} INFO - Setting next_dagrun for example_kubernetes_executor to None, run_after=None
[2024-06-26T05:08:44.576+0000] {processor.py:183} INFO - Processing /home/ubuntu/deevar_venv/lib/python3.12/site-packages/airflow/example_dags/example_kubernetes_executor.py took 0.102 seconds
