[2024-06-26T04:34:35.694+0000] {processor.py:161} INFO - Started process (PID=20945) to work on /home/ubuntu/deevar_venv/lib/python3.12/site-packages/airflow/example_dags/example_short_circuit_decorator.py
[2024-06-26T04:34:35.695+0000] {processor.py:830} INFO - Processing file /home/ubuntu/deevar_venv/lib/python3.12/site-packages/airflow/example_dags/example_short_circuit_decorator.py for tasks to queue
[2024-06-26T04:34:35.697+0000] {logging_mixin.py:188} INFO - [2024-06-26T04:34:35.696+0000] {dagbag.py:545} INFO - Filling up the DagBag from /home/ubuntu/deevar_venv/lib/python3.12/site-packages/airflow/example_dags/example_short_circuit_decorator.py
[2024-06-26T04:34:35.706+0000] {processor.py:840} INFO - DAG(s) 'example_short_circuit_decorator' retrieved from /home/ubuntu/deevar_venv/lib/python3.12/site-packages/airflow/example_dags/example_short_circuit_decorator.py
[2024-06-26T04:34:35.714+0000] {logging_mixin.py:188} INFO - [2024-06-26T04:34:35.714+0000] {dag.py:3096} INFO - Sync 1 DAGs
[2024-06-26T04:34:35.738+0000] {logging_mixin.py:188} INFO - [2024-06-26T04:34:35.738+0000] {dag.py:3954} INFO - Setting next_dagrun for example_short_circuit_decorator to 2024-06-25 00:00:00+00:00, run_after=2024-06-26 00:00:00+00:00
[2024-06-26T04:34:35.761+0000] {processor.py:183} INFO - Processing /home/ubuntu/deevar_venv/lib/python3.12/site-packages/airflow/example_dags/example_short_circuit_decorator.py took 0.073 seconds
[2024-06-26T04:35:26.839+0000] {processor.py:161} INFO - Started process (PID=20999) to work on /home/ubuntu/deevar_venv/lib/python3.12/site-packages/airflow/example_dags/example_short_circuit_decorator.py
[2024-06-26T04:35:26.840+0000] {processor.py:830} INFO - Processing file /home/ubuntu/deevar_venv/lib/python3.12/site-packages/airflow/example_dags/example_short_circuit_decorator.py for tasks to queue
[2024-06-26T04:35:26.842+0000] {logging_mixin.py:188} INFO - [2024-06-26T04:35:26.841+0000] {dagbag.py:545} INFO - Filling up the DagBag from /home/ubuntu/deevar_venv/lib/python3.12/site-packages/airflow/example_dags/example_short_circuit_decorator.py
[2024-06-26T04:35:26.852+0000] {processor.py:840} INFO - DAG(s) 'example_short_circuit_decorator' retrieved from /home/ubuntu/deevar_venv/lib/python3.12/site-packages/airflow/example_dags/example_short_circuit_decorator.py
[2024-06-26T04:35:26.960+0000] {logging_mixin.py:188} INFO - [2024-06-26T04:35:26.959+0000] {dag.py:3096} INFO - Sync 1 DAGs
[2024-06-26T04:35:26.979+0000] {logging_mixin.py:188} INFO - [2024-06-26T04:35:26.979+0000] {dag.py:3954} INFO - Setting next_dagrun for example_short_circuit_decorator to 2024-06-25 00:00:00+00:00, run_after=2024-06-26 00:00:00+00:00
[2024-06-26T04:35:27.003+0000] {processor.py:183} INFO - Processing /home/ubuntu/deevar_venv/lib/python3.12/site-packages/airflow/example_dags/example_short_circuit_decorator.py took 0.170 seconds
[2024-06-26T04:36:16.935+0000] {processor.py:161} INFO - Started process (PID=21050) to work on /home/ubuntu/deevar_venv/lib/python3.12/site-packages/airflow/example_dags/example_short_circuit_decorator.py
[2024-06-26T04:36:16.936+0000] {processor.py:830} INFO - Processing file /home/ubuntu/deevar_venv/lib/python3.12/site-packages/airflow/example_dags/example_short_circuit_decorator.py for tasks to queue
[2024-06-26T04:36:16.938+0000] {logging_mixin.py:188} INFO - [2024-06-26T04:36:16.938+0000] {dagbag.py:545} INFO - Filling up the DagBag from /home/ubuntu/deevar_venv/lib/python3.12/site-packages/airflow/example_dags/example_short_circuit_decorator.py
[2024-06-26T04:36:16.948+0000] {processor.py:840} INFO - DAG(s) 'example_short_circuit_decorator' retrieved from /home/ubuntu/deevar_venv/lib/python3.12/site-packages/airflow/example_dags/example_short_circuit_decorator.py
[2024-06-26T04:36:16.967+0000] {logging_mixin.py:188} INFO - [2024-06-26T04:36:16.967+0000] {dag.py:3096} INFO - Sync 1 DAGs
[2024-06-26T04:36:16.988+0000] {logging_mixin.py:188} INFO - [2024-06-26T04:36:16.987+0000] {dag.py:3954} INFO - Setting next_dagrun for example_short_circuit_decorator to 2024-06-25 00:00:00+00:00, run_after=2024-06-26 00:00:00+00:00
[2024-06-26T04:36:17.013+0000] {processor.py:183} INFO - Processing /home/ubuntu/deevar_venv/lib/python3.12/site-packages/airflow/example_dags/example_short_circuit_decorator.py took 0.084 seconds
[2024-06-26T05:07:30.287+0000] {processor.py:161} INFO - Started process (PID=21261) to work on /home/ubuntu/deevar_venv/lib/python3.12/site-packages/airflow/example_dags/example_short_circuit_decorator.py
[2024-06-26T05:07:30.289+0000] {processor.py:830} INFO - Processing file /home/ubuntu/deevar_venv/lib/python3.12/site-packages/airflow/example_dags/example_short_circuit_decorator.py for tasks to queue
[2024-06-26T05:07:30.291+0000] {logging_mixin.py:188} INFO - [2024-06-26T05:07:30.290+0000] {dagbag.py:545} INFO - Filling up the DagBag from /home/ubuntu/deevar_venv/lib/python3.12/site-packages/airflow/example_dags/example_short_circuit_decorator.py
[2024-06-26T05:07:30.300+0000] {processor.py:840} INFO - DAG(s) 'example_short_circuit_decorator' retrieved from /home/ubuntu/deevar_venv/lib/python3.12/site-packages/airflow/example_dags/example_short_circuit_decorator.py
[2024-06-26T05:07:30.309+0000] {logging_mixin.py:188} INFO - [2024-06-26T05:07:30.309+0000] {dag.py:3096} INFO - Sync 1 DAGs
[2024-06-26T05:07:30.333+0000] {logging_mixin.py:188} INFO - [2024-06-26T05:07:30.333+0000] {dag.py:3954} INFO - Setting next_dagrun for example_short_circuit_decorator to 2024-06-25 00:00:00+00:00, run_after=2024-06-26 00:00:00+00:00
[2024-06-26T05:07:30.498+0000] {processor.py:183} INFO - Processing /home/ubuntu/deevar_venv/lib/python3.12/site-packages/airflow/example_dags/example_short_circuit_decorator.py took 0.216 seconds
[2024-06-26T05:08:28.753+0000] {processor.py:161} INFO - Started process (PID=21315) to work on /home/ubuntu/deevar_venv/lib/python3.12/site-packages/airflow/example_dags/example_short_circuit_decorator.py
[2024-06-26T05:08:28.755+0000] {processor.py:830} INFO - Processing file /home/ubuntu/deevar_venv/lib/python3.12/site-packages/airflow/example_dags/example_short_circuit_decorator.py for tasks to queue
[2024-06-26T05:08:28.757+0000] {logging_mixin.py:188} INFO - [2024-06-26T05:08:28.757+0000] {dagbag.py:545} INFO - Filling up the DagBag from /home/ubuntu/deevar_venv/lib/python3.12/site-packages/airflow/example_dags/example_short_circuit_decorator.py
[2024-06-26T05:08:28.767+0000] {processor.py:840} INFO - DAG(s) 'example_short_circuit_decorator' retrieved from /home/ubuntu/deevar_venv/lib/python3.12/site-packages/airflow/example_dags/example_short_circuit_decorator.py
[2024-06-26T05:08:28.879+0000] {logging_mixin.py:188} INFO - [2024-06-26T05:08:28.879+0000] {dag.py:3096} INFO - Sync 1 DAGs
[2024-06-26T05:08:28.897+0000] {logging_mixin.py:188} INFO - [2024-06-26T05:08:28.897+0000] {dag.py:3954} INFO - Setting next_dagrun for example_short_circuit_decorator to 2024-06-25 00:00:00+00:00, run_after=2024-06-26 00:00:00+00:00
[2024-06-26T05:08:28.925+0000] {processor.py:183} INFO - Processing /home/ubuntu/deevar_venv/lib/python3.12/site-packages/airflow/example_dags/example_short_circuit_decorator.py took 0.178 seconds
[2024-06-26T05:09:18.229+0000] {processor.py:161} INFO - Started process (PID=21366) to work on /home/ubuntu/deevar_venv/lib/python3.12/site-packages/airflow/example_dags/example_short_circuit_decorator.py
[2024-06-26T05:09:18.231+0000] {processor.py:830} INFO - Processing file /home/ubuntu/deevar_venv/lib/python3.12/site-packages/airflow/example_dags/example_short_circuit_decorator.py for tasks to queue
[2024-06-26T05:09:18.233+0000] {logging_mixin.py:188} INFO - [2024-06-26T05:09:18.232+0000] {dagbag.py:545} INFO - Filling up the DagBag from /home/ubuntu/deevar_venv/lib/python3.12/site-packages/airflow/example_dags/example_short_circuit_decorator.py
[2024-06-26T05:09:18.243+0000] {processor.py:840} INFO - DAG(s) 'example_short_circuit_decorator' retrieved from /home/ubuntu/deevar_venv/lib/python3.12/site-packages/airflow/example_dags/example_short_circuit_decorator.py
[2024-06-26T05:09:18.264+0000] {logging_mixin.py:188} INFO - [2024-06-26T05:09:18.264+0000] {dag.py:3096} INFO - Sync 1 DAGs
[2024-06-26T05:09:18.286+0000] {logging_mixin.py:188} INFO - [2024-06-26T05:09:18.286+0000] {dag.py:3954} INFO - Setting next_dagrun for example_short_circuit_decorator to 2024-06-25 00:00:00+00:00, run_after=2024-06-26 00:00:00+00:00
[2024-06-26T05:09:18.312+0000] {processor.py:183} INFO - Processing /home/ubuntu/deevar_venv/lib/python3.12/site-packages/airflow/example_dags/example_short_circuit_decorator.py took 0.089 seconds
