[2024-06-26T04:34:31.941+0000] {processor.py:161} INFO - Started process (PID=20941) to work on /home/ubuntu/deevar_venv/lib/python3.12/site-packages/airflow/example_dags/example_trigger_controller_dag.py
[2024-06-26T04:34:31.941+0000] {processor.py:830} INFO - Processing file /home/ubuntu/deevar_venv/lib/python3.12/site-packages/airflow/example_dags/example_trigger_controller_dag.py for tasks to queue
[2024-06-26T04:34:31.943+0000] {logging_mixin.py:188} INFO - [2024-06-26T04:34:31.943+0000] {dagbag.py:545} INFO - Filling up the DagBag from /home/ubuntu/deevar_venv/lib/python3.12/site-packages/airflow/example_dags/example_trigger_controller_dag.py
[2024-06-26T04:34:31.951+0000] {processor.py:840} INFO - DAG(s) 'example_trigger_controller_dag' retrieved from /home/ubuntu/deevar_venv/lib/python3.12/site-packages/airflow/example_dags/example_trigger_controller_dag.py
[2024-06-26T04:34:31.959+0000] {logging_mixin.py:188} INFO - [2024-06-26T04:34:31.959+0000] {dag.py:3096} INFO - Sync 1 DAGs
[2024-06-26T04:34:31.982+0000] {logging_mixin.py:188} INFO - [2024-06-26T04:34:31.982+0000] {dag.py:3954} INFO - Setting next_dagrun for example_trigger_controller_dag to 2021-01-01 00:00:00+00:00, run_after=2021-01-01 00:00:00+00:00
[2024-06-26T04:34:32.009+0000] {processor.py:183} INFO - Processing /home/ubuntu/deevar_venv/lib/python3.12/site-packages/airflow/example_dags/example_trigger_controller_dag.py took 0.074 seconds
[2024-06-26T04:35:22.826+0000] {processor.py:161} INFO - Started process (PID=20995) to work on /home/ubuntu/deevar_venv/lib/python3.12/site-packages/airflow/example_dags/example_trigger_controller_dag.py
[2024-06-26T04:35:22.828+0000] {processor.py:830} INFO - Processing file /home/ubuntu/deevar_venv/lib/python3.12/site-packages/airflow/example_dags/example_trigger_controller_dag.py for tasks to queue
[2024-06-26T04:35:22.829+0000] {logging_mixin.py:188} INFO - [2024-06-26T04:35:22.829+0000] {dagbag.py:545} INFO - Filling up the DagBag from /home/ubuntu/deevar_venv/lib/python3.12/site-packages/airflow/example_dags/example_trigger_controller_dag.py
[2024-06-26T04:35:22.835+0000] {processor.py:840} INFO - DAG(s) 'example_trigger_controller_dag' retrieved from /home/ubuntu/deevar_venv/lib/python3.12/site-packages/airflow/example_dags/example_trigger_controller_dag.py
[2024-06-26T04:35:22.943+0000] {logging_mixin.py:188} INFO - [2024-06-26T04:35:22.942+0000] {dag.py:3096} INFO - Sync 1 DAGs
[2024-06-26T04:35:22.962+0000] {logging_mixin.py:188} INFO - [2024-06-26T04:35:22.961+0000] {dag.py:3954} INFO - Setting next_dagrun for example_trigger_controller_dag to 2021-01-01 00:00:00+00:00, run_after=2021-01-01 00:00:00+00:00
[2024-06-26T04:35:22.986+0000] {processor.py:183} INFO - Processing /home/ubuntu/deevar_venv/lib/python3.12/site-packages/airflow/example_dags/example_trigger_controller_dag.py took 0.165 seconds
[2024-06-26T04:36:13.145+0000] {processor.py:161} INFO - Started process (PID=21046) to work on /home/ubuntu/deevar_venv/lib/python3.12/site-packages/airflow/example_dags/example_trigger_controller_dag.py
[2024-06-26T04:36:13.147+0000] {processor.py:830} INFO - Processing file /home/ubuntu/deevar_venv/lib/python3.12/site-packages/airflow/example_dags/example_trigger_controller_dag.py for tasks to queue
[2024-06-26T04:36:13.149+0000] {logging_mixin.py:188} INFO - [2024-06-26T04:36:13.148+0000] {dagbag.py:545} INFO - Filling up the DagBag from /home/ubuntu/deevar_venv/lib/python3.12/site-packages/airflow/example_dags/example_trigger_controller_dag.py
[2024-06-26T04:36:13.155+0000] {processor.py:840} INFO - DAG(s) 'example_trigger_controller_dag' retrieved from /home/ubuntu/deevar_venv/lib/python3.12/site-packages/airflow/example_dags/example_trigger_controller_dag.py
[2024-06-26T04:36:13.170+0000] {logging_mixin.py:188} INFO - [2024-06-26T04:36:13.170+0000] {dag.py:3096} INFO - Sync 1 DAGs
[2024-06-26T04:36:13.191+0000] {logging_mixin.py:188} INFO - [2024-06-26T04:36:13.190+0000] {dag.py:3954} INFO - Setting next_dagrun for example_trigger_controller_dag to 2021-01-01 00:00:00+00:00, run_after=2021-01-01 00:00:00+00:00
[2024-06-26T04:36:13.215+0000] {processor.py:183} INFO - Processing /home/ubuntu/deevar_venv/lib/python3.12/site-packages/airflow/example_dags/example_trigger_controller_dag.py took 0.076 seconds
[2024-06-26T05:07:25.518+0000] {processor.py:161} INFO - Started process (PID=21257) to work on /home/ubuntu/deevar_venv/lib/python3.12/site-packages/airflow/example_dags/example_trigger_controller_dag.py
[2024-06-26T05:07:25.519+0000] {processor.py:830} INFO - Processing file /home/ubuntu/deevar_venv/lib/python3.12/site-packages/airflow/example_dags/example_trigger_controller_dag.py for tasks to queue
[2024-06-26T05:07:25.521+0000] {logging_mixin.py:188} INFO - [2024-06-26T05:07:25.520+0000] {dagbag.py:545} INFO - Filling up the DagBag from /home/ubuntu/deevar_venv/lib/python3.12/site-packages/airflow/example_dags/example_trigger_controller_dag.py
[2024-06-26T05:07:25.529+0000] {processor.py:840} INFO - DAG(s) 'example_trigger_controller_dag' retrieved from /home/ubuntu/deevar_venv/lib/python3.12/site-packages/airflow/example_dags/example_trigger_controller_dag.py
[2024-06-26T05:07:25.538+0000] {logging_mixin.py:188} INFO - [2024-06-26T05:07:25.537+0000] {dag.py:3096} INFO - Sync 1 DAGs
[2024-06-26T05:07:25.559+0000] {logging_mixin.py:188} INFO - [2024-06-26T05:07:25.559+0000] {dag.py:3954} INFO - Setting next_dagrun for example_trigger_controller_dag to 2021-01-01 00:00:00+00:00, run_after=2021-01-01 00:00:00+00:00
[2024-06-26T05:07:25.587+0000] {processor.py:183} INFO - Processing /home/ubuntu/deevar_venv/lib/python3.12/site-packages/airflow/example_dags/example_trigger_controller_dag.py took 0.075 seconds
[2024-06-26T05:08:23.955+0000] {processor.py:161} INFO - Started process (PID=21311) to work on /home/ubuntu/deevar_venv/lib/python3.12/site-packages/airflow/example_dags/example_trigger_controller_dag.py
[2024-06-26T05:08:23.958+0000] {processor.py:830} INFO - Processing file /home/ubuntu/deevar_venv/lib/python3.12/site-packages/airflow/example_dags/example_trigger_controller_dag.py for tasks to queue
[2024-06-26T05:08:23.959+0000] {logging_mixin.py:188} INFO - [2024-06-26T05:08:23.959+0000] {dagbag.py:545} INFO - Filling up the DagBag from /home/ubuntu/deevar_venv/lib/python3.12/site-packages/airflow/example_dags/example_trigger_controller_dag.py
[2024-06-26T05:08:23.965+0000] {processor.py:840} INFO - DAG(s) 'example_trigger_controller_dag' retrieved from /home/ubuntu/deevar_venv/lib/python3.12/site-packages/airflow/example_dags/example_trigger_controller_dag.py
[2024-06-26T05:08:24.073+0000] {logging_mixin.py:188} INFO - [2024-06-26T05:08:24.072+0000] {dag.py:3096} INFO - Sync 1 DAGs
[2024-06-26T05:08:24.090+0000] {logging_mixin.py:188} INFO - [2024-06-26T05:08:24.090+0000] {dag.py:3954} INFO - Setting next_dagrun for example_trigger_controller_dag to 2021-01-01 00:00:00+00:00, run_after=2021-01-01 00:00:00+00:00
[2024-06-26T05:08:24.116+0000] {processor.py:183} INFO - Processing /home/ubuntu/deevar_venv/lib/python3.12/site-packages/airflow/example_dags/example_trigger_controller_dag.py took 0.166 seconds
[2024-06-26T05:09:11.804+0000] {processor.py:161} INFO - Started process (PID=21360) to work on /home/ubuntu/deevar_venv/lib/python3.12/site-packages/airflow/example_dags/example_trigger_controller_dag.py
[2024-06-26T05:09:11.806+0000] {processor.py:830} INFO - Processing file /home/ubuntu/deevar_venv/lib/python3.12/site-packages/airflow/example_dags/example_trigger_controller_dag.py for tasks to queue
[2024-06-26T05:09:11.808+0000] {logging_mixin.py:188} INFO - [2024-06-26T05:09:11.807+0000] {dagbag.py:545} INFO - Filling up the DagBag from /home/ubuntu/deevar_venv/lib/python3.12/site-packages/airflow/example_dags/example_trigger_controller_dag.py
[2024-06-26T05:09:11.813+0000] {processor.py:840} INFO - DAG(s) 'example_trigger_controller_dag' retrieved from /home/ubuntu/deevar_venv/lib/python3.12/site-packages/airflow/example_dags/example_trigger_controller_dag.py
[2024-06-26T05:09:11.831+0000] {logging_mixin.py:188} INFO - [2024-06-26T05:09:11.830+0000] {dag.py:3096} INFO - Sync 1 DAGs
[2024-06-26T05:09:11.852+0000] {logging_mixin.py:188} INFO - [2024-06-26T05:09:11.852+0000] {dag.py:3954} INFO - Setting next_dagrun for example_trigger_controller_dag to 2021-01-01 00:00:00+00:00, run_after=2021-01-01 00:00:00+00:00
[2024-06-26T05:09:11.878+0000] {processor.py:183} INFO - Processing /home/ubuntu/deevar_venv/lib/python3.12/site-packages/airflow/example_dags/example_trigger_controller_dag.py took 0.081 seconds
