[2024-06-26T04:34:46.285+0000] {processor.py:161} INFO - Started process (PID=20956) to work on /home/ubuntu/deevar_venv/lib/python3.12/site-packages/airflow/example_dags/example_params_ui_tutorial.py
[2024-06-26T04:34:46.286+0000] {processor.py:830} INFO - Processing file /home/ubuntu/deevar_venv/lib/python3.12/site-packages/airflow/example_dags/example_params_ui_tutorial.py for tasks to queue
[2024-06-26T04:34:46.288+0000] {logging_mixin.py:188} INFO - [2024-06-26T04:34:46.287+0000] {dagbag.py:545} INFO - Filling up the DagBag from /home/ubuntu/deevar_venv/lib/python3.12/site-packages/airflow/example_dags/example_params_ui_tutorial.py
[2024-06-26T04:34:46.300+0000] {processor.py:840} INFO - DAG(s) 'example_params_ui_tutorial' retrieved from /home/ubuntu/deevar_venv/lib/python3.12/site-packages/airflow/example_dags/example_params_ui_tutorial.py
[2024-06-26T04:34:46.433+0000] {logging_mixin.py:188} INFO - [2024-06-26T04:34:46.433+0000] {dag.py:3096} INFO - Sync 1 DAGs
[2024-06-26T04:34:46.443+0000] {logging_mixin.py:188} INFO - [2024-06-26T04:34:46.443+0000] {dag.py:3954} INFO - Setting next_dagrun for example_params_ui_tutorial to None, run_after=None
[2024-06-26T04:34:46.471+0000] {processor.py:183} INFO - Processing /home/ubuntu/deevar_venv/lib/python3.12/site-packages/airflow/example_dags/example_params_ui_tutorial.py took 0.191 seconds
[2024-06-26T04:35:38.072+0000] {processor.py:161} INFO - Started process (PID=21010) to work on /home/ubuntu/deevar_venv/lib/python3.12/site-packages/airflow/example_dags/example_params_ui_tutorial.py
[2024-06-26T04:35:38.073+0000] {processor.py:830} INFO - Processing file /home/ubuntu/deevar_venv/lib/python3.12/site-packages/airflow/example_dags/example_params_ui_tutorial.py for tasks to queue
[2024-06-26T04:35:38.075+0000] {logging_mixin.py:188} INFO - [2024-06-26T04:35:38.075+0000] {dagbag.py:545} INFO - Filling up the DagBag from /home/ubuntu/deevar_venv/lib/python3.12/site-packages/airflow/example_dags/example_params_ui_tutorial.py
[2024-06-26T04:35:38.088+0000] {processor.py:840} INFO - DAG(s) 'example_params_ui_tutorial' retrieved from /home/ubuntu/deevar_venv/lib/python3.12/site-packages/airflow/example_dags/example_params_ui_tutorial.py
[2024-06-26T04:35:38.134+0000] {logging_mixin.py:188} INFO - [2024-06-26T04:35:38.133+0000] {dag.py:3096} INFO - Sync 1 DAGs
[2024-06-26T04:35:38.146+0000] {logging_mixin.py:188} INFO - [2024-06-26T04:35:38.146+0000] {dag.py:3954} INFO - Setting next_dagrun for example_params_ui_tutorial to None, run_after=None
[2024-06-26T04:35:38.171+0000] {processor.py:183} INFO - Processing /home/ubuntu/deevar_venv/lib/python3.12/site-packages/airflow/example_dags/example_params_ui_tutorial.py took 0.105 seconds
[2024-06-26T04:36:26.305+0000] {processor.py:161} INFO - Started process (PID=21061) to work on /home/ubuntu/deevar_venv/lib/python3.12/site-packages/airflow/example_dags/example_params_ui_tutorial.py
[2024-06-26T04:36:26.306+0000] {processor.py:830} INFO - Processing file /home/ubuntu/deevar_venv/lib/python3.12/site-packages/airflow/example_dags/example_params_ui_tutorial.py for tasks to queue
[2024-06-26T04:36:26.308+0000] {logging_mixin.py:188} INFO - [2024-06-26T04:36:26.308+0000] {dagbag.py:545} INFO - Filling up the DagBag from /home/ubuntu/deevar_venv/lib/python3.12/site-packages/airflow/example_dags/example_params_ui_tutorial.py
[2024-06-26T04:36:26.321+0000] {processor.py:840} INFO - DAG(s) 'example_params_ui_tutorial' retrieved from /home/ubuntu/deevar_venv/lib/python3.12/site-packages/airflow/example_dags/example_params_ui_tutorial.py
[2024-06-26T04:36:26.366+0000] {logging_mixin.py:188} INFO - [2024-06-26T04:36:26.366+0000] {dag.py:3096} INFO - Sync 1 DAGs
[2024-06-26T04:36:26.378+0000] {logging_mixin.py:188} INFO - [2024-06-26T04:36:26.378+0000] {dag.py:3954} INFO - Setting next_dagrun for example_params_ui_tutorial to None, run_after=None
[2024-06-26T04:36:26.403+0000] {processor.py:183} INFO - Processing /home/ubuntu/deevar_venv/lib/python3.12/site-packages/airflow/example_dags/example_params_ui_tutorial.py took 0.103 seconds
[2024-06-26T05:07:44.256+0000] {processor.py:161} INFO - Started process (PID=21272) to work on /home/ubuntu/deevar_venv/lib/python3.12/site-packages/airflow/example_dags/example_params_ui_tutorial.py
[2024-06-26T05:07:44.258+0000] {processor.py:830} INFO - Processing file /home/ubuntu/deevar_venv/lib/python3.12/site-packages/airflow/example_dags/example_params_ui_tutorial.py for tasks to queue
[2024-06-26T05:07:44.259+0000] {logging_mixin.py:188} INFO - [2024-06-26T05:07:44.259+0000] {dagbag.py:545} INFO - Filling up the DagBag from /home/ubuntu/deevar_venv/lib/python3.12/site-packages/airflow/example_dags/example_params_ui_tutorial.py
[2024-06-26T05:07:44.272+0000] {processor.py:840} INFO - DAG(s) 'example_params_ui_tutorial' retrieved from /home/ubuntu/deevar_venv/lib/python3.12/site-packages/airflow/example_dags/example_params_ui_tutorial.py
[2024-06-26T05:07:44.548+0000] {logging_mixin.py:188} INFO - [2024-06-26T05:07:44.548+0000] {dag.py:3096} INFO - Sync 1 DAGs
[2024-06-26T05:07:44.557+0000] {logging_mixin.py:188} INFO - [2024-06-26T05:07:44.557+0000] {dag.py:3954} INFO - Setting next_dagrun for example_params_ui_tutorial to None, run_after=None
[2024-06-26T05:07:44.585+0000] {processor.py:183} INFO - Processing /home/ubuntu/deevar_venv/lib/python3.12/site-packages/airflow/example_dags/example_params_ui_tutorial.py took 0.335 seconds
[2024-06-26T05:08:39.588+0000] {processor.py:161} INFO - Started process (PID=21326) to work on /home/ubuntu/deevar_venv/lib/python3.12/site-packages/airflow/example_dags/example_params_ui_tutorial.py
[2024-06-26T05:08:39.596+0000] {processor.py:830} INFO - Processing file /home/ubuntu/deevar_venv/lib/python3.12/site-packages/airflow/example_dags/example_params_ui_tutorial.py for tasks to queue
[2024-06-26T05:08:39.599+0000] {logging_mixin.py:188} INFO - [2024-06-26T05:08:39.598+0000] {dagbag.py:545} INFO - Filling up the DagBag from /home/ubuntu/deevar_venv/lib/python3.12/site-packages/airflow/example_dags/example_params_ui_tutorial.py
[2024-06-26T05:08:39.612+0000] {processor.py:840} INFO - DAG(s) 'example_params_ui_tutorial' retrieved from /home/ubuntu/deevar_venv/lib/python3.12/site-packages/airflow/example_dags/example_params_ui_tutorial.py
[2024-06-26T05:08:39.661+0000] {logging_mixin.py:188} INFO - [2024-06-26T05:08:39.660+0000] {dag.py:3096} INFO - Sync 1 DAGs
[2024-06-26T05:08:39.675+0000] {logging_mixin.py:188} INFO - [2024-06-26T05:08:39.675+0000] {dag.py:3954} INFO - Setting next_dagrun for example_params_ui_tutorial to None, run_after=None
[2024-06-26T05:08:39.700+0000] {processor.py:183} INFO - Processing /home/ubuntu/deevar_venv/lib/python3.12/site-packages/airflow/example_dags/example_params_ui_tutorial.py took 0.119 seconds
[2024-06-26T05:09:29.341+0000] {processor.py:161} INFO - Started process (PID=21377) to work on /home/ubuntu/deevar_venv/lib/python3.12/site-packages/airflow/example_dags/example_params_ui_tutorial.py
[2024-06-26T05:09:29.343+0000] {processor.py:830} INFO - Processing file /home/ubuntu/deevar_venv/lib/python3.12/site-packages/airflow/example_dags/example_params_ui_tutorial.py for tasks to queue
[2024-06-26T05:09:29.344+0000] {logging_mixin.py:188} INFO - [2024-06-26T05:09:29.344+0000] {dagbag.py:545} INFO - Filling up the DagBag from /home/ubuntu/deevar_venv/lib/python3.12/site-packages/airflow/example_dags/example_params_ui_tutorial.py
[2024-06-26T05:09:29.358+0000] {processor.py:840} INFO - DAG(s) 'example_params_ui_tutorial' retrieved from /home/ubuntu/deevar_venv/lib/python3.12/site-packages/airflow/example_dags/example_params_ui_tutorial.py
[2024-06-26T05:09:29.406+0000] {logging_mixin.py:188} INFO - [2024-06-26T05:09:29.406+0000] {dag.py:3096} INFO - Sync 1 DAGs
[2024-06-26T05:09:29.419+0000] {logging_mixin.py:188} INFO - [2024-06-26T05:09:29.419+0000] {dag.py:3954} INFO - Setting next_dagrun for example_params_ui_tutorial to None, run_after=None
[2024-06-26T05:09:29.444+0000] {processor.py:183} INFO - Processing /home/ubuntu/deevar_venv/lib/python3.12/site-packages/airflow/example_dags/example_params_ui_tutorial.py took 0.110 seconds
