[2024-06-26T04:34:47.712+0000] {processor.py:161} INFO - Started process (PID=20958) to work on /home/ubuntu/deevar_venv/lib/python3.12/site-packages/airflow/example_dags/example_external_task_marker_dag.py
[2024-06-26T04:34:47.713+0000] {processor.py:830} INFO - Processing file /home/ubuntu/deevar_venv/lib/python3.12/site-packages/airflow/example_dags/example_external_task_marker_dag.py for tasks to queue
[2024-06-26T04:34:47.714+0000] {logging_mixin.py:188} INFO - [2024-06-26T04:34:47.714+0000] {dagbag.py:545} INFO - Filling up the DagBag from /home/ubuntu/deevar_venv/lib/python3.12/site-packages/airflow/example_dags/example_external_task_marker_dag.py
[2024-06-26T04:34:47.721+0000] {processor.py:840} INFO - DAG(s) 'example_external_task_marker_child', 'example_external_task_marker_parent' retrieved from /home/ubuntu/deevar_venv/lib/python3.12/site-packages/airflow/example_dags/example_external_task_marker_dag.py
[2024-06-26T04:34:47.833+0000] {logging_mixin.py:188} INFO - [2024-06-26T04:34:47.833+0000] {dag.py:3096} INFO - Sync 2 DAGs
[2024-06-26T04:34:47.843+0000] {logging_mixin.py:188} INFO - [2024-06-26T04:34:47.843+0000] {dag.py:3954} INFO - Setting next_dagrun for example_external_task_marker_child to None, run_after=None
[2024-06-26T04:34:47.846+0000] {logging_mixin.py:188} INFO - [2024-06-26T04:34:47.846+0000] {dag.py:3954} INFO - Setting next_dagrun for example_external_task_marker_parent to None, run_after=None
[2024-06-26T04:34:47.869+0000] {processor.py:183} INFO - Processing /home/ubuntu/deevar_venv/lib/python3.12/site-packages/airflow/example_dags/example_external_task_marker_dag.py took 0.162 seconds
[2024-06-26T04:35:40.098+0000] {processor.py:161} INFO - Started process (PID=21012) to work on /home/ubuntu/deevar_venv/lib/python3.12/site-packages/airflow/example_dags/example_external_task_marker_dag.py
[2024-06-26T04:35:40.100+0000] {processor.py:830} INFO - Processing file /home/ubuntu/deevar_venv/lib/python3.12/site-packages/airflow/example_dags/example_external_task_marker_dag.py for tasks to queue
[2024-06-26T04:35:40.102+0000] {logging_mixin.py:188} INFO - [2024-06-26T04:35:40.102+0000] {dagbag.py:545} INFO - Filling up the DagBag from /home/ubuntu/deevar_venv/lib/python3.12/site-packages/airflow/example_dags/example_external_task_marker_dag.py
[2024-06-26T04:35:40.109+0000] {processor.py:840} INFO - DAG(s) 'example_external_task_marker_parent', 'example_external_task_marker_child' retrieved from /home/ubuntu/deevar_venv/lib/python3.12/site-packages/airflow/example_dags/example_external_task_marker_dag.py
[2024-06-26T04:35:40.128+0000] {logging_mixin.py:188} INFO - [2024-06-26T04:35:40.128+0000] {dag.py:3096} INFO - Sync 2 DAGs
[2024-06-26T04:35:40.141+0000] {logging_mixin.py:188} INFO - [2024-06-26T04:35:40.141+0000] {dag.py:3954} INFO - Setting next_dagrun for example_external_task_marker_child to None, run_after=None
[2024-06-26T04:35:40.144+0000] {logging_mixin.py:188} INFO - [2024-06-26T04:35:40.144+0000] {dag.py:3954} INFO - Setting next_dagrun for example_external_task_marker_parent to None, run_after=None
[2024-06-26T04:35:40.167+0000] {processor.py:183} INFO - Processing /home/ubuntu/deevar_venv/lib/python3.12/site-packages/airflow/example_dags/example_external_task_marker_dag.py took 0.074 seconds
[2024-06-26T04:36:28.692+0000] {processor.py:161} INFO - Started process (PID=21063) to work on /home/ubuntu/deevar_venv/lib/python3.12/site-packages/airflow/example_dags/example_external_task_marker_dag.py
[2024-06-26T04:36:28.694+0000] {processor.py:830} INFO - Processing file /home/ubuntu/deevar_venv/lib/python3.12/site-packages/airflow/example_dags/example_external_task_marker_dag.py for tasks to queue
[2024-06-26T04:36:28.696+0000] {logging_mixin.py:188} INFO - [2024-06-26T04:36:28.695+0000] {dagbag.py:545} INFO - Filling up the DagBag from /home/ubuntu/deevar_venv/lib/python3.12/site-packages/airflow/example_dags/example_external_task_marker_dag.py
[2024-06-26T04:36:28.702+0000] {processor.py:840} INFO - DAG(s) 'example_external_task_marker_child', 'example_external_task_marker_parent' retrieved from /home/ubuntu/deevar_venv/lib/python3.12/site-packages/airflow/example_dags/example_external_task_marker_dag.py
[2024-06-26T04:36:28.721+0000] {logging_mixin.py:188} INFO - [2024-06-26T04:36:28.721+0000] {dag.py:3096} INFO - Sync 2 DAGs
[2024-06-26T04:36:28.734+0000] {logging_mixin.py:188} INFO - [2024-06-26T04:36:28.734+0000] {dag.py:3954} INFO - Setting next_dagrun for example_external_task_marker_child to None, run_after=None
[2024-06-26T04:36:28.737+0000] {logging_mixin.py:188} INFO - [2024-06-26T04:36:28.737+0000] {dag.py:3954} INFO - Setting next_dagrun for example_external_task_marker_parent to None, run_after=None
[2024-06-26T04:36:28.759+0000] {processor.py:183} INFO - Processing /home/ubuntu/deevar_venv/lib/python3.12/site-packages/airflow/example_dags/example_external_task_marker_dag.py took 0.073 seconds
[2024-06-26T05:07:46.818+0000] {processor.py:161} INFO - Started process (PID=21274) to work on /home/ubuntu/deevar_venv/lib/python3.12/site-packages/airflow/example_dags/example_external_task_marker_dag.py
[2024-06-26T05:07:46.819+0000] {processor.py:830} INFO - Processing file /home/ubuntu/deevar_venv/lib/python3.12/site-packages/airflow/example_dags/example_external_task_marker_dag.py for tasks to queue
[2024-06-26T05:07:46.821+0000] {logging_mixin.py:188} INFO - [2024-06-26T05:07:46.821+0000] {dagbag.py:545} INFO - Filling up the DagBag from /home/ubuntu/deevar_venv/lib/python3.12/site-packages/airflow/example_dags/example_external_task_marker_dag.py
[2024-06-26T05:07:46.828+0000] {processor.py:840} INFO - DAG(s) 'example_external_task_marker_child', 'example_external_task_marker_parent' retrieved from /home/ubuntu/deevar_venv/lib/python3.12/site-packages/airflow/example_dags/example_external_task_marker_dag.py
[2024-06-26T05:07:47.084+0000] {logging_mixin.py:188} INFO - [2024-06-26T05:07:47.083+0000] {dag.py:3096} INFO - Sync 2 DAGs
[2024-06-26T05:07:47.093+0000] {logging_mixin.py:188} INFO - [2024-06-26T05:07:47.093+0000] {dag.py:3954} INFO - Setting next_dagrun for example_external_task_marker_child to None, run_after=None
[2024-06-26T05:07:47.096+0000] {logging_mixin.py:188} INFO - [2024-06-26T05:07:47.096+0000] {dag.py:3954} INFO - Setting next_dagrun for example_external_task_marker_parent to None, run_after=None
[2024-06-26T05:07:47.119+0000] {processor.py:183} INFO - Processing /home/ubuntu/deevar_venv/lib/python3.12/site-packages/airflow/example_dags/example_external_task_marker_dag.py took 0.307 seconds
[2024-06-26T05:08:41.515+0000] {processor.py:161} INFO - Started process (PID=21328) to work on /home/ubuntu/deevar_venv/lib/python3.12/site-packages/airflow/example_dags/example_external_task_marker_dag.py
[2024-06-26T05:08:41.516+0000] {processor.py:830} INFO - Processing file /home/ubuntu/deevar_venv/lib/python3.12/site-packages/airflow/example_dags/example_external_task_marker_dag.py for tasks to queue
[2024-06-26T05:08:41.518+0000] {logging_mixin.py:188} INFO - [2024-06-26T05:08:41.518+0000] {dagbag.py:545} INFO - Filling up the DagBag from /home/ubuntu/deevar_venv/lib/python3.12/site-packages/airflow/example_dags/example_external_task_marker_dag.py
[2024-06-26T05:08:41.526+0000] {processor.py:840} INFO - DAG(s) 'example_external_task_marker_child', 'example_external_task_marker_parent' retrieved from /home/ubuntu/deevar_venv/lib/python3.12/site-packages/airflow/example_dags/example_external_task_marker_dag.py
[2024-06-26T05:08:41.546+0000] {logging_mixin.py:188} INFO - [2024-06-26T05:08:41.546+0000] {dag.py:3096} INFO - Sync 2 DAGs
[2024-06-26T05:08:41.560+0000] {logging_mixin.py:188} INFO - [2024-06-26T05:08:41.560+0000] {dag.py:3954} INFO - Setting next_dagrun for example_external_task_marker_child to None, run_after=None
[2024-06-26T05:08:41.564+0000] {logging_mixin.py:188} INFO - [2024-06-26T05:08:41.564+0000] {dag.py:3954} INFO - Setting next_dagrun for example_external_task_marker_parent to None, run_after=None
[2024-06-26T05:08:41.590+0000] {processor.py:183} INFO - Processing /home/ubuntu/deevar_venv/lib/python3.12/site-packages/airflow/example_dags/example_external_task_marker_dag.py took 0.081 seconds
