[2024-06-26T04:34:52.471+0000] {processor.py:161} INFO - Started process (PID=20962) to work on /home/ubuntu/deevar_venv/lib/python3.12/site-packages/airflow/example_dags/example_datasets.py
[2024-06-26T04:34:52.472+0000] {processor.py:830} INFO - Processing file /home/ubuntu/deevar_venv/lib/python3.12/site-packages/airflow/example_dags/example_datasets.py for tasks to queue
[2024-06-26T04:34:52.474+0000] {logging_mixin.py:188} INFO - [2024-06-26T04:34:52.473+0000] {dagbag.py:545} INFO - Filling up the DagBag from /home/ubuntu/deevar_venv/lib/python3.12/site-packages/airflow/example_dags/example_datasets.py
[2024-06-26T04:34:52.488+0000] {processor.py:840} INFO - DAG(s) 'dataset_produces_2', 'dataset_consumes_unknown_never_scheduled', 'consume_1_or_2_with_dataset_expressions', 'consume_1_and_2_with_dataset_expressions', 'dataset_consumes_1_never_scheduled', 'dataset_consumes_1_and_2', 'dataset_consumes_1', 'conditional_dataset_and_time_based_timetable', 'consume_1_or_both_2_and_3_with_dataset_expressions', 'dataset_produces_1' retrieved from /home/ubuntu/deevar_venv/lib/python3.12/site-packages/airflow/example_dags/example_datasets.py
[2024-06-26T04:34:52.667+0000] {logging_mixin.py:188} INFO - [2024-06-26T04:34:52.667+0000] {dag.py:3096} INFO - Sync 10 DAGs
[2024-06-26T04:34:52.690+0000] {logging_mixin.py:188} INFO - [2024-06-26T04:34:52.690+0000] {dag.py:3954} INFO - Setting next_dagrun for conditional_dataset_and_time_based_timetable to 2024-06-26 01:00:00+00:00, run_after=2024-06-26 01:00:00+00:00
[2024-06-26T04:34:52.693+0000] {logging_mixin.py:188} INFO - [2024-06-26T04:34:52.693+0000] {dag.py:3954} INFO - Setting next_dagrun for consume_1_and_2_with_dataset_expressions to None, run_after=None
[2024-06-26T04:34:52.694+0000] {logging_mixin.py:188} INFO - [2024-06-26T04:34:52.694+0000] {dag.py:3954} INFO - Setting next_dagrun for consume_1_or_2_with_dataset_expressions to None, run_after=None
[2024-06-26T04:34:52.695+0000] {logging_mixin.py:188} INFO - [2024-06-26T04:34:52.695+0000] {dag.py:3954} INFO - Setting next_dagrun for consume_1_or_both_2_and_3_with_dataset_expressions to None, run_after=None
[2024-06-26T04:34:52.696+0000] {logging_mixin.py:188} INFO - [2024-06-26T04:34:52.696+0000] {dag.py:3954} INFO - Setting next_dagrun for dataset_consumes_1 to None, run_after=None
[2024-06-26T04:34:52.697+0000] {logging_mixin.py:188} INFO - [2024-06-26T04:34:52.697+0000] {dag.py:3954} INFO - Setting next_dagrun for dataset_consumes_1_and_2 to None, run_after=None
[2024-06-26T04:34:52.698+0000] {logging_mixin.py:188} INFO - [2024-06-26T04:34:52.698+0000] {dag.py:3954} INFO - Setting next_dagrun for dataset_consumes_1_never_scheduled to None, run_after=None
[2024-06-26T04:34:52.699+0000] {logging_mixin.py:188} INFO - [2024-06-26T04:34:52.699+0000] {dag.py:3954} INFO - Setting next_dagrun for dataset_consumes_unknown_never_scheduled to None, run_after=None
[2024-06-26T04:34:52.701+0000] {logging_mixin.py:188} INFO - [2024-06-26T04:34:52.701+0000] {dag.py:3954} INFO - Setting next_dagrun for dataset_produces_1 to 2024-06-25 00:00:00+00:00, run_after=2024-06-26 00:00:00+00:00
[2024-06-26T04:34:52.702+0000] {logging_mixin.py:188} INFO - [2024-06-26T04:34:52.702+0000] {dag.py:3954} INFO - Setting next_dagrun for dataset_produces_2 to None, run_after=None
[2024-06-26T04:34:52.739+0000] {processor.py:183} INFO - Processing /home/ubuntu/deevar_venv/lib/python3.12/site-packages/airflow/example_dags/example_datasets.py took 0.274 seconds
[2024-06-26T04:35:44.656+0000] {processor.py:161} INFO - Started process (PID=21016) to work on /home/ubuntu/deevar_venv/lib/python3.12/site-packages/airflow/example_dags/example_datasets.py
[2024-06-26T04:35:44.658+0000] {processor.py:830} INFO - Processing file /home/ubuntu/deevar_venv/lib/python3.12/site-packages/airflow/example_dags/example_datasets.py for tasks to queue
[2024-06-26T04:35:44.660+0000] {logging_mixin.py:188} INFO - [2024-06-26T04:35:44.660+0000] {dagbag.py:545} INFO - Filling up the DagBag from /home/ubuntu/deevar_venv/lib/python3.12/site-packages/airflow/example_dags/example_datasets.py
[2024-06-26T04:35:44.674+0000] {processor.py:840} INFO - DAG(s) 'consume_1_or_both_2_and_3_with_dataset_expressions', 'consume_1_or_2_with_dataset_expressions', 'conditional_dataset_and_time_based_timetable', 'dataset_produces_1', 'consume_1_and_2_with_dataset_expressions', 'dataset_consumes_unknown_never_scheduled', 'dataset_produces_2', 'dataset_consumes_1_and_2', 'dataset_consumes_1_never_scheduled', 'dataset_consumes_1' retrieved from /home/ubuntu/deevar_venv/lib/python3.12/site-packages/airflow/example_dags/example_datasets.py
[2024-06-26T04:35:44.713+0000] {logging_mixin.py:188} INFO - [2024-06-26T04:35:44.713+0000] {dag.py:3096} INFO - Sync 10 DAGs
[2024-06-26T04:35:44.737+0000] {logging_mixin.py:188} INFO - [2024-06-26T04:35:44.736+0000] {dag.py:3954} INFO - Setting next_dagrun for conditional_dataset_and_time_based_timetable to 2024-06-26 01:00:00+00:00, run_after=2024-06-26 01:00:00+00:00
[2024-06-26T04:35:44.740+0000] {logging_mixin.py:188} INFO - [2024-06-26T04:35:44.740+0000] {dag.py:3954} INFO - Setting next_dagrun for consume_1_and_2_with_dataset_expressions to None, run_after=None
[2024-06-26T04:35:44.741+0000] {logging_mixin.py:188} INFO - [2024-06-26T04:35:44.741+0000] {dag.py:3954} INFO - Setting next_dagrun for consume_1_or_2_with_dataset_expressions to None, run_after=None
[2024-06-26T04:35:44.742+0000] {logging_mixin.py:188} INFO - [2024-06-26T04:35:44.742+0000] {dag.py:3954} INFO - Setting next_dagrun for consume_1_or_both_2_and_3_with_dataset_expressions to None, run_after=None
[2024-06-26T04:35:44.743+0000] {logging_mixin.py:188} INFO - [2024-06-26T04:35:44.743+0000] {dag.py:3954} INFO - Setting next_dagrun for dataset_consumes_1 to None, run_after=None
[2024-06-26T04:35:44.744+0000] {logging_mixin.py:188} INFO - [2024-06-26T04:35:44.744+0000] {dag.py:3954} INFO - Setting next_dagrun for dataset_consumes_1_and_2 to None, run_after=None
[2024-06-26T04:35:44.745+0000] {logging_mixin.py:188} INFO - [2024-06-26T04:35:44.745+0000] {dag.py:3954} INFO - Setting next_dagrun for dataset_consumes_1_never_scheduled to None, run_after=None
[2024-06-26T04:35:44.746+0000] {logging_mixin.py:188} INFO - [2024-06-26T04:35:44.746+0000] {dag.py:3954} INFO - Setting next_dagrun for dataset_consumes_unknown_never_scheduled to None, run_after=None
[2024-06-26T04:35:44.748+0000] {logging_mixin.py:188} INFO - [2024-06-26T04:35:44.748+0000] {dag.py:3954} INFO - Setting next_dagrun for dataset_produces_1 to 2024-06-25 00:00:00+00:00, run_after=2024-06-26 00:00:00+00:00
[2024-06-26T04:35:44.749+0000] {logging_mixin.py:188} INFO - [2024-06-26T04:35:44.749+0000] {dag.py:3954} INFO - Setting next_dagrun for dataset_produces_2 to None, run_after=None
[2024-06-26T04:35:44.783+0000] {processor.py:183} INFO - Processing /home/ubuntu/deevar_venv/lib/python3.12/site-packages/airflow/example_dags/example_datasets.py took 0.133 seconds
[2024-06-26T04:36:41.270+0000] {processor.py:161} INFO - Started process (PID=21079) to work on /home/ubuntu/deevar_venv/lib/python3.12/site-packages/airflow/example_dags/example_datasets.py
[2024-06-26T04:36:41.272+0000] {processor.py:830} INFO - Processing file /home/ubuntu/deevar_venv/lib/python3.12/site-packages/airflow/example_dags/example_datasets.py for tasks to queue
[2024-06-26T04:36:41.274+0000] {logging_mixin.py:188} INFO - [2024-06-26T04:36:41.273+0000] {dagbag.py:545} INFO - Filling up the DagBag from /home/ubuntu/deevar_venv/lib/python3.12/site-packages/airflow/example_dags/example_datasets.py
[2024-06-26T04:36:41.288+0000] {processor.py:840} INFO - DAG(s) 'dataset_consumes_1_never_scheduled', 'dataset_consumes_1', 'consume_1_or_2_with_dataset_expressions', 'dataset_produces_1', 'dataset_consumes_1_and_2', 'consume_1_and_2_with_dataset_expressions', 'consume_1_or_both_2_and_3_with_dataset_expressions', 'conditional_dataset_and_time_based_timetable', 'dataset_consumes_unknown_never_scheduled', 'dataset_produces_2' retrieved from /home/ubuntu/deevar_venv/lib/python3.12/site-packages/airflow/example_dags/example_datasets.py
[2024-06-26T04:36:41.328+0000] {logging_mixin.py:188} INFO - [2024-06-26T04:36:41.328+0000] {dag.py:3096} INFO - Sync 10 DAGs
[2024-06-26T04:36:41.352+0000] {logging_mixin.py:188} INFO - [2024-06-26T04:36:41.352+0000] {dag.py:3954} INFO - Setting next_dagrun for conditional_dataset_and_time_based_timetable to 2024-06-26 01:00:00+00:00, run_after=2024-06-26 01:00:00+00:00
[2024-06-26T04:36:41.356+0000] {logging_mixin.py:188} INFO - [2024-06-26T04:36:41.356+0000] {dag.py:3954} INFO - Setting next_dagrun for consume_1_and_2_with_dataset_expressions to None, run_after=None
[2024-06-26T04:36:41.357+0000] {logging_mixin.py:188} INFO - [2024-06-26T04:36:41.357+0000] {dag.py:3954} INFO - Setting next_dagrun for consume_1_or_2_with_dataset_expressions to None, run_after=None
[2024-06-26T04:36:41.358+0000] {logging_mixin.py:188} INFO - [2024-06-26T04:36:41.358+0000] {dag.py:3954} INFO - Setting next_dagrun for consume_1_or_both_2_and_3_with_dataset_expressions to None, run_after=None
[2024-06-26T04:36:41.359+0000] {logging_mixin.py:188} INFO - [2024-06-26T04:36:41.359+0000] {dag.py:3954} INFO - Setting next_dagrun for dataset_consumes_1 to None, run_after=None
[2024-06-26T04:36:41.360+0000] {logging_mixin.py:188} INFO - [2024-06-26T04:36:41.360+0000] {dag.py:3954} INFO - Setting next_dagrun for dataset_consumes_1_and_2 to None, run_after=None
[2024-06-26T04:36:41.361+0000] {logging_mixin.py:188} INFO - [2024-06-26T04:36:41.361+0000] {dag.py:3954} INFO - Setting next_dagrun for dataset_consumes_1_never_scheduled to None, run_after=None
[2024-06-26T04:36:41.362+0000] {logging_mixin.py:188} INFO - [2024-06-26T04:36:41.362+0000] {dag.py:3954} INFO - Setting next_dagrun for dataset_consumes_unknown_never_scheduled to None, run_after=None
[2024-06-26T04:36:41.364+0000] {logging_mixin.py:188} INFO - [2024-06-26T04:36:41.364+0000] {dag.py:3954} INFO - Setting next_dagrun for dataset_produces_1 to 2024-06-25 00:00:00+00:00, run_after=2024-06-26 00:00:00+00:00
[2024-06-26T04:36:41.365+0000] {logging_mixin.py:188} INFO - [2024-06-26T04:36:41.365+0000] {dag.py:3954} INFO - Setting next_dagrun for dataset_produces_2 to None, run_after=None
[2024-06-26T04:36:41.400+0000] {processor.py:183} INFO - Processing /home/ubuntu/deevar_venv/lib/python3.12/site-packages/airflow/example_dags/example_datasets.py took 0.136 seconds
[2024-06-26T05:07:52.134+0000] {processor.py:161} INFO - Started process (PID=21278) to work on /home/ubuntu/deevar_venv/lib/python3.12/site-packages/airflow/example_dags/example_datasets.py
[2024-06-26T05:07:52.135+0000] {processor.py:830} INFO - Processing file /home/ubuntu/deevar_venv/lib/python3.12/site-packages/airflow/example_dags/example_datasets.py for tasks to queue
[2024-06-26T05:07:52.137+0000] {logging_mixin.py:188} INFO - [2024-06-26T05:07:52.137+0000] {dagbag.py:545} INFO - Filling up the DagBag from /home/ubuntu/deevar_venv/lib/python3.12/site-packages/airflow/example_dags/example_datasets.py
[2024-06-26T05:07:52.301+0000] {processor.py:840} INFO - DAG(s) 'dataset_consumes_1_and_2', 'consume_1_or_both_2_and_3_with_dataset_expressions', 'consume_1_or_2_with_dataset_expressions', 'dataset_produces_2', 'dataset_consumes_unknown_never_scheduled', 'consume_1_and_2_with_dataset_expressions', 'dataset_produces_1', 'conditional_dataset_and_time_based_timetable', 'dataset_consumes_1', 'dataset_consumes_1_never_scheduled' retrieved from /home/ubuntu/deevar_venv/lib/python3.12/site-packages/airflow/example_dags/example_datasets.py
[2024-06-26T05:07:52.467+0000] {logging_mixin.py:188} INFO - [2024-06-26T05:07:52.467+0000] {dag.py:3096} INFO - Sync 10 DAGs
[2024-06-26T05:07:52.488+0000] {logging_mixin.py:188} INFO - [2024-06-26T05:07:52.488+0000] {dag.py:3954} INFO - Setting next_dagrun for conditional_dataset_and_time_based_timetable to 2024-06-26 01:00:00+00:00, run_after=2024-06-26 01:00:00+00:00
[2024-06-26T05:07:52.491+0000] {logging_mixin.py:188} INFO - [2024-06-26T05:07:52.491+0000] {dag.py:3954} INFO - Setting next_dagrun for consume_1_and_2_with_dataset_expressions to None, run_after=None
[2024-06-26T05:07:52.492+0000] {logging_mixin.py:188} INFO - [2024-06-26T05:07:52.492+0000] {dag.py:3954} INFO - Setting next_dagrun for consume_1_or_2_with_dataset_expressions to None, run_after=None
[2024-06-26T05:07:52.493+0000] {logging_mixin.py:188} INFO - [2024-06-26T05:07:52.493+0000] {dag.py:3954} INFO - Setting next_dagrun for consume_1_or_both_2_and_3_with_dataset_expressions to None, run_after=None
[2024-06-26T05:07:52.494+0000] {logging_mixin.py:188} INFO - [2024-06-26T05:07:52.494+0000] {dag.py:3954} INFO - Setting next_dagrun for dataset_consumes_1 to None, run_after=None
[2024-06-26T05:07:52.495+0000] {logging_mixin.py:188} INFO - [2024-06-26T05:07:52.495+0000] {dag.py:3954} INFO - Setting next_dagrun for dataset_consumes_1_and_2 to None, run_after=None
[2024-06-26T05:07:52.496+0000] {logging_mixin.py:188} INFO - [2024-06-26T05:07:52.496+0000] {dag.py:3954} INFO - Setting next_dagrun for dataset_consumes_1_never_scheduled to None, run_after=None
[2024-06-26T05:07:52.497+0000] {logging_mixin.py:188} INFO - [2024-06-26T05:07:52.496+0000] {dag.py:3954} INFO - Setting next_dagrun for dataset_consumes_unknown_never_scheduled to None, run_after=None
[2024-06-26T05:07:52.499+0000] {logging_mixin.py:188} INFO - [2024-06-26T05:07:52.499+0000] {dag.py:3954} INFO - Setting next_dagrun for dataset_produces_1 to 2024-06-25 00:00:00+00:00, run_after=2024-06-26 00:00:00+00:00
[2024-06-26T05:07:52.500+0000] {logging_mixin.py:188} INFO - [2024-06-26T05:07:52.500+0000] {dag.py:3954} INFO - Setting next_dagrun for dataset_produces_2 to None, run_after=None
[2024-06-26T05:07:52.535+0000] {processor.py:183} INFO - Processing /home/ubuntu/deevar_venv/lib/python3.12/site-packages/airflow/example_dags/example_datasets.py took 0.407 seconds
[2024-06-26T05:08:44.840+0000] {processor.py:161} INFO - Started process (PID=21332) to work on /home/ubuntu/deevar_venv/lib/python3.12/site-packages/airflow/example_dags/example_datasets.py
[2024-06-26T05:08:44.841+0000] {processor.py:830} INFO - Processing file /home/ubuntu/deevar_venv/lib/python3.12/site-packages/airflow/example_dags/example_datasets.py for tasks to queue
[2024-06-26T05:08:44.843+0000] {logging_mixin.py:188} INFO - [2024-06-26T05:08:44.843+0000] {dagbag.py:545} INFO - Filling up the DagBag from /home/ubuntu/deevar_venv/lib/python3.12/site-packages/airflow/example_dags/example_datasets.py
[2024-06-26T05:08:44.858+0000] {processor.py:840} INFO - DAG(s) 'consume_1_or_both_2_and_3_with_dataset_expressions', 'dataset_consumes_unknown_never_scheduled', 'dataset_consumes_1_never_scheduled', 'consume_1_and_2_with_dataset_expressions', 'dataset_produces_2', 'dataset_consumes_1', 'consume_1_or_2_with_dataset_expressions', 'dataset_consumes_1_and_2', 'conditional_dataset_and_time_based_timetable', 'dataset_produces_1' retrieved from /home/ubuntu/deevar_venv/lib/python3.12/site-packages/airflow/example_dags/example_datasets.py
[2024-06-26T05:08:44.900+0000] {logging_mixin.py:188} INFO - [2024-06-26T05:08:44.900+0000] {dag.py:3096} INFO - Sync 10 DAGs
[2024-06-26T05:08:44.926+0000] {logging_mixin.py:188} INFO - [2024-06-26T05:08:44.926+0000] {dag.py:3954} INFO - Setting next_dagrun for conditional_dataset_and_time_based_timetable to 2024-06-26 01:00:00+00:00, run_after=2024-06-26 01:00:00+00:00
[2024-06-26T05:08:44.930+0000] {logging_mixin.py:188} INFO - [2024-06-26T05:08:44.930+0000] {dag.py:3954} INFO - Setting next_dagrun for consume_1_and_2_with_dataset_expressions to None, run_after=None
[2024-06-26T05:08:44.931+0000] {logging_mixin.py:188} INFO - [2024-06-26T05:08:44.931+0000] {dag.py:3954} INFO - Setting next_dagrun for consume_1_or_2_with_dataset_expressions to None, run_after=None
[2024-06-26T05:08:44.932+0000] {logging_mixin.py:188} INFO - [2024-06-26T05:08:44.932+0000] {dag.py:3954} INFO - Setting next_dagrun for consume_1_or_both_2_and_3_with_dataset_expressions to None, run_after=None
[2024-06-26T05:08:44.933+0000] {logging_mixin.py:188} INFO - [2024-06-26T05:08:44.933+0000] {dag.py:3954} INFO - Setting next_dagrun for dataset_consumes_1 to None, run_after=None
[2024-06-26T05:08:44.934+0000] {logging_mixin.py:188} INFO - [2024-06-26T05:08:44.934+0000] {dag.py:3954} INFO - Setting next_dagrun for dataset_consumes_1_and_2 to None, run_after=None
[2024-06-26T05:08:44.935+0000] {logging_mixin.py:188} INFO - [2024-06-26T05:08:44.935+0000] {dag.py:3954} INFO - Setting next_dagrun for dataset_consumes_1_never_scheduled to None, run_after=None
[2024-06-26T05:08:44.936+0000] {logging_mixin.py:188} INFO - [2024-06-26T05:08:44.936+0000] {dag.py:3954} INFO - Setting next_dagrun for dataset_consumes_unknown_never_scheduled to None, run_after=None
[2024-06-26T05:08:44.938+0000] {logging_mixin.py:188} INFO - [2024-06-26T05:08:44.938+0000] {dag.py:3954} INFO - Setting next_dagrun for dataset_produces_1 to 2024-06-25 00:00:00+00:00, run_after=2024-06-26 00:00:00+00:00
[2024-06-26T05:08:44.939+0000] {logging_mixin.py:188} INFO - [2024-06-26T05:08:44.939+0000] {dag.py:3954} INFO - Setting next_dagrun for dataset_produces_2 to None, run_after=None
[2024-06-26T05:08:44.976+0000] {processor.py:183} INFO - Processing /home/ubuntu/deevar_venv/lib/python3.12/site-packages/airflow/example_dags/example_datasets.py took 0.143 seconds
