[2024-06-26T04:34:38.563+0000] {processor.py:161} INFO - Started process (PID=20949) to work on /home/ubuntu/deevar_venv/lib/python3.12/site-packages/airflow/example_dags/example_setup_teardown.py
[2024-06-26T04:34:38.563+0000] {processor.py:830} INFO - Processing file /home/ubuntu/deevar_venv/lib/python3.12/site-packages/airflow/example_dags/example_setup_teardown.py for tasks to queue
[2024-06-26T04:34:38.565+0000] {logging_mixin.py:188} INFO - [2024-06-26T04:34:38.565+0000] {dagbag.py:545} INFO - Filling up the DagBag from /home/ubuntu/deevar_venv/lib/python3.12/site-packages/airflow/example_dags/example_setup_teardown.py
[2024-06-26T04:34:38.575+0000] {processor.py:840} INFO - DAG(s) 'example_setup_teardown' retrieved from /home/ubuntu/deevar_venv/lib/python3.12/site-packages/airflow/example_dags/example_setup_teardown.py
[2024-06-26T04:34:38.583+0000] {logging_mixin.py:188} INFO - [2024-06-26T04:34:38.583+0000] {dag.py:3096} INFO - Sync 1 DAGs
[2024-06-26T04:34:38.605+0000] {logging_mixin.py:188} INFO - [2024-06-26T04:34:38.604+0000] {dag.py:3954} INFO - Setting next_dagrun for example_setup_teardown to 2024-06-25 00:00:00+00:00, run_after=2024-06-26 00:00:00+00:00
[2024-06-26T04:34:38.629+0000] {processor.py:183} INFO - Processing /home/ubuntu/deevar_venv/lib/python3.12/site-packages/airflow/example_dags/example_setup_teardown.py took 0.072 seconds
[2024-06-26T04:35:30.851+0000] {processor.py:161} INFO - Started process (PID=21003) to work on /home/ubuntu/deevar_venv/lib/python3.12/site-packages/airflow/example_dags/example_setup_teardown.py
[2024-06-26T04:35:30.853+0000] {processor.py:830} INFO - Processing file /home/ubuntu/deevar_venv/lib/python3.12/site-packages/airflow/example_dags/example_setup_teardown.py for tasks to queue
[2024-06-26T04:35:30.854+0000] {logging_mixin.py:188} INFO - [2024-06-26T04:35:30.854+0000] {dagbag.py:545} INFO - Filling up the DagBag from /home/ubuntu/deevar_venv/lib/python3.12/site-packages/airflow/example_dags/example_setup_teardown.py
[2024-06-26T04:35:30.862+0000] {processor.py:840} INFO - DAG(s) 'example_setup_teardown' retrieved from /home/ubuntu/deevar_venv/lib/python3.12/site-packages/airflow/example_dags/example_setup_teardown.py
[2024-06-26T04:35:30.966+0000] {logging_mixin.py:188} INFO - [2024-06-26T04:35:30.966+0000] {dag.py:3096} INFO - Sync 1 DAGs
[2024-06-26T04:35:30.984+0000] {logging_mixin.py:188} INFO - [2024-06-26T04:35:30.983+0000] {dag.py:3954} INFO - Setting next_dagrun for example_setup_teardown to 2024-06-25 00:00:00+00:00, run_after=2024-06-26 00:00:00+00:00
[2024-06-26T04:35:31.008+0000] {processor.py:183} INFO - Processing /home/ubuntu/deevar_venv/lib/python3.12/site-packages/airflow/example_dags/example_setup_teardown.py took 0.163 seconds
[2024-06-26T04:36:19.863+0000] {processor.py:161} INFO - Started process (PID=21054) to work on /home/ubuntu/deevar_venv/lib/python3.12/site-packages/airflow/example_dags/example_setup_teardown.py
[2024-06-26T04:36:19.865+0000] {processor.py:830} INFO - Processing file /home/ubuntu/deevar_venv/lib/python3.12/site-packages/airflow/example_dags/example_setup_teardown.py for tasks to queue
[2024-06-26T04:36:19.866+0000] {logging_mixin.py:188} INFO - [2024-06-26T04:36:19.866+0000] {dagbag.py:545} INFO - Filling up the DagBag from /home/ubuntu/deevar_venv/lib/python3.12/site-packages/airflow/example_dags/example_setup_teardown.py
[2024-06-26T04:36:19.874+0000] {processor.py:840} INFO - DAG(s) 'example_setup_teardown' retrieved from /home/ubuntu/deevar_venv/lib/python3.12/site-packages/airflow/example_dags/example_setup_teardown.py
[2024-06-26T04:36:19.890+0000] {logging_mixin.py:188} INFO - [2024-06-26T04:36:19.890+0000] {dag.py:3096} INFO - Sync 1 DAGs
[2024-06-26T04:36:19.910+0000] {logging_mixin.py:188} INFO - [2024-06-26T04:36:19.910+0000] {dag.py:3954} INFO - Setting next_dagrun for example_setup_teardown to 2024-06-25 00:00:00+00:00, run_after=2024-06-26 00:00:00+00:00
[2024-06-26T04:36:19.935+0000] {processor.py:183} INFO - Processing /home/ubuntu/deevar_venv/lib/python3.12/site-packages/airflow/example_dags/example_setup_teardown.py took 0.078 seconds
[2024-06-26T05:07:34.695+0000] {processor.py:161} INFO - Started process (PID=21265) to work on /home/ubuntu/deevar_venv/lib/python3.12/site-packages/airflow/example_dags/example_setup_teardown.py
[2024-06-26T05:07:34.697+0000] {processor.py:830} INFO - Processing file /home/ubuntu/deevar_venv/lib/python3.12/site-packages/airflow/example_dags/example_setup_teardown.py for tasks to queue
[2024-06-26T05:07:34.699+0000] {logging_mixin.py:188} INFO - [2024-06-26T05:07:34.698+0000] {dagbag.py:545} INFO - Filling up the DagBag from /home/ubuntu/deevar_venv/lib/python3.12/site-packages/airflow/example_dags/example_setup_teardown.py
[2024-06-26T05:07:34.706+0000] {processor.py:840} INFO - DAG(s) 'example_setup_teardown' retrieved from /home/ubuntu/deevar_venv/lib/python3.12/site-packages/airflow/example_dags/example_setup_teardown.py
[2024-06-26T05:07:34.716+0000] {logging_mixin.py:188} INFO - [2024-06-26T05:07:34.716+0000] {dag.py:3096} INFO - Sync 1 DAGs
[2024-06-26T05:07:34.890+0000] {logging_mixin.py:188} INFO - [2024-06-26T05:07:34.889+0000] {dag.py:3954} INFO - Setting next_dagrun for example_setup_teardown to 2024-06-25 00:00:00+00:00, run_after=2024-06-26 00:00:00+00:00
[2024-06-26T05:07:34.914+0000] {processor.py:183} INFO - Processing /home/ubuntu/deevar_venv/lib/python3.12/site-packages/airflow/example_dags/example_setup_teardown.py took 0.224 seconds
[2024-06-26T05:08:31.957+0000] {processor.py:161} INFO - Started process (PID=21319) to work on /home/ubuntu/deevar_venv/lib/python3.12/site-packages/airflow/example_dags/example_setup_teardown.py
[2024-06-26T05:08:31.958+0000] {processor.py:830} INFO - Processing file /home/ubuntu/deevar_venv/lib/python3.12/site-packages/airflow/example_dags/example_setup_teardown.py for tasks to queue
[2024-06-26T05:08:31.960+0000] {logging_mixin.py:188} INFO - [2024-06-26T05:08:31.960+0000] {dagbag.py:545} INFO - Filling up the DagBag from /home/ubuntu/deevar_venv/lib/python3.12/site-packages/airflow/example_dags/example_setup_teardown.py
[2024-06-26T05:08:31.968+0000] {processor.py:840} INFO - DAG(s) 'example_setup_teardown' retrieved from /home/ubuntu/deevar_venv/lib/python3.12/site-packages/airflow/example_dags/example_setup_teardown.py
[2024-06-26T05:08:32.081+0000] {logging_mixin.py:188} INFO - [2024-06-26T05:08:32.081+0000] {dag.py:3096} INFO - Sync 1 DAGs
[2024-06-26T05:08:32.100+0000] {logging_mixin.py:188} INFO - [2024-06-26T05:08:32.100+0000] {dag.py:3954} INFO - Setting next_dagrun for example_setup_teardown to 2024-06-25 00:00:00+00:00, run_after=2024-06-26 00:00:00+00:00
[2024-06-26T05:08:32.129+0000] {processor.py:183} INFO - Processing /home/ubuntu/deevar_venv/lib/python3.12/site-packages/airflow/example_dags/example_setup_teardown.py took 0.179 seconds
[2024-06-26T05:09:22.240+0000] {processor.py:161} INFO - Started process (PID=21370) to work on /home/ubuntu/deevar_venv/lib/python3.12/site-packages/airflow/example_dags/example_setup_teardown.py
[2024-06-26T05:09:22.241+0000] {processor.py:830} INFO - Processing file /home/ubuntu/deevar_venv/lib/python3.12/site-packages/airflow/example_dags/example_setup_teardown.py for tasks to queue
[2024-06-26T05:09:22.243+0000] {logging_mixin.py:188} INFO - [2024-06-26T05:09:22.243+0000] {dagbag.py:545} INFO - Filling up the DagBag from /home/ubuntu/deevar_venv/lib/python3.12/site-packages/airflow/example_dags/example_setup_teardown.py
[2024-06-26T05:09:22.251+0000] {processor.py:840} INFO - DAG(s) 'example_setup_teardown' retrieved from /home/ubuntu/deevar_venv/lib/python3.12/site-packages/airflow/example_dags/example_setup_teardown.py
[2024-06-26T05:09:22.270+0000] {logging_mixin.py:188} INFO - [2024-06-26T05:09:22.270+0000] {dag.py:3096} INFO - Sync 1 DAGs
[2024-06-26T05:09:22.292+0000] {logging_mixin.py:188} INFO - [2024-06-26T05:09:22.292+0000] {dag.py:3954} INFO - Setting next_dagrun for example_setup_teardown to 2024-06-25 00:00:00+00:00, run_after=2024-06-26 00:00:00+00:00
[2024-06-26T05:09:22.318+0000] {processor.py:183} INFO - Processing /home/ubuntu/deevar_venv/lib/python3.12/site-packages/airflow/example_dags/example_setup_teardown.py took 0.085 seconds
